0 1 2 3 4 5 6 7 8 9 10 11 12 13 14 15 16 17 18 19 20 21 22 23 24 25 26 27 28 29 30 31 32 33 34 35 36 37 38 39 40 41 42 43 44 45 46 47 48 49 50 51 52 53 54 55 56 57 58 59 60 61 62 63 64 65 66 67 68 69 70 71 72 73 74 75 76 77 78 79 80 81 82 83 84 85 86 87 88 89 90 91 92 93 94 95 96 97 98 99
0 53
0 98
1 43
2 43
2 11
3 14
3 6
3 53
4 5
4 81
5 86
7 78
8 32
8 36
9 92
10 86
10 68
10 70
10 45
11 68
11 51
11 12
12 32
12 94
13 21
15 22
15 86
15 17
16 61
16 86
17 80
18 93
18 47
18 92
19 59
19 24
20 86
21 51
21 48
22 64
22 57
23 39
24 65
24 29
24 86
25 68
25 40
25 75
26 63
26 79
27 44
27 71
27 95
28 49
29 72
30 58
30 46
31 58
32 34
32 77
32 49
33 65
33 54
34 96
34 44
35 67
37 68
38 58
39 40
40 74
40 41
42 51
43 92
50 82
50 53
51 55
52 56
53 54
53 83
54 99
55 56
55 69
56 97
56 73
58 74
59 63
60 96
62 76
62 69
66 85
67 73
74 84
78 83
83 91
84 85
87 88
87 98
89 91
90 92