0 26 61 62 63 64 65 66 67 68 69 70 71 72 73 74 75 76 77 78 79 80 81 82 83 84 85 86 87 88 89 90 91 92 93 94 95 96 97 98 99 1 30 3 47 2 50 43 25 23 4 8 38 5 7 6 48 12 33 9 27 46 49 10 20 11 31 60 16 13 32 14 44 15 41 37 52 29 17 18 58 19 56 57 34 21 22 51 24 53 55 28 59 35 40 36 45 39 42 54
0 65
0 68
0 79
0 84
0 95
0 98
0 81
0 74
0 90
0 87
0 67
0 78
0 91
0 61
0 75
0 85
0 71
0 76
0 66
0 93
0 96
0 73
0 97
0 69
0 83
0 89
0 62
0 64
0 63
0 80
0 88
0 94
0 82
0 70
0 99
0 77
0 92
0 72
26 78
26 55
61 2
62 3
63 4
64 5
65 6
66 7
67 9
68 10
69 11
70 13
71 14
72 16
73 17
74 18
75 20
76 21
77 22
79 27
80 28
81 29
82 30
83 31
84 33
85 35
86 36
87 37
88 38
89 40
90 42
91 43
92 44
93 45
94 46
95 48
96 49
97 51
98 53
99 54
1 30
3 23
47 56
2 50
43 15
25 10
8 33
7 12
49 56
20 34
11 60
31 24
16 52
13 32
41 57
29 59
18 58
19 57
19 56
57 39
59 36