0 1 2 3 4 5 6 7 8 9 10 11 12 13 14 15 16 17 18 19 20 21 22 23 24 25 26 27 28 29 30 31 32 33 34 35 36 37 38 39 40 41 42 43 44 45 46 47 48 49 50 51 52 53 54 55 56 57 58 59 60 61 62 63 64 65 66 67 68 69 70 71 72 73 74 75 76 77 78 79 80 81 82 83 84 85 86 87 88 89 90 91 92 93 94 95 96 97 98 99
0 25
0 93
0 5
0 8
0 53
1 51
2 6
2 62
2 7
3 82
4 47
4 72
6 13
6 38
6 69
6 20
6 60
8 33
8 76
8 11
8 38
9 81
9 87
9 18
9 29
10 90
11 77
12 40
12 92
13 24
13 82
13 71
14 27
14 72
14 61
15 52
15 83
16 56
17 36
19 80
19 20
21 54
22 79
22 98
22 36
23 71
23 64
25 68
25 99
25 52
25 50
26 55
26 51
27 73
28 32
28 54
28 63
28 92
28 35
30 42
31 75
31 46
31 94
34 98
35 86
36 44
36 82
37 42
37 73
39 88
40 87
40 70
40 74
41 43
41 88
41 96
42 59
43 87
45 69
48 80
49 63
49 65
55 79
55 67
56 70
57 96
58 84
58 89
62 95
66 69
73 78
73 82
75 84
75 97
81 93
84 99
85 94
87 90
89 91