0 1 2 3 4 5 6 7 8 9 10 11 12 13 14 15 16 17 18 19 20 21 22 23 24 25 26 27 28 29 30 31 32 33 34 35 36 37 38 39 40 41 42 43 44 45 46 47 48 49 50 51 52 53 54 55 56 57 58 59 60 61 62 63 64 65 66 67 68 69 70 71 72 73 74 75 76 77 78 79 80 81 82 83 84 85 86 87 88 89 90 91 92 93 94 95 96 97 98
0 14
0 6
0 8
0 33
0 34
1 14
1 15
1 4
1 11
1 35
2 14
2 37
2 38
3 21
3 40
4 21
4 23
4 41
4 42
5 13
5 12
5 23
6 9
6 46
6 45
7 31
7 13
7 47
8 32
8 20
8 28
8 49
8 50
9 52
10 25
10 17
10 53
10 54
11 56
12 17
12 57
12 58
13 60
13 59
14 29
14 61
14 62
15 18
15 64
15 63
16 23
16 65
17 68
17 67
18 69
19 23
19 22
19 72
20 74
21 27
21 75
23 79
23 80
24 31
24 81
25 84
26 29
27 30
27 87
27 88
28 89
28 90
29 91
30 93
31 96
32 97
32 98
34 36
37 39
41 43
42 44
46 48
49 51
53 55
66 68
69 71
70 72
73 75
74 76
77 79
78 80
81 83
82 84
85 87
86 88
90 92
93 95
94 96