1 0 2 3 4 5 6 7 8 9 10 11 12 13 14 15 16 17 18 19 20 21 22 23 24 25 26 27 28 29 30 31 32 33 34 35 36 37 38 39 40 41 42 43 44 45 46 47 48 49 50 51 52 53 54 55 56 57 58 59 60 61 62 63 64 65 66 67 68 69 70 71 72 73 74 75 76 77 78 79 80 81 82 83 84 85 86 87 88 89 90 91 92 93 94 95 96 97 98
1 0
1 5
1 48
1 40
1 6
1 8
1 82
0 2
0 4
0 17
2 32
2 3
2 19
2 7
2 55
2 70
3 21
3 36
3 13
4 23
4 11
4 94
4 12
4 54
5 10
6 34
7 15
7 9
7 42
7 25
8 71
9 18
9 14
9 16
10 91
11 24
11 38
12 92
14 31
14 50
14 27
15 57
15 76
15 20
17 39
17 86
18 51
18 29
19 96
20 45
21 61
21 22
21 49
22 28
23 37
23 26
24 66
24 35
25 83
26 68
26 84
28 30
28 52
28 43
29 33
31 59
31 60
32 64
32 72
35 47
35 44
35 63
36 80
37 79
37 62
39 41
41 53
42 56
45 46
45 87
45 81
46 85
46 58
46 75
49 77
49 65
54 95
63 74
64 69
65 67
67 93
68 88
69 73
71 90
72 78
75 89
84 97
91 98