0 20 10 56 57 58 59 60 61 62 63 64 65 66 67 68 69 70 71 72 73 74 75 76 77 78 79 80 81 82 83 84 85 86 87 88 89 90 91 1 40 9 92 93 94 95 96 97 98 99 2 24 3 4 7 47 51 23 46 5 30 41 45 6 55 8 13 35 33 36 17 11 12 15 54 16 21 14 27 18 48 19 22 50 38 43 25 26 28 29 31 42 32 52 34 37 49 53 39 44
0 68
0 78
0 69
0 57
0 74
0 80
0 89
0 83
0 77
0 72
0 91
0 60
0 63
0 59
0 88
0 70
0 84
0 64
0 85
0 65
0 58
0 87
0 81
0 61
0 90
0 67
0 71
0 73
0 56
0 86
0 76
0 79
0 82
0 66
20 69
20 3
20 24
10 99
10 62
57 4
59 6
60 8
63 11
65 14
66 16
67 17
68 19
70 23
71 25
72 27
73 30
74 31
75 34
76 35
77 39
78 41
80 43
81 44
82 45
83 46
84 47
85 48
86 49
87 50
88 51
89 52
90 54
91 55
1 95
1 9
1 99
1 94
1 92
1 40
1 96
9 98
9 36
92 2
93 4
94 5
95 6
96 7
97 8
23 38
46 28
41 29
8 13
35 18
35 26
33 36
12 54
12 15
21 14
19 22
50 34
43 42
32 52
37 49
37 53