0 29 32 33 51 56 76 1 27 38 79 2 4 13 40 41 52 70 77 3 47 53 63 5 31 39 6 12 28 46 50 57 7 17 83 8 14 44 54 66 9 22 65 67 10 34 61 64 69 72 86 11 16 84 94 80 15 62 73 90 95 26 85 42 60 99 18 19 81 20 71 89 21 30 23 87 97 24 37 25 78 48 75 58 68 92 35 55 36 96 98 91 43 45 49 59 93 74 82 88
0 29
29 76
32 77
33 78
33 22
51 55
56 64
76 64
76 73
76 23
1 27
1 79
1 38
27 5
38 18
79 62
79 84
79 90
79 34
2 77
2 52
4 53
13 15
13 95
13 62
40 8
40 98
41 77
70 42
70 45
70 31
70 46
77 60
77 18
3 47
47 85
47 25
47 53
63 78
31 58
39 87
6 50
6 57
6 12
28 10
28 89
46 16
46 49
50 75
57 80
57 21
57 93
7 83
17 15
83 81
8 66
8 14
14 72
14 26
44 66
44 95
44 16
54 84
9 67
9 65
22 30
65 62
10 61
10 64
61 24
64 16
69 82
69 62
86 74
11 84
84 21
84 99
94 59
94 96
80 74
15 85
62 81
95 97
85 78
19 81
81 48
20 89
71 30
23 87
24 37
37 55
48 59
75 88
58 36
68 74
68 35
92 49
91 45
43 45