0 1 2 3 5 95 4 98 6 9 99 7 8 10 11 14 12 13 15 16 19 17 18 20 21 24 22 23 25 26 29 27 28 30 31 34 32 33 35 36 39 37 38 40 41 44 42 43 45 46 49 47 48 50 51 54 52 53 55 56 59 57 58 60 61 64 62 63 65 66 69 67 68 70 71 74 72 73 75 76 79 77 78 80 81 84 82 83 85 86 89 87 88 90 91 94 92 93 96 97
0 5
0 95
0 1
1 98
2 4
3 4
3 6
5 10
95 90
4 9
4 99
98 99
9 7
9 8
9 14
99 94
99 97
8 11
10 15
14 12
14 13
14 19
13 16
15 20
19 17
19 18
19 24
18 21
20 25
24 22
24 23
24 29
23 26
25 30
29 27
29 28
29 34
28 31
30 35
34 32
34 33
34 39
33 36
35 40
39 37
39 38
39 44
38 41
40 45
44 42
44 43
44 49
43 46
45 50
49 47
49 48
49 54
48 51
50 55
54 52
54 53
54 59
53 56
55 60
59 57
59 58
59 64
58 61
60 65
64 62
64 63
64 69
63 66
65 70
69 67
69 68
69 74
68 71
70 75
74 72
74 73
74 79
73 76
75 80
79 77
79 78
79 84
78 81
80 85
84 82
84 83
84 89
83 86
89 87
89 88
88 91
94 92
94 93
93 96