0 14 27 1 29 91 9 13 81 64 10 54 2 20 96 73 50 16 3 75 52 70 36 69 21 57 17 79 59 34 6 80 56 47 78 88 53 31 62 49 30 4 67 46 38 95 24 32 48 42 65 11 94 71 39 55 8 45 84 93 18 7 37 86 51 97 74 26 33 58 35 44 25 90 5 19 60 76 28 72 40 68 77 23 82 12 15 89 63 85 83 22 41 43 87 92 66 61
0 1
14 84
14 83
27 8
1 73
1 75
1 56
1 78
1 80
1 47
1 50
1 62
29 89
91 66
9 64
13 67
13 64
13 71
81 4
64 53
10 79
54 47
2 73
2 39
2 11
2 38
20 50
20 45
96 51
96 36
73 52
16 23
3 75
3 51
3 7
3 70
75 5
70 30
70 95
36 43
69 11
21 76
21 6
21 74
21 24
57 80
17 31
17 6
79 60
59 40
34 11
6 49
6 93
56 19
47 8
88 68
88 94
53 49
62 82
4 74
4 37
4 90
46 11
95 61
24 60
32 71
32 92
32 85
48 65
42 7
65 11
65 44
65 12
11 15
11 89
39 76
55 90
55 87
8 18
45 25
45 72
84 92
93 86
7 77
7 58
7 68
7 40
51 66
51 26
97 89
33 35
33 66
44 22
5 28
28 41
72 23
63 66