4 70 52 58 54 66 7 41 0 63 11 16 48 76 35 75 61 71 31 91 2 93 22 9 24 57 55 42 6 85 53 37 45 87 21 13 38 74 33 46 88 90 8 67 68 27 47 25 36 59 39 72 78 92 49 12 82 43 3 18 73 64 62 5 84 17 51 29 86 89 32 77 1 14 26 10 79 34 50 60 28 44 65 56 19 15 81 23 40 69 30 80 83 20
4 37
70 15
70 28
70 5
70 53
52 83
52 69
58 48
58 84
54 21
54 67
54 66
7 48
41 38
41 51
0 40
0 21
63 11
11 17
11 18
11 91
11 5
11 29
16 50
16 90
48 21
48 31
48 93
76 64
76 65
76 2
35 23
75 12
61 83
61 40
61 72
71 45
71 82
31 49
2 88
22 57
9 59
9 78
9 74
24 15
57 72
57 13
57 68
55 77
55 23
42 50
42 87
6 79
6 3
85 15
53 80
37 39
37 17
37 69
45 17
45 88
21 32
13 77
38 8
38 69
33 68
46 89
90 8
90 36
8 3
27 83
47 73
25 10
59 72
59 92
59 30
39 43
39 20
78 89
49 44
12 20
43 10
43 14
73 15
62 50
5 86
51 60
51 56
77 26
1 10
34 40
50 81
19 80