0 1 75 33 97 49 14 74 12 26 30 2 98 3 82 50 65 27 71 59 70 4 22 5 81 89 6 63 41 88 84 13 96 19 7 40 66 53 9 10 29 8 38 87 45 68 83 79 93 11 64 58 62 35 85 55 20 92 67 76 48 25 15 16 21 60 47 37 72 17 90 18 39 56 24 32 23 28 91 61 54 43 42 69 77 94 44 73 57 80 31 52 78 34 36 95 86 46 51 99
0 74
0 97
0 33
0 1
75 37
75 69
97 98
49 40
49 41
49 34
49 50
49 18
49 48
14 15
12 67
12 55
12 11
12 20
26 63
26 25
30 24
30 72
2 27
98 85
98 32
98 76
98 99
3 4
82 91
82 58
50 19
65 42
27 44
71 70
71 91
71 62
59 68
59 92
59 86
4 5
22 91
5 63
5 88
81 32
81 91
81 80
81 79
89 90
89 32
89 9
6 7
6 29
41 42
88 39
88 80
84 44
84 10
13 25
96 36
66 25
66 77
66 52
53 57
53 36
9 8
10 64
10 35
29 21
38 15
87 57
45 58
68 54
83 11
83 95
93 72
93 17
93 16
64 73
64 86
62 61
85 92
55 46
20 56
76 43
15 72
21 24
60 61
47 46
24 43
24 23
28 57
28 42
91 78
54 36
69 36
77 95
94 57
44 31
57 51