0 22 27 34 36 91 1 4 11 35 56 82 86 93 96 2 8 78 83 87 3 19 29 64 69 88 12 43 77 5 6 13 42 70 85 51 62 63 90 7 25 30 52 9 23 68 76 10 80 92 15 28 46 60 61 75 95 14 38 67 45 18 16 47 97 39 41 49 59 17 31 55 72 84 58 65 99 20 48 98 21 54 66 57 24 26 53 37 32 40 71 33 73 74 79 81 94 44 50 89
0 27
0 22
0 36
22 38
22 61
22 57
27 51
34 63
34 93
34 64
91 26
1 11
4 83
4 77
4 35
11 46
11 60
11 75
35 73
35 80
56 73
82 79
86 71
86 16
96 8
96 33
96 53
96 59
96 49
2 87
8 68
78 63
83 95
87 65
87 98
87 94
3 29
19 65
29 43
29 15
29 30
64 23
69 31
69 21
69 94
69 55
88 98
12 67
12 13
43 63
43 67
5 42
6 63
13 45
42 10
42 81
70 32
70 24
85 10
51 37
62 53
90 46
90 26
7 30
7 25
25 16
30 58
52 38
52 21
52 48
9 76
76 97
10 92
80 61
92 54
15 47
15 97
28 14
60 31
60 44
61 39
61 14
61 74
14 18
67 89
67 50
97 59
41 58
17 31
17 84
72 20
99 50
20 98
21 54
21 66
54 71
37 79
32 40
32 71