58 34 59 72 12 90 82 6 21 99 20 46 61 88 80 45 1 32 95 47 16 18 54 93 49 70 76 3 11 24 40 97 25 43 57 66 67 75 87 65 5 4 33 73 44 23 85 29 48 91 68 64 39 50 71 52 53 31 17 81 19 96 10 92 2 84 62 55 98 78 69 77 74 28 60 36 94 79 37 15 14 30 0 35 27 38 7 8 86 89 83 26 63 41 51 13 56 9 22 42
58 17
58 2
34 89
34 91
59 72
59 5
59 88
72 62
12 7
12 77
90 57
90 13
90 49
90 11
90 63
90 69
90 27
82 96
82 81
6 70
6 84
21 14
21 87
99 2
20 37
46 53
46 3
61 51
61 41
88 53
80 24
80 71
45 14
1 93
32 75
32 95
95 13
47 49
16 18
16 76
16 67
18 54
18 62
18 31
54 25
93 25
93 97
49 78
49 83
11 28
24 39
24 25
24 40
97 0
25 86
43 30
57 50
66 91
87 89
65 73
4 17
4 33
33 10
33 15
73 55
44 98
23 56
85 0
85 29
85 79
48 2
68 77
68 2
64 92
39 50
50 94
71 7
71 81
52 41
53 84
31 92
19 10
19 35
92 98
2 60
84 38
84 42
62 55
98 9
78 30
77 74
77 37
36 0
37 56
14 26
14 63
7 51
8 56
56 22