0 78 57 95 68 55 1 34 24 54 84 10 66 2 90 30 5 37 65 92 80 3 8 7 18 52 4 15 31 39 69 77 29 12 58 75 6 20 33 74 73 44 47 9 14 16 48 11 28 86 64 13 19 35 56 45 85 17 79 71 99 21 43 26 59 22 93 40 23 62 25 82 91 51 27 72 38 50 32 87 46 88 36 81 96 41 63 42 94 98 53 49 76 67 61 60 83 70 89 97
0 95
78 63
78 22
57 77
95 32
68 7
55 80
1 84
34 88
24 62
54 60
54 56
54 36
84 82
84 11
10 48
10 12
10 16
66 26
66 50
2 37
2 80
90 52
90 23
30 99
30 50
30 12
5 77
5 12
37 38
65 76
65 9
65 94
92 83
92 19
80 97
80 42
80 89
3 52
3 8
8 47
7 44
18 48
18 71
18 28
52 87
4 15
4 31
4 39
4 69
15 73
31 27
69 6
69 64
69 51
29 71
12 86
12 33
58 83
58 81
75 21
75 60
6 74
20 99
33 46
33 88
74 19
44 85
44 32
44 42
9 14
14 45
48 40
11 28
28 72
28 17
86 81
13 19
13 35
45 46
45 59
17 79
79 25
71 87
71 60
43 53
43 98
59 53
22 93
93 76
62 27
25 91
50 67
50 61
32 87
96 70
41 63
49 76
70 89