0 1 11 12 14 18 19 20 22 23 25 27 28 29 30 32 33 36 39 40 44 46 47 49 50 52 53 54 55 56 57 58 6 60 61 62 63 64 66 69 7 70 72 75 77 78 79 8 80 81 84 85 86 87 88 89 93 94 96 97 98 10 13 15 17 2 3 31 35 37 38 42 43 5 51 59 65 67 68 71 73 74 82 83 9 90 16 24 34 41 48 76 92 95 21 91 26 45 4
0 63
0 14
1 40
1 62
11 72
12 26
12 38
14 56
18 31
19 30
20 43
20 65
22 71
22 62
22 7
23 94
23 3
23 10
23 45
25 16
27 89
28 97
28 89
29 33
29 72
29 89
30 93
30 80
30 75
30 67
30 3
32 57
32 64
32 84
33 79
36 77
39 48
40 68
40 83
44 41
44 95
46 8
46 26
47 68
49 85
50 24
50 58
50 31
52 53
52 57
54 90
54 78
55 63
58 75
6 38
60 81
60 34
61 15
63 66
64 77
66 92
69 10
70 3
72 82
72 87
72 91
72 9
75 13
75 48
75 95
77 94
78 79
79 88
80 65
80 26
81 2
81 83
81 73
84 59
85 48
86 21
87 4
96 24
98 38
15 17
17 76
17 51
31 9
35 26
37 34
37 74
38 42
42 16
5 95
59 21
83 26
16 92
76 4