1 2 3 4 5 6 7 8 9 10 11 12 13 14 15 16 17 18 19 20 21 22 23 24 25 26 27 28 29 30 31 32 33 34 35 36 37 38 39 40 41 42 43 44 45 46 47 48 49 50 51 52 53 54 55 56 57 58 59 60 61 62 63 64 65 66 67 68 69 70 71 72 73 74 75 76 77 78 79 80 81 82 83 84 85 86 87 88 89 90 91 92 93 0
1 3
1 2
2 5
2 4
3 7
3 6
4 9
4 8
5 11
5 10
6 12
6 13
7 14
7 15
8 16
8 17
9 18
9 19
10 20
10 21
11 23
11 22
12 24
12 25
13 26
13 27
14 29
14 28
15 30
15 31
16 33
16 32
17 34
17 35
18 37
18 36
19 38
19 39
20 41
20 40
21 43
21 42
22 44
22 45
23 46
23 47
24 49
24 48
25 50
25 51
26 53
26 52
27 55
27 54
28 57
28 56
29 58
29 59
30 61
30 60
31 62
31 63
32 64
35 65
37 66
38 67
41 68
42 69
47 71
48 72
70 83
71 83
72 84
73 84
74 85
75 85
76 86
77 86
78 87
79 87
80 88
81 88
82 89
83 89
84 90
85 90
86 91
87 91
88 92
90 93
91 93
92 0
93 0