0 2 25 24 62 63 64 65 66 67 68 69 70 71 72 73 74 75 76 77 78 79 80 81 82 83 84 85 86 87 88 89 90 91 92 93 94 95 96 97 98 99 1 36 46 43 3 33 44 4 8 5 10 42 51 37 6 7 52 31 9 58 11 28 56 12 13 61 14 38 59 15 41 16 55 40 17 45 20 18 22 19 26 21 29 23 54 32 35 27 30 48 34 50 53 39 47 60 49 57
0 69
0 65
0 83
0 80
0 98
0 73
0 62
0 86
0 71
0 63
0 85
0 77
0 74
0 97
0 64
0 66
0 79
0 72
0 76
0 88
0 99
0 78
0 87
0 93
0 95
0 91
0 68
0 94
0 96
0 90
0 89
0 75
0 81
0 82
0 92
0 70
0 84
2 63
25 80
25 9
24 35
24 32
62 1
64 4
65 5
66 6
67 7
68 8
69 10
70 12
71 13
72 14
73 15
74 16
75 17
76 19
77 20
78 21
79 23
81 27
82 28
83 30
84 31
85 32
86 33
87 34
88 36
89 39
90 41
91 42
92 43
93 44
94 45
95 46
96 48
97 50
98 51
99 52
3 44
44 18
42 22
37 6
37 53
7 52
9 58
58 57
11 28
11 56
56 60
61 40
14 38
59 16
55 49
40 19
20 26
22 29
23 54
50 49
47 60