0 2 55 61 62 63 64 65 66 67 68 69 70 71 72 73 74 75 76 77 78 79 80 81 82 83 84 85 86 87 88 89 90 91 92 93 94 95 96 97 98 99 1 38 58 28 3 6 20 4 21 31 5 14 42 7 59 8 37 9 10 43 11 34 50 12 29 13 15 17 16 18 56 22 19 25 53 23 24 27 54 51 26 30 35 33 47 57 44 32 39 36 40 45 46 52 41 49 60 48
0 77
0 92
0 88
0 71
0 87
0 62
0 75
0 94
0 96
0 73
0 74
0 99
0 83
0 65
0 67
0 66
0 63
0 78
0 93
0 61
0 91
0 86
0 82
0 90
0 89
0 79
0 69
0 68
0 85
0 95
0 81
0 70
0 80
0 97
0 84
0 76
0 64
0 98
2 62
2 28
55 9
61 1
63 5
64 6
65 7
67 9
68 10
69 11
70 12
71 13
72 14
73 17
74 18
75 19
76 20
77 21
79 23
80 24
81 25
82 26
83 27
84 29
85 30
86 31
87 32
88 33
89 34
90 35
91 36
92 37
95 40
96 41
97 42
98 43
99 44
1 58
1 38
28 15
3 20
4 31
5 14
42 49
59 36
59 48
8 37
37 46
37 52
37 45
43 60
50 41
16 18
18 22
18 56
53 57
27 57
27 47
54 36
51 32
33 39