0 1 2 3 4 5 6 7 8 9 10 20 30 40 50 60 70 80 90 91 92 93 94 95 96 97 98 99 19 29 39 49 59 69 79 89 11 12 13 14 15 16 17 18 21 31 41 51 61 71 81 82 83 84 85 86 87 88 28 38 48 58 68 78 22 23 24 25 26 27 32 42 52 62 72 73 74 75 76 77 37 47 57 67 33 34 35 36 43 53 63 64 65 66 46 56 44 45 54 55
0 1
1 2
2 3
3 4
4 14
5 15
5 6
6 7
7 8
8 9
10 20
20 30
30 40
40 41
50 51
50 60
60 70
70 80
80 90
91 92
92 93
93 94
94 84
95 85
95 96
96 97
97 98
98 99
19 29
29 39
39 49
49 48
59 58
59 69
69 79
79 89
11 12
12 13
13 14
14 25
15 24
15 16
16 17
17 18
21 31
31 41
41 52
51 42
51 61
61 71
71 81
82 83
83 84
84 75
85 74
85 86
86 87
87 88
28 38
38 48
48 57
58 47
58 68
68 78
22 23
23 24
24 34
25 35
25 26
26 27
32 42
42 43
52 53
52 62
62 72
73 74
74 64
75 65
75 76
76 77
37 47
47 46
57 56
57 67
33 34
34 54
35 44
35 36
43 45
53 44
53 63
64 55
65 45
65 66
46 55
56 54
44 54
44 45
45 55