0 9 10 11 12 17 20 21 22 24 25 27 29 30 34 35 38 41 43 45 46 47 52 54 55 58 59 63 69 70 81 82 87 89 90 93 94 98 99 1 4 5 6 16 18 23 28 33 36 37 40 44 50 56 57 64 65 66 68 75 77 86 91 92 2 7 8 13 14 15 26 31 32 61 71 72 79 83 84 85 3 19 39 42 48 51 53 60 62 74 76 78 97 49 73 80 96 95 67 88
0 43
0 38
9 57
9 2
10 69
11 79
11 87
12 57
17 39
17 1
20 49
20 37
20 47
21 40
22 8
24 90
25 41
25 69
27 90
27 76
29 57
30 81
30 58
34 89
35 83
38 42
41 99
43 91
43 37
45 28
45 60
45 63
46 44
46 42
52 67
54 94
55 61
58 50
58 96
59 92
63 74
63 39
63 84
63 68
69 14
70 16
81 85
82 19
89 19
89 75
90 31
93 19
93 28
93 99
93 95
94 44
98 44
98 2
99 83
4 71
4 62
5 42
6 79
6 62
6 8
16 92
18 74
18 92
18 86
23 64
33 26
33 97
36 74
36 56
40 72
64 77
64 61
64 96
65 26
65 2
65 48
66 8
77 73
2 72
7 60
7 51
13 95
13 78
15 60
31 32
32 49
61 62
3 76
19 49
19 67
39 73
53 73
76 88
80 96