0 2 74 35 20 44 14 11 1 48 92 60 12 28 47 58 87 79 83 3 49 53 4 55 5 27 63 29 6 39 7 34 72 8 69 98 32 19 9 65 97 81 54 85 10 70 71 88 91 82 13 18 36 77 41 31 42 62 21 23 15 57 26 51 16 86 17 25 45 89 99 96 22 59 67 56 50 37 24 75 94 90 64 61 66 38 30 33 95 68 40 84 93 43 52 46 73 78 80 76
0 70
0 11
0 22
0 28
2 12
2 83
2 58
74 67
74 68
35 38
35 61
20 62
44 54
44 14
44 99
14 33
1 48
1 87
48 31
48 58
48 49
48 39
92 12
60 94
60 51
47 39
58 42
58 32
87 72
79 46
3 26
3 49
53 81
4 55
55 82
55 5
5 63
5 27
27 23
27 34
63 43
63 26
63 37
29 56
29 38
6 39
7 34
34 8
34 95
34 16
8 38
69 75
69 46
98 59
98 13
98 57
98 84
19 43
19 46
9 65
65 45
97 43
81 91
81 89
54 25
85 66
10 70
10 26
71 21
71 66
88 23
91 13
13 41
13 77
13 52
18 15
36 99
77 31
31 17
62 86
62 52
21 23
21 96
23 50
23 93
15 57
26 90
51 73
51 64
51 30
45 52
99 38
96 40
37 68
24 94
94 93
38 78
38 76
52 80