0 1 6 7 2 8 3 4 5 10 11 12 9 14 20 13 15 18 19 21 22 23 17 16 24 26 29 25 31 34 35 28 27 33 32 30 36 37 42 43 44 39 38 41 40 46 47 48 45 95 52 51 50 49 53 54 56 57 58 55 75 63 59 60 61 62 64 66 65 68 69 70 73 72 67 71 98 74 78 76 77 81 82 85 86 90 89 93 94 87 91 92 97 96 79 80 83 84 88
0 1
0 6
6 12
7 2
2 8
8 14
8 9
3 4
4 5
4 10
4 9
5 11
11 49
11 16
12 18
20 13
20 15
13 18
13 19
15 21
19 24
21 22
22 16
23 17
23 16
26 33
26 32
26 31
29 51
29 28
25 30
31 30
34 35
34 28
28 27
27 33
32 39
30 36
36 37
36 42
36 43
44 38
39 38
39 46
41 40
41 46
41 47
46 48
46 45
95 96
52 55
52 54
51 57
50 54
49 53
53 57
56 55
56 58
56 63
57 55
58 75
55 87
63 60
59 60
60 64
60 61
61 66
61 62
64 68
66 65
68 69
69 70
70 73
73 76
73 72
72 67
67 71
98 78
98 86
98 74
98 94
76 77
77 81
81 82
82 86
82 85
90 89
90 93
93 94
87 91
87 84
91 96
91 92
92 97
79 80
80 83
80 88
83 84