0 15 26 60 75 87 93 4 5 12 19 21 28 35 47 57 77 81 2 8 9 16 20 24 25 40 41 49 63 65 72 86 88 54 68 85 27 31 32 46 82 99 3 17 51 64 98 61 74 90 1 14 23 34 44 50 58 59 66 94 97 6 42 56 48 79 96 13 29 45 53 55 70 80 89 30 62 76 22 33 11 36 78 84 92 52 18 37 73 71 83 10 39 91 43 69 67 95 7 38
0 75
0 93
0 87
15 57
15 77
15 47
15 4
26 8
26 72
26 9
26 63
60 85
75 31
75 82
4 27
5 46
5 86
5 33
12 6
12 37
19 89
19 88
21 18
28 14
28 54
35 49
35 30
35 56
47 82
57 96
57 69
57 78
77 10
81 52
81 94
2 91
2 54
2 39
8 51
8 66
8 20
16 6
16 29
24 42
24 78
24 95
25 54
25 99
40 55
40 80
41 91
41 13
63 71
65 23
72 97
72 10
72 48
72 90
88 83
54 45
68 94
85 58
85 30
27 36
32 95
32 45
46 13
46 1
3 98
17 42
64 39
98 13
98 50
61 18
74 6
23 79
34 76
44 11
44 36
59 18
66 84
94 62
94 53
6 43
48 43
79 18
96 52
53 76
70 43
80 69
89 30
30 52
30 67
62 73
22 73
11 92
18 91
91 7
7 38