0 1 2 3 4 18 6 5 7 8 9 10 12 13 11 72 17 71 14 15 16 19 20 21 22 55 23 30 29 25 28 24 26 27 32 31 54 33 34 35 36 37 38 40 39 48 41 42 43 45 44 46 47 49 50 52 51 53 56 57 58 59 75 61 60 74 62 73 70 69 76 63 64 67 68 66 65
0 1
1 2
2 3
3 4
4 6
18 72
18 17
6 7
6 8
6 5
7 11
8 9
8 10
10 17
12 11
12 14
12 13
17 71
14 16
14 15
16 19
19 20
20 55
20 21
21 22
22 29
55 57
23 29
23 28
30 31
30 29
29 32
25 26
25 24
28 27
26 27
32 33
31 54
33 36
33 35
33 34
36 37
37 38
38 40
40 48
40 41
40 39
48 49
41 43
42 45
43 46
45 44
45 47
46 50
47 49
50 51
52 51
51 53
56 65
56 57
58 59
59 75
59 60
61 70
60 62
60 73
60 74
73 69
70 67
69 68
76 63
76 68
76 64
67 68
67 66
66 65