0 6 9 33 39 41 52 58 68 81 84 87 89 1 2 21 44 47 67 70 71 78 88 98 17 28 32 37 48 57 3 30 85 96 4 8 24 27 69 80 5 25 53 65 77 91 92 16 20 22 34 40 7 11 50 12 14 38 43 60 82 26 55 83 94 10 31 49 36 46 54 59 75 93 18 74 86 13 35 99 23 15 62 97 29 42 51 63 66 90 19 56 79 76 45 64 72 61 73 95
0 84
0 52
0 9
0 39
6 16
6 22
9 26
33 32
41 87
41 80
41 27
52 59
52 72
52 2
58 29
68 95
68 72
68 34
81 88
81 64
81 37
87 82
89 31
89 90
89 35
1 21
1 78
21 76
44 16
44 73
47 14
47 71
47 12
67 28
67 71
67 92
70 62
70 75
70 13
70 7
70 5
71 31
78 91
78 59
78 4
88 59
98 17
17 20
32 94
48 61
57 43
3 30
30 61
85 53
96 83
8 38
8 14
8 82
24 56
69 18
69 20
69 42
5 65
25 82
53 94
53 54
77 61
77 86
77 82
91 83
91 18
92 51
22 99
22 45
34 61
40 72
7 50
11 54
11 59
38 15
43 99
43 86
43 62
43 23
60 99
82 55
26 79
55 29
83 19
83 10
94 56
49 29
36 93
46 95
93 95
74 79
97 95
42 66
63 90