78 50 7 6 58 73 85 75 69 47 36 32 79 55 60 41 13 31 26 23 19 1 18 42 15 49 25 0 63 68 9 10 28 21 93 72 56 70 34 67 35 39 54 53 91 66 65 83 82 52 37 40 64 11 76 90 84 81 45 74 62 29 51 77 71 61 88 92 38 43 22 48 20 57 17 14 16 30 3 8 2 46 86 89 44 59 5 12 87 27 24 33 4 80
78 11
78 88
78 39
50 58
7 86
6 61
6 44
6 8
58 48
58 59
73 87
73 0
85 37
75 55
75 25
75 66
69 26
47 65
47 16
47 51
36 82
32 39
32 35
79 55
55 5
55 13
60 63
60 86
41 43
41 4
31 56
26 28
23 77
23 28
23 3
19 8
1 16
18 15
42 76
42 37
15 84
15 38
49 71
68 52
9 89
10 12
10 4
10 90
10 20
28 30
21 89
21 72
21 93
93 14
72 34
56 44
70 27
70 61
34 54
67 37
67 38
39 22
54 51
54 83
53 24
91 44
66 29
82 90
82 38
52 87
52 86
52 27
37 87
40 2
40 59
64 87
11 24
11 17
90 2
81 71
45 86
74 29
62 71
29 80
71 8
88 30
92 48
20 33
57 12
16 2
46 12
86 24
5 33