30 48 72 45 90 98 35 15 37 21 17 58 50 11 36 32 78 73 14 47 67 16 87 42 4 25 86 51 91 88 85 41 2 43 38 60 63 26 57 27 0 19 52 12 84 34 81 66 65 1 7 96 49 64 77 95 71 92 68 82 89 93 75 22 74 46 69 83 56 80 6 9 40 44 29 5 53 3 54 39 13 79 62 33 31 94 61 24 70 76 10 97 23 28 20 8 59 55 18
30 26
30 57
30 48
72 68
72 11
72 24
45 53
90 17
98 96
98 65
98 62
98 35
15 92
37 16
21 22
21 19
17 19
58 73
58 47
50 12
50 6
11 4
36 16
32 26
78 1
78 61
78 73
78 7
14 86
14 27
14 5
67 66
67 13
16 26
87 53
87 74
87 54
87 96
42 61
42 92
25 65
86 76
86 97
86 82
51 83
51 66
91 2
91 95
91 8
88 95
88 56
85 23
85 29
41 40
41 96
2 71
2 24
2 94
43 19
38 40
38 12
60 19
60 59
63 52
57 71
27 10
0 40
52 40
84 97
84 69
34 80
81 22
81 89
66 20
65 33
49 40
49 24
64 9
64 24
77 92
95 80
71 61
71 75
68 59
93 74
74 70
46 69
69 28
83 54
44 61
44 39
44 31
29 79
3 97
62 55
33 23
70 18
76 23