0 11 25 26 27 1 9 12 28 29 30 2 23 21 31 32 33 3 24 34 35 36 4 6 37 38 39 5 20 40 41 42 43 44 45 7 10 46 47 48 8 14 22 49 50 51 19 52 53 54 16 55 56 57 58 59 60 17 61 62 63 13 64 65 66 67 68 69 15 70 71 72 73 74 75 76 77 78 18 79 80 81 82 83 84 85 86 87 88 89 90 91 92 93 94 95 96 97 98 99
0 11
11 5
11 58
25 42
25 78
26 61
26 83
27 32
27 85
27 98
27 65
1 9
1 12
9 19
12 17
12 7
12 63
12 61
28 37
29 60
30 80
30 36
2 23
2 21
21 8
21 10
21 3
31 66
32 73
32 71
33 91
33 54
33 94
3 24
24 99
34 81
35 63
36 74
4 6
6 20
37 69
37 91
38 97
39 46
39 96
5 20
5 40
20 18
20 14
20 15
40 75
40 82
41 63
42 88
43 66
44 56
45 67
7 10
10 16
10 57
46 60
47 60
47 52
47 99
47 53
48 50
8 22
8 14
8 50
14 13
49 82
50 67
51 69
52 59
53 93
55 57
55 87
56 80
59 78
60 64
62 95
66 72
68 79
69 97
69 70
71 84
72 76
72 77
73 86
75 90
75 86
76 96
79 84
80 95
80 81
88 95
89 95
91 92
92 99