0 5 8 10 15 17 19 27 28 33 34 37 46 47 49 50 1 6 7 9 13 18 21 24 25 30 54 56 60 66 67 69 84 85 2 26 41 57 92 3 16 29 38 70 75 77 80 4 11 12 14 42 51 76 96 97 20 22 23 48 53 62 99 35 36 44 65 73 88 94 98 43 59 61 82 31 39 32 55 86 52 72 83 89 95 93 40 71 68 78 63 45 90 91 58 79 64 81 87 74
0 34
0 19
0 46
0 10
5 38
5 51
5 12
5 1
5 29
5 99
5 66
8 18
8 47
8 39
10 7
15 6
15 34
17 6
19 23
19 14
19 93
27 60
27 73
28 67
28 22
28 75
28 44
33 84
33 97
33 13
37 9
46 86
47 55
47 58
47 76
49 96
49 91
50 18
1 60
1 85
1 56
6 88
6 16
6 22
6 4
6 12
6 21
6 36
6 69
7 70
7 2
7 59
9 32
9 30
9 51
13 24
13 14
13 80
18 11
24 94
24 98
25 96
25 67
25 90
30 31
54 79
54 32
54 83
56 40
60 52
84 39
85 61
26 11
41 38
41 20
57 53
92 38
3 75
16 78
29 81
38 63
70 43
77 88
4 42
12 95
12 89
42 72
22 82
48 91
53 87
62 68
35 73
36 71
65 72
82 87
39 64
52 68
72 74
45 87