80 58 14 55 7 11 83 20 86 94 42 92 12 47 36 50 44 82 59 63 81 64 0 74 6 39 48 5 24 41 19 89 30 3 28 87 23 9 37 97 67 33 27 61 10 16 54 43 60 65 52 8 51 70 68 34 78 71 32 88 35 13 66 26 21 72 15 98 4 95 93 25 17 31 56 49 2 96 77 73 79 53 38 69 75 1 22 62 40 84 91 29 57 46 18 45 85 90 76
80 0
80 82
80 94
58 42
14 55
14 43
14 84
14 68
55 9
7 37
7 11
83 8
83 17
83 20
83 37
83 30
86 37
86 57
94 27
42 45
42 72
92 77
92 12
12 10
47 36
36 29
50 15
50 30
50 53
44 82
59 34
59 30
59 63
81 33
81 64
64 98
0 33
0 74
6 34
6 70
6 39
48 5
5 8
24 79
24 41
41 28
41 17
41 21
41 4
19 71
19 89
19 49
89 87
89 77
3 8
87 68
87 75
23 46
23 69
9 37
37 18
37 31
97 26
67 33
67 73
33 43
61 22
10 25
16 54
54 25
43 60
60 96
60 2
65 1
65 71
52 85
51 66
51 29
34 85
78 71
71 22
32 88
88 21
35 13
35 62
13 95
66 77
26 72
21 62
72 49
72 90
15 46
95 93
17 40
31 56
31 76
77 38
91 29