0 1 53 36 57 2 43 8 72 3 50 63 4 83 60 5 49 9 6 20 7 29 10 25 85 82 11 79 86 12 39 64 70 26 13 92 14 61 30 15 21 67 59 65 16 17 56 18 37 19 38 94 46 48 22 75 23 24 91 73 76 27 28 31 32 54 33 34 35 41 55 77 40 90 42 44 93 45 87 89 71 47 88 58 66 51 52 99 62 97 98 68 69 74 78 80 81 84 95 96
0 36
0 53
0 57
1 43
53 52
36 46
36 35
57 42
57 58
57 23
57 56
57 40
2 3
43 44
8 7
72 26
72 73
3 60
50 49
50 51
63 56
63 30
63 32
63 62
4 9
4 5
83 49
83 84
60 61
60 59
5 20
5 6
49 32
9 25
9 85
20 19
7 29
29 30
29 19
29 28
10 11
10 79
10 86
25 26
85 86
82 81
79 78
86 69
12 13
39 90
64 65
64 14
64 37
70 69
26 27
13 92
13 61
92 80
14 21
14 67
15 16
67 68
59 71
65 48
65 90
65 66
16 56
16 17
17 18
18 38
18 94
94 95
94 93
46 45
48 58
22 23
75 74
23 91
23 24
24 76
73 74
31 32
31 54
33 34
34 35
41 42
55 77
55 99
77 78
90 89
44 89
44 87
45 71
89 88
47 88
66 98
97 96
97 98
80 81