0 1 2 3 4 5 6 7 8 9 10 11 12 13 14 15 16 17 18 19 20 21 22 23 24 25 26 27 28 29 30 31 32 33 34 35 36 37 38 39 40 41 42 43 44 45 46 47 48 49 50 51 52 53 54 55 56 57 58 59 60 61 62 63 64 65 66 67 68 69 70 71 72 73 74 75 76 77 78 79 80 81 82 83 84 85 86 87 88 89 90 91 92 93 94 95 96 97 98
0 22
0 3
0 34
0 33
1 8
1 35
2 12
2 30
2 23
2 38
2 37
3 10
3 21
4 19
4 42
5 8
5 24
5 30
5 26
5 44
5 43
6 25
6 46
7 29
7 47
7 48
8 16
8 50
8 49
9 29
9 21
9 51
10 53
11 16
11 56
11 55
12 17
12 18
12 57
12 58
13 30
14 17
14 62
14 61
15 21
15 63
16 32
16 22
16 19
16 65
17 67
17 68
18 69
18 70
19 71
20 29
20 74
20 73
21 27
21 31
22 77
22 78
23 25
23 28
23 79
23 80
24 81
24 82
25 83
25 84
26 86
26 85
27 88
27 87
28 89
29 92
30 93
31 96
31 95
32 97
32 98
34 36
37 39
38 40
41 43
45 47
50 52
54 56
57 59
58 60
62 64
66 68
70 72
73 75
74 76
89 91
90 92
94 96