0 19 67 90 95 99 1 8 24 34 37 49 64 71 2 7 15 58 68 81 3 9 13 20 72 83 4 16 25 50 55 57 65 84 93 5 18 33 35 42 52 53 75 88 89 96 6 10 11 17 32 39 40 41 59 63 70 97 46 38 44 27 86 22 29 30 36 23 62 12 66 80 31 45 74 91 14 48 82 94 69 51 73 98 61 79 21 76 92 87 28 56 26 43 78 85 47 54 77 60
0 19
0 99
0 67
0 90
19 1
19 48
67 80
95 74
99 75
8 44
8 11
8 2
8 7
24 56
24 22
34 14
34 12
37 77
37 94
49 60
49 17
49 4
49 28
64 7
71 20
2 15
2 58
2 81
15 39
15 40
15 62
58 60
68 87
81 97
81 41
3 9
9 75
9 16
9 27
9 86
13 31
20 70
72 36
83 44
4 50
16 53
25 21
50 74
55 21
55 61
55 57
65 43
65 73
84 45
93 70
93 33
5 75
18 98
35 79
35 51
42 28
52 30
53 26
53 60
88 54
89 86
96 54
6 17
10 30
10 22
32 70
40 78
59 31
63 85
63 98
70 76
46 60
38 48
86 92
29 43
29 51
36 73
23 62
23 87
23 31
66 60
66 61
45 51
91 79
14 48
14 82
94 61
69 28
51 56
76 78
87 54
56 26
56 85
85 47