0 2 4 5 1 3 6 8 10 11 7 9 12 14 16 17 13 15 18 20 22 23 19 21 24 26 28 29 25 27 30 32 34 35 31 33 36 38 40 41 37 39 42 44 46 47 43 45 48 50 52 53 49 51 54 56 58 59 55 57 60 62 64 65 61 63 66 68 70 71 67 69 72 74 76 77 73 75 78 80 82 83 79 81 84 86 88 89 85 87 90 92 94 95 91 93
0 2
2 4
2 3
4 5
4 1
4 6
6 10
6 11
8 10
8 9
10 7
11 12
12 16
14 15
14 16
16 13
17 13
17 18
18 23
18 22
18 20
20 21
22 19
23 24
24 28
26 28
26 27
28 25
28 29
29 30
30 32
32 34
32 33
34 31
35 36
35 31
36 41
38 40
38 39
40 41
41 42
41 37
42 46
44 45
44 46
46 47
46 43
47 48
48 52
48 50
50 51
52 49
53 49
53 54
54 59
54 58
56 58
56 57
58 55
59 60
60 65
62 63
62 64
64 61
64 65
65 66
66 70
68 70
68 69
70 67
71 67
71 72
72 76
74 76
74 75
76 77
77 73
77 78
78 80
80 82
80 81
82 83
83 79
83 84
84 88
86 88
86 87
88 89
88 85
89 90
90 94
90 95
92 93
92 94
95 91