25 26 37 36 35 38 27 41 42 43 34 28 29 33 46 30 32 31 48 49 47 39 40 44 45 0 1 2 3 4 5 8 9 6 7 19 10 11 12 13 14 15 16 17 18 20 23 24 21 22 53 80 87 88 96 57 65 82 91 98 52 99 54 66 69 71 94 67 68 85 92 56 61 64 90 97 55 70 73 78 60 86 58 59 81 74 75 77 51 50 76 79 89 83 84 62 95 72 93 63
25 86
26 83
37 93
37 68
36 96
35 98
35 89
38 84
27 78
41 81
41 97
41 90
42 58
43 89
34 53
28 92
29 71
33 67
46 92
30 76
32 83
31 54
48 64
48 75
49 80
49 45
47 59
39 51
40 52
44 91
44 89
0 53
1 96
2 98
3 99
4 71
4 82
5 68
8 55
9 73
6 56
7 68
19 86
10 73
11 87
12 74
13 14
13 52
13 68
14 50
15 79
16 66
17 84
17 88
18 91
20 85
20 59
23 84
24 81
21 74
21 56
22 87
53 74
80 73
87 56
88 91
96 90
57 62
65 56
65 86
65 93
65 66
82 51
82 55
82 76
98 74
98 58
98 85
99 86
99 51
54 56
54 78
69 75
71 94
71 83
67 56
85 72
92 63
92 89
61 63
64 89
90 60
97 63
97 95
97 79
70 77
73 74
58 62
74 77