0 85 1 90 67 3 33 6 10 98 2 18 99 34 65 46 87 53 52 48 72 56 69 35 28 4 32 26 63 95 82 43 89 76 66 78 17 61 70 19 8 20 93 31 14 39 41 29 24 68 5 73 22 40 37 13 62 55 94 7 11 15 9 64 97 23 36 83 58 44 51 81 79 49 74 45 84 92 75 96 21 12 77 80 38 16 71 60 27 47 91 86 59 57 25 30 54 42 88 50
0 85
85 19
1 33
1 90
90 11
67 14
67 72
67 54
67 40
3 52
3 26
3 4
33 89
33 7
33 93
6 55
10 75
10 65
10 92
10 61
10 8
10 45
98 5
98 72
98 53
2 72
18 31
18 65
99 25
99 66
99 41
99 44
99 79
34 32
65 52
46 37
46 73
46 48
87 22
87 95
87 47
87 29
53 83
53 39
53 30
52 22
52 56
52 84
52 86
72 35
72 96
72 64
72 38
56 80
56 58
56 88
69 41
69 76
69 50
69 15
69 97
28 11
32 24
32 94
32 55
32 81
26 5
63 24
82 49
82 57
43 89
78 19
17 5
70 55
19 73
19 59
19 20
24 37
24 16
68 5
5 73
5 13
73 21
37 62
62 36
55 51
55 74
11 80
11 23
11 77
11 71
15 49
15 60
9 44
9 36
96 42
12 27
12 47
12 91