0 14 8 38 39 40 41 42 43 44 45 46 47 48 49 50 51 52 53 54 55 56 57 58 59 60 61 62 63 64 65 66 67 1 32 23 68 69 70 71 72 73 74 75 76 77 78 79 80 81 82 83 84 85 86 87 88 89 90 91 92 2 24 93 94 95 96 97 98 99 3 16 18 31 4 15 5 6 26 7 28 37 9 17 12 10 11 33 13 34 20 22 27 35 19 21 30 25 29 36
0 51
0 53
0 63
0 52
0 46
0 49
0 48
0 65
0 39
0 44
0 47
0 41
0 64
0 67
0 55
0 59
0 57
0 61
0 56
0 50
0 45
14 48
8 43
8 96
38 1
39 4
40 5
42 7
45 10
46 11
49 16
50 17
51 20
52 21
54 23
55 24
56 25
58 28
59 29
60 30
61 31
62 32
63 33
65 35
66 36
67 37
1 68
1 92
1 90
1 83
1 81
1 80
1 70
1 72
1 77
1 71
1 75
1 73
1 91
1 74
1 89
1 85
1 76
1 79
1 87
1 84
32 89
23 80
68 2
69 3
71 5
72 6
73 9
74 13
76 15
77 18
78 21
79 22
82 25
83 26
84 27
85 28
86 29
87 30
88 31
90 33
91 34
92 36
2 97
2 99
2 94
2 96
2 95
2 93
93 3
95 7
98 10
99 12
20 19