0 27 40 41 42 43 44 45 46 47 48 49 50 51 52 53 54 55 56 57 58 59 60 61 62 63 64 65 66 67 68 1 12 69 70 71 72 73 74 75 76 77 78 79 80 81 82 83 84 85 86 87 88 89 90 91 92 93 94 95 96 97 98 99 2 6 3 4 18 5 11 28 37 30 35 25 7 8 31 29 13 9 10 19 24 21 33 14 17 23 15 16 20 34 36 22 26 38 32 39
0 66
0 46
0 43
0 68
0 54
0 55
0 44
0 41
0 40
0 52
0 53
0 42
0 47
0 65
0 61
0 45
0 59
0 64
0 58
0 48
0 62
0 56
0 51
27 89
27 57
40 1
42 4
45 7
47 10
49 13
50 15
51 16
52 17
53 18
54 19
55 21
56 22
58 28
60 30
62 32
63 33
64 35
65 36
67 38
68 39
1 82
1 71
1 72
1 92
1 90
1 73
1 94
1 89
1 76
1 95
1 93
1 97
1 87
1 79
1 91
1 77
1 99
1 86
1 98
1 81
1 80
1 75
1 70
1 78
1 83
1 69
1 88
12 78
69 2
70 3
72 5
73 6
74 7
75 8
76 9
77 11
79 13
80 14
81 15
83 20
84 21
85 22
86 24
87 25
88 26
91 29
92 30
93 31
94 33
95 34
96 35
98 37
99 38
28 23