0 1 2 3 4 5 6 7 8 9 10 11 12 13 14 15 16 17 18 19 20 21 22 23 24 25 26 27 28 29 30 31 32 33 34 35 36 37 38 39 40 41 42 43 44 45 46 47 48 49 50 51 52 53 54 55 56 57 58 59 60 61 62 63 64 65 66 67 68 69 70 71 72 73 74 75 76 77 78 79 80 81 82 83 84 85 86 87 88 89 90 91 92 93 94 95 96 97 98
0 21
0 33
1 18
1 8
1 36
2 4
2 8
2 37
2 38
3 5
3 15
3 39
4 11
4 19
4 42
4 41
5 11
5 43
6 14
6 46
7 22
7 13
7 30
7 48
7 47
8 50
8 49
9 26
9 28
9 51
10 15
10 17
10 54
10 53
11 56
12 31
12 18
12 58
13 21
13 59
13 60
14 19
14 61
15 21
15 28
15 64
16 22
16 24
16 65
17 68
17 67
18 69
18 70
19 71
20 21
20 25
20 74
20 73
21 29
21 76
22 23
22 77
22 78
23 32
24 27
25 83
25 84
26 86
27 87
27 88
28 90
28 89
29 91
29 92
30 94
30 93
31 96
32 97
32 98
33 35
34 36
38 40
42 44
45 47
50 52
53 55
57 59
61 63
62 64
66 68
70 72
73 75
77 79
78 80
81 83
82 84
85 87
93 95