0 1 5 8 9 11 12 15 16 17 18 21 22 24 27 30 32 34 35 37 39 40 41 43 46 47 48 52 57 58 59 60 62 67 71 72 75 77 78 79 80 85 90 94 95 98 99 2 3 7 14 19 20 31 33 49 50 51 53 55 61 63 74 76 87 88 91 92 96 6 13 25 26 42 56 64 65 66 84 86 4 10 28 29 45 69 73 82 93 97 36 81 89 23 54 83 38 44 70 68
0 30
0 21
1 96
5 4
8 86
9 82
9 21
9 15
11 45
12 14
15 50
15 7
16 19
16 48
16 6
17 30
17 18
21 27
22 62
22 64
24 47
24 69
24 14
27 33
27 41
30 64
30 77
30 80
32 31
32 68
34 67
34 85
35 3
35 50
35 98
37 76
39 49
39 82
39 2
40 94
43 2
43 46
47 23
48 69
48 81
52 83
52 58
57 2
57 56
58 96
59 31
60 84
60 33
62 44
62 86
67 44
71 89
71 70
72 78
75 94
78 6
78 97
79 63
79 4
90 66
90 20
94 45
94 93
95 68
95 2
99 92
99 87
3 13
7 83
14 96
19 45
33 70
33 55
51 92
53 68
55 74
61 28
61 83
63 38
74 54
76 70
76 88
87 23
91 26
91 96
25 56
42 81
65 29
65 66
65 36
4 81
10 45
29 83
69 73