0 8 38 13 40 41 42 43 44 45 46 47 48 49 50 51 52 53 54 55 56 57 58 59 60 61 62 63 64 65 66 67 68 69 1 16 70 71 72 73 74 75 76 77 78 79 80 81 82 83 84 85 86 87 88 89 90 91 92 93 94 95 96 97 98 2 31 20 35 99 3 26 10 28 4 6 25 30 5 7 14 9 36 11 17 18 39 12 29 22 15 19 37 21 23 24 33 27 34 32
0 41
0 59
0 66
0 56
0 61
0 65
0 54
0 49
0 52
0 67
0 44
0 43
0 47
0 42
0 48
0 55
0 58
0 51
0 40
0 63
0 62
0 60
0 57
0 46
0 69
0 53
0 68
0 64
8 75
8 45
38 69
13 79
40 2
41 4
42 5
43 6
46 9
47 10
48 12
49 14
50 15
51 16
53 19
54 20
56 22
58 25
59 26
60 27
61 28
62 29
64 32
65 33
66 34
68 36
1 74
1 94
1 86
1 97
1 96
1 70
1 71
1 84
1 76
1 98
1 75
1 91
1 92
1 81
1 79
1 82
1 87
1 90
1 85
1 72
1 88
1 77
1 83
70 3
71 4
73 6
74 7
77 11
78 12
80 14
81 15
82 17
83 18
85 21
86 23
89 27
91 30
92 31
93 33
94 35
95 36
96 37
98 39
2 99
24 33