46 21 85 39 27 77 87 20 81 50 65 47 56 64 4 3 40 48 67 30 29 41 22 86 71 57 53 97 45 51 91 83 35 63 84 59 44 92 28 89 78 34 61 90 52 62 79 43 24 95 73 75 13 96 31 7 54 10 8 2 94 88 0 5 80 14 36 98 33 11 16 66 18 58 32 19 12 68 26 93 6 74 15 25 9 17 82 60 37 76 69 49 23 70 55 72 38 1 42 99
46 77
21 89
21 41
85 7
39 84
27 90
77 2
87 64
87 30
20 57
81 50
81 61
81 56
50 9
65 11
65 54
65 36
65 47
56 33
64 84
64 24
64 16
4 97
3 58
3 1
40 59
48 60
67 74
67 58
30 76
29 91
29 53
22 97
22 52
86 71
86 37
86 45
86 14
86 2
57 49
53 62
97 9
51 91
51 32
51 95
91 37
91 96
91 19
83 69
35 70
63 74
84 49
84 5
59 80
59 90
59 44
59 17
59 75
44 79
44 13
92 43
28 26
28 72
28 94
89 43
78 96
78 9
78 34
34 58
79 69
43 66
43 82
73 23
13 88
96 54
96 80
31 8
7 6
54 82
10 74
8 82
2 18
94 25
0 14
5 82
5 70
98 25
16 15
16 55
66 72
12 49
68 26
68 23
26 42
26 93
6 60
82 38
60 49
72 99