0 49 84 29 1 15 86 80 2 74 76 3 44 10 4 52 5 47 6 53 35 7 13 41 58 8 46 9 78 81 11 65 12 26 37 14 85 16 54 83 17 18 19 79 20 30 38 21 31 22 45 62 23 71 24 75 25 27 32 28 42 61 33 90 34 67 91 36 92 63 39 40 43 68 48 50 89 51 55 56 72 57 59 66 60 77 88 64 73 69 82 70 87
0 29
0 47
49 57
49 50
84 25
29 92
29 61
1 80
1 40
1 86
15 32
86 55
2 25
2 50
2 74
2 76
74 63
74 90
3 44
3 42
44 68
44 36
44 41
10 31
4 52
4 48
52 64
52 9
5 83
47 11
47 54
47 46
6 35
6 53
35 67
35 91
7 41
7 58
7 13
41 89
58 26
8 46
46 71
9 78
78 23
78 82
81 91
81 73
11 87
65 91
12 34
12 26
26 21
37 16
14 85
85 82
16 30
83 55
83 89
17 88
17 38
18 73
19 36
19 70
79 24
79 91
79 88
20 38
20 30
20 27
30 25
21 66
21 43
31 36
22 62
45 89
62 87
23 71
24 75
27 32
28 42
61 77
33 90
90 72
91 39
91 66
36 92
43 51
51 56
59 66
60 88
69 82