61 96 38 0 9 50 54 78 81 51 92 31 12 46 48 21 14 91 66 23 4 63 82 1 76 16 25 35 17 7 37 90 72 70 97 28 10 55 24 74 8 42 18 36 45 83 43 49 65 39 2 71 86 95 40 75 32 73 67 29 64 34 41 3 80 33 87 15 27 44 6 94 5 88 68 62 89 13 57 93 19 77 84 52 26 30 58 11 98 20 69 53 47 60 56 59 85 22 99 79
61 93
96 12
96 91
38 6
38 44
38 65
38 95
0 20
0 70
9 18
9 54
9 70
50 45
54 76
54 8
78 1
81 59
51 5
92 91
92 33
31 7
31 35
31 2
31 1
12 83
12 79
12 22
12 4
46 98
46 67
46 86
48 24
48 11
21 14
14 39
14 80
14 7
91 66
66 49
23 63
63 90
63 24
63 43
82 11
16 41
16 52
16 97
16 65
25 77
17 24
17 3
7 59
37 55
72 56
72 34
97 42
28 18
10 55
55 5
24 60
74 27
74 75
8 87
42 84
42 47
36 39
45 59
43 58
49 19
71 5
71 19
95 40
75 89
75 32
32 85
32 84
32 29
73 30
64 27
64 80
80 77
80 94
33 62
15 56
27 11
88 13
68 20
89 13
57 53
93 30
19 85
52 56
26 20
26 30
30 56
98 56
20 53
69 79
99 79