49 85 31 35 0 24 32 84 41 80 22 3 63 70 91 18 54 47 86 42 50 69 88 81 97 51 74 10 65 29 64 73 16 23 30 46 82 43 59 11 39 93 34 75 71 72 76 48 9 79 36 60 2 92 52 33 26 67 66 55 19 15 28 21 5 1 14 37 20 58 8 62 7 53 95 90 83 89 13 68 12 78 4 44 25 57 61 96 6 87 40 94 17 38 56 99 77 27 45 98
49 51
85 83
85 73
85 30
85 66
85 39
85 28
85 1
31 99
31 40
35 94
0 1
24 89
32 51
32 89
84 5
41 2
41 36
80 9
80 67
80 14
22 50
3 63
63 93
63 78
70 21
91 48
18 94
18 56
54 69
54 38
54 12
47 4
86 33
86 68
42 62
50 27
69 5
88 5
88 27
88 74
81 8
81 30
97 26
51 79
51 62
51 55
74 53
10 62
10 57
65 13
29 39
64 15
64 76
64 26
64 87
73 34
16 60
23 46
23 92
30 92
30 78
82 48
43 92
59 48
59 58
59 34
11 26
11 5
34 77
34 68
34 75
75 52
71 57
72 89
48 90
48 25
9 4
36 21
36 19
60 21
60 28
52 99
26 95
66 13
66 17
15 62
15 44
21 4
21 61
14 96
37 62
20 4
7 40
83 89
89 45
12 56
78 98
78 6