0 6 60 69 86 1 8 58 61 2 40 3 4 13 17 36 41 57 5 49 55 79 38 43 7 23 42 9 46 10 80 81 85 95 11 24 12 22 83 89 14 52 63 65 66 76 15 16 27 77 18 25 37 62 19 68 78 20 96 98 21 90 93 35 45 39 75 97 26 54 48 28 29 30 31 32 33 87 88 99 74 92 34 59 73 47 44 51 82 71 56 50 53 67 94 72 84 91 64 70
0 60
6 43
6 38
60 55
60 22
60 1
69 68
86 89
86 93
1 8
1 61
58 65
2 40
40 55
40 47
40 45
3 4
3 13
4 41
17 76
36 23
36 5
41 39
41 7
57 87
57 32
57 94
57 97
5 79
49 52
49 56
55 37
55 50
55 30
38 14
38 31
43 51
23 42
23 24
23 39
42 47
42 26
42 99
9 46
46 22
10 81
80 77
81 35
81 33
85 92
95 91
11 24
12 22
22 35
83 68
83 91
89 53
14 65
14 76
52 90
52 68
52 82
63 34
63 59
65 92
65 48
65 64
66 88
66 15
76 50
16 27
27 48
77 32
18 37
25 97
62 91
62 84
62 29
19 68
78 35
20 98
96 98
96 73
21 93
21 90
35 73
35 74
75 26
26 54
54 59
48 71
28 29
32 88
33 87
87 72
88 84
73 70
47 44
50 67