54 41 90 27 35 69 48 64 96 55 11 52 14 97 85 34 10 57 50 75 78 28 15 83 91 2 68 36 95 40 45 17 23 86 60 25 29 53 20 80 76 65 59 1 9 93 24 13 56 61 74 43 31 62 44 71 37 67 0 66 79 42 99 21 4 33 3 5 92 8 49 7 87 26 72 58 38 39 98 32 51 82 84 73 18 70 88 6 63 16 30 46 77 22 94 81 89 47 19 12
54 27
54 15
54 86
41 48
41 11
41 90
41 31
90 40
27 48
27 57
27 91
27 67
35 11
35 17
35 9
69 10
69 68
69 34
69 95
69 65
48 34
48 18
48 89
48 6
64 76
64 59
64 52
64 96
96 85
96 97
96 78
55 57
11 21
52 2
52 79
14 68
97 15
97 99
97 81
85 1
85 58
10 26
57 28
57 60
57 24
50 25
75 3
75 61
75 29
75 37
78 84
28 29
28 53
83 95
91 66
2 56
2 7
2 25
36 98
36 45
45 63
17 43
17 80
23 60
23 19
23 42
86 38
86 74
60 92
25 72
20 71
80 13
76 93
65 82
59 71
13 70
56 49
61 87
62 37
44 4
44 79
37 88
37 73
0 94
0 92
66 30
66 5
42 16
42 77
99 33
4 46
3 8
87 39
26 32
58 47
38 63
39 51
84 22
46 12