0 94 43 1 85 92 88 5 84 90 47 54 2 27 38 95 80 24 20 73 35 78 86 7 9 11 16 17 30 46 36 31 50 91 82 4 49 8 15 25 33 63 69 96 3 62 26 65 55 76 72 64 32 71 12 48 37 6 70 41 83 60 22 23 29 75 59 74 10 99 56 57 97 28 53 93 61 21 66 44 14 58 81 39 42 52 13 98 45 67 51 19 18 87 89 34 77 79 68 40
0 47
94 85
43 22
43 46
1 30
85 12
92 55
92 19
88 52
88 11
5 41
5 91
84 49
84 11
84 50
90 89
90 67
47 22
47 64
54 87
54 8
2 49
27 11
27 60
38 17
38 34
38 98
38 3
95 30
80 34
24 45
20 34
20 62
73 12
35 72
35 22
78 52
78 40
86 83
7 74
7 9
7 64
9 15
16 57
16 48
16 28
17 75
30 58
30 6
30 29
36 69
31 26
91 56
91 18
82 62
82 69
4 71
4 12
4 48
8 71
15 37
25 93
25 18
33 18
33 53
63 89
96 98
26 74
65 53
55 72
76 45
64 97
32 89
71 70
71 21
12 52
12 93
70 39
70 45
41 14
83 21
60 44
23 52
29 51
59 40
74 10
99 66
99 61
56 98
57 67
66 58
44 77
14 42
58 79
58 68
81 40
52 13
98 79
19 87