0 1 2 3 4 5 6 7 8 9 10 11 12 13 14 15 16 17 18 19 20 21 22 23 24 25 26 27 28 29 30 31 32 33 34 35 36 37 38 39 40 41 42 43 44 45 46 47 48 49 50 51 52 53 54 55 56 57 58 59 60 61 62 63 64 65 66 67 68 69 70 71 72 73 74 75 76 77 78 79 80 81 82 83 84 85 86 87 88 89 90 91 92 93 94 95 96 97 98
0 27
0 4
0 34
0 33
1 13
1 21
1 15
1 35
2 28
3 27
3 39
3 40
4 42
4 41
5 9
6 15
6 45
6 46
7 16
7 47
8 29
8 24
8 11
8 31
8 50
9 16
9 24
9 52
9 51
10 23
10 17
10 53
10 54
11 22
11 55
11 56
12 17
12 58
12 57
13 23
13 60
14 25
14 17
15 64
15 63
16 19
16 66
16 65
18 19
18 69
18 70
19 71
20 24
20 74
20 73
21 76
22 77
22 78
23 29
23 79
25 30
25 26
25 84
25 83
26 85
27 31
27 87
27 88
28 30
28 90
29 91
29 92
30 32
30 93
30 94
31 95
32 98
32 97
34 36
37 39
38 40
41 43
42 44
46 48
49 51
57 59
61 63
62 64
65 67
66 68
70 72
73 75
78 80
81 83
82 84
86 88
89 91
94 96