0 1 15 25 26 27 28 29 30 2 13 4 31 32 33 3 34 35 36 23 24 37 38 39 5 21 40 41 42 6 8 9 19 43 44 45 7 46 47 48 49 50 51 52 53 54 10 20 55 56 57 11 16 58 59 60 12 61 62 63 64 65 66 14 67 68 69 22 70 71 72 73 74 75 17 76 77 78 18 79 80 81 82 83 84 85 86 87 88 89 90 91 92 93 94 95 96 97 98 99
0 1
0 15
0 26
1 30
15 22
15 14
25 62
27 74
28 32
29 85
29 68
30 69
2 13
2 4
13 3
4 24
4 23
31 87
32 81
32 89
33 84
34 52
35 60
35 57
36 71
36 59
23 7
24 21
37 54
38 40
38 64
39 72
39 71
39 44
5 21
21 14
21 20
21 89
21 88
40 66
41 77
42 46
6 9
6 19
6 8
19 17
19 16
43 91
44 50
45 92
45 58
45 95
46 70
46 72
46 78
47 96
47 78
48 52
48 51
49 80
50 97
52 94
53 58
53 86
54 56
54 81
10 20
10 57
20 18
20 87
20 86
55 63
55 58
56 91
57 85
11 16
16 22
16 12
58 99
59 65
60 75
12 62
61 78
61 67
62 80
66 77
67 82
69 73
22 93
70 76
74 77
74 88
77 98
78 80
79 85
83 87
84 90
90 92
93 94