5 65 4 56 6 52 76 75 17 60 48 27 74 80 91 86 95 99 72 79 66 57 12 15 58 22 69 89 41 64 20 94 24 55 40 43 50 54 10 21 92 62 88 33 38 49 31 32 36 14 44 59 71 83 3 96 61 93 23 87 18 19 29 77 34 53 98 35 68 30 73 37 85 7 90 45 25 13 70 16 11 78 1 97 9 42 81 46 39 82 28 47 51 0 8 2 26 84 63 67
5 66
5 91
5 15
65 10
65 97
4 71
4 61
56 62
56 91
6 73
6 14
52 38
52 32
52 13
76 53
75 32
75 48
75 31
17 7
17 79
60 55
48 87
27 94
74 62
74 21
80 51
80 93
91 41
91 7
91 3
86 73
86 22
95 9
99 67
99 54
72 16
72 89
79 19
79 88
66 57
66 29
66 67
57 77
12 53
15 50
58 92
58 19
58 20
69 21
41 23
64 45
64 39
94 53
94 46
24 44
55 44
55 29
40 21
43 85
43 1
10 38
92 96
92 73
33 45
33 25
38 26
38 82
49 2
31 63
32 98
36 16
36 29
59 93
71 83
83 35
83 2
93 11
93 85
23 8
87 42
87 37
18 46
18 29
77 45
77 78
34 90
53 1
53 2
53 30
53 9
98 35
68 46
85 81
90 25
90 84
25 47
13 70
11 28
81 0