0 32 34 38 36 68 69 70 71 72 73 74 75 76 77 78 79 80 81 82 83 84 85 86 87 88 89 90 91 92 93 94 95 96 97 98 99 1 30 2 67 3 43 4 19 50 37 48 5 39 6 7 8 20 9 66 14 10 11 41 55 45 12 47 23 28 13 15 27 59 16 60 17 22 18 29 46 21 35 57 26 24 25 63 54 44 31 33 53 42 51 40 64 65 61 62 49 52 56 58
0 76
0 81
0 86
0 80
0 85
0 93
0 73
0 96
0 68
0 75
0 74
0 83
0 97
0 84
0 82
0 34
0 71
0 78
0 90
0 88
0 72
0 77
0 79
0 70
0 94
0 95
0 69
0 99
0 89
0 92
0 98
0 87
32 89
34 91
34 53
38 94
38 25
38 65
38 64
36 93
36 18
68 1
69 2
70 5
71 6
72 7
73 8
74 9
75 10
76 11
77 13
78 14
79 16
80 17
81 19
82 20
83 21
84 22
85 23
86 26
87 30
88 31
90 33
92 35
95 39
96 40
97 41
98 42
99 43
2 67
3 43
43 51
4 50
4 48
37 40
48 62
48 8
20 46
20 29
9 66
66 59
11 45
11 55
45 44
12 47
12 23
12 28
28 54
15 59
15 27
16 60
22 57
57 52
26 63
24 25
54 56
44 61
64 58
49 52