0 1 2 4 5 6 7 8 9 10 25 12 11 13 14 15 16 18 17 19 20 21 22 23 24 3 26 27 28 29 30 31 32 33 34 35 49 36 37 38 39 40 42 41 43 44 45 46 47 48 70 50 51 52 54 55 56 57 58 59 60 75 62 61 63 64 65 66 68 67 69 71 72 73 74 53 79 76 77 78 80 81 82 83 84 85 99 86 87 88 89 90 92 91 93 94 95 96 97 98
0 5
0 4
0 2
1 4
1 98
2 68
2 18
4 9
5 6
5 8
7 15
7 39
9 10
10 12
25 29
25 28
25 20
25 27
12 11
12 13
13 14
14 15
15 16
18 21
18 19
18 17
19 44
20 63
20 3
21 22
23 39
24 87
26 28
27 70
28 33
29 30
29 31
29 32
33 34
34 42
35 36
49 45
36 37
37 38
38 39
38 47
39 40
42 45
42 43
42 41
46 47
46 48
70 53
70 69
50 55
50 54
50 52
51 54
54 59
55 56
55 58
57 65
57 89
59 60
60 62
75 79
75 78
75 77
62 61
62 63
63 64
64 65
64 73
64 74
65 66
68 71
68 69
68 67
69 84
69 94
71 72
71 79
79 80
79 81
79 82
76 78
78 83
84 92
85 86
99 95
86 87
87 88
88 89
88 97
89 90
92 95
92 93
92 91
96 97