87 4 21 8 41 70 54 72 66 56 18 50 25 39 27 84 96 64 26 49 79 33 92 5 3 31 35 61 80 89 42 68 32 10 34 19 82 24 51 52 53 73 16 15 63 97 7 57 77 43 71 9 59 62 90 30 6 99 36 0 75 13 47 1 37 67 20 83 58 17 44 86 46 91 2 12 11 22 81 14 55 45 28 29 38 93 48 78 65 88 85 60 74 40 23 76 95 69 98 94
87 55
4 67
4 46
21 96
21 85
8 71
8 88
41 9
41 57
70 64
54 72
54 78
72 56
66 62
56 7
56 77
56 10
56 53
18 31
18 29
50 73
50 39
50 93
25 63
25 34
25 77
39 81
39 49
27 57
27 68
84 88
84 96
84 90
96 65
96 42
96 32
64 3
64 79
64 73
26 83
79 12
79 77
33 98
33 53
33 92
33 94
92 95
5 3
5 20
3 29
3 13
35 90
61 80
61 14
80 91
80 48
89 9
42 19
42 36
42 60
68 62
68 90
32 22
32 10
32 16
82 36
24 44
51 88
52 67
16 15
63 67
97 83
7 1
57 45
43 91
71 6
59 38
62 30
62 47
6 44
6 17
99 75
36 0
75 45
47 55
37 40
67 58
83 22
86 46
46 48
91 69
2 93
12 11
11 40
81 76
28 29
29 38
29 74
29 23