0 13 19 31 46 70 71 81 83 86 92 1 27 52 56 2 10 34 40 74 76 3 69 4 79 96 5 8 32 35 6 28 78 91 94 7 62 84 48 57 59 9 11 55 80 30 68 75 82 12 36 50 53 25 38 14 37 67 15 16 33 72 73 17 18 29 20 85 66 51 65 98 21 22 44 49 23 24 64 26 42 99 58 90 95 54 61 87 43 41 77 39 60 97 93 45 47 63 89 88
0 46
0 70
0 31
0 86
0 92
0 71
13 25
13 38
19 15
19 38
19 66
31 18
70 96
81 93
83 97
92 40
92 8
92 39
92 73
1 27
27 66
27 11
52 88
52 58
52 44
52 97
56 62
56 57
56 85
56 26
2 34
10 78
34 40
34 79
34 61
34 84
34 98
34 54
40 95
40 51
74 79
74 42
74 69
76 49
76 64
3 69
69 41
69 99
4 79
79 35
5 32
8 57
8 59
32 58
6 78
28 48
78 87
91 66
94 22
7 62
62 82
84 65
84 68
84 49
48 87
57 72
59 55
9 55
80 23
30 25
68 77
68 67
68 36
75 45
75 16
12 53
50 22
53 89
38 41
14 37
14 67
16 33
33 85
33 90
33 21
17 18
17 29
20 51
65 23
65 63
22 44
44 93
24 64
54 43
87 47
39 60
93 89
47 63
63 89