0 1 2 3 4 5 6 7 8 9 10 11 12 13 14 15 16 17 18 19 20 21 22 23 24 25 26 27 28 29 30 31 32 33 34 35 36 37 38 39 40 41 42 43 44 45 47 46 48 49 51 50 52 54 53 55 56 57 58 59 60 61 62 63 64 65 66 67 68 69 70 71 72 73 74 75 76 77 78 79 80 81 82 83 84 85 86 87 88 89 90 91 92 93 94 95 96 97 98 99
0 1
1 4
1 2
1 3
3 7
4 5
5 6
7 8
7 9
9 10
10 11
10 12
12 13
12 14
14 15
14 16
15 17
16 19
17 18
19 20
20 22
20 21
22 23
23 24
24 27
24 25
26 27
26 29
27 28
28 31
30 31
31 32
31 33
33 34
34 35
34 36
36 37
37 39
37 38
38 50
39 41
40 41
40 42
42 43
43 44
44 46
45 47
47 48
48 49
48 51
49 50
51 53
52 54
54 53
54 55
55 56
55 57
57 58
58 59
59 60
60 62
60 61
61 63
62 67
62 65
63 64
65 66
66 69
67 68
69 70
70 71
71 72
72 73
73 74
74 77
74 75
74 76
77 79
77 78
79 80
80 82
80 81
82 83
83 84
84 85
85 87
86 87
87 88
88 89
89 92
89 91
89 90
92 93
92 94
94 95
95 98
95 96
95 97
98 99