0 1 2 3 4 5 6 7 8 9 10 11 12 13 14 15 16 17 20 21 22 23 24 25 26 27 28 29 30 31 32 33 34 35 36 37 38 39 40 41 42 43 44 45 46 47 48 49 50 51 52 53 54 55 56 57 58 59 60 61 62 63 64 65 66 67 68 69 70 71 72 73 74 75 76 77 78 79 80 81 82 83 84 85 86 87 88 89 90 91 92 93 94 95 96 97 98 99 18 19
0 43
1 70
1 55
2 76
3 17
4 22
5 34
5 82
6 8
6 71
7 71
9 28
9 85
10 79
10 26
11 33
11 34
12 49
13 25
13 68
14 80
15 92
15 97
15 75
16 65
17 81
20 84
21 78
21 77
22 64
22 25
22 50
23 29
23 63
24 18
24 65
25 74
25 35
25 42
26 90
26 30
27 30
28 34
29 41
29 60
30 44
30 40
31 71
31 74
32 70
32 45
34 92
34 76
34 59
35 95
36 79
36 54
36 73
37 91
38 76
39 57
39 19
39 65
40 47
41 66
42 77
43 70
43 56
46 60
47 80
48 93
48 70
48 52
49 54
49 98
50 83
51 94
53 67
54 89
57 61
57 96
58 62
58 73
58 81
60 18
60 76
62 69
65 99
67 91
70 84
72 93
74 18
76 89
77 86
83 84
86 87
86 91
88 93
89 94