0 36 23 61 62 63 64 65 66 67 68 69 70 71 72 73 74 75 76 77 78 79 80 81 82 83 84 85 86 87 88 89 90 91 92 93 94 95 96 97 98 99 1 14 54 2 44 13 3 41 8 40 4 42 9 5 33 11 6 28 7 12 53 47 32 10 22 59 39 15 31 19 16 49 17 18 56 52 20 34 45 43 21 55 50 24 48 26 25 51 27 29 30 57 37 35 38 46 58 60
0 98
0 91
0 75
0 65
0 69
0 99
0 64
0 61
0 90
0 81
0 78
0 87
0 77
0 83
0 97
0 62
0 85
0 89
0 88
0 79
0 67
0 73
0 96
0 92
0 72
0 70
0 95
0 63
0 76
0 93
0 71
0 94
0 74
0 84
0 80
0 66
0 86
0 68
0 82
0 36
23 54
61 1
62 3
63 5
64 6
65 8
66 10
67 11
68 12
69 14
70 15
71 16
72 17
73 18
74 19
75 20
76 21
78 26
79 28
80 29
81 31
82 32
83 33
84 34
85 37
86 39
87 41
88 42
89 43
90 44
91 45
92 46
93 48
94 50
95 51
96 52
97 55
98 57
54 19
54 56
2 13
13 15
3 40
8 47
4 42
4 9
7 12
7 53
10 22
59 25
31 24
16 49
56 60
52 58
43 38
50 25
50 35
27 29
30 57