0 1 2 3 4 5 6 7 8 9 10 11 12 13 14 15 16 17 18 19 20 21 22 23 24 25 26 27 28 29 30 31 32 33 34 35 36 37 38 39 40 41 42 43 44 45 46 47 48 49 50 51 52 53 54 55 56 57 58 59 60 61 62 63 64 65 66 67 68 69 70 71 72 73 74 75 76 77 78 79 80 81 82 83 84 85 86 87 88 89 90 91 92 93 94 95 96 97 98
0 25
0 26
0 34
1 14
1 35
2 32
2 38
2 37
3 20
4 26
4 19
4 42
4 41
5 25
5 23
5 44
5 43
6 10
6 45
6 46
7 8
7 17
7 19
7 48
7 47
8 14
8 18
8 50
9 12
9 29
9 10
9 51
9 52
10 21
10 53
10 54
11 31
12 14
12 15
12 58
13 27
13 60
13 59
14 30
14 61
14 62
15 63
16 29
17 68
17 67
18 27
18 69
18 70
19 72
19 71
20 32
20 30
20 73
20 74
21 31
21 75
21 76
22 30
22 78
22 77
23 79
24 26
24 82
24 81
25 83
25 84
26 85
27 87
27 88
28 31
28 89
28 90
29 91
29 92
30 93
31 95
31 96
32 97
32 98
33 35
34 36
37 39
38 40
49 51
53 55
54 56
57 59
62 64
65 67
66 68
78 80
86 88
94 96