0 1 2 3 4 5 6 7 8 9 10 11 12 13 14 15 16 17 18 19 20 21 22 23 24 25 26 27 28 29 30 31 32 33 34 35 36 37 38 39 40 41 42 43 44 45 46 47 48 49 50 51 52 53 54 55 56 57 58 59 60 61 62 63 64 65 66 67 68 69 70 71 72 73 74 75 76 77 78 79 80 81 82 83 84 85 86 87 88 89 90 91 92 93 94 95 96 97 98 99
0 70
1 32
1 62
2 31
3 68
3 87
4 21
4 77
4 85
5 27
5 80
5 31
6 28
6 61
6 77
6 30
7 11
7 14
8 38
9 44
9 18
9 95
10 42
11 73
12 68
12 44
13 32
13 39
13 40
14 58
14 83
14 78
15 26
16 89
17 99
18 28
18 35
18 48
19 59
19 93
19 94
20 74
21 54
21 82
22 49
22 63
23 35
24 59
24 70
25 97
25 31
25 41
26 58
26 68
26 33
27 55
27 96
28 71
28 92
28 52
28 51
29 96
29 98
30 34
31 95
32 43
32 47
32 66
33 60
33 38
33 99
35 66
36 59
36 92
36 91
36 56
37 48
37 69
38 72
38 88
39 81
42 61
42 67
43 57
45 59
46 53
46 69
48 74
50 88
54 75
63 71
64 85
65 80
73 79
76 95
79 86
84 89
84 93
86 90