0 3 4 6 13 15 20 21 22 23 24 25 27 29 33 35 36 37 38 39 40 42 45 46 47 48 49 50 56 59 64 68 69 70 71 72 74 75 79 80 81 82 88 90 91 92 96 97 99 1 5 8 9 11 18 26 30 31 32 51 52 53 55 61 62 63 66 76 77 78 84 85 87 89 93 2 7 12 16 17 19 28 43 44 54 57 60 65 83 86 10 58 67 73 94 98 34 41 14 95
0 70
3 31
3 35
3 67
3 17
4 47
4 59
6 8
13 28
13 75
15 95
15 23
20 48
20 31
21 41
21 43
22 46
22 32
22 50
23 83
23 26
24 77
25 67
27 34
27 60
29 7
29 81
33 34
33 50
35 2
35 1
36 63
37 63
38 92
38 81
38 79
39 65
40 88
42 74
42 9
42 85
45 64
45 93
47 43
48 54
49 74
49 67
49 5
49 90
50 76
56 70
56 58
64 16
68 2
69 75
70 8
70 87
70 72
71 5
71 16
71 18
71 8
80 81
81 52
81 57
82 98
82 28
88 99
90 12
90 89
91 10
92 97
96 7
96 84
96 32
96 86
99 61
99 7
8 66
9 14
11 84
18 51
26 73
30 54
31 10
31 44
32 83
32 19
52 63
53 2
55 65
55 73
55 62
77 95
78 43
87 43
93 28
65 10
94 98