0 41 70 47 43 44 42 37 87 60 72 20 13 12 93 96 11 86 83 23 5 39 45 88 84 40 67 62 35 16 51 59 18 32 50 21 55 1 58 89 52 17 36 80 28 85 25 76 92 30 63 2 19 38 48 14 71 33 74 26 91 27 57 15 68 65 99 66 8 3 6 61 7 73 4 49 78 64 46 81 10 79 56 53 90 69 75 82 54 24 98 31 95 9 94 34 77 22 29 97
0 11
0 16
41 60
41 1
41 73
70 69
47 12
47 80
43 75
44 77
44 19
44 67
42 76
42 62
42 80
42 33
37 75
87 24
87 46
87 20
72 89
72 85
72 5
72 65
72 40
13 94
13 83
12 96
12 66
93 85
93 83
96 53
86 29
86 81
83 2
23 14
5 56
5 26
39 2
45 27
45 76
88 38
88 97
84 30
62 19
62 58
35 69
16 63
16 14
51 99
51 64
59 68
59 28
18 79
32 75
32 97
50 58
50 7
21 99
21 10
21 17
21 90
55 75
1 74
1 89
58 68
52 30
36 30
85 77
25 77
25 8
25 78
76 9
92 64
30 10
63 27
63 98
38 82
38 95
38 48
71 94
33 6
74 54
74 24
74 61
91 68
91 49
57 81
57 64
15 97
99 95
99 79
66 34
8 29
3 46
4 24
56 22
69 24
31 29