0 37 38 20 45 46 47 48 49 50 51 52 53 54 55 56 57 58 59 60 61 62 63 64 65 66 67 68 69 70 71 72 73 1 11 40 74 75 76 77 78 79 80 81 82 83 84 85 86 87 88 89 90 91 92 93 94 95 96 97 98 99 2 5 13 23 3 24 12 43 4 29 19 6 41 8 7 14 26 27 39 9 35 10 30 25 16 32 15 28 17 33 18 44 21 22 31 36 34 42
0 68
0 50
0 49
0 54
0 53
0 46
0 56
0 48
0 65
0 67
0 66
0 51
0 69
0 72
0 52
0 61
0 70
0 55
0 73
0 63
0 62
0 58
0 71
0 59
0 60
0 47
37 66
37 99
38 67
20 88
20 54
45 1
47 7
48 8
49 9
50 12
53 17
55 21
56 23
57 24
58 25
59 26
60 27
62 31
63 34
64 35
65 36
68 39
69 40
70 41
71 42
73 44
1 85
1 96
1 92
1 93
1 97
1 95
1 76
1 94
1 79
1 89
1 91
1 77
1 84
1 80
1 83
1 74
1 75
1 86
1 78
1 81
1 82
11 80
74 2
75 3
76 4
77 5
78 6
81 13
82 14
83 15
84 16
86 18
87 19
89 24
90 25
92 28
93 30
95 32
96 34
97 35
98 36
43 39
4 29
4 19
41 22
10 30
17 33