0 1 2 3 4 5 6 7 8 9 10 11 12 13 14 15 16 17 18 19 20 21 22 23 24 25 26 27 28 29 30 31 32 33 34 35 36 37 38 39 40 41 42 43 44 45 46 47 48 49 50 51 52 53 54 55 56 57 58 59 60 61 62 63 64 65 66 67 68 69 70 71 72 73 74 75 76 77 78 79 80 81 82 83 84 85 86 87 88 89 90 91 92 93 94 95 96 97 98 99
0 50
0 42
1 51
2 52
3 53
3 29
3 32
4 54
5 55
5 24
5 48
6 56
6 18
7 57
8 58
8 39
9 59
9 49
10 60
10 22
10 26
11 61
11 32
11 38
11 12
12 62
13 63
14 64
14 42
14 23
15 65
16 66
16 35
17 67
17 43
18 68
18 23
19 69
20 70
21 71
21 31
22 72
22 28
23 73
24 74
25 75
25 34
26 76
27 77
28 78
29 79
30 80
30 41
31 81
31 36
32 82
33 83
34 84
35 85
36 86
37 87
37 47
38 88
39 89
40 90
41 91
42 92
43 93
43 45
44 94
45 95
46 96
47 97
48 98
49 99
51 94
51 87
52 95
52 96
54 69
54 72
54 83
54 59
55 66
57 73
57 63
61 69
65 96
66 75
66 95
70 88
71 88
73 82
77 78
77 89
77 90
78 84
80 86
82 97