0 21 25 26 27 1 6 28 29 30 2 15 20 14 31 32 33 3 10 34 35 36 4 13 9 37 38 39 5 8 40 41 42 17 43 44 45 7 11 46 47 48 49 50 51 52 53 54 12 55 56 57 58 59 60 61 62 63 22 23 64 65 66 24 67 68 69 18 70 71 72 16 73 74 75 76 77 78 19 79 80 81 82 83 84 85 86 87 88 89 90 91 92 93 94 95 96 97 98 99
0 21
21 5
21 12
21 88
25 26
26 37
27 32
1 6
1 30
1 29
1 28
6 17
6 9
28 39
30 74
30 94
2 15
2 20
2 14
2 33
2 31
15 18
20 9
14 24
14 68
32 33
32 55
32 60
33 53
3 10
10 12
10 56
34 41
34 63
35 97
35 83
35 89
36 39
4 9
4 13
4 37
13 23
13 22
13 64
38 54
5 8
8 17
40 48
42 54
42 62
42 65
43 65
44 81
44 82
45 91
45 96
45 52
7 11
11 12
46 48
47 99
48 67
48 78
49 67
50 80
51 98
51 53
52 79
54 73
12 61
55 86
55 75
57 73
58 85
59 95
61 78
61 82
62 92
63 81
22 92
22 93
23 16
23 95
66 87
67 69
18 19
18 79
18 80
70 98
71 95
72 84
73 77
74 83
74 87
76 90
19 84
80 99
84 90
85 95