0 34 35 1 36 37 2 38 39 3 40 41 4 42 43 5 44 45 6 46 47 7 48 49 8 50 51 9 52 53 10 54 55 11 56 57 12 58 59 13 60 61 14 62 63 15 64 65 16 66 67 17 68 69 18 70 71 19 72 73 20 74 75 21 76 77 22 78 79 23 80 81 24 82 83 25 84 85 26 86 87 27 88 89 28 90 91 29 92 93 30 94 95 31 96 97 32 98 99 33
0 35
0 34
34 1
1 36
1 37
36 2
2 38
2 39
38 3
3 40
3 41
40 4
4 42
4 43
42 5
5 44
5 45
44 6
6 46
6 47
46 7
7 48
7 49
48 8
8 50
8 51
50 9
9 52
9 53
52 10
10 54
10 55
54 11
11 56
11 57
56 12
12 58
12 59
58 13
13 60
13 61
60 14
14 62
14 63
62 15
15 64
15 65
64 16
16 66
16 67
66 17
17 68
17 69
68 18
18 70
18 71
70 19
19 72
19 73
72 20
20 74
20 75
74 21
21 76
21 77
76 22
22 78
22 79
78 23
23 80
23 81
80 24
24 82
24 83
82 25
25 84
25 85
84 26
26 86
26 87
86 27
27 88
27 89
88 28
28 90
28 91
90 29
29 92
29 93
92 30
30 94
30 95
94 31
31 96
31 97
96 32
32 98
32 99
98 33