0 93 52 24 37 89 74 63 6 45 53 56 10 58 67 72 98 71 59 15 35 12 41 83 81 76 49 17 64 16 30 46 33 1 4 7 36 85 19 8 42 57 66 40 31 87 80 68 34 79 75 96 97 39 47 43 28 3 2 13 73 14 44 70 62 92 51 38 77 95 26 48 86 91 90 55 29 5 18 54 60 27 84 32 9 21 88 61 99 94 78 65 69 50 11 22 82 23 20 25
0 46
0 32
93 8
52 40
24 69
24 20
37 84
37 47
37 53
89 29
74 95
74 23
74 86
63 55
63 4
6 91
6 41
45 68
45 83
53 85
53 80
56 87
56 3
10 12
10 8
58 84
67 76
67 88
72 68
72 36
72 79
72 50
72 17
98 22
71 97
59 51
15 75
35 51
35 99
35 40
35 20
12 90
41 5
41 70
83 55
81 20
81 25
81 97
49 51
49 29
64 66
16 34
16 13
30 44
30 60
33 8
1 47
1 92
4 91
4 87
4 44
7 87
36 32
36 21
19 47
8 77
42 9
42 38
42 44
42 95
57 2
57 26
57 44
66 94
31 97
80 78
79 18
75 97
96 14
39 27
39 5
47 2
47 94
43 18
28 13
28 90
28 82
73 84
14 48
14 65
62 77
51 11
38 11
48 54
48 90
54 21
88 11
61 69
22 23