0 8 27 28 29 30 31 32 33 34 35 36 37 38 39 40 41 42 43 44 45 46 1 16 12 47 48 49 50 51 52 53 54 55 56 57 58 59 60 61 62 63 2 3 22 64 65 66 67 68 69 70 71 72 73 74 75 76 77 78 79 80 15 9 81 82 83 84 85 86 87 88 89 90 91 92 93 94 95 96 97 98 99 4 5 19 6 18 7 20 10 23 14 11 26 13 17 25 21 24
0 32
0 44
0 37
0 41
0 40
0 28
0 33
0 29
0 27
0 30
0 31
0 35
8 84
28 2
34 11
35 12
36 14
37 15
38 16
39 18
40 19
42 21
43 22
44 24
45 25
46 26
1 47
1 58
1 55
1 48
1 49
1 52
1 50
1 59
1 56
1 54
1 53
1 63
1 60
16 54
16 90
49 4
50 5
51 9
52 10
57 20
59 22
61 24
62 25
63 26
2 68
2 78
2 71
2 72
2 76
2 75
2 65
2 79
3 94
3 88
3 82
3 92
3 84
3 64
3 91
3 93
3 86
3 87
3 85
3 83
22 96
22 77
65 4
66 5
67 6
69 11
70 15
72 17
73 18
74 19
76 21
78 23
79 25
80 26
15 89
9 85
81 5
82 6
83 7
86 11
87 13
88 14
91 17
92 18
94 20
95 21
97 23
98 24
99 26