0 27 32 33 41 47 52 53 56 61 62 63 74 75 81 89 91 92 99 1 8 10 14 15 18 31 37 40 45 46 48 54 72 83 84 86 2 16 26 28 30 49 50 51 59 66 69 70 73 76 93 3 7 12 20 23 29 44 68 78 87 4 17 19 85 95 97 5 21 35 39 55 65 88 90 6 24 25 34 43 67 94 11 58 60 71 77 79 9 36 80 38 96 98 13 22 42 64 57 82
0 47
27 18
27 80
32 6
32 94
32 86
33 87
33 11
41 85
41 92
47 16
47 97
47 62
52 61
52 83
53 88
53 99
56 58
56 7
56 69
56 21
56 87
56 74
56 13
61 57
63 96
63 92
75 94
81 21
81 18
89 30
91 54
92 67
92 37
99 71
1 10
1 46
1 45
8 12
8 77
10 38
10 24
14 48
14 29
15 37
18 64
31 93
40 86
46 72
46 68
54 3
54 51
72 28
72 70
84 73
2 30
2 66
2 76
16 66
26 29
26 88
28 51
28 39
28 57
28 60
49 42
50 97
50 22
59 69
59 93
69 20
73 90
73 36
76 95
3 29
3 44
12 23
29 98
78 17
4 97
17 57
19 43
97 80
5 35
35 11
39 96
55 82
65 98
90 34
90 82
24 11
25 79
43 96
94 58
11 79
58 77
9 36
38 82
98 42