0 1 98 89 2 21 3 4 5 42 6 38 7 11 8 70 9 76 10 68 26 12 13 41 14 96 15 43 16 57 17 91 18 44 19 61 20 83 46 22 23 77 24 53 25 51 74 27 28 40 29 31 30 82 86 32 33 92 34 55 35 54 36 47 37 69 59 39 64 45 97 48 49 63 50 81 56 52 94 58 67 60 93 62 75 65 66 80 79 71 72 87 73 78 88 84 85 90 95
0 98
0 89
1 21
1 2
98 97
89 88
2 3
21 22
4 42
4 5
5 6
5 38
42 41
42 43
38 39
7 8
7 70
11 12
8 9
8 76
9 68
9 10
76 75
76 77
10 26
68 67
26 25
12 13
12 41
13 14
41 40
14 15
96 97
96 95
16 17
16 91
57 58
17 44
17 18
91 92
44 45
19 20
61 62
61 60
20 46
83 84
46 47
46 45
22 23
22 77
77 78
24 51
24 25
53 54
25 74
51 52
51 50
74 73
27 40
28 29
28 31
31 30
31 32
30 86
82 81
86 85
32 33
33 34
34 35
34 54
55 54
55 56
35 36
36 69
36 37
47 48
37 59
39 64
64 65
64 63
45 97
48 49
49 81
50 56
52 94
58 67
67 66
60 93
62 75
65 66
65 80
66 79
71 87
71 72
72 73
78 88
84 85
90 95