33 95 79 19 45 2 37 70 43 49 1 10 82 23 60 83 76 71 69 61 65 34 20 99 39 67 53 32 68 16 73 30 51 56 28 0 66 94 52 31 18 63 17 64 55 9 77 47 54 75 7 40 44 87 42 72 3 46 11 13 8 15 21 74 24 26 98 96 89 59 12 80 58 90 35 50 84 93 22 27 29 36 48 81 14 4 88 85 5 86 38 97 25 78 6 92 57 91 62 41
33 25
33 67
95 94
95 98
79 24
19 10
45 84
2 40
37 1
70 80
70 64
43 30
49 11
1 20
10 44
10 93
10 20
82 17
82 35
23 21
23 5
60 74
83 46
83 81
76 71
76 92
71 88
71 81
69 21
69 35
69 64
69 89
61 34
65 6
65 72
34 29
20 73
20 50
99 86
99 38
39 67
53 74
32 21
68 75
68 47
68 36
16 12
73 14
30 35
30 63
51 46
56 55
56 77
28 91
28 40
28 57
0 66
66 4
66 21
94 42
52 87
52 84
52 44
31 58
31 29
31 44
18 25
63 27
63 15
17 74
64 42
64 26
9 42
77 47
47 72
54 75
75 44
7 90
44 96
44 13
44 3
87 81
42 25
11 22
11 78
11 62
8 22
21 86
74 59
24 58
24 85
89 90
59 41
12 35
35 93
48 38
5 97
25 78
78 57