91 79 5 58 2 8 18 3 52 14 99 32 62 37 15 88 61 89 50 73 10 63 17 55 48 56 59 75 97 60 29 95 40 92 24 20 57 65 72 64 33 21 31 82 85 38 86 49 9 71 70 98 67 4 46 28 69 54 51 44 42 80 90 96 27 36 43 93 66 45 13 47 25 53 94 81 41 83 30 68 34 76 7 39 26 1 11 23 77 35 19 12 84 78 74 87 0 22 16 6
91 66
79 88
79 29
5 58
5 48
5 37
58 53
58 34
2 64
8 10
8 73
8 46
18 71
18 72
18 3
18 70
3 82
3 65
3 43
52 28
52 14
99 55
32 56
62 55
62 47
62 23
62 49
37 59
15 86
88 20
88 73
88 25
88 81
61 93
89 50
50 10
50 0
73 97
10 30
63 57
17 25
55 48
56 66
75 86
75 97
97 27
97 45
97 74
60 28
60 38
60 1
29 22
95 33
95 27
40 4
92 54
92 24
92 86
92 51
24 39
24 87
24 13
24 67
24 19
20 47
57 72
57 6
57 76
65 21
72 93
64 4
64 9
64 45
33 21
21 41
31 42
31 67
82 83
85 4
38 36
38 80
98 67
67 84
69 77
69 12
44 19
44 77
90 94
96 77
96 68
36 13
36 16
43 11
66 23
13 94
30 7
30 78
26 1
35 87