0 50 20 39 8 9 10 29 45 1 67 4 21 87 63 2 32 92 27 76 3 68 85 73 25 26 62 53 33 56 31 5 16 98 51 6 94 89 7 40 17 74 95 23 18 46 61 30 47 99 93 24 91 19 71 44 79 11 97 36 12 66 15 13 70 72 58 78 14 84 28 35 86 48 22 55 37 80 49 42 82 96 43 65 81 34 90 64 38 54 88 75 52 41 57 77 83 59 60 69
0 29
0 39
50 13
50 83
20 31
20 61
20 71
20 67
20 43
39 78
8 30
9 24
9 93
9 91
10 71
29 98
29 19
45 93
45 54
45 30
1 4
67 16
4 53
4 68
21 56
87 63
63 84
63 52
63 98
2 32
32 97
92 69
27 24
27 15
76 51
76 14
76 25
3 85
3 26
68 96
68 47
85 71
73 6
73 23
25 90
26 72
62 71
62 11
53 60
53 54
33 82
33 5
56 15
31 44
5 98
98 35
51 15
94 90
89 17
89 36
7 74
7 95
40 58
17 24
95 11
95 22
23 28
23 97
18 14
46 41
46 42
47 79
99 80
93 49
91 64
71 86
44 84
11 97
12 15
66 49
15 86
15 55
13 78
70 84
70 88
58 81
58 57
48 81
48 52
37 52
80 42
65 41
81 75
81 34
64 38
64 77
54 41
54 69
52 59