0 1 2 3 96 97 98 4 5 6 7 8 9 10 11 12 13 14 15 16 17 18 19 20 21 22 23 24 25 26 27 28 29 30 31 32 33 34 35 36 37 38 39 40 41 42 43 44 45 46 47 48 49 50 51 52 53 54 55 56 57 58 59 60 61 62 63 64 65 66 67 68 69 70 71 72 73 74 75 76 77 78 79 80 81 82 83 84 85 86 87 88 89 90 91 92 93 94 95
0 1
0 96
1 2
2 4
2 3
3 5
96 95
97 98
97 94
4 6
5 8
6 9
7 9
7 10
10 13
11 12
12 15
13 16
14 16
15 16
15 17
17 18
18 21
19 22
19 21
20 21
23 24
24 27
25 28
26 29
27 30
28 29
28 31
30 32
30 33
31 34
32 35
34 35
35 38
35 37
36 38
37 40
39 42
39 40
41 43
42 45
43 46
44 46
44 45
45 47
47 48
47 49
49 52
50 52
51 54
52 55
52 54
53 55
55 56
56 57
57 58
58 61
59 62
60 63
61 63
62 65
63 66
64 67
65 66
65 68
66 69
67 69
68 71
69 72
70 71
71 73
73 75
73 74
75 76
75 77
77 78
77 80
77 79
79 81
79 82
81 84
83 84
84 86
85 86
86 87
87 89
88 91
89 90
90 91
91 92
91 94
92 95
93 95