0 60 59 24 27 79 69 55 18 80 25 16 10 30 33 50 48 53 67 97 85 86 20 32 15 62 47 81 35 91 12 95 73 46 40 90 26 99 4 96 57 3 94 66 2 72 9 36 78 84 28 42 22 39 82 89 68 70 88 31 11 58 52 38 17 37 8 44 19 92 93 14 75 87 29 51 77 13 64 54 34 83 41 1 23 43 98 45 61 74 56 6 5 71 63 76 7 65 49 21
0 9
0 22
60 86
59 66
59 17
24 78
24 90
24 41
24 3
24 27
79 95
79 38
69 53
69 96
55 34
18 90
18 10
18 19
80 61
80 56
25 67
16 26
16 37
10 81
30 75
30 72
33 3
50 75
48 70
53 92
67 92
97 82
85 42
86 17
20 40
20 12
32 46
15 68
15 21
15 44
62 94
47 4
81 51
81 75
81 71
35 28
35 36
91 65
73 6
46 51
40 57
40 42
40 99
4 92
4 23
57 92
3 74
94 70
94 68
94 49
66 38
2 17
2 37
84 88
28 64
28 29
22 23
22 65
39 38
82 70
89 17
88 52
88 87
31 45
31 83
11 14
11 34
58 17
52 93
37 23
37 8
8 1
8 76
44 54
19 5
92 13
93 6
14 13
14 75
29 6
29 13
77 65
13 61
64 43
54 7
98 71
45 65
6 63
65 21