0 1 4 5 6 7 11 12 13 14 17 18 19 24 28 30 31 32 35 36 39 40 42 43 45 46 49 50 53 54 59 61 64 66 67 68 70 71 77 80 81 84 85 86 90 91 92 95 96 99 2 3 9 15 16 20 21 26 27 29 37 41 44 47 48 51 56 57 58 62 63 69 73 76 79 82 93 94 8 10 33 38 52 75 78 88 89 23 34 60 72 83 98 25 55 65 22 87 74 97
0 4
1 73
1 69
4 50
5 88
5 91
5 27
6 67
7 81
7 42
11 80
11 64
12 27
12 3
13 75
13 23
14 16
17 93
17 2
18 52
18 44
18 63
19 20
19 15
24 80
28 59
30 8
30 94
31 15
32 62
32 40
32 45
32 36
35 79
35 34
39 46
40 67
40 89
40 50
40 61
42 92
43 45
45 79
45 56
46 73
49 82
50 90
50 72
53 56
53 26
54 87
59 62
59 85
64 71
64 25
64 66
68 26
70 16
70 55
77 41
77 97
77 21
80 21
81 29
84 97
84 26
86 8
86 91
90 98
91 16
95 37
95 9
96 62
99 75
99 51
99 62
2 10
15 57
21 93
26 69
26 57
27 74
29 51
29 22
29 48
29 58
37 76
44 65
47 93
51 87
62 52
76 89
79 60
82 55
8 52
33 25
38 34
78 65
78 83