0 80 95 7 86 23 83 81 35 24 1 54 67 89 72 88 2 18 22 34 14 99 3 78 52 10 26 39 5 4 92 77 17 94 43 13 42 27 30 61 70 6 56 49 28 9 58 68 20 8 51 12 16 85 21 38 76 11 91 84 32 90 98 53 66 31 55 40 75 15 29 44 45 47 74 93 36 19 97 46 33 87 63 41 37 82 65 62 25 60 69 73 79 50 48 59 57 71 96 64
0 7
0 86
0 83
80 81
95 42
7 9
7 58
7 72
7 28
7 68
23 82
83 94
81 55
81 69
35 52
24 65
24 66
24 62
1 89
1 67
1 54
67 36
67 61
67 45
89 97
72 30
72 44
88 38
2 18
2 34
2 22
2 14
18 5
18 36
18 26
22 78
22 40
22 46
34 41
14 31
14 55
14 66
14 53
14 75
14 90
99 5
99 12
3 5
3 52
78 15
52 60
10 92
10 76
26 77
39 31
4 13
92 43
92 16
77 57
17 29
17 74
17 45
43 61
13 30
42 31
42 93
27 69
30 32
70 69
6 56
6 49
56 66
49 91
28 85
20 51
8 16
51 91
21 87
38 63
38 25
11 91
91 98
84 37
84 79
32 53
98 19
31 33
55 47
55 82
75 64
45 79
47 71
33 73
87 82
63 71
63 96
37 59
62 50
48 57