0 70 28 51 13 8 74 36 47 7 26 2 64 66 42 87 20 92 34 18 80 98 49 43 57 65 31 46 24 79 12 84 55 56 11 50 21 3 94 41 9 60 30 14 82 27 40 77 61 62 59 58 48 52 29 33 85 73 86 35 91 71 45 67 53 68 32 96 10 93 25 76 72 97 39 90 83 38 88 16 81 6 95 44 89 5 22 63 15 37 19 75 1 69 17 54 4 23 78
0 70
0 28
28 51
28 17
13 21
13 17
8 43
8 74
36 90
36 47
7 63
26 23
2 64
64 66
66 22
42 23
87 65
20 4
92 61
34 17
18 83
80 83
98 23
98 82
49 23
43 23
57 4
65 69
31 61
31 23
31 89
46 24
24 23
79 23
12 84
84 4
84 55
56 72
11 50
50 21
21 3
3 81
94 17
94 41
9 63
60 72
30 23
30 14
27 17
27 40
27 85
40 37
77 17
61 95
61 68
62 63
62 23
59 23
58 48
48 63
52 1
29 23
33 85
73 37
86 63
35 72
91 1
91 93
91 76
71 45
45 67
67 53
53 17
32 23
96 23
10 4
25 88
25 81
76 23
72 4
97 89
39 37
90 38
90 83
83 23
16 6
81 6
81 44
89 17
5 22
5 4
15 37
19 75
75 4
1 69
17 4
54 4
23 78