0 1 2 3 4 5 6 7 8 9 10 11 12 13 14 15 16 17 18 19 20 21 22 23 24 25 26 27 28 29 30 31 32 33 34 35 36 37 38 39 40 41 42 43 44 45 46 47 48 49 50 51 52 53 54 55 56 57 58 59 60 61 62 63 64 65 66 67 68 69 70 71 72 73 74 75 76 77 78 79 80 81 82 83 84 85 86 87 88 89 90 91 92 93 94 95 96 97 98 99
0 1
0 2
1 3
1 4
2 5
2 6
3 8
3 7
4 9
4 10
5 11
5 12
6 13
6 14
7 15
7 16
8 17
8 18
9 19
9 20
10 22
10 21
11 23
11 24
12 26
12 25
13 28
13 27
14 29
14 30
15 31
15 32
16 33
16 34
17 35
17 36
18 37
18 38
19 39
19 40
20 42
20 41
21 43
21 44
22 45
22 46
23 47
23 48
24 50
24 49
25 52
25 51
26 53
26 54
27 55
27 56
28 57
28 58
29 60
29 59
30 62
30 61
31 64
31 63
32 65
32 66
33 68
33 67
34 69
34 70
35 71
35 72
36 73
36 74
37 76
37 75
38 78
38 77
39 79
39 80
40 82
40 81
41 84
41 83
42 86
42 85
43 88
43 87
44 89
44 90
45 91
45 92
46 94
46 93
47 96
47 95
48 98
48 97
49 99