0 11 6 25 26 27 1 8 28 29 30 2 14 24 31 32 33 3 17 34 35 36 4 21 23 37 38 39 5 18 40 41 42 12 43 44 45 7 16 10 46 47 48 15 13 19 49 50 51 9 22 52 53 54 55 56 57 20 58 59 60 61 62 63 64 65 66 67 68 69 70 71 72 73 74 75 76 77 78 79 80 81 82 83 84 85 86 87 88 89 90 91 92 93 94 95 96 97 98 99
0 11
0 6
11 20
6 12
25 40
25 27
25 96
25 52
26 95
26 97
27 83
1 8
1 28
1 29
8 15
8 19
8 13
30 50
30 99
2 24
2 14
14 12
24 17
31 54
32 96
32 78
32 43
33 39
33 55
3 17
17 19
17 22
17 76
34 36
35 59
35 69
36 54
4 23
4 21
23 16
23 96
37 42
38 71
38 49
5 18
18 10
40 68
41 85
42 76
42 67
42 60
12 63
44 50
45 88
45 89
7 16
7 10
7 46
16 73
10 13
10 57
46 61
46 91
47 90
47 86
48 90
48 94
13 64
49 70
50 86
51 74
9 22
53 77
54 78
54 70
54 55
54 82
56 78
20 87
58 75
59 75
59 63
60 94
61 93
62 89
62 97
63 85
65 67
66 73
71 84
72 78
73 98
73 88
74 96
77 92
78 79
80 83
81 88
89 92