0 3 4 6 8 10 11 12 14 16 17 20 21 22 25 27 31 32 33 34 35 38 39 40 41 46 48 49 55 57 58 59 60 62 64 1 7 19 24 26 28 36 37 42 47 50 53 54 65 2 9 15 23 30 51 56 61 5 13 18 44 45 52 63 29 43
0 10
0 57
0 32
3 63
3 2
3 22
3 38
4 35
4 9
6 26
6 46
8 7
8 64
10 51
10 5
11 35
12 59
12 21
14 42
16 2
17 9
20 54
20 53
20 19
25 60
25 13
27 46
27 30
31 13
31 41
33 1
34 65
34 35
34 45
34 36
35 48
35 57
35 52
38 39
40 45
40 43
48 47
49 45
55 63
58 42
59 13
59 37
62 52
1 37
1 28
7 2
7 65
19 28
19 24
19 50
26 65
26 56
37 61
42 65
54 18
2 61
9 44
15 5
23 30
51 29