0 1 2 3 4 5 6 7 8 9 10 11 12 13 14 15 16 17 18 19 20 21 22 23 24 25 26 27 28 29 30 31 32 33 34 35 36 37 38 39 40 41 42 43 44 45 46 47 48 49 50 51 52 53 54 55 56 57 58 59 60 61 62 63 64 65 66 67 68 69 70 71 72 73 74 75 76 77 78 79 80 81 82 83 84 85 86 87 88 89 90 91 92 93 94 95 96 97 98
0 24
0 1
0 33
0 34
1 28
1 35
2 15
2 38
3 11
3 39
3 40
4 8
4 11
4 41
5 31
5 44
6 18
6 28
6 45
6 46
7 20
7 23
7 19
7 47
7 48
8 22
8 49
9 11
9 52
10 18
10 54
10 53
11 32
11 13
12 15
12 58
12 57
13 60
13 59
14 24
14 61
15 19
15 32
15 29
15 64
15 63
16 17
16 32
16 65
17 67
17 68
18 30
18 69
19 21
19 72
20 27
20 74
20 73
21 25
21 76
21 75
22 78
22 77
23 24
23 80
23 79
24 31
24 82
25 83
26 29
26 86
26 85
28 90
29 91
29 92
30 93
31 96
32 97
32 98
34 36
37 39
41 43
42 44
49 51
50 52
53 55
54 56
62 64
66 68
69 71
70 72
81 83
82 84
85 87
86 88
89 91
93 95
94 96