0 49 1 91 52 30 66 9 76 62 84 26 92 33 14 94 34 7 51 95 85 23 97 75 35 4 29 50 18 6 89 47 90 72 5 28 37 70 3 24 54 40 21 77 22 2 38 46 45 31 71 16 80 82 96 73 25 86 65 61 57 55 67 53 19 17 32 41 87 8 13 64 99 43 27 88 58 78 63 15 83 36 10 20 60 79 11 68 98 74 59 56 12 42 44 48 81 93 39 69
0 38
0 34
0 13
49 68
49 60
49 83
1 7
1 77
1 89
1 54
91 94
91 8
52 79
52 65
30 88
66 61
66 5
9 85
9 56
9 61
9 62
9 84
76 69
62 63
62 29
26 65
92 33
33 87
14 80
14 97
94 47
94 73
94 37
34 36
7 74
7 69
7 78
51 61
51 32
95 50
95 67
95 90
23 29
75 18
35 96
35 56
4 74
29 60
29 57
18 81
6 20
6 72
6 67
6 16
6 17
72 61
72 86
28 8
37 40
37 31
37 48
70 36
70 74
3 56
3 55
24 40
54 93
54 25
40 59
40 2
21 73
22 55
46 42
46 36
45 43
71 44
71 64
16 44
80 39
82 99
82 79
73 86
86 36
61 43
53 15
53 59
19 69
41 79
87 15
87 10
8 11
99 59
27 44
88 12
58 15
15 98
79 12
68 39
98 81