0 2 3 5 6 8 9 11 12 16 17 18 19 21 22 23 24 25 26 27 28 30 31 34 35 36 37 38 39 42 45 48 51 56 58 60 61 64 65 68 70 73 74 75 76 77 79 81 82 85 87 88 89 90 93 94 95 97 98 99 1 4 7 13 14 15 20 29 33 40 44 49 54 55 62 63 66 69 72 78 80 84 86 91 10 32 41 46 47 50 57 59 67 71 83 92 96 43 52 53
0 77
0 56
2 81
2 80
3 5
3 52
6 91
8 23
9 13
9 86
9 60
11 75
12 31
12 69
16 73
16 23
17 73
17 90
18 61
18 84
19 44
19 95
21 49
21 15
21 89
22 31
22 35
23 30
24 94
25 60
26 46
26 68
27 62
28 38
30 10
34 86
36 32
36 73
37 63
37 33
38 73
39 82
42 91
42 4
42 78
45 94
48 74
48 93
51 57
51 54
51 55
51 82
56 90
56 41
58 79
58 72
61 98
61 46
61 69
61 96
61 91
61 94
61 49
64 73
65 72
70 71
73 63
74 91
75 88
75 69
75 59
76 98
82 13
85 33
87 88
87 67
90 4
95 80
97 71
97 62
98 72
99 15
1 33
7 52
14 84
20 40
29 40
29 33
44 50
54 43
63 57
66 50
69 83
72 80
72 47
80 53
80 71
57 52
92 52