22 87 47 89 38 97 5 33 34 27 61 96 7 59 80 9 81 93 14 71 74 42 28 83 16 18 2 15 51 68 49 17 66 76 45 57 78 69 40 12 23 77 32 65 56 1 62 39 19 41 64 85 36 25 0 24 99 35 75 82 52 88 44 58 91 86 37 13 10 95 26 50 55 73 53 30 98 67 79 6 8 46 94 92 31 84 70 4 48 21 11 63 60 29 54 72 20 43 3 90
22 45
22 20
22 23
22 87
22 84
22 38
22 54
22 18
22 91
22 53
22 36
22 96
22 97
22 31
22 30
22 61
22 2
22 32
22 27
22 62
22 28
22 80
22 25
22 76
22 74
87 88
87 57
87 89
87 12
87 47
87 98
87 16
87 15
87 51
87 14
87 73
87 7
87 66
87 19
87 41
87 71
87 63
87 48
87 1
87 79
87 33
87 29
87 67
87 72
87 86
87 3
87 56
87 68
87 83
87 34
87 43
87 9
87 64
87 69
87 95
87 94
87 42
87 75
87 4
87 77
87 37
87 78
87 93
87 10
87 90
87 49
87 11
87 26
87 39
87 60
87 50
87 44
87 59
87 13
87 6
87 85
87 58
87 17
87 40
87 52
87 5
87 82
87 21
87 99
87 46
87 81
87 65
87 35
87 0
87 8
87 55
87 24
66 92
92 70