0 7 1 33 34 35 36 37 38 39 40 41 42 43 44 45 46 47 48 49 50 51 52 2 53 54 55 56 57 58 59 60 61 62 63 64 65 66 67 68 69 70 71 29 8 72 73 74 75 76 77 78 79 80 81 82 83 84 85 86 87 88 89 90 3 18 91 92 93 94 95 96 97 98 99 4 30 17 5 10 6 12 21 26 9 13 11 24 27 14 15 16 32 19 20 22 23 25 28 31
0 38
0 48
0 39
0 33
0 36
0 34
0 45
0 49
0 35
0 47
0 41
0 52
0 40
0 46
0 44
0 37
7 76
1 58
1 64
1 65
1 60
1 70
1 68
1 66
1 55
1 62
1 61
1 71
1 33
1 57
1 56
1 63
35 3
36 6
37 8
38 9
41 17
42 18
43 19
44 20
45 21
46 24
49 27
50 28
51 29
52 32
2 78
2 74
2 75
2 79
2 90
2 76
2 82
2 87
2 72
2 86
2 73
2 88
2 81
2 83
2 53
2 89
2 84
54 3
56 5
59 9
60 10
61 13
63 18
64 19
66 23
67 24
68 25
69 28
70 29
71 31
73 4
75 6
77 9
79 12
80 13
81 15
85 25
86 26
87 28
89 30
3 92
3 98
3 99
3 95
3 94
3 97
3 91
3 96
93 9
95 11
97 14
99 16
21 22