0 2 3 4 9 10 11 15 19 20 21 22 27 28 29 32 33 35 36 37 41 43 44 46 49 52 53 54 57 59 62 64 67 68 69 71 72 73 75 76 79 81 83 84 85 87 88 92 93 94 98 99 1 12 13 16 18 24 38 39 45 48 51 55 61 63 65 74 77 78 80 82 89 7 8 23 34 58 95 96 97 5 6 17 25 30 42 50 66 70 90 91 26 31 40 60 56 86 47 14
0 28
2 52
3 38
3 79
4 63
4 46
4 78
9 51
10 74
11 15
11 8
11 95
11 80
15 40
15 14
19 34
19 70
19 41
20 79
21 49
21 22
21 31
22 51
27 47
28 18
28 60
29 71
29 53
32 8
32 1
33 58
35 55
36 57
37 86
37 73
37 43
43 97
44 58
44 8
52 48
52 39
53 76
53 85
53 23
54 18
54 50
57 39
59 18
59 26
62 93
62 5
62 66
64 40
67 45
67 75
68 75
69 8
69 98
69 84
71 38
72 58
72 45
73 88
73 83
76 60
79 34
79 25
81 60
83 94
83 16
85 7
87 86
87 77
88 5
92 6
94 96
99 60
99 51
12 65
13 61
13 50
18 8
24 97
39 47
45 65
48 31
55 91
55 82
61 17
63 31
74 42
74 34
89 40
23 91
34 6
34 56
5 42
30 70
90 56