55 16 67 77 96 64 54 1 98 56 29 80 18 62 28 57 86 59 72 46 20 50 31 87 78 69 32 49 94 2 3 76 48 38 51 6 89 12 5 14 84 24 23 85 93 17 33 36 53 52 37 60 79 88 10 61 66 75 58 44 91 92 90 41 9 39 63 95 30 13 7 71 4 73 74 27 65 21 15 8 82 97 99 26 43 42 22 35 70 47 19 25 34 40 68 11 83 0 81 45
55 85
55 29
55 16
55 57
16 27
16 68
16 14
67 47
67 30
77 96
96 28
96 64
96 18
96 8
64 54
64 7
64 49
54 86
1 79
1 57
98 65
98 72
56 20
29 17
80 11
18 4
62 28
62 82
62 19
57 15
59 12
72 13
46 23
46 31
20 49
50 61
50 23
31 87
31 97
87 78
87 91
87 84
78 43
78 4
69 32
32 52
32 70
32 58
49 73
49 66
94 90
94 53
2 26
3 82
3 99
76 66
76 52
48 43
38 13
51 81
6 33
6 35
6 21
6 89
89 71
12 61
12 75
5 37
5 27
24 90
85 0
93 25
93 74
17 39
17 41
17 9
33 40
33 37
36 4
52 90
60 79
88 73
10 42
10 63
10 25
58 83
44 19
92 13
92 95
9 26
13 34
7 35
74 11
27 81
65 70
8 45
82 42
82 22
43 47