0 31 43 45 71 28 36 88 93 1 44 68 5 20 22 33 92 2 40 67 72 73 10 32 65 77 3 18 70 7 81 4 16 23 56 60 24 11 14 42 6 50 55 62 90 97 79 85 91 8 41 61 82 30 46 9 51 54 69 21 37 38 75 87 19 12 13 39 64 74 15 66 63 17 47 26 29 99 34 48 83 98 49 76 27 94 57 25 89 35 86 80 59 58 53 52 84 78 96 95
0 31
0 43
0 36
31 57
45 1
45 27
45 8
71 53
71 59
71 5
28 75
88 48
93 6
1 20
1 22
44 59
44 94
68 9
68 51
20 39
33 40
33 8
92 39
92 73
2 32
40 52
67 13
72 25
72 12
10 42
10 9
10 87
32 12
32 37
32 34
65 89
77 4
77 34
3 81
18 29
70 54
7 85
81 16
81 57
23 27
56 86
60 35
60 48
24 57
24 61
24 21
11 19
11 37
14 54
42 69
42 54
6 97
50 62
55 38
55 64
62 39
90 66
90 17
97 78
79 17
79 76
85 12
91 82
91 74
8 61
41 84
41 29
30 69
30 80
46 78
51 37
54 47
37 17
38 49
38 74
38 58
75 15
75 86
13 39
64 86
63 34
17 26
47 29
26 89
99 98
99 95
83 76
98 84
49 25
27 86
57 96
35 53
35 58
58 78