0 19 24 25 26 27 1 20 8 28 29 30 2 11 7 31 32 33 3 34 35 36 4 9 10 13 37 38 39 5 40 41 42 6 43 44 45 46 47 48 21 49 50 51 12 52 53 54 14 15 55 56 57 58 59 60 61 62 63 16 64 65 66 67 68 69 70 71 72 18 73 74 75 17 23 76 77 78 22 79 80 81 82 83 84 85 86 87 88 89 90 91 92 93 94 95 96 97 98 99
0 24
0 19
19 17
19 18
24 1
24 98
25 35
25 62
25 54
26 37
26 73
26 79
26 42
27 86
1 20
1 8
1 29
20 85
8 3
8 5
8 21
28 46
28 97
29 99
30 58
30 93
2 11
2 7
11 60
7 10
7 6
31 44
31 35
32 43
32 61
33 59
34 46
35 47
35 95
36 39
4 10
4 9
4 13
4 39
9 12
10 14
10 15
13 16
13 64
38 48
38 45
5 42
40 61
41 67
43 90
44 88
45 63
47 85
47 55
48 68
48 91
49 83
49 71
50 84
51 96
12 63
12 61
52 92
52 94
52 62
53 81
56 91
57 62
59 66
60 93
60 83
63 84
16 18
16 75
65 84
66 81
67 84
69 87
69 81
70 91
70 74
72 85
72 89
18 22
74 80
17 23
76 84
77 97
78 90
82 94
85 97
86 96
87 95
95 96