0 12 79 48 84 19 24 47 90 53 43 21 73 8 31 33 14 61 4 86 81 38 74 10 80 85 50 13 29 3 11 62 1 69 55 15 52 95 83 76 82 23 65 9 40 67 58 27 49 77 16 51 34 71 89 6 68 2 96 66 37 87 41 94 36 18 44 70 75 46 92 88 72 57 97 59 26 45 64 56 5 30 32 28 63 42 54 22 20 7 98 78 93 60 25 35 39 91 17 99
0 84
0 86
12 39
12 36
79 89
48 6
48 14
48 29
84 24
19 89
19 96
24 52
24 17
24 31
47 46
90 45
90 89
53 70
53 30
43 87
21 30
21 62
73 56
73 54
8 44
8 88
8 68
33 36
33 65
61 13
61 42
61 74
4 56
4 77
86 45
86 59
86 95
81 51
81 58
38 3
38 52
38 70
74 28
74 29
10 37
80 29
80 16
80 82
85 59
85 18
50 18
13 25
13 49
13 26
29 58
29 56
29 89
11 18
1 35
1 95
1 66
69 94
55 5
15 97
83 7
83 64
83 68
76 70
76 72
23 88
9 34
40 30
40 32
67 45
67 20
27 70
27 5
27 63
16 75
51 2
34 32
71 41
68 92
68 22
2 57
96 60
37 64
87 78
41 28
94 32
36 44
44 97
46 39
63 91
22 98
20 7
98 78
98 99
93 17