0 3 4 6 9 16 20 21 22 23 25 26 29 30 32 33 35 36 38 43 44 49 51 52 53 59 60 64 65 67 69 71 72 73 74 76 77 80 81 82 84 89 90 93 94 96 99 1 5 7 10 11 12 13 14 17 18 27 28 31 39 40 41 45 47 48 50 54 57 58 61 70 75 79 85 87 88 91 92 95 98 2 19 24 34 46 55 62 63 66 68 78 83 86 15 37 42 56 8 97
0 51
3 57
4 50
6 58
9 70
9 65
16 43
16 91
20 26
21 13
21 51
22 69
22 94
23 51
25 30
25 10
26 63
26 45
29 77
29 57
30 84
30 76
32 8
32 52
33 75
35 28
35 37
36 92
38 70
38 43
43 99
44 90
44 40
49 15
53 40
53 18
59 5
60 84
64 99
64 95
67 57
69 45
71 2
71 34
71 66
72 94
73 19
73 76
73 79
73 85
74 39
74 93
74 31
76 82
77 7
77 11
80 47
81 17
81 92
81 96
82 42
82 86
84 75
89 97
90 87
93 18
1 57
5 18
7 66
12 62
13 56
14 86
17 56
17 24
18 27
18 8
18 41
27 63
27 55
40 34
40 19
45 50
47 78
48 75
54 85
58 61
58 86
70 88
87 98
88 62
95 66
46 55
62 83
68 15
68 56
78 37
86 37
15 42
37 97