0 2 3 4 7 8 9 10 12 15 18 19 21 24 27 28 29 30 31 34 36 38 39 40 41 43 45 47 51 53 54 55 57 58 59 60 61 62 63 69 70 71 72 75 76 77 78 79 81 85 89 1 5 6 11 14 16 17 22 23 33 35 37 46 49 52 65 66 73 83 84 86 87 91 20 25 26 42 48 67 90 13 32 50 56 64 88 92 44 80 68 74 82
0 63
0 30
0 75
0 41
2 75
3 89
4 27
4 6
4 42
4 63
7 69
8 31
9 60
10 54
10 46
12 23
12 33
15 77
15 16
18 49
19 43
19 55
21 92
21 62
24 89
24 59
24 69
28 64
29 39
31 65
34 85
34 55
36 88
36 62
36 82
36 80
38 56
38 80
39 51
39 33
40 63
45 75
45 1
45 35
45 67
47 84
47 13
47 51
47 77
47 64
47 44
51 65
53 48
53 25
54 69
55 78
57 68
57 11
58 65
58 88
58 86
59 91
60 67
61 26
61 87
62 72
63 5
70 25
71 35
76 48
77 17
79 52
79 87
81 14
85 91
1 14
1 83
1 49
6 90
11 73
17 74
22 37
23 66
35 37
65 20
83 87
83 84
84 50
91 88
20 25
32 50
88 68