0 1 3 4 6 8 9 10 13 14 15 16 17 18 19 20 21 22 23 25 26 28 29 30 32 33 35 36 37 38 40 41 42 44 45 48 49 51 52 54 57 58 59 61 62 63 64 65 66 67 72 73 74 76 77 78 79 80 81 82 83 84 86 87 88 89 90 91 92 94 95 96 97 98 2 5 7 12 24 27 34 39 43 46 47 53 55 68 69 75 85 93 31 50 71 99 11 56 60 70
0 23
0 92
1 21
1 78
1 66
1 73
3 11
4 80
4 71
4 28
6 94
8 79
8 65
8 63
9 87
9 41
9 38
10 14
13 15
13 19
14 32
14 82
14 12
14 72
15 51
15 30
16 54
16 90
17 39
17 18
20 74
21 59
22 78
23 56
23 37
25 34
26 49
26 43
26 77
29 61
32 79
33 96
33 35
33 37
35 34
36 69
37 40
37 58
38 95
40 98
41 24
42 71
42 44
45 80
45 74
48 74
48 27
49 83
51 75
52 59
57 56
61 55
62 83
63 90
64 76
67 73
67 99
73 69
73 85
74 55
76 82
77 85
79 96
79 31
81 90
82 55
82 83
84 50
86 60
86 39
86 46
87 47
87 90
88 71
88 68
89 56
91 34
91 2
94 46
97 27
98 50
5 93
5 34
7 24
24 70
47 75
47 11
53 56
93 60