0 1 2 3 4 5 6 7 8 9 10 11 12 13 14 15 16 17 18 19 20 21 22 23 24 25 26 27 28 29 30 31 32 33 34 35 36 37 38 39 40 41 42 43 44 45 46 47 48 49 50 51 52 53 54 55 56 57 58 59 60 61 62 63 64 65 66 67 68 69 70 71 72 73 74 75 76 77 78 79 80 81 82 83 84 85 86 87 88 89 90 91 92 93 94 95 96 97 98
0 12
0 15
0 33
1 21
1 36
2 16
2 37
2 38
3 14
3 40
3 39
4 19
4 8
4 41
4 42
5 7
5 18
5 14
5 43
6 15
6 10
6 20
6 45
7 48
8 20
8 49
8 50
9 20
9 30
9 51
9 52
10 17
10 54
11 14
11 56
11 55
12 22
12 29
12 57
12 58
13 20
13 59
13 60
14 26
14 62
14 61
15 64
16 29
16 66
17 28
17 67
17 68
18 20
18 69
18 70
19 72
20 31
20 27
20 73
20 74
21 22
21 76
21 75
22 77
22 78
23 31
23 80
24 31
25 31
25 84
25 83
26 86
27 87
28 89
29 92
29 91
31 32
31 95
31 96
32 97
32 98
33 35
34 36
42 44
45 47
46 48
53 55
61 63
65 67
69 71
77 79
81 83
82 84
85 87
86 88
90 92
93 95
94 96