0 23 25 26 27 1 8 19 16 28 29 30 2 31 32 33 3 5 34 35 36 4 20 37 38 39 12 18 40 41 42 6 14 43 44 45 7 24 46 47 48 49 50 51 9 21 52 53 54 10 13 15 55 56 57 11 17 58 59 60 61 62 63 64 65 66 67 68 69 22 70 71 72 73 74 75 76 77 78 79 80 81 82 83 84 85 86 87 88 89 90 91 92 93 94 95 96 97 98 99
0 23
0 25
23 20
23 2
23 96
25 60
25 45
26 47
27 68
1 16
1 8
1 19
19 10
19 4
19 82
16 17
16 73
28 30
28 71
29 42
29 81
30 74
31 85
31 64
31 98
32 83
33 99
3 5
5 12
5 18
34 77
34 90
35 40
35 99
35 44
36 97
4 20
4 37
4 39
4 38
20 21
37 68
37 98
38 66
39 57
39 61
12 11
18 24
40 47
40 69
41 53
41 73
42 59
6 14
14 13
43 74
43 55
43 69
45 81
45 87
7 24
46 66
48 55
49 66
50 51
51 92
9 21
52 78
53 83
54 70
54 97
54 96
10 15
10 13
10 56
15 22
55 89
11 17
58 98
62 97
63 98
65 69
67 80
68 94
69 84
22 92
70 80
72 80
74 88
75 92
76 82
76 86
77 94
78 97
79 87
82 99
86 95
91 93
93 97