1 2 3 4 5 6 7 8 9 10 11 12 13 14 15 16 17 18 19 20 21 22 23 24 25 26 27 28 29 30 31 32 33 34 35 36 37 38 39 40 41 42 43 44 45 46 47 48 49 50 51 52 53 54 55 56 57 58 59 60 61 62 63 64 65 66 67 68 69 70 71 72 73 74 75 76 77 78 79 80 81 82 83 84 85 86 87 88 89 90 91 92 93 94 95 96 97 98 99 0
1 3
2 4
3 5
4 8
4 7
5 9
5 6
8 13
9 13
9 10
10 15
11 16
11 12
12 13
13 19
14 15
15 20
15 21
16 17
17 24
18 24
19 25
22 23
23 31
23 30
24 32
25 26
27 35
27 34
28 36
28 35
29 37
30 38
31 32
31 40
32 33
33 42
35 43
35 44
36 45
37 38
37 47
37 46
38 39
41 50
42 51
42 43
47 48
48 49
48 58
49 50
51 60
52 53
53 54
53 62
53 63
54 55
56 57
56 65
57 58
59 60
60 69
61 69
61 62
62 70
63 64
63 72
65 66
65 73
66 67
67 74
67 68
69 76
70 71
72 79
74 80
75 81
77 84
78 85
79 85
80 86
81 87
81 82
81 86
82 83
84 89
86 91
87 88
88 89
89 94
90 94
91 95
92 93
93 94
94 97
95 96
96 98
96 99
99 0