0 3 4 10 17 18 23 28 33 47 66 72 1 5 7 11 15 20 25 42 52 69 89 2 34 6 8 12 13 16 31 37 38 43 44 45 48 53 55 59 64 70 75 82 95 9 21 24 56 67 71 91 93 14 19 22 27 30 36 39 41 49 51 58 83 40 73 85 88 99 29 74 97 35 92 57 68 76 26 65 32 46 60 63 77 78 87 90 98 50 54 61 84 96 94 81 62 79 80 86
0 33
0 47
3 52
3 55
3 31
3 34
3 37
3 72
3 2
3 95
3 64
3 82
3 70
3 44
4 72
4 71
4 53
4 91
4 12
4 8
10 29
10 35
17 5
17 78
18 19
18 76
18 27
18 32
23 7
23 5
23 81
28 59
28 55
47 63
47 81
66 14
1 25
5 83
5 49
5 43
5 27
5 39
5 12
5 9
5 6
7 85
7 75
11 8
11 68
15 65
20 26
25 40
42 84
52 79
69 14
89 13
6 40
8 99
13 88
13 9
16 31
37 51
37 60
37 57
38 29
45 30
48 41
48 27
53 14
53 62
70 86
75 46
82 94
9 29
9 24
9 74
21 93
21 54
56 62
67 50
67 97
14 90
14 30
14 87
14 98
14 58
19 84
19 96
22 94
27 65
36 49
36 73
39 80
39 92
41 50
88 54
26 32
32 61
77 96