0 37 50 73 81 1 41 80 89 95 2 19 29 43 57 3 12 28 39 83 87 4 22 47 62 77 5 9 18 27 32 55 67 6 21 26 48 82 88 92 7 23 25 36 52 8 40 94 31 34 42 46 65 10 60 64 68 11 24 71 72 56 59 66 74 13 33 14 15 53 93 51 16 38 44 61 69 91 99 17 98 35 49 20 75 86 76 54 45 96 58 97 30 78 90 70 85 79 63 84
0 50
0 37
0 81
37 43
50 64
50 13
73 64
81 88
1 41
41 44
41 29
80 53
80 86
89 13
95 44
2 57
19 27
19 98
57 49
57 63
57 14
3 12
3 83
3 87
28 96
28 49
39 24
83 56
87 85
4 62
22 11
47 90
47 30
62 93
62 82
77 92
5 55
5 9
5 18
9 46
9 34
27 45
32 69
55 35
67 70
67 31
67 61
6 21
6 88
21 66
26 71
26 40
48 59
48 84
48 96
82 10
92 56
92 51
7 25
7 52
7 36
23 69
25 11
25 93
36 90
52 35
52 38
8 94
40 35
94 17
94 65
31 97
42 24
46 54
65 24
10 60
68 63
11 24
72 53
72 78
66 99
66 20
74 91
33 99
14 15
14 53
53 58
93 51
93 49
16 91
16 99
16 69
16 61
44 63
91 58
98 90
49 76
75 30
97 79