0 1 2 3 4 5 6 7 8 9 10 11 12 13 14 15 16 17 18 19 20 21 22 23 24 25 26 27 28 29 30 31 32 33 34 35 36 37 38 39 40 41 42 43 44 45 46 47 48 49 50 51 52 53 54 55 56 57 58 59 60 61 62 63 64 65 66 67 68 69 70 71 72 73 74 75 76 77 78 79 80 81 82 83 84 85 86 87 88 89 90 91 92 93 94 95 96 97 98
0 27
0 32
0 33
1 6
1 5
1 35
1 36
2 16
2 37
2 38
3 7
3 22
3 40
4 5
4 42
4 41
5 22
5 43
6 45
6 46
7 47
7 48
8 22
8 28
8 23
8 29
8 50
8 49
9 26
9 51
10 19
10 18
10 53
10 54
11 32
11 56
11 55
12 26
12 57
13 28
13 25
13 59
13 60
14 20
14 15
14 61
15 24
15 63
15 64
16 20
16 30
16 65
16 66
17 22
17 67
17 68
18 70
19 31
19 71
19 72
20 26
20 32
20 74
21 22
21 31
21 76
21 75
22 27
22 78
23 79
23 80
25 84
25 83
26 86
27 87
28 89
28 90
29 92
29 91
30 93
31 95
31 96
32 98
32 97
34 36
37 39
42 44
50 52
58 60
62 64
69 71
73 75
77 79
81 83
82 84
85 87
86 88
94 96