0 3 1 4 2 6 7 5 8 11 12 9 10 15 16 13 17 14 18 19 20 21 22 23 24 26 27 25 29 30 28 31 34 35 32 33 38 39 36 40 37 41 42 43 44 45 46 47 48 49 50 51 53 54 52 56 57 55 58 61 62 59 60 65 66 63 67 64 68 69 70 71 72 73 74 75 76 78 79 77 81 82 80 83 86 87 84 85 90 91 88 92 89 93 94 95 96 97 98 99
0 3
3 7
1 4
4 5
4 7
2 6
6 7
7 11
7 12
5 8
11 10
11 16
11 15
12 13
12 17
9 10
16 19
13 18
17 22
14 18
19 20
21 24
22 24
23 26
24 27
26 30
27 30
27 28
25 29
29 30
30 31
30 34
30 35
34 38
34 33
34 39
35 40
35 36
32 38
39 43
36 37
40 44
40 45
37 41
42 43
42 46
44 47
46 48
47 49
49 51
50 53
51 54
53 52
54 55
52 56
56 57
57 62
57 58
55 58
61 66
61 60
62 67
62 63
59 65
60 65
66 70
63 64
67 71
64 68
69 70
70 73
71 72
72 74
73 75
74 76
75 78
76 79
78 77
78 82
79 80
79 82
77 81
82 86
82 87
80 83
86 90
86 91
87 88
87 92
84 90
85 90
91 95
88 89
88 93
92 96
92 97
94 95
95 98
97 99