0 30 36 37 34 44 45 46 47 48 49 50 51 52 53 54 55 56 57 58 59 60 61 62 63 64 65 66 67 68 69 70 71 72 73 74 1 15 75 76 77 78 79 80 81 82 83 84 85 86 87 88 89 90 91 92 93 94 95 96 97 98 99 2 31 3 22 4 11 23 43 5 38 10 6 39 25 17 7 33 8 26 9 40 14 12 16 35 13 42 27 18 41 19 20 21 24 28 29 32
0 61
0 65
0 60
0 52
0 74
0 47
0 68
0 51
0 62
0 44
0 56
0 57
0 54
0 71
0 63
0 67
0 59
0 73
0 69
0 58
0 72
0 66
0 64
0 49
0 70
30 65
36 69
37 70
34 67
45 2
46 4
47 5
48 6
50 8
51 9
52 10
53 11
54 12
55 14
57 16
58 18
59 19
60 21
61 24
62 25
63 27
64 29
66 33
68 35
71 38
72 39
73 40
74 43
1 80
1 92
1 99
1 77
1 94
1 86
1 98
1 81
1 84
1 78
1 79
1 97
1 75
1 83
1 85
1 93
1 96
1 76
1 95
1 88
1 90
15 86
75 2
76 4
77 5
78 6
79 7
80 8
82 10
83 11
85 14
87 16
88 17
89 18
91 21
93 23
95 26
98 31
99 32
3 22
22 8
22 42
25 20
13 42
41 32
24 28