38 14 15 91 87 6 33 34 86 16 76 57 19 29 31 55 56 20 9 13 92 59 45 79 40 32 98 28 61 96 47 23 30 81 82 90 44 65 52 43 67 36 80 70 50 7 2 71 24 68 26 42 72 99 25 46 77 83 8 60 62 49 75 84 94 63 35 95 69 3 11 27 97 73 1 5 39 74 89 37 22 64 48 66 21 10 78 18 58 88 51 17 12 53 41 85 4 54 93 0
38 14
14 44
14 15
91 10
87 21
87 6
33 34
33 9
34 86
34 67
86 16
86 49
76 37
76 57
57 35
57 93
57 19
57 23
19 73
29 31
29 11
29 26
31 55
55 56
56 20
56 48
56 98
20 9
20 42
20 73
9 5
13 92
13 58
59 30
59 90
45 41
79 40
40 32
32 98
32 10
32 72
98 28
61 70
61 96
96 47
23 88
30 5
30 69
30 81
30 74
81 82
44 65
65 46
65 52
52 58
52 43
67 36
80 21
80 41
80 70
70 69
50 63
50 7
7 2
2 95
71 77
71 24
24 68
68 95
99 60
99 25
77 39
77 83
83 8
8 60
62 49
49 78
75 84
84 94
94 63
95 69
69 3
27 48
27 97
73 1
74 89
37 22
22 53
64 48
66 21
78 18
18 58
88 51
88 12
51 17
41 85
41 54
4 54
93 0