0 93 49 1 18 19 65 2 3 47 66 22 4 67 92 5 68 6 27 63 7 41 79 8 58 30 56 74 9 59 24 10 11 48 31 60 12 44 70 13 20 14 90 94 15 32 39 62 16 28 80 17 53 71 43 34 52 46 21 86 89 75 23 26 25 72 84 82 54 29 36 55 37 33 78 38 99 35 40 77 42 45 81 97 83 73 69 91 64 50 51 76 98 88 85 57 61 95 87 96
0 93
93 33
93 6
49 64
49 25
1 19
1 18
1 65
18 60
18 8
65 57
65 87
65 23
2 3
3 22
47 73
66 20
22 12
22 75
22 20
4 67
67 56
67 42
67 15
67 64
92 83
92 7
92 98
5 68
68 43
68 80
6 27
27 72
27 84
63 95
7 79
7 41
41 21
79 10
79 14
8 56
8 30
8 74
58 69
58 56
30 24
56 85
9 59
9 24
59 54
59 11
11 31
48 69
60 91
12 44
44 29
70 91
70 96
13 20
20 46
90 85
94 77
94 81
15 62
15 39
32 37
32 84
16 80
28 54
17 43
17 71
17 53
53 78
34 78
34 38
52 76
52 50
46 38
21 89
86 51
86 84
75 83
75 91
23 26
72 97
82 64
54 35
54 73
29 36
55 88
55 98
37 40
38 77
99 87
99 61
45 81
91 51
76 61
85 95