0 14 53 61 71 84 86 1 6 8 13 62 93 96 99 2 4 5 11 22 25 28 56 59 63 76 92 95 98 3 33 34 39 75 81 24 26 40 50 68 83 87 89 29 44 65 67 7 32 36 46 51 79 15 35 43 88 9 12 18 97 19 47 58 64 70 10 41 55 77 80 20 30 60 73 78 91 27 37 74 42 48 82 16 66 17 54 72 85 49 21 69 23 38 90 57 45 52 31 94
0 84
0 14
14 48
53 29
53 52
53 69
61 83
61 5
71 20
71 62
84 9
84 39
84 25
86 3
86 31
86 28
1 96
1 62
6 50
6 79
6 32
6 51
6 5
8 12
13 43
13 35
13 42
93 24
93 70
99 31
2 4
4 89
4 87
5 65
5 44
11 33
11 73
22 18
25 90
28 18
28 45
56 26
59 90
59 35
59 66
63 98
63 73
76 55
92 52
95 79
95 60
95 68
98 46
34 19
34 16
39 29
75 83
81 21
81 54
24 38
26 9
40 19
83 21
87 88
89 91
89 23
67 73
7 43
32 52
36 60
46 12
51 85
15 20
35 38
35 74
35 97
88 49
9 19
18 58
18 37
47 85
58 64
64 54
70 78
10 77
10 55
10 80
41 54
77 49
20 21
30 17
30 57
73 52
78 23
27 57
74 82
48 94
17 85
72 94