0 1 2 3 4 5 6 7 8 9 10 11 12 13 14 15 16 17 18 19 20 21 22 23 24 25 26 27 28 29 30 31 32 33 34 35 36 37 38 39 40 41 42 43 44 45 46 47 48 49 50 51 52 53 54 55 56 57 58 59 60 61 62 63 64 65 66 67 68 69 70 71 72 73 74 75 76 77 78 79 80 81 82 83 84 85 86 87 88 89 90 91 92 93 94 95 96 97 98
0 14
0 7
0 34
0 33
1 16
1 10
1 24
1 36
2 11
2 31
2 37
2 38
3 24
3 40
4 24
4 42
4 41
5 12
5 43
6 32
6 46
6 45
7 27
7 29
7 15
7 26
7 47
8 13
8 50
8 49
9 17
9 28
10 30
10 53
10 54
12 31
12 16
12 28
12 58
12 57
13 28
13 19
13 60
14 62
14 61
15 16
15 23
15 64
16 66
17 67
18 24
19 72
19 71
20 21
20 74
21 27
21 32
21 75
22 26
22 78
22 77
23 80
24 81
25 29
25 83
25 84
26 85
27 88
28 89
28 90
30 94
31 95
32 98
32 97
33 35
37 39
42 44
46 48
49 51
50 52
53 55
54 56
57 59
61 63
65 67
66 68
69 71
70 72
73 75
74 76
77 79
82 84
85 87
86 88
89 91
90 92
93 95
94 96