0 1 2 3 4 5 6 7 8 9 10 11 12 13 14 15 16 17 18 19 20 21 22 23 24 25 26 27 28 29 30 31 32 33 34 35 36 37 39 40 41 42 43 44 45 46 47 48 49 50 52 53 54 55 56 58 59 60 61 62 63 64 65 66 67 68 69 70 71 72 73 74 75 76 77 78 79 80 81 82 83 84 85 86 87 88 89 90 91 92 93 94 95 96 97 98 99 38 51 57
0 32
0 71
1 96
2 49
2 29
2 89
3 43
3 20
3 5
3 69
4 9
5 70
6 60
6 66
6 11
7 60
8 33
9 83
10 33
11 23
12 20
13 56
14 25
15 69
16 89
17 35
18 21
18 19
18 50
19 83
19 61
20 57
20 45
21 55
21 85
21 60
22 95
23 52
24 68
24 80
25 61
26 42
27 60
28 48
29 94
30 55
31 32
32 99
32 72
33 69
34 47
35 48
35 82
36 48
37 40
37 46
39 73
40 99
40 77
41 90
42 98
43 80
44 55
45 87
45 64
45 50
47 91
48 60
50 94
50 56
52 86
52 88
53 77
54 96
54 81
54 99
54 76
55 76
58 94
59 38
62 80
63 93
63 65
66 38
67 68
69 97
69 73
71 93
74 87
75 38
76 78
79 95
80 98
84 88
87 90
88 92
89 91
95 98
97 51