0 1 51 55 2 61 80 3 11 46 4 54 71 5 40 57 6 83 87 7 79 90 8 32 39 9 10 17 47 82 12 24 84 13 93 96 14 78 15 43 16 27 63 86 18 26 69 19 20 72 21 58 22 92 95 23 70 49 50 25 81 77 28 56 29 36 30 31 99 37 89 33 94 34 35 60 75 38 76 53 91 41 42 97 44 45 98 62 48 65 67 52 88 59 64 66 73 68 74 85
0 51
1 80
51 52
55 54
55 29
55 84
2 46
61 60
61 62
80 81
80 79
80 34
3 71
11 12
46 45
4 40
71 93
5 83
40 89
57 56
6 79
83 84
87 96
87 38
87 82
7 39
90 25
8 9
8 17
8 10
32 31
39 38
39 14
10 82
47 33
47 29
82 72
12 96
24 25
13 78
93 92
93 37
93 99
96 89
96 70
96 94
96 86
78 18
78 77
15 16
15 27
43 42
43 44
27 28
63 64
63 62
18 19
26 69
26 25
69 68
20 58
21 22
21 95
58 59
22 23
92 91
95 99
95 64
49 50
49 67
50 48
50 28
81 89
77 30
28 36
56 98
29 30
36 75
30 99
31 37
99 35
99 75
99 88
37 76
89 41
94 64
94 98
94 74
75 52
53 52
41 42
41 97
45 98
98 59
65 66
65 88
88 68
66 73
74 85