0 1 2 3 4 5 6 7 8 9 10 11 12 13 14 15 16 17 18 19 20 21 22 23 24 25 26 27 28 29 30 31 32 33 34 35 36 37 38 39 40 41 42 43 44 45 46 47 48 49 50 51 52 53 54 55 56 57 58 59 60 61 62 63 64 65 66 67 68 69 70 71 72 73 74 75 76 77 78 79 80 81 82 83 84 85 86 87 88 89 90 91 92 93 94 95 96 97 98 99
0 40
0 85
0 6
0 29
0 88
0 20
0 57
0 52
0 77
0 24
0 27
0 69
0 63
0 51
0 42
0 97
0 38
0 62
0 49
0 65
0 53
0 80
0 90
0 23
0 14
0 72
0 21
0 31
0 89
0 36
0 1
0 68
0 4
0 74
0 16
0 11
0 41
0 47
0 19
0 71
0 67
0 17
0 58
1 2
3 4
5 6
6 7
7 8
8 9
10 11
12 13
13 14
14 15
18 19
22 23
25 26
26 27
27 28
29 30
31 32
32 33
34 35
35 36
36 37
38 39
42 43
43 44
44 45
45 46
48 49
50 51
53 54
55 56
56 57
59 60
60 61
61 62
63 64
65 66
69 70
73 74
74 75
75 76
77 78
78 79
80 81
82 83
83 84
84 85
86 87
87 88
90 91
92 93
93 94
94 95
95 96
96 97
97 98
98 99