0 3 25 26 27 1 4 28 29 30 2 11 31 32 33 18 34 35 36 7 12 9 37 38 39 5 8 40 41 42 6 43 44 45 46 47 48 22 49 50 51 10 52 53 54 55 56 57 58 59 60 61 62 63 13 64 65 66 14 20 16 67 68 69 15 70 71 72 24 73 74 75 17 19 76 77 78 79 80 81 82 83 84 21 85 86 87 88 89 90 23 91 92 93 94 95 96 97 98 99
0 3
3 4
3 11
3 18
25 77
25 39
26 97
27 96
1 4
4 9
4 12
4 7
28 58
29 61
30 91
30 55
2 11
11 58
31 88
32 45
32 37
33 52
33 75
18 13
18 79
34 57
35 84
35 57
35 88
36 78
36 62
12 61
9 10
9 22
9 6
37 46
38 84
5 8
5 41
8 22
40 89
40 81
41 83
41 95
42 49
42 61
43 76
44 89
44 76
45 77
47 86
48 80
48 56
22 23
22 14
22 15
49 96
49 94
50 94
50 54
51 53
52 88
52 53
55 82
55 71
56 66
57 74
57 76
59 73
59 90
60 82
61 99
62 79
62 86
63 80
63 72
13 66
64 88
65 70
14 16
14 20
20 21
16 24
67 86
68 82
69 77
15 70
24 17
73 93
73 88
17 19
76 87
77 79
78 85
80 91
21 89
88 92
88 98
89 97