0 10 65 66 67 68 69 70 71 72 73 74 75 76 77 78 79 80 81 82 83 84 85 86 87 88 89 90 91 92 93 94 95 96 97 98 99 1 8 51 40 2 27 62 3 13 4 56 5 37 24 6 39 53 7 33 9 48 60 58 11 46 49 12 47 63 20 14 15 22 35 16 17 18 59 19 21 55 54 23 38 25 32 26 57 28 29 36 61 64 30 31 43 50 34 45 41 42 44 52
0 95
0 99
0 73
0 78
0 92
0 67
0 84
0 85
0 88
0 80
0 89
0 96
0 97
0 79
0 70
0 98
0 66
0 75
0 68
0 93
0 91
0 77
0 71
0 86
0 87
0 76
0 83
0 69
0 94
0 65
0 82
0 74
0 72
0 90
10 72
65 1
67 4
68 5
69 6
70 7
71 9
73 11
74 12
75 13
76 15
77 16
78 18
79 19
80 20
81 25
82 26
83 27
84 28
85 29
86 30
87 31
88 32
89 33
90 34
91 35
93 39
94 41
95 42
96 43
97 44
98 45
99 46
1 8
1 51
40 56
2 62
62 49
3 13
13 47
13 63
4 56
5 24
5 37
6 53
53 48
53 17
33 50
9 58
60 31
60 14
49 34
20 55
20 54
15 22
18 59
19 21
21 23
38 29
25 32
26 57
29 36
29 64
29 61
44 52