0 1 2 3 4 5 6 7 8 9 10 11 12 13 14 15 16 17 18 19 20 21 22 23 24 25 26 27 28 29 30 31 32 33 34 35 36 37 38 39 40 41 42 43 44 45 46 47 48 49 50 51 52 53 54 55 56 57 58 59 60 61 62 63 64 65 66 67 68 69 70 71 72 73 74 75 76 77 78 79 80 81 82 83 84 85 86 87 88 89 90 91 92 93 94 95 96 97 98
0 11
0 31
0 34
0 33
1 9
1 20
1 35
2 6
3 6
3 7
3 40
3 39
4 12
4 23
4 5
4 22
4 14
4 20
4 42
5 43
6 24
6 15
6 45
7 23
7 48
8 16
8 50
9 51
10 27
11 23
11 25
11 56
11 55
12 28
12 57
13 29
13 23
13 26
13 59
13 60
14 62
15 64
15 63
16 21
16 26
16 66
16 65
17 20
17 68
18 23
18 70
19 27
19 71
20 74
20 73
22 32
22 77
23 30
23 79
23 80
24 81
25 83
25 84
26 85
26 86
27 28
27 87
28 89
29 92
29 91
30 94
31 95
31 96
32 98
32 97
34 36
37 39
38 40
41 43
42 44
45 47
46 48
49 51
50 52
53 55
54 56
58 60
61 63
65 67
69 71
70 72
73 75
74 76
78 80
82 84
86 88
90 92
93 95