0 1 5 4 6 9 3 21 2 94 90 44 92 93 86 7 8 12 88 10 11 13 14 55 15 16 17 18 19 20 35 42 22 52 23 66 24 71 25 87 26 91 27 28 29 30 31 32 33 34 36 83 37 38 39 40 41 48 43 51 45 79 46 80 47 49 50 53 54 62 56 57 58 84 59 60 61 63 64 65 78 67 68 69 70 77 74 72 73 75 85 76 81 82 89
0 1
1 79
1 29
1 80
1 49
1 62
5 6
5 9
4 44
4 2
9 15
9 88
3 2
3 21
2 69
94 47
94 54
94 23
94 30
90 66
90 38
44 66
44 13
92 51
92 15
93 50
93 88
93 53
86 19
7 8
7 66
8 12
12 11
88 64
88 82
10 11
11 52
11 39
13 76
14 87
14 55
55 62
15 85
16 78
16 72
16 17
17 24
17 18
18 19
19 61
19 20
20 35
20 40
35 36
35 34
42 48
42 28
22 48
22 56
22 52
22 73
52 67
23 66
23 32
24 26
24 71
71 74
25 87
91 89
27 57
28 81
29 31
31 57
32 63
33 34
36 83
36 64
83 37
39 41
43 51
45 79
79 64
46 80
53 54
57 68
58 84
84 85
59 60
60 61
63 89
65 78
70 77
77 75
75 85