0 1 2 5 4 3 26 27 28 13 29 40 39 30 35 36 37 38 16 14 19 12 7 6 11 8 9 10 15 21 20 23 25 24 22 32 33 31 34 17 18 45 44 43 42 41 46 47 48 49 50 51 55 52 74 53 56 54 58 60 61 73 57 70 59 68 62 67 69 66 63 64 65 71 72 75 76 77 78 79
0 17
0 1
1 3
1 26
1 2
2 77
5 13
5 4
26 27
27 28
28 29
13 16
13 14
29 39
29 30
29 40
30 31
30 34
35 36
36 37
37 38
38 22
14 15
19 20
12 7
12 11
12 65
7 6
6 9
6 55
8 10
9 17
9 10
15 21
15 75
21 20
21 23
20 32
20 22
23 24
23 25
23 76
22 69
32 33
32 78
33 34
17 18
17 45
17 46
18 41
45 44
44 43
43 42
46 47
46 49
48 72
50 55
51 75
51 52
51 74
52 53
56 73
56 57
54 61
58 59
60 67
60 59
61 66
57 70
70 76
59 68
59 62
68 63
67 78
66 64
64 65
65 71
71 72
78 79