0 9 10 26 27 28 29 30 31 32 33 34 35 36 37 38 39 40 41 42 1 21 43 44 45 46 47 48 49 50 51 52 53 54 55 56 57 58 59 60 61 2 24 22 62 63 64 65 66 67 68 69 70 71 72 73 74 75 76 77 78 3 11 79 80 81 82 83 84 85 86 87 88 89 90 91 92 93 4 14 5 25 94 95 96 97 98 99 13 6 7 8 19 20 18 12 16 15 17 23
0 32
0 40
0 28
0 30
0 33
0 27
0 31
0 42
0 34
0 35
0 38
9 66
9 98
9 48
10 67
10 99
10 82
26 1
28 3
29 5
30 6
31 7
32 8
36 14
37 16
39 21
41 23
1 46
1 49
1 59
1 57
1 52
1 47
1 45
1 53
1 51
1 44
1 58
1 54
1 60
1 55
21 58
21 75
43 2
46 5
50 13
53 16
54 17
55 18
56 19
59 22
61 25
2 69
2 71
2 65
2 73
2 68
2 76
2 72
2 77
2 70
2 67
2 78
2 74
2 66
24 92
22 90
62 3
63 5
64 7
65 8
68 11
70 14
71 15
73 19
74 20
77 23
3 84
3 83
3 79
3 81
3 90
3 86
3 92
3 93
3 85
80 8
83 12
84 13
87 18
88 19
89 20
91 23
93 25
4 96
4 97
4 99
5 94
95 6