0 1 2 3 4 5 6 7 8 9 10 11 12 13 14 15 16 17 18 19 20 21 22 23 24 25 26 27 28 29 30 31 32 33 34 35 36 37 38 39 40 41 42 43 44 45 46 47 48 49 50 51 52 53 54 55 56 57 58 59 60 61 62 63 64 65 66 67 68 69 70 71 72 73 74 75 76 77 78 79 80 81 82 83 84 85 86 87 88 89 90 91 92 93 94 95 96 97 98
0 31
0 65
0 36
1 82
1 94
2 21
3 86
3 37
3 15
4 17
5 57
6 96
7 71
7 48
7 93
8 30
8 32
9 92
10 43
10 72
11 27
11 21
12 36
12 18
13 50
13 23
14 56
15 72
16 40
16 49
16 97
17 53
17 56
19 86
19 28
20 44
21 25
22 69
22 27
22 53
22 76
22 77
24 78
24 66
24 90
26 36
26 54
27 31
27 45
29 76
29 66
30 68
30 34
31 83
31 74
33 46
35 57
37 83
38 59
39 79
40 50
40 69
41 61
42 63
42 86
44 47
45 89
46 49
47 77
48 78
50 67
51 57
51 62
52 87
53 64
55 94
56 88
57 65
58 96
59 80
60 79
61 69
65 95
66 82
67 85
67 79
68 75
70 78
70 73
72 98
74 81
75 85
75 91
80 93
82 92
82 84
87 91
95 96