0 1 2 3 4 5 6 7 8 9 10 11 12 13 14 15 16 17 18 19 20 21 22 23 24 25 26 27 28 29 30 31 32 33 34 35 36 37 38 39 40 41 42 43 44 45 46 47 48 49 50 51 52 53 54 55 56 57 58 59 60 61 62 63 64 65 66 67 68 69 70 71 72 73 74 75 76 77 78 79 80 81 82 83 84 85 86 87 88 89 90 91 92 93 94 95 96 97 98
0 31
0 19
0 25
0 33
1 7
1 28
1 8
1 36
2 7
2 37
2 38
3 22
3 39
3 40
4 8
4 42
4 41
5 29
5 7
5 43
6 17
6 15
6 46
7 31
7 47
9 30
9 51
9 52
10 29
10 17
10 54
11 30
11 19
11 56
11 55
12 13
12 57
12 58
13 24
13 18
14 32
14 29
14 16
14 61
15 27
15 64
15 63
17 68
17 67
18 27
18 69
18 70
19 71
20 30
20 73
21 25
21 76
22 27
22 77
22 78
23 27
25 84
25 83
26 30
26 85
27 88
27 87
28 90
28 89
29 91
29 92
30 94
30 93
32 98
32 97
33 35
34 36
42 44
45 47
46 48
49 51
50 52
53 55
57 59
58 60
62 64
65 67
66 68
70 72
73 75
74 76
77 79
78 80
81 83
82 84
86 88
93 95
94 96