0 1 2 3 4 5 6 7 8 9 10 11 12 13 14 15 16 17 18 19 20 21 22 23 24 25 26 27 28 29 30 31 32 33 34 35 36 37 38 39 40 41 42 43 44 45 46 47 48 49 50 51 52 53 54 55 56 57 58 59 60 61 62 63 64 65 66 67 68 69 70 71 72 73 74 75 76 77 78 79 80 81 82 83 84 85 86 87 88 89 90 91 92 93 94 95 96 97 98
0 2
0 3
0 25
0 33
0 34
1 17
1 14
1 18
1 28
1 35
2 6
2 37
2 38
4 15
4 26
4 42
5 30
5 44
5 43
6 46
6 45
7 27
7 19
7 20
7 47
7 48
8 9
8 30
8 13
8 49
9 15
9 52
10 11
10 14
10 54
11 55
11 56
12 28
12 57
12 58
14 26
14 61
15 64
16 30
16 66
17 32
17 68
17 67
18 22
18 70
18 69
19 72
19 71
20 73
21 31
21 22
21 23
21 76
21 75
22 77
22 78
23 79
24 31
24 82
25 30
25 83
25 84
27 31
27 29
27 87
27 88
28 90
28 89
29 92
30 93
30 94
32 97
32 98
34 36
37 39
38 40
41 43
49 51
50 52
53 55
57 59
58 60
61 63
62 64
65 67
74 76
78 80
81 83
85 87
86 88
89 91
93 95
94 96