0 23 25 26 27 1 20 28 29 30 2 11 16 9 31 32 33 3 7 34 35 36 4 10 8 37 38 39 5 17 40 41 42 6 43 44 45 46 47 48 12 24 49 50 51 52 53 54 55 56 57 58 59 60 61 62 63 13 21 14 64 65 66 15 22 67 68 69 70 71 72 73 74 75 76 77 78 18 79 80 81 19 82 83 84 85 86 87 88 89 90 91 92 93 94 95 96 97 98 99
0 23
0 27
23 18
23 17
23 3
23 22
25 78
26 61
27 80
27 76
1 20
20 19
20 10
28 36
29 89
29 65
30 61
30 35
2 9
2 16
2 11
11 59
9 3
9 12
9 52
31 91
31 82
32 42
33 69
3 7
7 6
7 47
34 49
34 98
35 43
36 76
4 10
4 8
4 37
8 12
8 24
38 54
38 56
39 62
5 17
5 40
17 78
41 72
42 71
43 48
43 68
43 90
44 62
45 50
45 93
46 88
48 98
12 61
24 97
49 53
49 56
51 92
52 55
52 57
53 93
54 64
55 95
56 92
58 70
58 77
58 66
59 70
59 87
59 83
59 73
59 74
60 92
61 75
62 73
62 94
63 95
13 21
13 14
14 15
14 22
64 85
65 73
66 79
15 72
15 71
67 96
68 96
69 82
69 89
72 88
81 96
84 99
85 99
85 86