61 85 23 1 31 12 42 40 92 20 44 68 46 95 83 80 47 76 60 67 9 72 8 10 51 59 4 98 73 39 0 96 82 81 65 53 88 93 27 84 11 19 3 77 24 69 49 86 17 54 71 5 16 29 74 64 38 30 75 32 52 21 45 91 97 43 94 56 37 28 50 41 70 57 62 35 22 7 18 63 89 33 15 48 6 25 79 26 34 14 58 90 55 66 87 78 99 36 13 2
61 95
61 31
61 89
61 85
85 23
85 72
85 51
23 30
23 42
23 76
23 12
23 1
1 44
1 45
1 39
1 4
31 73
31 68
31 40
31 47
12 82
12 92
42 86
40 20
40 46
40 36
92 10
92 0
20 14
20 49
20 83
20 80
44 81
44 98
68 67
68 75
68 43
46 84
95 28
95 9
83 70
83 65
83 77
47 60
67 64
9 8
9 59
72 11
72 99
72 57
8 91
8 96
10 33
10 54
10 88
51 87
51 71
59 53
98 19
73 27
39 69
39 5
39 94
0 3
96 24
82 34
82 15
81 93
81 37
65 63
88 18
88 38
88 32
27 16
84 22
11 35
3 17
3 29
77 6
69 48
49 79
17 74
71 56
71 97
38 55
32 21
32 52
21 50
43 62
94 41
70 2
57 7
62 13
35 26
22 25
15 58
48 78
48 90
25 66