0 1 4 12 20 24 36 46 48 52 57 61 68 80 81 84 91 95 98 2 6 7 11 18 22 34 37 38 43 45 63 82 83 90 17 39 42 49 53 70 72 77 78 87 89 93 96 3 8 10 13 26 27 32 58 62 85 97 16 23 29 31 50 54 60 71 5 25 28 21 30 59 92 35 55 64 88 9 14 15 41 65 66 67 73 76 51 99 33 75 69 74 56 19 79 94 44 47 86 40
0 81
0 68
1 43
4 12
4 54
12 21
12 51
12 36
20 9
20 59
24 5
24 44
24 94
36 27
46 99
48 15
48 78
52 47
57 35
61 42
61 27
61 47
68 93
80 33
84 10
91 60
95 87
95 60
95 50
95 28
98 79
98 37
2 77
6 83
7 31
7 77
11 64
11 3
11 58
18 72
22 77
22 58
22 90
34 96
34 43
37 32
37 33
38 87
38 71
43 10
43 83
43 62
43 25
45 65
63 64
82 87
17 41
39 28
39 29
39 55
49 8
49 96
49 40
53 25
53 70
70 33
72 86
72 26
77 85
77 23
77 94
87 14
89 5
89 67
93 75
93 16
8 9
8 30
13 56
27 62
27 76
32 19
97 51
23 69
29 94
54 88
25 44
92 99
35 56
88 75
15 56
15 74
41 79
65 74
65 99
66 76
73 94
76 74
51 86