0 1 2 3 4 6 8 10 11 12 13 14 15 16 18 19 20 22 23 25 28 31 33 37 38 45 47 48 50 54 55 56 57 58 60 61 62 64 65 66 74 75 76 78 80 81 82 83 84 85 86 87 88 89 90 91 92 93 95 97 99 5 9 24 29 30 40 44 49 52 53 63 71 77 79 94 96 17 27 34 43 59 68 70 72 73 98 7 21 32 35 41 42 46 51 67 69 36 39 26
0 95
0 81
1 13
1 5
2 22
3 34
3 46
3 6
4 99
8 15
8 76
10 43
11 70
12 72
13 83
13 41
14 82
15 56
15 55
16 74
16 22
16 7
16 88
16 85
18 84
18 26
18 27
19 35
19 97
20 78
22 57
22 79
23 51
25 99
28 59
31 64
31 61
31 45
33 79
33 38
37 78
37 80
38 69
47 50
47 96
48 54
48 69
54 67
54 39
56 61
56 51
56 21
58 61
58 73
60 17
62 81
64 32
64 99
65 29
66 24
66 82
74 36
74 44
75 93
75 44
78 7
81 70
81 89
82 84
82 87
83 36
86 87
86 77
87 42
89 29
90 68
91 9
91 71
92 26
92 98
92 17
97 53
97 27
97 72
9 29
24 73
29 46
29 36
29 59
30 40
30 63
40 27
49 27
52 27
53 94
96 59
27 36
43 69
68 26