8 4 10 13 5 16 9 18 23 12 24 27 21 29 7 30 32 6 33 34 36 2 37 3 39 15 19 40 1 41 20 42 26 43 44 0 45 46 17 22 47 31 48 49 50 51 52 53 54 55 25 56 57 58 59 60 61 62 63 64 65 66 67 28 38 68 11 69 70 71 72 73 74 14 75 76 77 78 79 35 80 81 82 83 84 85 86 87 88 89 90 91 92 93 94 95 96 97 98 99
8 10
8 67
4 65
4 45
10 51
13 5
13 92
13 95
5 18
5 83
16 18
9 27
9 76
18 24
23 56
23 12
12 69
12 43
24 48
24 76
27 72
21 94
21 30
29 7
29 58
7 48
7 34
32 6
32 84
33 50
33 54
34 65
34 97
36 60
36 83
2 61
37 63
37 3
39 19
15 49
19 71
40 1
40 91
1 73
1 83
41 77
41 63
41 20
20 85
42 57
26 48
43 75
44 0
44 95
44 68
0 98
0 53
46 78
46 17
46 22
17 49
17 52
47 31
47 77
47 94
31 82
49 56
50 72
52 74
53 66
55 56
55 25
25 65
57 63
58 62
59 94
59 72
60 80
61 76
64 79
66 96
67 28
67 38
28 82
11 88
70 99
71 95
14 86
77 89
78 93
78 90
79 35
35 97
35 81
84 85
86 88
86 99
87 97
93 99