0 2 4 7 8 13 15 16 19 21 23 26 28 34 35 39 40 42 43 44 46 47 50 53 54 55 58 61 64 65 66 68 72 74 76 77 79 80 82 83 85 88 90 97 98 1 3 9 11 14 17 20 22 27 30 31 33 36 41 51 57 59 69 70 84 86 89 91 95 96 12 18 24 32 48 56 60 62 75 78 87 92 93 10 25 37 45 49 52 94 38 63 67 71 73 81 99 5 29 6
0 76
2 69
2 98
4 51
4 7
7 73
7 70
8 83
13 89
13 97
15 66
16 27
16 37
16 69
19 37
21 18
21 82
23 14
26 46
28 81
28 41
28 69
34 24
34 12
34 95
34 94
35 76
39 42
39 33
40 88
40 87
42 20
42 18
43 46
44 94
44 66
46 3
47 32
47 64
47 9
50 88
50 29
50 52
53 62
53 25
54 29
55 3
55 66
58 71
61 78
65 83
68 37
72 91
74 24
76 30
77 30
79 12
80 62
82 86
82 85
82 12
82 83
83 25
85 57
90 94
98 60
1 30
1 86
3 52
3 78
9 38
11 20
14 17
17 6
22 57
27 91
31 94
36 75
36 96
51 63
51 84
59 37
84 49
84 78
84 5
89 95
89 96
96 48
48 71
48 56
48 81
56 92
60 67
92 6
92 38
92 10
93 99
93 67
45 29