0 1 3 5 2 4 6 7 8 9 10 11 12 15 13 14 16 17 18 19 20 21 22 23 24 25 26 27 28 29 30 31 32 33 34 35 36 37 38 39 40 41 42 43 44 45 46 47 48 49 50 51 52 53 54 55 56 57 58 59
0 6
0 16
0 1
3 5
3 4
5 11
2 8
6 7
6 8
8 9
8 12
8 55
9 10
9 27
10 14
10 28
11 17
11 13
11 29
12 15
12 30
15 33
13 31
14 32
16 17
16 34
17 35
18 19
19 20
20 21
21 22
22 23
23 24
24 44
24 25
25 26
26 51
26 27
28 52
35 38
35 36
35 37
38 39
39 40
40 41
41 42
42 43
43 49
44 45
45 48
45 46
46 47
49 50
52 53
53 54
54 57
55 56
57 58
58 59