1 0 2 3 4 5 6 7 8 9 10 11 12 13 14 15 16 17 18 19 20 21 22 23 24 25 26 27 28 29 30 31 32 33 34 35 36 37 38 39 40 41 42 43 44 45 46 47 48 49 50 51 52 53 54 55 56 57 58 59 60 61 62 63 64 65 66 67 68 69 70 71 72 73 74 75 76 77 78 79 80 81 82 83 84 85 86 87 88 89 90 91 92 93 94 95 96 97 98 99
1 35
1 17
1 96
1 88
0 65
2 79
2 60
3 86
4 70
4 77
5 29
6 41
7 94
7 30
8 29
9 76
9 69
10 53
10 76
11 47
11 32
12 18
12 38
12 90
13 32
14 37
14 38
14 41
14 66
15 32
16 64
16 74
16 23
17 48
17 65
17 91
18 52
19 48
20 58
20 74
20 63
21 23
22 42
24 36
25 80
25 72
25 82
26 67
27 71
28 79
28 56
29 51
29 67
30 84
31 58
32 71
32 93
33 88
34 45
34 47
36 58
36 98
37 63
37 43
38 59
39 84
40 52
41 70
41 89
42 60
44 47
45 78
46 56
48 84
49 51
50 78
51 83
53 62
53 72
54 61
54 68
55 65
55 93
56 67
57 90
59 79
60 75
61 73
61 93
61 95
62 83
66 86
66 94
74 92
75 87
77 99
81 93
84 97
85 97