0 5 21 23 25 26 27 1 8 15 28 29 30 2 3 13 31 32 33 34 35 36 4 9 14 37 38 39 40 41 42 6 12 43 44 45 7 46 47 48 22 49 50 51 52 53 54 10 18 55 56 57 11 58 59 60 61 62 63 16 64 65 66 67 68 69 20 24 70 71 72 73 74 75 17 76 77 78 79 80 81 19 82 83 84 85 86 87 88 89 90 91 92 93 94 95 96 97 98 99
0 5
0 23
0 21
5 41
21 7
21 19
21 10
23 15
23 14
25 91
25 47
25 65
26 27
26 83
27 87
27 37
27 49
27 97
1 15
1 8
8 22
15 24
15 6
15 20
28 95
29 94
29 38
30 36
30 40
30 33
30 88
2 13
2 3
3 35
13 22
13 16
31 45
32 57
33 51
34 70
4 9
4 14
9 53
14 11
38 54
39 66
39 69
40 55
41 62
42 85
42 80
6 12
43 45
43 88
44 95
46 51
48 67
48 78
22 17
49 54
49 64
50 60
52 62
54 89
10 18
10 56
55 61
56 58
56 93
57 74
11 59
59 96
59 79
60 75
62 92
62 91
62 82
63 67
66 80
66 84
68 93
69 73
69 71
69 76
24 98
70 86
71 88
72 84
74 98
75 83
17 78
77 85
80 94
81 87
19 84
84 90
86 92
88 99
95 99