1 0 3 4 5 2 6 7 8 9 10 11 12 13 14 15 16 17 18 19 20 21 22 23 24 25 26 27 28 29 30 31 32 33 34 35 36 37 38 39 40 41 42 43 44 45 46 47 48 49 50 51 52 53 54 55 56 57 58 59 60 61 62 63 64 65 66 67 68 69 70 71 72 73 74 75 76 77 78 79 80 81 82 83 84 85 86 87 88 89 90 91 92 93 94 95 96 97 98 99
1 70
0 98
0 59
3 71
3 19
4 77
4 95
5 71
2 33
6 87
6 27
6 36
7 83
8 95
9 98
10 88
10 66
10 32
11 22
11 74
11 45
12 38
12 62
12 26
13 63
14 93
14 76
15 82
16 77
16 25
17 50
17 83
18 91
18 25
18 99
20 56
20 51
20 85
21 72
22 70
23 38
23 88
24 60
26 57
26 49
26 78
27 86
27 80
28 55
28 82
29 54
29 90
29 42
30 82
31 94
31 88
32 44
33 71
34 91
34 73
35 46
35 67
36 41
37 62
39 43
40 44
43 90
43 47
43 60
44 81
46 96
48 73
50 87
52 86
53 90
53 80
53 72
53 58
53 55
56 79
57 98
58 77
61 77
62 72
63 66
64 76
65 77
65 67
65 89
68 82
69 82
71 77
73 97
74 86
74 85
75 78
83 84
87 93
92 95