0 26 88 20 30 33 74 36 76 80 83 34 24 41 89 86 55 45 64 56 18 10 43 9 98 4 66 71 79 22 73 72 81 91 29 6 7 87 59 99 62 65 52 75 39 69 77 23 25 11 14 47 1 32 70 8 96 21 16 3 63 12 13 31 94 53 5 60 54 48 57 38 51 28 78 93 84 50 61 58 19 37 85 35 27 46 90 40 15 2 92 97 49 82 44 42 67 68 17 95
0 13
0 70
26 85
26 21
88 91
88 57
20 98
30 83
33 42
33 77
74 66
74 35
36 69
76 95
76 15
80 43
83 69
83 38
83 17
34 4
34 97
34 89
24 55
41 9
41 64
86 69
55 82
55 61
55 39
45 49
56 44
18 16
10 81
43 47
43 99
43 44
43 28
9 7
98 46
98 40
4 68
4 84
4 23
71 68
79 69
22 27
73 97
73 12
72 25
81 32
91 11
91 69
91 15
29 78
29 77
6 75
7 92
87 23
59 70
99 95
99 37
62 65
62 95
52 38
75 51
69 92
77 35
23 96
23 31
23 53
23 8
25 82
11 49
11 68
11 27
14 31
47 46
47 1
1 2
1 67
32 84
70 27
96 5
21 50
16 42
3 68
63 51
94 84
60 19
54 15
54 85
48 93
38 93
51 93
84 61
84 35
84 19
58 85
46 90