1 0 2 3 4 5 6 7 8 9 10 11 12 13 14 15 16 17 18 19 20 21 22 23 24 25 26 27 28 29 30 31 32 33 34 35 36 37 38 39 40 41 42 43 44 45 46 47 48 49 50 51 52 53 54 55 56 57 58 59 60 61 62 63 64 65 66 67 68 69 70 71 72 73 74 75 76 77 78 79 80 81 82 83 84 85 86 87 88 89 90 91 92 93 94 95 96 97 98 99
1 99
0 63
0 69
2 6
2 83
3 41
3 99
4 78
4 71
4 96
5 62
7 55
8 20
9 22
9 50
10 55
10 43
11 84
11 38
12 44
13 35
13 62
13 70
14 32
15 55
15 66
16 78
16 72
16 68
17 32
18 74
19 87
19 30
19 47
20 38
20 64
20 82
21 31
21 55
22 24
22 97
23 72
23 42
24 71
25 47
26 99
26 65
27 43
28 66
29 33
30 61
30 48
30 92
31 45
32 50
33 78
34 63
34 76
35 75
36 67
37 40
39 62
39 45
39 56
40 68
43 94
43 98
44 88
45 64
46 76
48 91
49 91
50 81
50 60
50 99
51 97
51 93
52 70
52 86
53 55
54 93
57 74
57 67
58 93
58 69
59 85
59 65
60 62
60 73
64 95
66 77
67 81
69 80
71 83
75 88
79 99
80 87
89 96
90 96