0 11 28 33 44 47 74 85 97 70 1 5 15 42 92 80 2 10 23 25 34 57 66 68 76 86 91 95 38 3 20 63 83 98 24 54 4 7 16 90 26 75 99 17 53 6 37 60 61 93 94 19 21 59 82 87 96 8 9 13 12 22 56 62 65 78 88 45 50 71 14 27 46 58 72 51 30 48 84 18 29 40 31 32 79 35 52 39 55 67 36 81 69 89 64 77 43 49 73 41
0 85
11 85
11 25
11 50
28 71
28 86
28 45
28 17
33 43
33 65
33 88
33 60
44 56
47 57
47 90
47 67
74 23
74 36
85 97
85 41
85 59
97 22
97 76
97 58
70 64
1 92
1 5
5 99
5 26
15 31
15 2
15 80
42 76
42 98
92 49
92 6
80 35
80 48
2 34
2 57
10 78
23 82
34 8
57 62
66 45
66 14
66 29
68 21
68 55
91 49
91 4
91 95
95 32
38 8
38 73
3 63
20 19
63 56
63 18
63 79
83 30
24 52
24 93
24 77
54 56
7 21
7 82
16 40
90 96
75 32
99 61
99 51
17 19
53 43
53 46
6 37
6 94
37 84
94 82
19 52
19 81
21 45
59 46
59 55
87 77
96 36
9 56
9 65
13 84
13 30
12 27
56 39
78 72
27 40
72 79
72 89
40 36
31 64
35 69