0 61 93 36 97 76 98 44 80 99 62 64 18 87 20 27 75 54 4 41 88 59 68 74 24 19 12 35 7 15 39 55 34 8 2 51 58 86 37 5 22 89 82 21 67 60 73 91 63 14 94 53 47 56 52 33 40 96 30 43 16 83 1 69 11 46 10 38 31 49 71 6 81 13 84 90 66 72 45 48 85 70 3 95 77 78 28 79 65 92 25 50 57 42 17 26 29 9 23 32
0 99
61 64
93 59
93 36
97 41
97 4
97 67
76 81
76 21
98 30
98 17
98 57
44 69
80 66
80 65
80 33
99 27
99 16
99 8
99 62
64 22
64 18
87 42
20 27
20 54
27 51
75 85
75 91
41 88
41 45
88 24
88 25
88 48
88 50
59 24
68 91
68 69
68 32
74 84
24 46
24 58
19 92
19 42
19 34
12 13
12 16
35 49
35 71
7 82
7 40
15 66
39 95
39 86
55 5
55 52
55 79
55 56
2 72
51 53
86 5
37 65
22 6
22 94
89 78
89 63
89 46
89 90
82 6
60 73
60 77
73 16
73 91
91 28
63 38
63 3
63 94
14 90
94 84
94 96
94 1
94 23
47 17
96 30
30 43
16 84
83 25
1 72
69 92
69 11
69 65
10 38
38 49
38 31
81 13
81 9
13 29
85 95
70 42
25 26