0 27 29 31 32 33 36 37 38 39 40 41 43 44 47 49 54 55 57 65 66 74 75 80 86 94 97 99 1 28 34 48 50 59 62 63 67 73 76 78 79 82 96 98 2 30 35 42 45 51 52 60 68 69 83 84 3 58 72 4 46 53 61 70 87 88 90 92 95 5 56 64 77 85 89 91 6 7 71 81 93 8 9 10 11 12 13 14 15 16 17 18 19 20 21 22 23 24 25 26
0 37
27 34
27 13
29 7
29 39
29 42
31 58
31 2
31 49
31 87
32 67
32 37
32 16
32 47
33 41
33 4
36 17
36 83
37 93
38 70
38 48
39 59
39 81
39 50
39 25
40 76
40 65
40 61
43 8
43 24
43 45
44 14
47 59
47 64
47 30
47 54
49 83
49 60
49 53
49 55
49 69
55 63
55 56
57 18
57 80
66 77
66 2
66 88
74 48
74 94
75 90
75 13
86 92
94 61
97 5
99 17
99 62
1 59
28 6
28 81
34 23
34 78
48 26
48 6
50 52
50 23
50 96
59 24
62 95
67 72
73 83
79 26
79 3
79 91
82 90
98 23
30 19
35 8
35 17
51 70
52 21
60 68
68 14
68 92
84 26
4 53
46 21
53 18
53 5
53 11
61 20
5 85
56 12
64 22
64 10
85 89
89 9
89 15
71 16