0 1 36 44 45 46 47 48 49 50 51 52 53 54 55 56 57 58 59 60 61 62 63 64 65 66 67 68 69 70 71 72 73 74 75 76 77 78 79 80 81 82 83 84 85 86 87 88 89 90 91 92 93 94 95 96 97 98 99 2 25 15 3 24 4 41 43 5 22 26 6 13 35 7 8 34 18 12 9 30 42 10 39 40 11 38 20 27 14 16 31 23 17 21 19 37 29 28 33 32
0 45
0 77
0 81
0 55
0 64
0 51
0 60
0 63
0 76
0 49
0 69
0 54
0 52
0 58
0 44
0 48
0 66
0 53
0 70
0 71
0 50
0 61
0 47
0 67
0 78
0 73
0 74
0 72
0 80
0 62
0 75
0 68
0 79
1 99
1 87
1 94
1 86
1 93
1 98
1 90
1 82
1 88
1 83
1 92
1 91
1 95
36 76
46 3
47 4
48 5
49 6
50 7
51 8
52 9
54 11
55 13
56 14
57 15
58 16
59 17
60 18
61 19
62 20
63 21
64 22
65 23
66 24
67 25
68 28
69 29
70 30
71 31
72 32
73 33
74 34
75 35
77 38
78 39
79 40
80 41
81 42
82 2
83 3
84 4
85 6
88 10
89 11
90 12
92 14
93 16
94 17
96 20
97 21
98 23
15 6
43 17
5 26
27 29
19 37