0 57 87 8 91 60 75 99 36 68 35 53 84 3 61 25 80 96 54 9 92 77 81 39 19 14 23 64 16 63 88 33 26 42 22 72 97 15 71 44 1 90 86 56 45 67 7 37 98 2 13 30 50 69 11 95 4 18 20 6 66 34 74 65 21 5 17 51 58 38 79 55 85 40 73 82 52 10 83 41 47 12 94 43 28 49 27 78 31 76 89 93 24 46 32 29 48 62 59 70
0 10
0 59
0 16
57 71
57 69
57 40
87 5
87 70
8 37
91 42
60 81
75 51
75 39
99 56
99 6
36 51
68 45
68 83
68 47
35 85
53 20
84 63
84 69
3 83
61 6
61 30
25 80
25 66
80 54
96 67
9 12
9 82
92 17
77 47
81 95
39 85
39 46
19 79
14 56
23 85
64 41
64 18
63 45
88 44
33 76
26 31
42 98
42 78
22 78
72 40
72 90
97 7
97 49
15 85
71 43
71 30
71 76
44 6
44 24
1 83
86 66
86 32
56 31
56 73
67 41
67 93
67 95
67 29
37 49
37 48
98 51
2 4
13 21
50 10
50 94
69 93
11 89
4 43
20 85
66 27
34 59
74 93
74 49
74 85
65 85
21 94
5 59
5 17
17 27
58 52
58 62
58 40
38 32
79 10
79 82
55 32
82 93
28 62
89 62