0 68 35 73 74 75 76 77 78 79 80 81 82 83 84 85 86 87 88 89 90 91 92 93 94 95 96 97 98 99 1 15 2 49 70 3 50 11 8 4 34 46 5 21 43 6 17 67 59 7 18 29 32 23 55 9 64 10 19 24 53 12 72 13 45 39 14 58 16 63 60 47 66 71 20 22 31 44 25 26 38 27 28 56 30 33 54 36 41 37 48 52 40 42 62 65 51 61 57 69
0 81
0 88
0 87
0 99
0 84
0 85
0 76
0 91
0 92
0 80
0 83
0 82
0 95
0 78
0 73
0 94
0 93
0 89
0 74
0 75
0 90
0 86
0 97
0 79
0 98
0 77
0 68
68 63
68 61
35 93
73 1
74 3
76 7
77 8
78 9
79 10
80 13
81 15
82 16
83 17
84 18
85 19
86 21
87 22
88 24
89 27
90 28
91 29
92 31
94 36
95 38
96 39
97 40
98 42
99 44
2 49
2 70
70 18
70 25
70 30
3 50
11 53
11 24
8 55
8 32
4 46
4 34
34 33
46 30
5 43
43 28
6 59
6 67
17 47
59 27
59 58
59 57
23 44
55 54
9 64
19 71
12 72
72 58
13 39
13 45
39 52
14 58
16 60
47 65
47 20
66 56
26 38
38 37
28 56
36 41
41 62
37 48
65 69
51 61