0 1 2 3 4 5 6 7 8 9 10 11 12 13 14 15 16 17 18 19 20 21 22 23 24 25 26 27 28 29 30 31 32 33 34 35 36 37 38 39 40 41 42 43 44 45 46 47 48 49 50 51 52 53 54 55 56 57 58 59 60 61 62 63 64 65 66 67 68 69 70 71 72 73 74 75 76 77 78 79 80 81 82 83 84 85 86 87 88 89 90 91 92 93 94 95 96 97 98
0 1
0 5
0 34
1 35
2 23
2 10
2 38
3 6
3 39
4 20
4 19
5 32
5 29
5 44
5 43
6 28
6 23
6 46
7 13
7 48
7 47
8 10
8 49
9 20
9 17
9 52
9 51
10 21
10 53
10 54
11 14
11 22
11 56
12 13
12 14
12 58
12 57
13 59
13 60
14 20
14 27
14 61
14 62
15 32
15 26
15 30
15 64
16 18
16 27
16 65
16 66
17 68
17 67
18 69
19 31
19 24
19 71
19 72
20 73
21 32
21 76
22 78
22 77
23 80
24 29
25 31
25 83
25 84
26 85
27 87
27 88
28 89
28 90
29 92
29 91
31 96
31 95
32 97
32 98
33 35
34 36
37 39
38 40
41 43
42 44
45 47
50 52
53 55
61 63
70 72
73 75
74 76
77 79
81 83
82 84
86 88
93 95
94 96