1 0 2 3 4 5 6 7 8 9 10 11 12 13 14 15 16 17 18 19 20 21 22 23 24 25 26 27 28 29 30 31 32 33 34 35 36 37 38 39 40 41 42 43 44 45 46 47 48 49 50 51 52 53 54 55 56 57 58 59 60 61 62 63 64 65 66 67 68 69 70 71 72 73 74 75 76 77 78 79 80 81 82 83 84 85 86 87 88 89 90 91 92 93 94 95 96 97 98 99
1 35
0 46
2 92
3 10
4 5
4 6
5 73
7 25
8 9
8 95
10 11
10 49
10 28
10 31
10 23
11 51
12 13
13 28
14 94
14 15
16 17
16 50
18 25
18 87
19 69
20 60
21 83
22 95
23 37
24 49
25 26
25 54
26 57
26 58
26 27
26 68
27 76
29 87
29 30
30 55
31 93
31 32
33 76
34 41
35 42
36 39
38 39
39 40
40 47
40 79
41 44
41 76
41 42
43 47
43 63
44 45
45 81
45 69
45 50
46 70
46 47
46 98
47 48
47 66
48 61
49 82
50 83
52 53
52 88
53 54
53 73
54 99
56 57
58 59
59 84
59 60
60 92
60 89
61 62
62 77
63 64
64 65
65 94
66 91
66 67
70 71
71 72
73 95
74 75
75 76
76 93
78 79
79 80
84 85
86 87
89 90
91 92
95 96
96 97