22 72 43 28 52 2 38 26 41 96 65 25 36 87 44 1 59 79 55 29 80 95 17 33 12 15 93 39 83 71 97 34 70 37 62 82 5 40 60 27 69 18 85 7 32 54 24 66 73 48 50 3 78 68 42 16 11 21 90 8 63 4 98 20 45 89 46 51 84 30 35 10 57 6 49 9 58 88 81 64 76 75 47 86 56 94 74 14 67 13 61 31 91 77 53 92 0 99 19 23
22 20
22 57
22 76
72 57
43 27
28 29
28 95
28 99
28 1
28 80
28 91
52 3
2 36
2 48
38 6
26 3
41 86
41 68
41 3
41 71
96 82
65 16
25 82
25 93
36 60
36 19
36 88
87 89
87 58
44 70
1 3
59 95
79 61
79 11
55 39
55 68
80 8
17 63
17 84
17 27
33 98
33 23
12 58
15 93
39 76
83 89
83 98
71 89
71 4
97 6
34 53
34 49
70 5
70 6
37 68
62 82
82 0
82 68
82 94
40 48
40 7
60 32
69 45
69 94
69 13
18 86
85 10
7 77
32 81
54 61
24 21
24 6
66 6
73 81
50 78
3 42
78 68
78 6
16 76
21 67
21 10
90 58
63 77
63 14
20 47
46 57
46 61
46 92
51 74
51 61
30 53
35 88
57 31
9 14
81 53
81 75
81 31
64 56
64 23