0 15 25 26 27 1 17 18 28 29 30 2 19 31 32 33 3 6 34 35 36 4 10 37 38 39 5 40 41 42 12 43 44 45 7 13 46 47 48 8 49 50 51 9 52 53 54 55 56 57 11 58 59 60 16 61 62 63 64 65 66 14 20 67 68 69 23 70 71 72 73 74 75 76 77 78 21 24 79 80 81 82 83 84 85 86 87 88 89 90 22 91 92 93 94 95 96 97 98 99
0 15
0 25
15 19
15 23
25 65
26 56
27 57
27 43
1 17
1 18
17 14
17 6
17 77
18 4
18 21
18 24
18 8
28 91
29 34
30 96
2 19
19 9
19 10
31 97
32 84
33 55
33 68
33 53
3 6
3 36
6 12
34 71
34 44
34 82
34 94
35 44
4 10
4 38
4 37
10 5
37 45
39 56
5 42
40 84
40 82
40 58
41 89
41 67
41 90
12 11
12 16
44 97
7 13
13 16
13 64
46 50
46 84
47 52
47 96
47 78
48 70
48 60
48 69
49 94
49 99
49 57
50 56
51 73
52 76
53 67
53 63
54 70
55 80
58 93
59 63
59 81
60 85
60 98
16 75
61 71
62 76
64 74
66 92
66 73
14 20
14 68
20 87
67 73
71 86
72 87
75 76
78 91
24 22
24 97
79 89
80 95
83 95
88 90
91 98