0 1 2 3 4 5 6 7 8 9 10 11 12 13 14 15 16 17 18 19 20 21 22 23 24 25 26 27 28 29 30 31 32 33 34 35 36 37 38 39 40 41 42 43 44 45 46 47 48 49 50 51 52 53 54 55 56 57 58 59 60 61 62 63 64 65 66 67 68 69 70 71 72 73 74 75 76 77 78 79 80 81 82 83 84 85 86 87 88 89 90 91 92 93 94 95 96 97 98
0 48
1 85
1 19
2 89
3 91
4 33
4 63
4 60
4 85
5 60
5 45
5 20
6 12
6 87
7 48
8 46
8 22
8 61
8 72
9 66
10 44
11 66
11 61
11 73
13 78
13 75
14 82
14 19
14 27
15 77
15 38
16 51
16 81
17 64
18 81
18 36
18 84
19 23
21 32
21 94
21 65
22 91
23 69
24 63
25 63
25 95
26 67
28 98
29 52
30 38
31 62
31 34
31 50
31 86
32 48
33 93
34 83
35 94
36 55
37 92
39 88
39 59
40 91
41 87
41 94
42 60
43 87
44 64
44 94
44 96
46 78
46 62
47 77
49 70
49 64
49 76
50 59
50 63
51 54
52 93
53 75
55 57
56 72
57 98
58 72
61 77
63 68
63 94
63 92
65 89
66 97
66 71
67 86
74 86
79 86
80 81
80 93
90 95