0 1 2 3 5 4 10 12 13 16 6 7 9 8 11 14 15 18 17 21 23 27 25 30 19 32 22 33 20 24 26 28 29 31 34 35 36 39 41 40 42 37 38 43 44 45 54 46 48 51 47 49 50 52 61 53 55 56 59 57 58 60 65 66 63 62 64 67 68 73 70 69 72 71 76 77 78 74 75 81 88 79 82 80 84 83 85 87 89 86 91 99 90 93 92 94 95 96 97 98
0 1
1 3
2 5
3 10
3 4
5 6
4 16
10 14
10 9
12 18
13 17
6 7
6 9
7 8
11 15
14 17
15 23
15 27
18 32
18 19
18 30
17 23
21 23
21 20
23 25
27 29
27 28
25 24
25 26
19 22
19 33
32 31
22 24
33 34
34 36
34 39
35 40
36 42
41 40
40 42
42 43
37 38
38 43
43 44
44 54
44 45
45 51
45 48
45 46
48 47
51 49
49 50
50 52
52 61
52 53
52 55
61 63
55 56
55 59
56 57
59 65
58 60
60 66
65 67
65 66
63 62
62 64
67 70
68 70
73 78
73 69
70 71
70 76
69 72
72 71
76 74
76 77
76 88
76 81
77 79
74 75
81 80
88 87
79 82
82 84
84 85
83 85
85 86
87 89
86 91
91 90
99 97
90 94
90 92
93 92
94 96
94 95
96 97
97 98