0 3 6 8 9 13 14 16 21 25 26 36 46 52 53 54 55 57 65 66 67 71 72 76 80 81 88 89 1 2 4 10 15 19 22 23 28 31 35 38 44 49 50 51 63 64 68 70 75 77 82 96 98 7 32 33 40 41 48 60 62 73 90 5 12 17 39 47 58 78 85 93 97 27 45 79 83 87 94 11 20 37 42 59 61 69 95 30 43 24 84 86 91 92 99 74 34 29 56 18
0 57
0 88
3 76
6 15
8 13
9 32
9 33
13 7
14 72
14 41
16 4
21 94
21 22
25 63
25 31
26 1
36 5
36 61
46 1
46 81
52 50
53 65
54 80
54 81
55 90
55 22
57 86
57 87
65 63
65 22
65 67
66 59
66 68
71 56
71 17
72 45
72 74
76 35
76 89
81 15
1 19
2 93
4 48
4 27
10 35
15 96
15 58
19 79
22 75
23 87
23 99
28 7
28 74
28 35
35 18
38 62
44 45
49 24
49 85
50 92
50 48
50 20
50 83
51 58
64 34
68 97
70 32
70 77
75 95
77 69
77 98
82 47
82 48
82 56
96 56
98 7
98 84
40 91
60 78
62 85
73 45
73 30
90 93
90 78
5 69
12 99
39 69
58 86
85 92
85 37
93 86
93 29
27 84
27 91
45 43
11 18
37 34
42 59
59 34