0 1 2 3 4 5 8 9 6 7 10 11 13 12 17 14 15 16 18 21 22 19 20 23 26 28 29 27 25 24 35 31 34 32 33 30 36 39 37 38 40 41 44 43 47 46 42 45 53 48 52 49 50 51 58 59 56 57 54 55 63 60 64 61 62 65 67 68 69 70 71 66 72 74 75 77 76 73 81 80 78 83 82 79 87 88 84 85 86 89 90 91 92 93 94 95 96 99 97 98
0 5
0 3
0 2
0 1
4 8
5 9
5 8
9 6
6 11
6 7
6 10
10 17
11 15
13 12
12 15
12 16
12 14
14 22
18 22
18 20
18 26
18 23
21 19
19 25
26 25
26 27
28 27
28 29
27 32
25 24
35 34
35 36
31 36
31 30
32 33
32 30
36 40
36 37
36 39
36 38
40 46
41 47
44 53
43 48
47 53
46 53
46 42
42 45
53 48
48 52
48 50
48 49
52 56
50 51
58 54
59 63
59 55
56 54
57 54
54 64
54 61
54 55
60 62
60 61
60 65
60 67
67 66
67 68
67 71
68 74
69 70
69 75
70 66
66 72
72 77
77 82
76 78
73 83
81 78
80 87
78 83
78 82
78 79
83 88
87 84
88 84
84 90
84 89
84 86
84 85
90 91
90 95
91 96
92 97
93 99
94 99
96 99
96 98
96 97