0 16 37 38 39 40 41 42 43 44 45 46 47 48 49 50 51 52 53 54 55 56 57 58 59 60 61 62 63 64 65 66 67 1 29 24 68 69 70 71 72 73 74 75 76 77 78 79 80 81 82 83 84 85 86 87 88 89 90 2 9 91 92 93 94 95 96 97 98 99 3 15 6 4 18 21 34 11 5 22 30 13 17 28 8 7 33 10 12 32 14 23 35 19 20 26 36 25 27 31
0 64
0 53
0 41
0 67
0 56
0 51
0 39
0 40
0 46
0 44
0 38
0 45
0 48
0 55
0 63
0 57
0 49
0 65
0 61
0 59
0 60
0 42
0 66
0 47
0 50
0 43
16 51
37 1
39 3
40 4
41 5
43 7
44 9
46 11
48 13
49 14
50 15
52 17
53 18
54 19
55 20
56 23
57 24
58 25
59 27
60 28
61 29
62 30
65 34
66 35
67 36
1 84
1 70
1 69
1 86
1 83
1 68
1 73
1 85
1 88
1 75
1 71
1 80
1 82
1 89
1 74
1 81
1 87
1 78
69 6
70 8
72 10
73 11
76 14
77 15
78 17
79 18
80 19
81 21
82 22
83 25
84 26
86 30
87 31
88 32
90 35
2 98
2 95
2 94
2 96
2 91
2 99
2 97
2 93
92 4
96 10
98 12
99 13
33 19