0 1 2 3 4 5 6 7 8 9 10 11 12 13 14 15 16 17 18 19 20 21 22 23 24 25 26 27 28 29 30 31 32 33 34 35 36 37 38 39 40 41 42 43 44 45 46 47 48 49 50 51 52 53 54 55 56 57 58 59 60 61 62 63 64 65 66 67 68 69 70 71 72 73 74 75 76 77 78 79 80 81 82 83 84 85 86 87 88 89 90 91 92 93 94 95 96 97 98
0 31
0 9
0 34
1 19
1 35
2 19
2 38
3 9
3 39
4 20
4 16
4 11
4 27
4 41
5 25
5 44
6 25
7 25
7 48
7 47
8 13
8 50
8 49
9 52
10 29
10 54
10 53
11 15
11 17
11 19
11 22
12 18
12 31
12 58
13 24
13 32
13 59
13 60
14 18
14 21
14 62
15 29
15 63
16 26
16 25
16 66
17 24
17 23
17 67
17 68
18 28
18 69
18 70
21 22
21 75
21 76
22 77
23 80
24 81
25 84
25 83
26 30
26 86
26 85
27 87
28 90
28 89
29 92
29 91
30 94
31 95
32 97
32 98
33 35
34 36
37 39
38 40
41 43
42 44
45 47
46 48
49 51
53 55
54 56
57 59
61 63
62 64
65 67
69 71
70 72
73 75
74 76
77 79
78 80
82 84
86 88
93 95
94 96