0 1 10 11 2 22 20 12 21 3 13 23 33 32 31 30 4 14 24 34 43 42 41 40 44 50 94 95 49 59 5 52 74 75 47 57 25 54 55 45 9 8 7 6 19 29 39 18 27 17 16 15 28 38 48 26 36 37 35 46 98 99 88 89 97 77 79 87 78 69 68 67 66 76 86 96 85 65 56 58 90 91 92 80 70 81 72 93 84 82 83 60 51 61 71 63 64 53 73 62
0 10
1 2
10 20
11 22
2 3
22 32
20 30
12 13
21 31
3 4
13 14
23 24
33 43
32 42
31 41
30 40
4 14
14 24
24 34
34 44
34 35
43 42
43 44
42 41
41 40
44 45
50 60
50 51
94 93
94 84
95 85
95 96
49 48
59 58
59 69
5 15
52 62
52 53
52 51
74 73
74 64
74 84
75 85
75 65
75 76
47 46
47 37
47 48
57 56
57 58
57 67
25 35
25 26
25 15
54 55
54 64
55 45
55 65
55 56
45 46
9 19
8 18
7 17
6 16
19 18
29 27
39 38
18 27
27 37
27 36
27 17
16 15
28 38
38 48
98 97
98 99
88 77
89 79
97 96
77 67
79 69
87 86
78 68
68 58
66 65
86 85
90 91
90 80
91 92
91 81
92 82
70 71
72 71
72 73
72 62
72 82
72 63
93 83
60 61