0 1 2 3 5 7 13 16 17 27 39 42 46 52 56 78 84 85 88 92 99 12 28 49 73 79 94 9 11 14 22 23 31 33 44 57 66 72 4 25 38 45 48 65 67 76 77 86 35 41 55 62 71 75 93 6 15 19 26 32 50 70 10 20 21 37 53 61 97 8 24 54 59 69 89 96 29 51 81 91 43 60 90 95 34 30 47 58 68 80 18 98 36 40 63 64 87 83 82 74
0 46
1 94
1 73
2 33
2 31
3 79
3 48
5 49
5 19
5 70
7 59
7 69
13 57
16 62
17 27
17 36
27 70
27 31
27 50
39 67
39 74
39 91
42 22
42 14
46 84
46 75
52 41
56 77
56 53
78 54
84 94
85 22
88 64
92 48
92 54
92 90
99 81
12 57
12 9
28 47
49 97
49 67
49 57
73 61
79 10
79 65
79 30
94 40
9 44
9 60
11 95
14 47
14 4
22 83
23 34
44 26
57 58
66 35
66 68
72 81
72 53
4 93
25 77
25 18
38 89
38 61
38 47
45 53
45 29
48 61
65 8
65 6
67 96
76 32
77 82
86 37
86 61
35 98
41 61
55 32
55 83
62 21
62 91
71 59
71 58
6 97
15 26
19 34
70 24
20 53
37 64
53 80
97 63
24 43
29 51
91 87
95 40
47 98
18 36