0 1 2 3 4 5 6 7 8 9 10 11 12 13 14 15 16 17 18 19 20 21 22 23 24 25 26 27 28 29 30 31 32 33 34 35 36 37 38 39 40 41 42 43 44 45 46 47 48 49 50 51 52 53 54 55 56 57 58 59 60 61 62 63 64 65 66 67 68 69 70 71 72 73 74 75 76 77 78 79 80 81 82 83 84 85 86 87 88 89 90 91 92 93 94 95 96 97 98 99
0 22
1 67
2 53
2 99
3 93
4 19
5 19
5 92
5 57
5 79
6 59
6 65
7 18
8 37
8 84
9 53
9 81
9 90
10 90
10 93
11 99
12 22
13 77
13 18
14 76
14 46
14 49
15 86
16 71
17 43
18 74
19 50
19 73
20 58
21 59
22 83
22 98
23 67
24 90
25 82
26 37
27 31
27 65
28 89
29 94
29 62
30 65
31 62
32 75
32 49
33 40
34 98
34 64
35 74
36 95
37 51
37 52
38 58
39 97
39 45
40 90
41 46
42 97
43 71
43 94
44 68
44 93
45 61
47 97
48 89
49 62
50 70
51 79
52 96
52 82
52 86
53 86
53 76
54 68
55 59
56 63
56 66
56 65
58 89
58 78
60 64
62 80
64 69
67 68
68 97
69 75
70 91
72 90
72 87
72 95
77 81
78 85
85 93
88 93