0 2 5 10 13 18 19 22 23 24 33 38 39 43 44 45 49 52 73 78 80 82 94 98 1 11 14 17 25 35 41 51 53 63 64 72 77 88 96 7 15 21 27 30 32 36 46 50 55 56 61 65 68 70 74 75 79 92 99 3 8 16 29 31 34 47 48 59 66 83 86 91 93 97 4 6 20 54 57 60 69 26 37 42 81 85 87 62 76 90 95 9 40 89 67 12 58 71 84 28
0 10
0 19
0 33
2 78
5 51
10 17
10 32
10 71
13 61
18 75
19 15
19 22
19 79
19 93
22 20
23 53
23 20
23 59
24 17
24 96
24 73
33 68
38 99
38 97
39 65
43 60
43 48
44 70
45 54
45 31
45 76
45 7
45 72
45 83
49 46
49 85
52 11
52 71
78 65
78 14
80 27
80 77
80 12
82 34
82 28
94 28
94 85
94 90
94 7
98 63
98 3
98 61
1 96
25 85
25 56
25 91
35 34
41 79
51 29
51 79
64 93
77 88
88 96
96 60
96 40
96 30
7 57
15 37
15 8
15 87
21 37
27 81
27 92
36 4
36 67
36 9
50 20
50 58
55 60
61 16
61 87
65 16
65 95
68 42
70 6
74 62
75 93
99 93
99 84
29 67
47 93
66 9
86 20
91 26
91 62
93 76
6 76
69 37
76 89