1 0 2 3 4 5 6 7 8 9 10 11 12 13 14 15 16 17 18 19 20 21 22 23 24 25 26 27 28 29 30 31 32 33 34 35 36 37 38 39 40 41 42 43 44 45 46 47 48 49 50 51 52 53 54 55 56 57 58 59 60 61 62 63 64 65 66 67 68 69 70 71 72 73 74
1 39
1 49
1 59
1 69
1 0
1 36
1 46
1 56
1 66
0 24
0 3
0 4
0 5
0 6
0 7
0 8
0 9
0 10
0 11
0 12
0 13
0 14
0 15
0 16
0 17
0 18
0 19
0 20
0 21
0 22
0 23
0 25
0 26
0 27
0 28
0 29
0 30
0 38
0 48
0 58
0 68
0 2
3 35
3 45
3 55
3 65
3 74
3 34
3 44
3 54
3 64
3 73
3 72
3 41
3 71
11 32
11 42
11 52
11 62
14 31
14 51
14 61
24 33
24 43
24 53
24 63
29 40
29 50
29 60
29 70
35 37
35 47
35 57
35 67