0 12 33 8 95 9 1 30 50 2 38 64 14 20 39 75 63 3 27 71 94 51 4 84 60 35 55 5 92 13 34 6 17 29 74 37 7 72 45 58 11 23 77 10 83 41 43 82 56 19 73 96 47 15 28 93 44 18 16 52 98 97 49 46 25 32 54 86 31 21 88 70 24 22 61 99 87 81 80 26 78 65 89 90 91 76 42 40 67 62 66 48 36 68 53 85 57 79 59 69
0 8
0 98
0 12
12 84
12 5
33 70
8 21
8 75
95 76
95 18
95 17
9 69
9 27
1 78
30 10
50 80
50 82
2 58
38 68
64 23
64 76
64 67
64 61
14 99
14 96
20 35
39 41
39 74
75 86
63 52
63 56
3 25
3 16
27 17
27 89
71 34
94 41
51 55
4 35
4 55
84 46
60 31
60 21
35 48
55 57
55 43
5 92
5 13
92 77
13 19
34 43
6 29
6 54
17 10
17 37
17 97
37 45
37 42
7 58
7 11
72 21
45 85
58 91
58 41
23 99
23 81
10 90
10 57
83 49
83 99
41 67
82 53
82 62
73 32
73 68
47 22
15 28
15 93
15 44
93 54
44 24
18 46
16 26
52 22
52 88
46 87
32 86
54 26
88 59
70 89
70 40
99 26
81 79
26 65
78 62
65 66
66 36
48 59
68 53