0 27 11 57 1 2 3 4 5 6 7 8 9 10 12 13 14 15 16 17 18 19 20 21 22 23 24 25 26 28 29 30 31 32 33 34 35 36 37 38 39 40 41 42 43 44 45 46 47 48 49 50 51 52 53 54 55 56 58 59 60 61 62 63 64 65 66 67 68 69 70 71 72 73 74 75
0 47
0 35
0 43
0 58
0 48
0 49
0 68
0 65
0 13
0 29
0 40
0 11
0 39
0 27
0 63
0 12
0 1
0 28
0 26
0 6
0 67
0 55
0 62
0 64
0 41
0 14
0 46
0 2
0 75
0 57
0 16
0 34
57 44
1 19
1 31
2 10
2 4
3 43
3 61
5 43
5 69
7 74
8 50
8 23
9 37
10 53
12 51
13 37
15 39
17 71
18 19
19 45
20 33
21 60
22 64
23 47
23 60
24 53
25 32
25 73
25 36
28 66
30 39
33 64
35 52
35 42
36 64
38 71
38 39
42 59
45 54
46 72
50 56
51 70
68 74