0 60 9 1 8 2 16 75 31 56 74 3 98 64 7 77 4 63 5 49 48 6 57 46 11 40 38 92 14 23 78 50 10 72 87 93 12 19 94 58 82 13 27 47 90 35 26 53 15 20 67 59 24 17 43 34 18 30 22 69 84 21 91 76 25 51 32 97 28 83 29 88 36 42 33 85 54 71 55 73 37 65 39 41 70 96 80 44 86 45 95 61 62 52 66 68 89 79 81 99
0 60
60 92
9 50
1 8
8 92
2 56
16 67
16 59
75 69
31 90
31 25
31 28
56 80
56 92
56 42
74 6
74 39
3 98
3 77
3 7
98 58
98 88
98 92
64 65
7 38
77 67
4 63
63 29
5 49
5 48
49 96
6 46
6 57
6 11
57 73
46 71
40 83
92 82
92 93
92 81
14 19
14 35
23 91
78 72
50 68
50 76
10 72
72 53
72 21
87 91
93 86
93 84
12 19
94 62
94 89
58 27
58 35
58 22
82 91
13 27
27 97
47 88
47 51
90 52
90 41
90 30
26 67
53 86
15 20
20 69
20 84
24 76
17 43
43 80
34 76
34 55
18 30
84 66
91 89
91 95
91 99
32 42
97 54
83 95
29 88
88 61
36 73
33 71
85 37
54 45
73 79
37 65
65 99
41 70
96 52
44 86
52 89
68 99
79 99