0 80 82 89 92 1 11 29 33 70 78 2 37 3 52 61 63 4 21 71 5 7 53 59 79 95 6 8 66 64 99 35 83 9 16 62 69 10 13 58 81 23 24 41 60 12 22 25 28 43 68 14 74 15 48 98 18 31 67 17 40 42 50 56 57 19 34 47 20 36 39 45 46 55 90 26 97 27 85 96 30 32 73 54 49 51 38 77 88 93 84 44 72 75 76 65 94 91 87 86
0 80
0 92
80 11
82 35
89 59
89 32
89 96
92 86
1 78
1 29
11 23
11 60
29 2
33 22
70 35
70 67
78 24
37 48
37 49
3 52
3 63
52 16
52 68
61 6
63 8
63 43
63 36
4 71
21 8
21 39
71 8
5 95
5 7
5 53
7 59
7 64
53 81
53 9
79 45
79 87
79 44
95 72
95 46
95 58
95 93
6 66
6 8
8 83
66 67
64 88
99 45
35 20
83 15
16 31
16 48
16 18
62 76
69 81
10 13
13 68
58 77
58 43
24 67
41 40
41 22
60 40
60 91
12 28
22 46
22 28
22 45
22 55
25 74
25 18
28 42
14 74
15 98
18 57
17 50
17 42
17 56
40 73
50 65
50 84
50 51
19 47
34 54
47 93
45 76
55 97
55 26
55 94
90 54
27 85
85 94
30 32
54 65
38 88
44 75