65 50 19 89 96 10 67 29 82 49 87 68 84 63 6 81 24 22 12 4 41 38 34 35 83 92 54 26 93 21 13 86 88 11 98 91 95 71 36 7 62 18 47 80 44 90 14 64 57 28 40 55 39 61 33 69 78 8 94 74 53 75 46 76 48 23 99 17 97 2 79 45 66 25 30 77 0 56 9 37 72 85 42 1 73 60 59 32 31 51 20 58 3 27 16 52 15 5 43 70
65 69
65 50
19 48
89 8
89 67
89 54
96 43
96 4
96 61
96 17
96 10
67 29
67 2
29 23
29 82
29 48
29 38
82 78
82 18
49 48
49 72
87 44
87 57
87 92
87 58
68 55
84 33
63 34
63 6
6 94
6 4
81 24
24 56
24 99
22 12
12 4
12 70
41 11
41 95
38 91
34 1
35 62
83 95
92 13
54 7
26 8
93 18
21 94
21 46
86 8
86 75
88 76
88 64
11 73
11 42
98 18
71 32
36 7
62 59
62 18
62 97
47 80
80 1
44 23
90 52
14 64
14 58
64 73
57 3
28 40
40 79
55 1
55 39
33 69
33 76
33 85
69 16
8 15
8 94
74 66
74 99
74 37
53 75
53 25
53 32
46 27
23 9
23 37
79 37
45 52
45 58
25 30
25 60
77 72
0 72
42 31
1 20
31 51
52 5