79 12 96 40 29 74 37 60 38 91 76 6 39 89 10 52 54 15 65 82 42 97 80 8 88 17 7 55 98 77 99 3 21 67 57 78 48 83 56 49 68 50 81 41 24 19 28 64 46 18 1 43 51 75 66 9 20 73 71 44 59 27 72 36 95 25 58 30 0 16 90 61 92 23 62 2 47 34 35 45 53 85 33 11 86 93 26 94 87 31 32 13 22 4 69 70 5 14 84 63
79 12
79 1
12 66
12 67
96 26
96 9
96 23
96 39
96 7
40 27
40 71
29 57
29 25
74 24
37 78
60 77
38 15
38 51
38 10
91 14
91 50
76 43
76 47
76 33
76 14
76 90
6 45
6 68
39 84
39 48
89 46
10 87
10 18
10 80
52 21
52 94
52 11
54 70
54 78
15 42
65 68
65 19
82 46
42 69
97 75
80 19
8 84
88 21
17 23
55 4
55 14
55 81
98 5
98 53
98 85
98 56
77 49
77 64
99 31
3 61
21 32
21 36
57 59
78 81
83 73
49 47
49 66
49 35
68 46
68 94
50 94
81 61
41 16
24 2
24 0
28 61
64 9
64 16
64 62
43 95
75 27
75 73
66 30
20 70
73 47
44 33
59 5
59 63
72 0
25 2
25 69
58 33
92 85
62 86
34 93
34 69
35 31
33 13
32 22