0 2 3 4 6 7 77 54 73 65 1 10 22 61 76 5 9 21 80 95 8 48 84 23 33 25 17 40 94 31 11 44 64 20 69 78 43 12 81 75 90 93 13 14 15 16 18 24 50 70 19 53 45 51 63 96 83 89 29 74 36 98 87 27 28 60 26 30 47 82 55 62 71 32 38 92 34 35 37 57 41 39 59 67 72 97 49 52 91 42 88 46 58 66 56 85 68 79 86 99
0 54
0 6
0 65
0 1
0 2
0 3
3 7
4 8
6 69
6 8
77 91
54 55
73 75
1 5
1 61
10 11
10 13
22 9
22 29
76 72
76 16
76 75
21 27
80 91
80 35
80 81
95 91
95 99
48 44
84 89
23 47
33 31
25 26
25 28
17 19
40 50
40 42
94 67
94 98
94 96
31 35
31 38
44 45
44 47
64 68
20 29
69 62
69 68
69 30
78 74
43 35
43 90
43 41
12 19
12 14
81 28
81 85
75 93
75 63
75 62
90 97
93 74
93 99
13 16
15 74
15 19
15 18
24 29
24 30
50 59
70 74
53 57
53 51
53 58
53 59
83 87
89 82
36 34
98 66
98 92
87 59
27 55
60 66
47 42
47 37
82 32
82 88
55 58
71 72
71 79
34 35
37 39
57 52
49 42
42 46
88 85
46 66
58 56
85 86