0 79 1 20 2 95 3 8 4 47 5 89 6 32 7 81 9 10 72 11 16 12 13 67 14 75 15 36 35 17 55 18 48 19 21 22 77 23 65 24 44 27 37 90 97 49 56 87 85 39 51 92 57 83 59 71 28 50 88 76 34 99 70 29 73 91 42 61 45 53 84 93 66 25 68 94 26 64 40 96 98 62 52 54 74 80 30 60 63 41 86 78 69 33 58 31 43 82 38 46
0 15
0 7
79 51
1 85
20 68
2 69
95 81
95 21
95 27
3 92
3 61
8 81
8 42
4 58
4 30
4 56
4 32
47 16
5 13
5 25
89 98
89 50
6 77
6 40
32 28
81 99
9 41
9 85
10 17
10 15
72 24
11 66
11 46
16 84
16 58
16 71
12 52
12 65
13 21
67 63
14 66
14 83
14 53
14 37
75 46
15 31
36 43
35 74
35 66
17 26
17 19
17 59
55 53
55 76
18 40
48 73
48 86
22 39
77 70
77 33
23 74
65 39
24 31
44 51
44 97
90 94
49 93
87 82
85 92
51 41
92 60
57 50
57 94
59 60
59 93
59 25
71 91
88 68
88 91
76 98
76 64
34 42
99 33
99 96
29 62
73 30
73 80
73 62
42 52
45 58
68 69
94 63
98 86
98 82
62 78
54 33
86 43
31 43
82 38