0 2 1 4 5 21 88 3 76 7 9 10 44 92 11 48 6 90 8 16 49 12 20 95 14 51 13 17 50 91 19 22 75 15 79 23 96 18 28 26 27 45 93 55 43 53 24 25 81 38 42 46 35 39 41 31 40 58 32 80 29 30 74 77 33 34 94 64 36 37 54 52 59 68 69 56 71 47 82 60 61 62 89 73 72 67 63 66 57 65 78 98 84 70 86 85 83 87 99 97
0 2
2 4
2 3
1 21
1 5
1 88
4 11
4 48
5 90
5 6
21 43
21 14
21 20
3 44
3 92
3 76
7 6
9 44
9 95
10 14
10 51
11 17
11 13
48 89
6 16
6 8
8 12
8 49
12 50
12 91
14 15
14 79
13 22
13 75
17 28
17 18
50 73
19 23
19 22
22 53
15 23
15 96
23 25
23 81
96 97
96 67
96 71
18 27
18 93
28 30
28 29
26 31
26 40
26 58
27 32
27 31
45 53
55 46
55 63
43 46
43 82
24 42
24 46
25 41
25 35
38 39
46 47
35 37
35 36
39 71
39 56
31 77
32 33
32 34
32 94
80 94
30 74
33 64
36 59
36 52
37 54
37 68
52 72
59 65
69 86
69 85
56 66
47 60
47 62
61 62
62 98
72 84
67 86
67 57
66 70
78 85
70 83
70 87
87 99