0 17 18 23 24 30 34 39 55 59 60 64 71 78 79 92 1 2 8 9 13 16 19 21 27 31 49 58 66 68 81 86 91 94 10 20 25 29 38 46 48 51 52 61 69 73 76 82 90 96 3 26 43 57 70 80 95 4 5 7 12 47 74 84 87 99 6 11 14 15 41 44 53 67 88 93 98 35 40 45 63 89 33 50 83 97 65 85 22 28 56 77 32 36 42 37 72 75 62 54
0 92
17 94
17 74
18 15
23 57
23 39
23 46
24 91
24 88
30 90
34 59
39 8
39 16
39 19
39 45
55 54
59 47
60 41
64 1
64 2
64 5
71 33
71 84
71 37
78 25
78 33
78 7
78 20
79 29
79 1
79 11
92 50
2 69
2 73
2 21
2 52
8 85
8 67
9 28
9 51
13 65
13 77
16 43
16 65
16 26
16 72
21 6
21 75
27 97
27 45
31 56
31 89
49 28
58 29
66 56
66 45
68 52
68 47
81 53
86 80
91 28
91 38
10 43
20 47
29 32
38 57
38 73
46 76
46 41
48 33
48 22
61 28
61 54
69 98
73 44
82 77
82 70
90 12
90 14
90 36
96 43
3 57
3 95
80 45
95 14
4 47
7 50
7 83
74 77
84 15
87 72
99 33
6 35
53 35
93 40
40 62
63 83
42 62
62 54