0 5 16 25 26 27 1 21 28 29 30 2 9 3 31 32 33 7 34 35 36 4 11 37 38 39 12 40 41 42 6 43 44 45 46 47 48 8 14 49 50 51 10 52 53 54 55 56 57 22 58 59 60 17 61 62 63 13 64 65 66 67 68 69 15 19 23 70 71 72 73 74 75 76 77 78 18 79 80 81 82 83 84 20 24 85 86 87 88 89 90 91 92 93 94 95 96 97 98 99
0 5
0 16
0 26
5 12
16 14
16 13
16 11
16 6
25 29
25 89
26 73
27 56
1 21
21 13
28 57
28 77
29 83
29 35
30 68
30 31
2 9
2 3
9 10
3 7
31 98
32 78
33 34
7 11
34 42
34 88
35 44
36 67
4 11
4 39
11 22
37 95
37 46
37 59
37 84
38 87
38 95
38 65
39 40
39 64
39 75
39 47
12 17
12 63
40 51
41 93
42 76
43 85
44 74
45 92
46 81
46 70
46 66
48 96
48 74
8 14
8 49
8 50
49 97
50 77
52 58
52 76
52 53
52 86
54 86
55 66
56 72
22 18
22 20
22 93
60 94
61 67
61 69
61 88
62 70
62 78
63 99
65 91
69 97
69 71
15 23
15 19
15 72
19 82
23 18
70 85
78 92
18 81
79 87
80 97
81 90
83 85
20 24
24 98
86 94