0 1 8 9 2 3 4 5 6 10 12 13 14 7 11 17 16 18 19 15 21 22 20 23 24 26 34 25 33 27 28 29 30 31 35 37 38 39 32 36 42 41 43 44 40 46 47 45 48 49 60 53 50 51 58 59 52 54 55 56 62 63 64 57 61 67 66 68 69 65 71 72 70 73 74 99 76 75 83 84 77 78 79 80 81 85 87 88 89 82 86 92 91 93 94 90 96 97 95 98
0 9
0 8
1 9
1 2
1 3
8 7
3 12
4 12
4 5
6 14
6 7
10 17
12 13
12 11
13 18
13 16
14 15
11 17
17 20
16 22
16 21
18 23
19 24
15 26
20 24
26 34
26 27
26 28
34 25
25 33
33 32
28 37
29 37
29 30
31 39
31 32
35 42
37 38
37 36
38 43
38 41
39 40
36 42
42 45
41 47
41 46
43 48
44 49
40 53
40 60
45 49
60 67
53 62
53 51
50 59
50 58
51 59
51 52
58 57
54 62
54 55
56 64
56 57
62 63
62 61
63 68
63 66
64 65
67 70
66 72
66 71
68 73
69 74
65 99
65 76
70 74
99 94
99 95
76 84
76 77
75 84
75 83
83 82
78 87
79 87
79 80
81 89
81 82
85 92
87 88
87 86
88 93
88 91
89 90
86 92
92 95
91 97
91 96
93 98