0 52 15 55 26 58 41 36 20 51 73 50 71 29 70 62 53 6 33 21 56 42 16 44 69 12 32 23 2 28 11 37 66 39 67 40 48 14 27 1 43 24 13 46 9 17 60 64 5 30 34 47 45 49 54 25 61 74 22 19 63 8 59 65 35 3 7 10 72 31 57 4 68 18 38
0 26
0 33
52 66
15 70
55 27
26 51
58 16
58 29
58 44
58 14
41 50
36 35
20 57
73 18
50 6
50 2
50 66
50 4
71 6
71 56
70 67
70 47
62 28
62 1
53 64
53 18
6 74
33 27
33 54
21 24
21 48
42 30
42 31
16 3
16 65
16 8
69 40
69 13
12 11
32 19
23 13
11 27
37 57
39 68
39 8
39 63
67 22
67 14
67 9
48 7
27 24
27 46
27 35
1 30
1 65
43 60
43 10
43 45
13 35
13 18
17 4
5 25
5 57
34 57
47 59
47 25
47 19
47 10
49 65
61 8
74 35
63 72
59 35
10 38