0 4 21 26 27 28 29 30 31 32 33 34 35 36 37 38 39 40 41 42 43 44 45 46 47 1 2 48 49 50 51 52 53 54 55 56 57 58 59 60 61 62 63 64 65 3 9 66 67 68 69 70 71 72 73 74 75 76 77 78 79 80 81 82 83 84 6 85 86 87 88 89 90 91 92 93 94 95 96 97 98 99 10 5 7 22 8 16 11 13 12 15 25 24 14 19 17 20 18 23
0 44
0 33
0 37
0 36
0 32
0 46
0 40
0 26
0 31
0 39
0 35
0 4
0 45
0 29
4 67
21 61
21 43
26 1
27 2
28 3
30 6
31 7
33 9
34 10
36 12
37 13
38 15
39 17
41 19
42 20
44 22
46 24
47 25
1 60
1 55
1 56
1 64
1 52
1 65
1 58
1 50
1 53
1 61
1 48
2 81
2 69
2 84
2 73
2 66
2 71
2 76
2 75
2 83
2 78
2 80
2 68
49 5
51 7
52 8
54 10
55 11
57 15
59 17
60 19
62 22
63 23
65 25
3 93
3 97
3 90
3 99
3 88
3 96
3 86
3 91
3 87
3 95
9 72
68 5
69 6
70 7
73 10
74 11
75 15
76 16
77 17
79 19
82 22
83 23
84 24
6 85
88 11
89 13
90 14
92 16
93 18
94 19
95 20
98 23