0 1 2 3 4 5 6 7 8 9 10 11 12 13 14 15 16 17 18 19 20 21 22 23 24 25 26 27 28 29 30 31 32 33 34 35 36 37 38 39 40 41 42 43 44 45 46 47 48 49 50 51 52 53 54 55 56 57 58 59 60 61 62 63 64 65 66 67 68 69 70 71 72 73 74 75 76 77 78 79 80 81 82 83 84 85 86 87 88 89 90 91 92 93 94 95 96 97 98
0 9
0 6
0 33
0 34
1 7
1 8
1 28
1 29
1 5
1 35
2 20
2 37
3 24
3 39
3 40
4 15
4 16
4 21
4 42
4 41
5 43
6 27
6 11
6 45
7 31
7 47
7 48
8 12
8 26
8 49
8 50
9 52
10 16
10 32
10 54
11 56
11 55
12 58
12 57
13 25
13 26
13 18
13 59
14 26
14 62
15 24
15 22
15 29
15 63
15 64
16 66
17 19
17 67
18 27
18 20
18 69
18 70
19 21
19 72
20 73
20 74
21 75
23 24
23 80
23 79
24 82
25 30
25 83
25 84
26 85
26 86
28 89
28 90
29 92
30 94
30 93
31 96
32 97
32 98
34 36
38 40
42 44
46 48
49 51
53 55
58 60
61 63
65 67
66 68
69 71
74 76
77 79
78 80
81 83
85 87
86 88
89 91
93 95