0 10 24 25 26 27 1 16 23 12 28 29 30 2 6 21 18 31 32 33 3 13 34 35 36 4 37 38 39 5 9 40 41 42 17 43 44 45 7 46 47 48 8 49 50 51 52 53 54 55 56 57 11 15 58 59 60 61 62 63 64 65 66 14 67 68 69 22 70 71 72 73 74 75 76 77 78 79 80 81 19 20 82 83 84 85 86 87 88 89 90 91 92 93 94 95 96 97 98 99
0 24
0 10
0 25
10 5
10 4
24 19
26 35
27 57
27 74
27 54
1 16
1 12
1 23
16 7
16 74
12 15
12 18
12 4
12 63
28 84
28 72
29 89
29 71
29 52
30 50
2 18
2 21
2 6
6 13
6 17
31 99
31 33
31 96
32 48
32 58
32 96
3 13
13 64
34 82
35 39
36 46
37 47
37 86
38 68
38 42
38 95
38 82
39 40
39 87
5 9
9 8
9 52
40 98
40 92
41 47
43 49
43 97
44 87
45 55
46 55
46 94
47 79
50 82
51 69
51 66
51 98
53 91
55 67
56 90
56 88
11 15
11 60
15 14
15 22
58 78
59 65
59 82
60 96
61 74
62 70
64 72
22 93
70 87
71 77
73 95
75 83
75 93
76 80
79 84
80 86
80 94
81 93
19 20
20 87
82 83
85 93
88 99
91 96
96 97