0 41 40 52 53 54 55 56 57 58 59 60 61 62 63 64 65 66 67 68 69 70 71 72 73 74 75 76 77 78 79 80 81 82 83 84 85 1 31 51 86 87 88 89 90 91 92 93 94 95 96 97 98 99 2 5 47 16 3 15 4 7 6 32 11 18 44 24 8 25 50 9 13 10 26 45 12 14 17 36 19 38 28 20 21 27 42 35 22 33 23 49 29 30 48 34 46 37 43 39
0 63
0 53
0 79
0 83
0 65
0 57
0 56
0 75
0 85
0 61
0 84
0 81
0 68
0 82
0 69
0 70
0 58
0 54
0 64
0 78
0 80
0 59
0 72
0 71
0 55
0 74
0 73
0 60
0 66
0 41
40 78
40 31
40 20
52 1
53 5
54 6
55 7
56 8
58 11
59 12
60 13
62 16
63 21
64 23
65 24
66 25
67 26
68 27
69 28
70 29
71 32
72 33
73 34
74 36
75 37
76 38
77 39
79 43
80 44
81 45
82 46
83 47
84 48
85 51
1 87
1 88
1 91
1 94
1 93
1 99
1 95
1 92
1 96
1 97
1 98
1 86
86 2
87 3
88 4
89 5
90 7
91 9
92 10
94 12
96 14
97 15
98 16
99 17
7 18
44 39
50 10
10 26
19 28
38 43
38 22
42 34
35 46
49 37
30 48