0 4 8 10 11 14 15 16 17 18 19 22 23 24 28 30 31 45 52 56 57 58 59 62 63 64 65 66 70 71 72 73 74 75 76 78 80 82 85 86 87 90 91 92 94 95 1 2 12 13 27 29 32 34 37 39 41 42 43 47 49 50 53 54 55 67 68 69 81 83 84 89 93 96 9 20 21 26 35 36 60 61 77 3 5 33 38 40 44 46 48 79 99 6 88 25 51 98 97 7
0 52
0 95
4 74
4 75
8 49
10 12
10 82
11 65
14 50
15 9
16 1
16 60
17 80
17 29
17 36
17 42
17 88
18 30
19 44
19 58
22 38
23 38
24 80
28 37
30 69
31 67
31 78
45 32
52 68
52 87
52 40
52 7
52 74
56 72
57 48
57 84
59 74
62 40
63 87
64 32
64 87
64 38
64 71
65 87
65 1
65 81
66 93
70 2
70 26
70 54
72 34
73 80
73 44
74 51
76 78
78 77
80 93
80 27
85 49
86 89
87 37
87 89
90 92
91 97
92 12
92 34
92 83
94 84
95 13
1 67
2 50
2 20
27 43
29 69
34 61
34 69
34 5
37 9
39 67
41 26
43 99
47 99
49 9
49 97
50 6
53 26
55 79
55 46
68 26
68 69
68 46
69 3
81 98
84 25
96 99
21 7
35 3
36 33
3 48