0 1 2 3 4 5 6 7 8 9 10 11 12 13 14 15 16 17 18 19 20 21 22 23 24 25 26 27 28 29 30 31 32 33 34 35 36 37 38 39 40 41 42 43 44 45 46 47 48 49 50 51 52 53 54 55 56 57 58 59 60 61 62 63 64 65 66 67 68 69 70 71 72 73 74 75 76 77 78 79 80 81 82 83 84 85 86 87 88 89 90 91 92 93 94 95 96 97 98
0 10
0 33
1 12
1 36
2 12
2 28
2 38
2 37
3 30
3 16
3 39
3 40
4 26
4 42
4 41
5 26
5 44
6 17
7 19
7 47
7 48
8 20
8 32
8 14
8 50
9 23
9 51
10 23
10 32
11 24
11 15
11 56
11 55
12 22
12 58
12 57
13 18
13 32
13 59
13 60
14 27
14 15
14 25
14 61
14 62
15 21
15 64
15 63
16 29
17 28
17 68
17 67
18 69
19 29
19 71
19 72
20 74
20 73
21 31
21 26
21 75
22 29
22 77
22 78
23 80
24 81
24 82
25 84
26 85
27 88
28 31
28 89
29 92
30 94
30 93
31 96
32 98
32 97
33 35
34 36
41 43
45 47
46 48
49 51
50 52
53 55
54 56
65 67
66 68
70 72
74 76
77 79
81 83
85 87
86 88
89 91
90 92
93 95