0 16 15 24 25 26 27 1 13 21 28 29 30 2 22 31 32 33 3 6 12 34 35 36 4 20 37 38 39 5 10 40 41 42 7 11 9 19 43 44 45 46 47 48 8 14 23 49 50 51 17 52 53 54 55 56 57 58 59 60 61 62 63 64 65 66 67 68 69 70 71 72 73 74 75 76 77 78 18 79 80 81 82 83 84 85 86 87 88 89 90 91 92 93 94 95 96 97 98 99
0 16
0 15
0 24
0 27
16 22
15 4
15 8
25 47
25 56
26 87
27 70
1 13
1 21
13 64
13 66
21 22
21 18
21 89
28 99
28 68
28 29
29 73
30 67
30 83
2 22
2 31
31 42
32 47
32 64
32 44
33 38
33 99
33 63
33 90
3 6
3 12
3 34
6 19
6 9
6 7
6 11
6 43
12 14
34 41
35 72
36 98
36 89
4 20
20 10
37 89
37 60
39 71
5 10
40 48
40 60
41 80
41 76
42 74
9 17
19 84
44 49
44 85
45 72
46 52
46 62
47 81
47 97
47 54
8 14
8 23
14 68
14 67
50 79
50 78
51 96
51 79
17 77
53 56
54 78
55 76
57 96
58 92
58 80
59 91
60 91
61 69
61 98
62 73
62 65
65 72
71 94
71 79
75 96
76 93
76 82
83 86
87 91
88 91
93 95