6 73 25 17 8 27 89 32 47 54 3 19 55 87 57 83 12 61 95 92 2 50 0 38 56 62 37 4 43 77 18 96 39 35 99 29 10 71 74 86 97 85 24 69 70 28 58 91 40 59 82 41 9 30 42 36 81 63 45 14 34 26 84 46 31 98 13 93 78 16 67 65 60 44 7 20 23 68 79 52 33 75 64 48 66 88 22 49 80 11 94 5 15 51 90 21 72 53 76 1
6 39
73 95
73 89
73 90
25 69
25 17
8 27
8 47
27 72
89 99
32 36
54 29
54 14
54 48
3 74
3 94
3 18
3 42
19 72
19 57
19 10
55 91
87 23
57 38
57 97
57 37
57 26
83 45
12 22
61 94
61 24
95 81
95 79
92 22
2 22
2 91
2 34
50 20
50 52
0 78
0 84
0 41
38 96
38 88
56 21
56 68
56 22
62 43
37 30
37 77
4 31
4 15
4 49
43 93
43 80
77 65
96 23
39 67
35 49
35 75
99 20
99 69
29 58
29 36
10 71
74 49
74 5
86 24
86 51
97 94
97 60
85 31
69 16
70 81
70 36
70 67
70 76
28 67
58 59
40 72
82 33
9 93
30 44
36 84
36 1
81 64
63 90
45 60
84 72
46 31
31 7
31 11
98 49
13 79
93 78
78 66
67 33
67 21
33 53