0 1 2 3 4 5 6 7 8 9 10 11 12 13 14 15 16 17 18 19 20 21 22 23 24 25 26 27 28 29 30 31 32 33 34 35 36 37 38 39 40 41 42 43 44 45 46 47 48 49 50 51 52 53 54 55 56 57 58 59 60 61 62 63 64 65 66 67 68 69 70 71 72 73 74 75 76 77 78 79 80 81 82 83 84 85 86 87 88 89 90 91 92 93 94 95 96 97 98 99
0 1
1 2
1 83
1 45
2 3
3 4
3 53
5 93
6 7
6 95
6 15
7 8
7 68
9 10
10 11
11 34
12 87
12 13
14 91
15 16
15 47
17 18
18 51
19 20
19 36
20 99
21 22
22 23
22 36
23 90
23 98
24 25
24 52
25 26
26 27
26 61
27 28
27 78
28 29
28 60
28 76
29 35
30 31
30 32
30 57
31 66
33 34
34 35
34 58
36 37
37 73
37 38
38 39
38 68
39 40
41 42
41 69
42 72
43 77
44 67
45 46
47 48
48 49
50 51
51 52
52 53
53 88
54 55
55 56
55 60
57 58
59 70
59 60
61 96
61 62
62 63
64 65
65 66
67 68
68 69
71 72
74 75
75 76
76 77
79 80
80 99
80 81
82 83
83 84
84 85
86 87
86 97
87 88
88 89
89 90
90 91
91 92
92 93
93 94