11 18 72 95 2 73 84 86 24 32 56 88 59 96 77 80 9 25 12 40 70 75 36 49 16 48 7 97 85 23 5 1 55 68 91 51 67 17 64 89 98 78 3 34 39 33 99 90 65 60 82 94 43 14 27 83 41 69 76 26 19 45 92 46 87 15 44 61 29 0 6 30 4 79 81 93 71 21 8 42 22 62 38 31 37 63 53 54 28 35 57 52 13 50 58 10 66 20 74 47
11 74
11 62
18 32
18 36
72 23
95 70
95 39
95 84
95 13
2 64
73 1
73 66
84 45
86 17
86 55
24 44
24 42
32 23
32 64
32 47
56 46
56 8
56 97
88 76
59 5
59 46
96 8
96 58
96 35
77 14
77 90
77 99
77 0
77 92
77 25
77 4
80 78
9 30
9 75
9 19
25 28
12 57
40 44
40 55
70 82
70 48
70 93
70 87
36 57
49 63
16 31
16 64
16 54
16 26
16 53
16 37
7 57
97 92
85 15
85 43
85 6
23 65
1 98
1 50
55 57
68 67
91 20
51 14
67 0
67 21
89 62
98 93
98 43
98 31
98 69
78 76
3 76
34 90
39 29
33 41
99 82
60 4
82 61
94 44
14 38
27 6
27 63
83 54
41 31
76 57
76 81
26 74
26 22
46 30
30 10
4 20
79 21
93 52
71 20