0 10 13 25 26 27 1 5 19 28 29 30 2 9 31 32 33 3 34 35 36 4 21 7 37 38 39 40 41 42 6 16 43 44 45 20 46 47 48 8 11 49 50 51 17 52 53 54 55 56 57 12 58 59 60 61 62 63 18 64 65 66 14 15 67 68 69 70 71 72 73 74 75 76 77 78 79 80 81 82 83 84 22 23 85 86 87 88 89 90 91 92 93 24 94 95 96 97 98 99
0 10
0 13
10 3
13 19
13 7
13 18
13 2
25 31
25 89
25 44
25 56
26 28
27 84
27 42
27 70
1 19
1 5
19 82
28 66
29 54
29 80
30 90
30 43
2 9
9 17
31 40
32 55
33 85
33 86
34 92
34 62
34 58
35 40
36 62
4 7
4 21
7 20
7 6
37 98
38 67
38 88
39 84
40 60
40 84
41 81
41 47
6 16
6 45
16 15
43 57
44 66
44 51
45 97
20 23
20 8
20 22
46 90
47 79
48 98
8 11
8 50
11 12
49 52
50 61
17 78
52 58
53 55
53 98
54 84
56 92
57 67
12 63
59 69
59 98
61 90
62 64
63 93
64 69
65 81
66 76
14 15
15 71
68 73
68 74
69 91
69 72
69 95
73 94
74 86
75 87
77 89
79 96
81 83
81 94
23 24
87 99
87 95
24 98
94 95