0 1 7 3 2 9 31 5 14 4 13 20 6 8 16 32 17 10 15 11 12 33 18 51 24 21 22 37 43 25 19 23 27 28 29 54 26 61 57 30 44 58 80 35 34 40 38 36 39 48 50 41 42 45 46 52 47 49 82 73 53 56 55 63 62 59 74 60 64 69 72 65 66 88 67 89 91 71 68 90 70 97 76 79 75 84 77 86 93 94 78 87 81 83 85 95 99 92 98 96
0 7
1 3
7 6
7 8
3 14
2 9
2 31
9 17
5 20
14 24
4 13
13 18
20 27
20 23
8 16
8 32
16 21
16 37
32 35
17 43
10 15
15 22
15 21
11 33
11 12
33 37
18 25
18 51
24 23
21 28
21 29
43 38
43 30
25 54
19 23
27 61
27 26
54 63
54 55
61 60
57 58
57 56
30 44
30 80
30 58
58 74
80 78
80 52
80 72
35 34
34 40
40 36
40 45
40 42
40 41
38 48
38 50
36 39
48 49
42 46
45 52
47 82
47 49
49 73
82 81
53 56
56 62
63 65
59 60
74 71
74 79
60 64
60 69
60 72
64 88
69 90
69 68
72 76
65 67
66 91
66 89
67 71
89 99
91 76
90 92
90 97
90 98
70 97
76 77
75 84
84 81
77 94
77 86
77 93
93 96
78 87
87 95
87 85
81 83