0 1 2 3 4 5 6 7 8 9 10 11 12 13 14 15 16 17 18 19 20 21 22 23 24 25 26 27 28 29 30 31 32 33 34 35 36 37 38 39 40 41 42 43 44 45 46 47 48 49 50 51 52 53 54 55 56 57 58 59 60 61 62 63 64 65 66 67 68 69 70 71 72 73 74 75 76 77 78 79 80 81 82 83 84 85 86 87 88 89 90 91 92 93 94 95 96 97 98 99
0 80
1 85
1 62
2 17
3 67
4 40
5 12
5 6
7 50
7 99
7 63
8 95
9 61
9 31
10 12
10 77
11 47
11 85
12 72
12 13
12 59
14 57
14 38
15 99
16 17
16 71
16 75
17 67
18 71
18 82
18 33
19 44
19 30
20 33
20 34
21 22
22 80
23 60
24 79
24 43
24 27
25 49
26 95
26 60
28 29
28 95
30 51
31 32
31 47
32 98
32 96
34 73
35 71
36 55
36 37
37 43
37 95
37 76
38 87
38 52
38 39
39 40
40 53
41 43
41 58
42 69
44 96
44 54
44 45
45 88
46 47
46 65
47 81
47 50
48 98
48 80
49 50
50 92
52 78
56 57
56 64
58 90
60 70
61 70
63 74
66 91
67 91
68 86
69 96
71 98
71 89
73 93
77 82
77 78
83 84
84 88
86 87
93 94
95 97