0 1 2 3 4 5 6 7 8 9 10 11 12 13 14 15 16 17 18 19 20 21 22 23 24 25 26 27 28 29 30 31 32 33 34 35 36 37 38 39 40 41 42 43 44 45 46 47 48 49 50 51 52 53 54 55 56 57 58 59 60 61 62 63 64 65 66 67 68 69 70 71 72 73 74 75 76 77 78 79 80 81 82 83 84 85 86 87 88 89 90 91 92 93 94 95 96 97 98
0 9
0 33
1 8
1 24
1 36
2 8
2 23
2 18
2 38
2 37
3 9
3 25
3 11
4 32
4 41
4 42
5 19
6 26
6 45
6 46
7 32
7 28
7 19
7 20
8 12
8 50
9 32
9 51
10 31
10 22
10 54
11 55
12 30
12 58
13 27
13 23
13 60
13 59
14 16
14 26
15 23
15 64
15 63
16 27
16 65
17 23
17 68
18 69
18 70
19 71
19 72
21 25
21 76
21 75
22 77
23 80
23 79
24 82
25 83
26 85
26 86
27 88
28 31
28 90
29 31
29 92
29 91
30 32
30 94
30 93
31 96
31 95
32 98
32 97
33 35
34 36
37 39
38 40
41 43
42 44
45 47
46 48
49 51
50 52
53 55
54 56
57 59
61 63
62 64
65 67
66 68
73 75
74 76
78 80
81 83
82 84
85 87
89 91