0 1 2 4 8 16 32 64 3 5 9 17 33 65 6 10 18 34 66 7 11 19 35 67 12 20 36 68 13 21 37 69 14 22 38 70 15 23 39 71 24 40 72 25 41 73 26 42 74 27 43 75 28 44 76 29 45 77 30 46 78 31 47 79 48 80 49 81 50 82 51 83 52 84 53 85 54 86 55 87 56 88 57 89 58 90 59 91 60 92 61 93 62 94 63 95 96 97 98 99
0 8
0 2
0 64
1 5
1 3
2 10
2 18
4 6
4 68
8 40
16 17
16 24
16 20
32 34
32 48
32 96
64 80
3 35
5 69
5 7
9 11
9 13
9 25
33 35
33 49
33 37
65 69
6 14
6 38
10 14
10 42
10 26
34 98
66 67
11 43
19 83
35 39
35 99
35 51
67 99
12 76
20 28
20 22
36 38
68 84
13 15
13 45
13 77
21 85
22 23
22 86
38 39
38 46
70 78
70 71
15 31
71 87
40 41
72 88
25 57
25 29
25 27
73 77
74 75
43 59
75 79
28 60
44 60
76 77
45 47
30 31
30 62
46 62
78 79
31 63
79 95
48 49
81 85
50 54
50 51
82 86
83 91
52 54
84 85
53 55
85 93
85 87
55 63
56 60
88 90
89 91
58 62
90 91
91 95
60 61
92 94
61 63
94 95
96 97