0 9 18 25 26 27 1 8 20 28 29 30 2 24 31 32 33 3 4 11 34 35 36 12 16 23 37 38 39 5 15 40 41 42 6 14 43 44 45 7 46 47 48 17 49 50 51 52 53 54 10 21 55 56 57 58 59 60 13 61 62 63 64 65 66 67 68 69 70 71 72 73 74 75 76 77 78 19 79 80 81 82 83 84 85 86 87 22 88 89 90 91 92 93 94 95 96 97 98 99
0 18
0 9
0 27
9 6
18 19
18 21
18 81
25 37
26 27
26 56
27 79
1 8
1 20
8 17
8 50
20 14
28 76
29 39
30 92
2 24
24 11
24 5
31 71
31 87
32 45
33 55
3 4
3 11
3 36
4 16
4 12
4 23
4 37
11 10
34 36
35 95
35 86
36 53
12 13
16 74
23 7
38 96
38 91
39 41
39 45
5 15
40 59
41 59
41 86
41 66
42 88
42 68
6 14
14 69
43 88
44 98
45 54
7 48
46 75
46 99
46 57
47 74
47 91
48 93
48 76
49 54
49 97
51 78
52 73
53 62
53 64
53 70
10 21
10 55
21 22
56 83
58 63
60 65
61 83
61 71
61 85
63 94
65 99
66 98
67 69
69 98
70 94
72 94
73 94
73 75
74 78
75 90
77 78
79 89
80 95
82 86
84 88
86 88
88 92