0 1 3 8 9 12 16 17 19 23 25 26 27 30 33 40 41 42 45 48 54 56 59 64 66 67 70 71 73 80 82 84 85 86 87 91 98 99 4 6 7 11 13 18 20 22 24 29 31 35 37 43 46 47 52 53 55 57 60 62 68 74 78 83 89 90 94 95 2 5 10 15 21 32 36 38 39 50 69 81 88 92 14 28 34 44 61 72 93 96 49 51 58 75 76 77 79 63 97 65
0 64
0 87
1 55
1 64
1 26
1 22
3 20
8 33
9 61
12 97
16 46
16 79
16 61
16 75
17 83
17 94
19 18
23 80
23 32
25 32
26 66
26 92
26 69
26 76
27 45
30 7
30 60
33 98
33 41
40 70
40 10
40 11
40 47
40 13
41 89
41 34
42 78
42 7
42 21
45 98
48 55
54 70
54 79
54 83
56 93
56 34
56 68
56 71
56 74
56 87
56 44
59 82
59 97
64 79
64 36
64 80
64 78
67 28
67 68
71 6
73 97
73 49
80 72
82 37
82 14
84 34
85 58
85 63
86 63
87 95
91 38
99 6
4 35
6 53
7 90
11 5
18 46
20 38
20 81
20 50
20 55
24 31
29 39
29 88
31 75
35 53
37 38
43 52
52 96
55 15
57 79
62 32
68 39
68 58
95 51
2 10
14 77
28 65
96 63