0 1 2 3 4 5 6 7 8 9 10 11 12 13 14 15 16 17 18 19 20 21 22 23 24 25 26 27 28 29 30 31 32 33 34 35 36 37 38 39 40 41 42 43 44 45 46 47 48 49 50 51 52 53 54 55 56 57 58 59 60 61 62 63 64 65 66 67 68 69 70 71 72 73 74 75 76 77 78 79 80 81 82 83 84 85 86 87 88 89 90 91 92 93 94 95 96 97 98 99
0 88
0 42
1 72
2 91
2 65
2 72
3 76
3 93
3 21
4 28
4 92
5 50
6 53
6 65
7 51
8 55
8 73
9 80
9 70
10 94
10 93
11 95
11 14
11 60
11 31
12 93
13 55
14 86
14 67
15 82
16 60
16 28
16 59
17 47
18 20
19 61
19 76
19 85
20 83
20 90
22 39
22 82
23 75
23 40
23 86
24 95
25 36
26 42
26 97
27 75
27 76
27 29
28 68
28 45
30 96
30 79
31 38
32 87
32 40
32 50
33 86
34 53
34 57
35 57
36 98
37 89
39 69
40 83
41 79
43 79
43 49
44 75
46 94
47 82
48 49
49 81
51 67
52 81
54 98
55 66
56 91
58 64
60 78
62 83
63 83
64 97
65 97
66 76
66 91
69 75
70 89
71 89
73 99
74 98
74 77
75 98
79 83
80 85
84 98