0 1 2 3 4 5 6 7 8 9 10 11 12 13 14 15 16 17 18 19 20 21 22 23 24 25 26 27 28 29 30 31 32 33 34 35 36 37 38 39 40 41 42 43 44 45 46 47 48 49 50 51 52 53 54 55 56 57 58 59 60 61 62 63 64 65 66 67 68 69 70 71 72 73 74 75 76 77 78 79 80 81 82 83 84 85 86 87 88 89 90 91 92 93 94 95 96 97 98
0 19
0 33
1 25
1 36
2 3
2 28
2 38
3 25
3 12
3 40
3 39
4 9
4 41
5 23
5 21
5 43
5 44
6 32
6 9
6 45
7 30
7 27
7 48
7 47
8 25
8 30
8 22
8 49
8 50
10 11
11 14
11 55
11 56
12 57
13 17
13 59
13 60
14 20
14 62
14 61
15 17
15 18
15 63
15 64
16 17
16 66
16 65
17 24
17 27
17 68
18 70
18 69
19 26
19 72
19 71
20 29
20 73
21 75
21 76
22 78
22 77
23 26
23 32
24 29
24 81
24 82
26 28
26 86
27 87
28 89
29 31
29 92
29 91
30 93
31 96
31 95
32 98
32 97
33 35
34 36
37 39
42 44
46 48
49 51
50 52
53 55
54 56
58 60
65 67
74 76
77 79
78 80
81 83
82 84
85 87
86 88
90 92
94 96