0 29 55 56 57 58 59 60 61 62 63 64 65 66 67 68 69 70 71 72 73 74 75 76 77 78 79 80 81 82 83 84 85 86 87 88 89 90 91 92 93 94 95 96 1 43 97 98 99 2 19 28 3 4 12 52 5 8 42 6 39 7 40 48 24 9 10 14 11 23 41 54 13 33 37 15 53 35 16 49 17 18 30 38 20 46 21 22 25 50 26 34 36 27 31 32 45 44 47 51
0 84
0 76
0 93
0 94
0 60
0 95
0 67
0 62
0 70
0 79
0 82
0 83
0 71
0 72
0 73
0 87
0 90
0 68
0 91
0 74
0 89
0 63
0 92
0 75
0 61
0 57
0 65
0 56
0 78
0 96
0 80
0 86
0 69
0 64
0 66
0 59
0 88
29 9
55 1
56 2
57 3
58 4
60 6
61 8
62 9
63 11
64 12
65 13
66 14
67 16
68 17
69 18
70 20
71 22
72 23
73 24
74 25
75 26
76 27
77 28
80 33
81 34
82 35
83 36
84 37
85 39
86 40
87 41
88 42
89 44
90 45
91 46
92 47
93 49
94 50
95 52
96 53
1 98
43 9
97 2
98 3
99 4
2 19
28 8
4 52
12 54
5 42
39 22
7 24
7 48
48 32
24 15
10 14
54 21
18 30
18 38
30 31
34 27
47 51