0 45 1 94 37 61 20 65 4 23 12 53 15 56 73 39 89 35 2 57 77 55 95 22 5 68 80 62 88 18 93 46 49 40 13 33 85 96 34 54 19 43 44 78 67 8 9 17 63 81 76 82 6 14 91 60 26 32 59 71 52 21 72 98 10 7 28 87 42 48 66 64 11 90 36 24 47 79 30 69 70 41 83 97 29 84 50 3 38 27 25 92 75 16 74 58 51 31 99 86
0 89
0 88
45 63
1 98
94 82
94 31
94 16
37 17
61 74
20 33
65 47
65 63
65 28
4 17
23 80
23 25
12 5
53 8
15 38
15 81
56 81
73 13
73 14
73 76
39 6
89 11
89 49
89 21
89 83
35 49
2 51
2 81
57 80
57 36
77 40
77 7
55 81
55 76
95 59
95 41
22 92
5 51
68 87
80 99
62 19
62 50
88 31
18 76
93 66
46 98
46 38
49 34
40 91
40 90
13 3
33 47
33 10
33 58
85 24
85 70
96 69
34 91
54 84
54 28
19 72
19 24
19 67
19 63
43 97
44 52
78 81
67 75
8 63
8 69
9 66
17 47
17 71
81 24
6 25
14 86
14 59
91 24
60 99
26 30
32 11
32 92
52 42
21 66
98 42
7 36
7 48
87 30
64 47
90 29
79 25
30 38
97 38
50 74
27 25