0 30 61 79 80 84 1 28 64 67 72 87 2 5 13 55 66 85 3 8 23 31 63 89 4 7 9 45 52 65 44 90 6 12 54 92 22 41 46 40 50 69 86 10 29 39 88 11 14 60 91 25 77 19 71 17 73 78 15 21 27 16 43 49 36 18 38 81 47 20 42 82 37 48 33 56 70 24 74 68 26 58 62 57 83 32 34 75 35 51 76 53 59
0 30
30 16
30 13
61 15
79 82
79 51
80 13
84 42
84 26
1 72
28 52
28 36
28 58
64 14
67 85
72 91
72 74
72 87
2 66
2 5
5 52
5 90
13 71
13 19
55 27
66 76
85 26
3 8
3 23
23 70
31 32
31 44
63 15
89 7
89 24
4 65
4 7
7 92
7 44
9 69
45 65
52 33
44 10
90 59
90 42
6 92
12 25
54 32
22 60
22 33
41 76
46 24
40 38
50 48
50 56
69 33
69 57
86 29
10 39
10 29
10 88
11 60
14 73
60 19
60 37
91 68
25 68
77 16
19 47
71 53
17 49
17 36
73 62
78 16
15 27
15 21
21 37
27 62
16 43
49 38
36 83
36 34
18 81
81 26
20 82
37 32
56 59
56 74
70 62
68 75
58 51
83 35