0 1 2 3 4 5 6 7 8 9 10 11 12 13 14 15 16 17 18 19 20 21 22 23 24 25 26 27 28 29 30 31 32 33 34 35 36 37 38 39 40 41 42 43 44 45 46 47 48 49 50 51 52 53 54 55 56 57 58 59 60 61 62 63 64 65 66 67 68 69 70 71 72 73 74 75 76 77 78 79 80 81 82 83 84 85 86 87 88 89 90 91 92 93 94 95 96 97 98
0 2
0 20
0 34
1 27
1 35
1 36
2 38
2 37
3 4
3 19
4 26
4 6
4 42
4 41
5 7
5 43
5 44
6 22
6 32
6 10
6 7
6 46
7 47
7 48
8 26
8 50
8 49
9 17
9 21
9 52
10 18
10 53
10 54
11 20
11 31
11 56
12 17
12 57
13 25
13 60
14 32
14 61
15 23
15 24
15 64
15 63
16 20
16 25
16 66
16 65
17 68
17 67
18 24
18 70
19 72
19 71
20 73
20 74
21 22
21 30
21 28
22 31
22 29
22 78
22 77
23 27
23 79
25 83
25 84
26 86
26 85
27 87
28 89
28 90
29 92
30 94
30 93
32 97
32 98
33 35
37 39
38 40
45 47
49 51
53 55
57 59
58 60
62 64
69 71
73 75
74 76
78 80
81 83
82 84
86 88
89 91
93 95
94 96