0 49 1 5 2 65 3 51 4 61 74 6 64 7 36 8 12 9 32 10 90 11 18 13 14 42 15 71 16 45 17 40 81 19 70 20 56 21 33 22 23 24 25 85 26 27 63 28 31 29 41 30 72 69 34 35 62 37 38 39 43 44 46 73 47 48 50 84 60 52 53 54 55 89 87 57 58 59 86 82 66 67 68 75 93 76 77 78 79 80 83 88 91 92 94
0 1
49 48
49 50
1 2
5 4
5 6
2 3
65 64
65 66
3 4
51 50
51 52
61 60
61 62
74 73
74 75
6 7
64 63
7 8
36 35
36 37
8 9
12 11
12 13
9 10
32 31
32 33
10 11
90 89
90 91
18 17
18 19
13 14
14 15
42 41
42 43
15 16
71 70
71 72
16 17
45 44
45 46
40 39
40 41
81 80
81 82
19 20
70 69
20 21
56 55
56 57
21 22
33 34
22 23
23 24
24 25
25 26
85 84
85 86
26 27
27 28
63 62
28 29
31 30
29 30
72 73
69 68
34 35
37 38
38 39
43 44
46 47
47 48
84 83
60 59
52 53
53 54
54 55
89 88
87 86
87 88
57 58
58 59
82 83
66 67
67 68
75 76
93 92
93 94
76 77
77 78
78 79
79 80
91 92