0 24 32 38 41 68 72 86 1 8 30 77 2 11 15 26 27 43 50 59 84 88 89 95 3 10 39 49 65 76 91 4 17 56 94 5 9 19 20 60 90 6 18 34 52 7 28 71 73 16 31 58 75 82 23 67 80 12 25 36 53 93 97 13 85 14 47 51 54 96 64 21 46 62 63 70 57 78 22 29 69 40 87 55 92 37 98 45 33 79 35 61 48 74 42 44 99 81 66 83
0 86
0 68
0 72
0 41
0 38
24 76
32 45
32 16
32 52
32 30
41 59
72 75
72 28
72 49
86 54
86 31
1 30
8 73
30 47
30 73
77 65
2 11
2 26
2 27
11 67
11 7
11 23
15 49
26 40
43 61
43 62
43 14
50 56
84 71
84 25
88 25
89 69
89 37
95 7
3 65
3 76
10 31
10 19
10 76
39 91
39 67
49 6
49 67
49 4
76 51
91 48
4 17
17 20
56 45
56 9
94 78
94 35
5 9
19 93
20 97
20 18
60 73
90 63
6 34
34 82
52 61
52 46
52 21
52 33
7 71
58 55
75 85
75 74
82 22
67 12
67 66
80 87
80 44
80 37
36 35
36 69
36 79
53 48
13 85
14 54
14 96
51 69
54 81
96 70
64 21
21 57
46 92
62 55
63 44
29 55
98 79
98 83
61 42
48 99