39 84 3 38 34 43 23 25 57 69 16 70 44 76 19 20 60 63 74 78 33 98 15 52 1 67 13 92 73 8 45 9 62 89 36 77 96 12 65 10 5 86 40 47 93 80 0 87 41 11 37 51 54 14 71 27 22 79 50 49 53 82 59 56 83 30 72 24 28 91 17 31 46 58 18 21 94 75 85 6 97 81 88 95 26 66 61 7 99 90 55 2 32 29 42 48 64 4 35 68
39 60
84 16
84 21
84 23
3 73
3 21
3 34
3 99
38 1
38 33
38 37
34 43
23 77
25 98
57 63
57 80
57 27
69 1
16 10
16 54
70 0
44 94
44 75
44 76
76 13
76 35
19 59
19 20
19 31
19 82
20 74
60 73
63 81
63 50
63 36
63 55
63 68
78 54
98 31
15 52
15 65
15 54
15 41
52 88
52 72
1 67
1 91
92 55
73 35
8 66
45 75
9 46
62 2
62 0
62 79
89 83
89 0
89 30
96 83
12 40
12 49
65 53
5 29
5 42
86 79
40 87
47 37
47 59
47 93
80 30
87 24
11 82
51 83
54 61
14 68
71 42
22 55
22 29
79 90
59 94
56 26
56 21
83 24
83 6
30 66
72 17
28 31
31 48
46 6
46 7
58 68
18 95
18 21
75 4
85 68
97 61
55 35
32 64
64 68