0 50 51 52 53 54 55 56 57 58 59 60 64 65 66 67 70 72 74 76 79 81 82 85 86 87 89 91 95 99 1 61 68 69 75 77 83 90 92 93 97 2 62 63 71 78 80 88 98 3 73 4 5 6 94 7 96 8 84 9 10 11 12 13 14 15 16 17 18 19 20 21 22 23 24 25 26 27 28 29 30 31 32 33 34 35 36 37 38 39 40 41 42 43 44 45 46 47 48 49
0 74
50 2
50 54
50 58
50 73
50 88
50 59
50 77
50 23
51 42
51 67
51 94
51 15
52 44
52 34
52 47
52 83
53 35
53 81
53 20
53 37
54 87
54 17
54 33
54 45
55 6
56 6
57 11
57 62
57 31
57 76
58 16
58 3
58 41
58 66
59 14
59 84
60 1
64 22
64 10
65 66
66 29
67 73
67 4
67 34
67 40
67 6
67 28
70 42
70 9
70 19
72 61
72 91
74 79
76 7
79 41
81 49
81 86
81 84
82 22
85 11
85 48
89 91
89 26
91 24
91 36
95 31
95 39
99 61
99 93
1 69
61 30
61 38
61 80
68 7
68 13
68 90
68 43
68 5
68 18
69 80
75 6
77 8
83 12
92 12
93 22
97 40
62 63
62 88
63 27
63 30
71 22
71 32
78 12
80 21
80 98
88 25
88 46
96 41