0 12 6 32 34 35 36 37 38 39 40 41 42 43 44 45 46 47 48 49 50 51 52 53 54 55 56 57 1 21 2 58 59 60 61 62 63 64 65 66 67 68 69 70 71 72 73 74 75 76 77 78 10 17 79 80 81 82 83 84 85 86 87 88 89 90 91 92 93 94 95 96 97 98 99 3 25 31 4 18 8 5 7 19 28 9 20 11 13 27 26 22 14 15 16 29 33 23 24 30
0 56
0 50
0 57
0 53
0 43
0 49
0 47
0 46
0 37
0 51
0 55
0 35
0 54
0 48
0 42
0 12
12 86
6 38
6 59
32 77
32 56
34 1
35 3
36 4
39 8
40 9
41 10
42 11
43 13
44 16
45 17
49 22
50 24
51 25
52 27
54 30
55 31
57 33
1 66
1 65
1 72
1 69
1 64
1 60
1 74
1 61
1 58
1 62
1 73
1 78
1 76
1 67
1 68
1 75
1 71
1 59
1 70
1 63
21 69
2 84
2 85
2 81
2 87
2 90
2 93
2 98
2 99
2 89
2 95
2 97
2 91
2 83
2 88
2 79
2 82
2 80
2 96
60 8
64 15
65 16
66 17
67 19
68 20
71 23
74 28
75 29
76 31
10 85
80 4
81 5
82 7
84 9
88 14
91 18
92 19
94 22
97 26
98 27
99 28