0 20 13 27 28 29 30 31 32 33 34 35 36 37 38 39 40 41 42 43 44 45 46 1 3 47 48 49 50 51 52 53 54 55 56 57 58 59 60 61 62 2 11 63 64 65 66 67 68 69 70 71 72 73 74 75 76 77 17 78 79 80 81 82 83 84 85 86 87 88 89 90 91 92 93 4 12 26 94 95 96 97 98 99 5 24 10 6 7 19 8 21 9 23 14 15 22 25 16 18
0 35
0 31
0 46
0 33
0 37
0 43
0 39
0 40
0 38
0 45
0 41
20 41
13 69
13 53
13 36
27 1
28 2
29 3
30 4
31 5
32 6
34 10
35 11
37 16
42 21
43 22
44 23
46 25
1 51
1 54
1 61
1 48
1 56
1 49
1 50
1 55
1 47
1 58
1 52
3 93
3 82
3 80
3 84
3 83
3 91
3 63
3 88
3 86
3 92
3 90
3 89
3 87
3 85
50 7
51 10
55 17
56 18
57 19
58 21
59 22
60 23
61 24
62 26
2 72
2 64
2 76
2 63
2 65
2 71
2 69
2 75
2 68
2 77
2 70
65 8
66 9
67 10
72 18
73 19
74 21
75 23
76 25
77 26
78 4
79 5
80 6
81 7
85 15
4 95
4 98
4 99
4 94
4 96
12 99
94 6
96 9
97 10
19 22
21 14