0 11 7 42 43 44 45 46 47 48 49 50 51 52 53 54 55 56 57 58 59 60 61 62 63 64 65 66 67 68 69 70 71 72 73 1 17 22 74 75 76 77 78 79 80 81 82 83 84 85 86 87 88 89 90 91 92 93 94 95 96 97 98 99 2 25 3 13 28 4 29 32 27 5 18 37 6 20 8 15 12 9 36 40 10 30 14 16 39 34 38 19 21 23 24 26 31 33 35 41
0 71
0 46
0 61
0 60
0 59
0 49
0 56
0 64
0 45
0 50
0 70
0 66
0 51
0 62
0 53
0 65
0 48
0 72
0 69
0 47
0 44
0 52
0 58
0 43
11 50
7 48
42 1
44 3
45 4
46 5
47 6
49 9
51 12
52 13
53 14
54 15
55 19
56 20
57 21
58 22
59 23
60 24
61 25
63 27
65 29
66 30
67 33
68 34
71 37
72 39
73 40
1 94
1 95
1 84
1 81
1 89
1 97
1 77
1 98
1 78
1 99
1 82
1 74
1 92
1 90
1 96
1 91
1 76
1 80
1 93
1 85
1 83
17 82
22 86
74 2
75 5
76 8
79 13
81 16
83 19
84 20
85 21
87 23
88 24
90 26
91 27
92 28
94 31
95 33
96 34
97 35
99 40
13 10
32 31
5 18
20 15
9 36
40 41
38 33