0 1 2 4 6 7 8 11 12 16 19 21 25 27 31 33 36 38 40 41 42 43 45 46 54 57 59 60 61 63 67 68 70 73 74 79 81 82 83 84 87 88 90 94 95 3 13 14 17 20 22 26 28 29 32 37 50 52 53 58 62 65 66 77 86 89 91 92 5 9 10 15 24 34 47 48 71 75 78 80 23 30 35 49 64 69 72 85 93 44 51 56 18 76 55 39
0 6
1 86
1 45
2 18
2 65
2 27
2 88
2 30
4 87
4 73
6 91
6 13
7 66
7 31
8 75
11 46
11 89
12 25
12 85
16 77
16 84
16 46
19 89
21 9
25 51
25 3
27 66
27 89
33 52
33 61
36 62
36 66
38 88
40 52
40 66
41 20
41 44
42 39
43 14
43 46
43 28
45 83
45 81
46 57
54 32
54 90
54 74
54 39
59 53
59 60
61 5
63 83
67 90
68 47
70 51
70 20
70 5
70 29
74 22
74 24
74 34
79 18
81 56
82 24
87 72
87 47
88 55
88 64
94 50
94 53
95 64
13 35
17 58
17 26
22 71
22 69
22 78
26 30
28 9
32 76
37 34
52 10
53 23
65 75
92 18
5 56
5 93
15 75
48 64
80 30
23 18
30 49
35 18
69 55
72 56