50 51 0 1 2 3 4 5 6 7 8 9 10 11 12 13 14 15 16 17 18 19 20 21 22 23 24 25 26 27 28 29 30 31 32 33 34 35 36 37 38 39 40 41 42 43 44 45 46 47 48 49 52 53 54 55 56 57 58 59 60 61 62 63 64 65 66 67 68 69 70 71 72 73 74 75 76 77 78 79 80 81 82 83 84 85 86 87 88 89 90 91 92 93 94 95 96 97 98 99
50 51
50 48
50 32
50 8
50 31
50 30
50 41
50 42
50 46
50 0
50 43
50 7
50 39
50 33
50 36
50 12
50 6
50 10
50 26
50 16
50 24
50 23
50 13
50 4
50 19
50 40
50 28
50 5
50 25
50 22
50 20
50 9
50 49
50 2
50 35
50 47
50 29
50 14
50 3
50 34
50 44
50 27
50 17
50 21
50 15
50 45
50 11
50 37
50 1
50 18
50 38
51 95
51 92
51 59
51 83
51 55
51 79
51 52
51 77
51 68
51 65
51 53
51 70
51 97
51 71
51 64
51 87
51 91
51 85
51 94
51 98
51 93
51 89
51 74
51 56
51 73
51 90
51 76
51 99
51 61
51 78
51 72
51 81
51 67
51 82
51 80
51 58
51 62
51 75
51 96
51 54
51 57
51 66
51 63
51 86
51 84
51 60
51 69
51 88