0 4 7 13 14 18 22 23 24 30 38 43 52 55 56 65 67 68 70 73 80 91 93 95 99 1 6 17 26 34 46 48 57 63 66 71 75 82 90 92 98 2 16 28 29 35 40 42 47 49 51 53 54 58 60 61 77 78 79 83 87 3 5 21 31 33 37 39 41 50 62 69 76 81 96 97 9 36 59 84 11 12 45 89 10 19 27 88 8 20 25 74 85 32 86 94 15 44 64 72
0 70
0 18
4 30
4 49
4 98
4 58
4 1
7 53
7 73
13 51
14 92
14 24
18 11
18 65
18 23
18 54
18 57
22 33
23 88
23 35
23 48
30 78
30 50
30 91
30 20
38 17
38 16
43 45
52 94
52 26
55 77
56 10
56 32
65 17
67 47
68 97
68 79
70 89
80 5
91 32
91 41
93 81
95 12
99 76
99 25
1 71
1 34
6 51
6 47
17 32
46 83
48 39
63 11
63 81
63 29
66 74
66 64
66 15
71 79
75 90
75 64
82 45
82 25
92 96
2 61
2 40
28 62
28 12
28 35
35 60
40 42
47 9
53 86
54 61
54 77
58 94
58 44
61 8
77 84
83 59
83 27
87 86
87 94
3 62
3 37
3 33
5 69
21 69
31 72
37 19
69 36
69 85
81 45
96 12
9 88
84 72
12 85
45 15
27 25