0 1 2 3 4 5 6 7 8 9 10 11 12 13 14 15 16 17 18 19 20 21 22 23 24 25 26 27 28 29 30 31 32 33 34 35 36 37 38 39 40 41 42 43 44 45 46 47 48 49 50 51 52 53 54 55 56 57 58 59 60 61 62 63 64 65 66 67 68 69 70 71 72 73 74 75 76 77 78 79 80 81 82 83 84 85 86 87 88 89 90 91 92 93 94 95 96 97 98 99
0 59
0 86
0 57
1 96
2 74
3 47
3 67
3 84
4 59
5 84
5 75
6 13
6 95
6 24
6 63
6 77
6 11
7 35
8 67
9 10
9 19
10 25
10 87
11 33
12 55
12 80
12 23
13 37
13 62
13 14
14 49
15 75
16 39
17 49
18 20
18 51
18 41
19 37
19 81
20 24
20 71
20 21
22 71
23 96
23 36
25 97
26 55
27 35
27 96
27 39
28 87
29 63
29 52
29 64
30 65
31 82
32 65
32 44
32 63
34 42
34 68
35 47
35 53
35 98
35 83
36 89
37 46
38 86
38 98
39 50
39 90
40 83
40 72
42 69
42 73
43 48
43 66
44 68
45 60
47 85
48 65
48 88
49 78
54 98
54 93
55 82
56 75
58 73
60 61
61 62
61 74
61 91
63 79
67 70
75 92
76 79
79 86
82 94
83 99