0 1 6 66 91 16 18 45 53 2 43 98 28 62 99 54 7 57 33 47 25 50 52 93 29 10 94 48 34 8 89 3 9 37 65 77 60 14 69 19 11 79 81 24 30 84 95 70 87 75 80 56 61 31 5 82 36 20 40 26 85 42 38 23 46 72 96 17 74 67 15 44 13 4 41 90 88 35 32 83 49 76 86 78 73 55 71 27 68 64 63 12 39 22 58 51 59 21 97 92
0 87
0 93
0 51
1 95
6 22
6 29
66 83
66 77
66 31
91 98
16 40
16 27
16 59
16 86
18 32
18 96
45 50
53 11
2 94
2 63
43 67
43 76
98 63
98 82
98 90
98 99
28 17
62 40
62 52
54 59
7 95
7 26
57 40
33 19
33 93
47 9
25 48
50 3
50 70
52 14
93 20
93 94
29 56
10 88
10 80
10 14
10 78
48 9
48 97
34 56
8 81
89 81
89 11
3 30
9 13
9 71
9 42
37 32
37 95
65 15
60 36
14 12
69 64
11 59
11 84
11 4
79 35
79 84
24 44
30 36
30 17
30 75
84 31
84 55
84 44
56 61
56 13
61 46
5 68
82 58
36 32
40 32
26 73
85 72
38 27
23 35
72 90
17 64
74 90
15 76
41 27
90 22
90 64
32 39
83 68
83 92
49 27
76 27
51 21