84 31 42 49 59 48 86 50 39 70 10 66 63 62 85 67 76 54 25 11 6 72 23 7 36 41 45 27 46 78 51 8 69 80 40 58 74 34 38 30 16 9 15 2 19 56 29 1 13 87 24 68 28 5 88 55 35 77 75 64 71 32 65 82 53 22 20 37 12 17 81 61 18 73 0 3 4 14 21 26 33 43 44 47 52 57 60 79 83
84 27
84 16
84 83
84 31
84 80
31 30
31 40
31 74
42 67
42 49
42 64
42 41
42 59
42 43
49 56
49 48
59 58
48 29
86 87
50 72
50 51
39 70
39 38
70 71
70 69
10 66
10 53
66 67
63 64
62 81
62 87
62 61
85 76
67 68
76 54
76 75
54 69
25 6
25 24
25 26
11 34
6 7
6 13
72 18
72 88
23 22
36 22
36 35
36 37
45 5
45 13
45 44
46 77
46 47
78 77
78 51
51 52
8 69
8 9
69 30
80 32
80 79
58 57
34 35
34 17
30 88
16 17
16 29
15 19
15 2
2 3
19 18
56 55
29 28
1 0
1 13
13 12
13 14
87 88
55 73
64 65
32 33
65 82
22 21
20 21
37 12
61 60
3 4