1 5 7 9 17 24 0 2 3 4 8 6 10 11 12 13 14 15 16 18 19 20 21 22 23 36 28 44 31 48 25 26 27 29 30 32 33 34 35 37 38 39 40 41 42 43 45 46 47 49 51 55 57 59 67 74 50 52 53 54 58 56 60 61 62 63 64 65 66 68 69 70 71 72 73 86 78 94 81 98 75 76 77 79 80 82 83 84 85 87 88 89 90 91 92 93 95 96 97 99
1 2
1 0
1 5
1 7
5 10
5 6
7 11
7 12
7 8
7 9
9 13
9 3
9 4
9 14
9 17
17 21
17 15
17 16
17 19
17 24
17 20
17 18
24 22
24 23
24 36
36 45
36 26
36 25
36 35
28 38
28 39
28 27
44 34
44 46
44 45
44 42
44 43
44 47
44 33
31 42
31 32
31 41
31 40
31 30
48 47
48 29
48 37
48 39
48 49
48 51
51 52
51 50
51 55
51 57
55 60
55 56
57 61
57 62
57 58
57 59
59 63
59 53
59 54
59 64
59 67
67 71
67 65
67 66
67 69
67 74
67 70
67 68
74 72
74 73
74 86
86 95
86 76
86 75
86 85
78 88
78 89
78 77
94 84
94 96
94 95
94 92
94 93
94 97
94 83
81 92
81 82
81 91
81 90
81 80
98 97
98 79
98 87
98 89
98 99