80 0 12 42 55 22 78 15 97 7 98 85 16 79 43 75 72 31 91 47 13 89 21 70 54 4 6 5 96 86 20 41 33 68 77 58 88 60 2 1 53 56 14 50 71 73 44 34 23 82 90 84 39 66 52 61 74 8 36 35 64 18 10 65 62 3 59 26 27 37 30 63 51 45 25 83 32 28 17 67 9 94 49 48 46 95 76 57 93 38 11 92 87 69 40 24 19 81 29
80 64
80 0
0 71
12 20
12 97
42 19
42 90
55 41
55 14
55 22
55 56
22 89
78 29
78 73
15 92
97 89
97 26
7 41
98 11
98 87
85 20
16 56
16 79
43 83
43 35
75 4
72 66
72 52
72 30
72 40
72 24
31 59
91 70
47 51
47 21
13 46
21 87
21 37
70 41
70 69
54 53
54 93
54 77
54 9
4 76
4 58
4 50
4 57
6 48
5 18
96 52
86 11
86 66
20 30
20 64
41 68
33 77
58 36
88 59
60 38
2 14
1 14
1 23
53 10
14 18
50 94
44 46
34 52
82 51
84 28
39 95
66 65
66 63
52 81
61 59
61 74
74 76
8 40
8 17
36 29
64 92
10 76
65 32
62 87
3 83
3 59
27 37
51 95
51 28
51 45
25 32
28 19
17 67
17 38
49 40
48 87
46 19
57 81