1 0 2 3 4 5 6 7 8 9 10 11 12 13 14 15 16 17 18 19 20 21 22 23 24 25 26 27 28 29 30 31 32 33 34 35 36 37 38 39 40 41 42 43 44 45 46 47 48 49 50 51 52 53 54 55 56 57 58 59 60 61 62 63 64 65 66 67 68 69 70 71 72 73 74 75 76 77 78 79 80 81 82 83 84 85 86 87 88 89 90 91 92 93 94 95 96 97 98 99
1 85
0 90
2 44
3 58
3 81
4 5
4 79
5 57
5 6
6 13
6 72
7 9
7 39
7 92
8 36
10 92
10 85
11 28
12 13
12 84
12 49
13 14
13 52
15 45
16 17
17 48
18 98
18 19
19 44
20 88
21 63
22 23
22 58
23 83
24 55
25 50
25 58
25 89
26 33
26 27
27 80
28 56
28 71
28 30
29 30
29 41
31 73
32 75
32 35
32 69
33 64
33 45
34 35
34 86
35 38
35 58
36 37
37 63
37 38
39 64
40 56
41 60
42 54
43 73
44 76
44 82
45 46
46 47
48 68
48 64
50 51
52 53
53 54
54 71
55 57
55 62
57 68
58 59
58 72
61 62
61 77
65 66
66 67
66 90
69 70
72 73
73 74
76 96
77 78
82 83
86 87
88 89
89 90
90 91
92 93
93 94
94 95
97 98
98 99