0 1 2 3 4 5 6 7 8 9 10 11 12 13 14 15 16 17 18 19 20 21 22 23 24 25 26 27 28 29 30 31 32 33 34 35 36 37 38 39 40 41 42 43 44 45 46 47 48 49 50 51 52 53 54 55 56 57 58 59 60 61 62 63 64 65 66 67 68 69 70 71 72 73 74 75 76 77 78 79 80 81 82 83 84 85 86 87 88 89 90 91 92 93 94 95 96 97 98
0 6
0 19
0 26
0 2
0 29
0 34
1 27
1 35
1 36
2 23
2 5
2 17
2 37
2 38
3 7
4 29
4 41
5 11
5 44
5 43
6 13
6 45
7 14
7 48
8 19
8 25
8 49
8 50
9 10
9 51
10 30
10 21
10 20
10 53
11 15
11 55
11 56
12 32
12 26
12 30
12 28
12 57
12 58
13 14
14 61
14 62
16 25
16 24
16 66
17 67
18 31
18 69
18 70
19 72
20 74
20 73
21 22
21 76
22 27
22 78
22 77
23 79
23 80
24 81
24 82
25 84
26 86
27 87
28 89
29 92
29 91
30 31
30 94
31 96
31 95
32 97
32 98
33 35
37 39
38 40
42 44
45 47
46 48
50 52
54 56
57 59
58 60
61 63
62 64
65 67
66 68
69 71
73 75
81 83
85 87
86 88
90 92
93 95