0 79 1 61 44 60 31 21 64 73 33 92 56 93 52 39 59 32 98 6 48 28 65 94 49 90 86 22 16 74 10 26 53 55 81 37 77 46 88 76 67 2 34 70 97 85 3 99 8 13 4 87 78 54 82 57 42 29 71 15 58 50 24 47 84 69 25 36 80 91 62 38 96 66 40 27 18 9 68 7 19 17 43 41 23 51 45 83 11 72 89 5 12 30 75 14 63 35 20 95
0 79
79 74
1 67
1 39
1 93
1 56
61 74
61 32
61 95
44 59
44 48
60 27
31 52
31 91
31 20
31 11
21 71
21 3
64 97
73 9
73 76
73 82
33 49
92 11
56 29
56 63
93 35
93 24
93 26
39 66
39 23
39 7
59 28
59 7
98 24
6 57
6 4
48 8
65 23
94 50
49 29
49 75
90 29
86 76
86 96
22 71
22 53
16 23
74 23
10 97
10 68
10 20
26 46
26 50
53 47
55 24
55 62
81 80
37 45
77 30
46 42
88 78
88 30
88 8
88 43
76 13
76 35
76 58
76 54
67 20
2 54
34 27
70 80
97 36
85 9
85 47
3 27
99 75
87 47
54 84
57 42
29 18
71 41
15 38
15 25
58 45
24 69
47 72
47 19
47 89
84 12
25 19
80 66
40 18
40 83
17 14
41 51
5 14
14 63