0 6 32 33 34 35 36 37 38 39 40 41 42 43 44 45 46 47 48 49 50 51 52 1 4 31 53 54 55 56 57 58 59 60 61 62 63 64 65 66 67 68 69 70 71 2 15 28 13 72 73 74 75 76 77 78 79 80 81 82 83 84 85 86 87 88 89 90 91 3 20 92 93 94 95 96 97 98 99 5 25 7 29 11 12 21 24 8 30 9 10 23 22 26 14 16 18 27 17 19
0 48
0 41
0 52
0 37
0 34
0 43
0 45
0 36
0 40
0 42
0 50
0 49
0 39
6 36
6 75
32 1
33 2
34 4
35 5
37 8
38 9
39 10
41 15
42 17
43 20
44 22
45 23
46 24
47 26
48 27
49 28
50 29
51 30
52 31
1 59
1 68
1 67
1 60
1 56
1 62
1 55
1 53
1 63
1 57
1 54
1 65
1 64
4 73
4 92
31 71
53 2
55 5
57 7
58 8
61 12
63 16
65 22
66 23
67 24
68 27
69 29
70 30
2 80
2 74
2 87
2 72
2 89
2 77
2 79
2 82
2 76
2 81
2 90
2 91
2 78
2 83
2 85
2 86
2 84
13 97
13 81
72 3
79 11
82 14
83 18
84 19
86 21
88 25
89 26
3 98
3 93
3 94
3 95
3 96
3 99
95 9
96 12
25 17
8 30