0 1 3 2 4 5 6 8 7 9 10 14 11 12 13 15 16 17 18 19 20 21 22 23 24 25 26 27 28 29 30 31 32 33 34 35 36 37 38 39 40 41 68 44 42 50 43 55 46 45 49 47 48 53 51 52 56 54 57 60 58 59 61 70 62 63 64 65 79 66 67 75 69 71 72 73 74 76 77 78 80
0 39
0 1
1 2
3 4
2 37
4 29
5 6
6 39
8 9
7 27
9 10
9 28
10 14
14 13
11 12
12 13
15 24
15 16
16 17
16 39
17 18
18 26
18 19
18 23
19 20
20 22
21 22
25 40
26 29
27 31
28 38
30 31
31 32
32 34
33 34
33 35
33 37
35 36
37 38
39 40
40 68
40 41
41 44
41 64
68 75
68 77
44 46
42 50
50 43
43 62
43 55
55 63
46 45
46 48
45 66
45 54
45 49
45 72
45 52
49 53
47 48
48 74
53 51
53 56
56 57
57 60
60 71
60 58
58 59
59 61
59 79
59 67
61 70
70 62
62 69
64 76
65 79
66 80
75 78
69 73