2 0 6 3 7 1 8 5 9 10 11 12 4 13 14 15 16 17 18 19 20 21 22 23 24 25 26 27 28 29 30 31 32 33 34 35 36 37 38 39 40 41 42 43 44 45 46 47 48 49 50 51 52 53 54 55 56 57 58 59 60 61 62 63 64 65 66 67 68 69 70 71 72 73 74 75 76 77 78 79 80 81 82 83 84 85 86 87 88 89 90 91 92 93 94 95 96 97 98 99
2 27
2 23
2 66
0 40
0 37
6 94
6 43
6 3
6 49
6 16
7 98
7 39
1 96
8 64
8 9
5 80
5 47
5 57
9 75
10 94
11 31
11 82
12 20
4 31
13 83
13 82
13 96
14 96
15 29
15 89
17 44
17 40
18 99
18 21
19 74
20 90
21 52
22 88
22 99
22 67
23 69
24 32
25 76
25 73
26 44
27 39
28 65
29 32
30 38
30 33
31 92
32 58
32 48
33 71
34 53
35 39
36 94
36 66
37 42
39 55
39 59
39 52
40 87
40 97
41 66
43 44
43 45
43 83
46 96
47 78
50 66
51 90
51 65
51 57
52 75
53 55
53 61
53 91
53 85
54 58
56 90
58 98
60 76
61 86
62 68
63 76
63 71
64 81
65 92
67 68
69 95
70 99
72 81
74 78
76 96
77 97
79 95
80 84
86 93