0 9 15 25 26 27 1 19 22 4 28 29 30 2 14 23 31 32 33 3 34 35 36 7 37 38 39 5 21 20 40 41 42 6 16 43 44 45 46 47 48 8 18 49 50 51 11 52 53 54 10 55 56 57 58 59 60 12 61 62 63 13 24 64 65 66 67 68 69 70 71 72 73 74 75 17 76 77 78 79 80 81 82 83 84 85 86 87 88 89 90 91 92 93 94 95 96 97 98 99
0 9
0 15
9 11
15 8
25 42
26 28
27 93
27 95
1 19
1 4
1 22
1 30
22 10
4 7
28 65
28 86
28 50
29 87
29 36
29 59
30 72
30 83
2 14
2 23
2 33
14 8
14 5
23 3
23 13
31 87
32 33
33 35
33 69
34 38
34 76
35 41
36 73
7 20
37 60
38 98
38 79
39 92
39 85
39 94
5 20
5 21
21 17
40 55
41 89
42 92
6 16
16 24
16 75
43 93
44 70
44 95
45 56
45 85
46 61
46 88
47 67
48 84
48 78
8 18
8 51
8 49
18 12
18 80
50 74
51 90
51 81
11 59
52 75
53 85
54 82
10 56
55 82
55 66
57 73
57 64
57 71
58 88
60 82
12 63
61 75
62 79
63 70
63 99
63 97
13 24
67 90
68 97
74 91
17 76
76 82
77 98
81 91
82 84
89 96