0 2 3 4 5 6 7 8 9 10 11 12 13 14 15 16 17 18 19 20 21 22 23 24 25 26 27 28 29 30 31 32 33 34 35 36 37 38 39 40 41 42 43 44 45 46 47 48 49 50 51 52 53 54 55 56 57 58 59 60 61 62 63 64 65 66 67 68 69 70 71 72 73 74 75 76 77 78 79 80 81 82 83 84 85 86 87 88 89 90 91 92 93 94 95 96 97 98 99 1
0 81
0 73
2 6
3 95
3 22
3 84
4 11
4 52
4 87
5 37
6 62
6 92
7 33
8 41
8 93
9 67
9 58
10 98
12 43
12 57
12 32
13 62
13 91
13 19
14 16
15 61
16 83
17 55
17 99
18 45
18 20
18 85
20 40
21 78
21 86
23 61
23 50
24 99
25 43
25 65
25 82
26 73
26 59
27 53
27 89
27 88
28 79
28 72
28 63
28 84
28 38
29 35
29 96
29 51
29 34
30 74
31 53
31 48
31 81
31 57
32 45
33 49
36 98
37 55
38 75
38 76
39 43
39 55
41 51
41 1
42 75
44 75
44 90
45 98
45 56
46 1
47 98
49 64
52 81
53 77
54 97
56 78
58 71
58 1
60 94
61 80
64 77
64 75
66 88
67 70
68 96
69 89
72 94
74 76
76 83
79 93
80 84
85 97
89 91