0 16 68 69 70 71 72 73 74 75 76 77 78 79 80 81 82 83 84 85 86 87 88 89 90 91 92 93 94 95 96 97 98 99 1 31 2 17 54 3 11 4 44 5 6 41 7 55 19 57 28 8 25 34 52 9 39 10 29 30 12 46 13 36 27 51 14 33 15 35 18 32 20 21 59 66 22 37 23 24 65 63 60 26 64 40 67 53 61 43 42 38 58 56 62 49 45 50 47 48
0 86
0 77
0 70
0 93
0 90
0 99
0 68
0 94
0 95
0 69
0 92
0 79
0 82
0 87
0 85
0 76
0 80
0 73
0 97
0 75
0 88
0 96
0 83
0 78
0 74
0 71
0 81
0 72
0 89
0 84
0 98
0 16
16 35
16 15
68 1
69 2
70 3
71 4
72 5
73 7
74 8
75 9
76 10
77 11
78 13
79 14
80 17
81 18
82 20
83 22
84 23
85 26
86 27
87 28
88 30
89 31
90 32
91 33
92 36
94 39
95 40
96 41
97 42
98 47
99 48
54 4
4 44
44 49
6 41
41 63
41 62
7 57
7 19
7 55
57 66
28 29
28 67
8 34
8 25
25 60
34 61
52 35
39 56
12 46
46 42
51 48
33 20
32 53
21 59
21 66
59 58
37 42
37 43
24 65
24 63
64 38
67 50
38 58
45 50