0 66 98 24 70 41 1 97 17 23 28 48 95 4 71 35 29 74 68 76 18 86 8 25 2 85 91 3 32 60 82 49 34 7 59 5 6 44 50 16 31 83 77 53 63 99 9 10 11 12 75 14 13 42 15 65 30 78 88 45 79 47 93 87 84 72 51 61 73 40 19 20 21 64 22 57 39 43 26 27 89 33 54 80 69 36 55 58 96 37 56 38 94 81 52 62 92 90 46 67
0 24
66 80
66 98
66 89
24 79
70 67
41 57
41 19
1 76
1 86
1 68
97 75
97 30
17 4
17 29
23 22
23 60
28 55
28 95
48 9
95 73
4 6
4 80
71 34
71 74
35 32
29 59
76 12
18 40
86 40
8 13
25 78
25 59
2 7
2 83
85 61
91 45
91 30
3 64
32 54
60 14
82 27
49 47
49 53
49 50
34 7
34 9
34 63
7 50
7 93
7 81
5 58
6 72
6 42
44 30
50 19
50 31
16 88
16 14
31 79
83 43
77 78
53 51
99 13
99 10
10 78
10 55
11 78
75 14
14 69
42 61
42 58
15 87
15 56
65 93
30 64
78 96
78 64
45 26
79 39
47 62
47 89
93 40
87 40
84 92
84 81
72 54
61 38
40 21
20 64
22 52
22 37
57 90
57 36
39 94
27 90
33 52
81 67
52 46