0 57 74 75 76 77 78 79 80 81 82 83 84 85 86 87 88 89 90 91 92 93 94 95 96 97 98 99 1 52 41 62 2 58 24 3 25 4 36 61 45 46 5 72 73 6 71 7 23 8 35 48 66 9 15 10 27 42 11 43 12 19 13 32 34 70 14 16 51 37 60 17 40 18 31 20 21 22 56 26 28 29 38 69 30 55 59 33 44 67 39 64 50 54 47 49 53 63 65 68
0 80
0 99
0 83
0 86
0 78
0 77
0 96
0 98
0 93
0 91
0 79
0 92
0 90
0 84
0 95
0 76
0 88
0 81
0 82
0 94
0 87
0 74
0 85
0 75
0 89
57 26
57 31
74 1
75 2
76 3
77 4
78 6
79 7
80 8
81 9
82 10
83 11
84 13
85 14
86 15
87 16
88 17
89 18
90 19
91 20
92 21
93 22
94 23
95 24
96 25
97 27
98 29
99 31
1 41
1 52
62 8
2 58
58 28
58 39
58 47
25 40
4 45
4 46
4 61
4 36
61 44
45 54
5 72
5 73
72 7
71 68
71 15
71 49
8 35
8 48
66 42
10 42
10 27
43 40
43 50
12 19
13 32
13 70
13 34
32 59
34 67
16 37
16 51
16 60
37 30
40 64
56 69
29 38
29 69
30 55
33 44
67 53
54 65
53 63