0 14 23 19 25 26 27 1 2 3 28 29 30 31 32 33 16 34 35 36 4 10 37 38 39 5 17 20 40 41 42 6 15 12 43 44 45 7 9 46 47 48 8 18 49 50 51 52 53 54 24 55 56 57 11 58 59 60 61 62 63 13 22 64 65 66 67 68 69 70 71 72 73 74 75 76 77 78 79 80 81 82 83 84 85 86 87 21 88 89 90 91 92 93 94 95 96 97 98 99
0 14
0 19
0 23
14 11
14 67
23 20
19 6
19 83
25 91
26 44
26 82
27 91
27 62
1 3
1 2
3 16
28 88
29 38
30 67
31 39
32 92
33 59
16 8
16 13
16 73
34 65
34 48
35 51
36 64
36 45
4 10
4 38
10 24
10 8
37 97
37 74
39 95
39 63
5 20
5 17
17 7
40 59
41 62
41 58
42 69
42 53
6 12
6 15
6 43
12 8
12 61
12 62
43 84
43 95
44 73
45 97
7 9
46 92
47 71
48 72
8 18
18 80
49 61
49 89
50 60
50 73
51 61
52 67
52 64
53 66
53 54
24 21
24 98
55 85
55 78
56 80
57 62
59 86
62 76
62 70
62 77
13 22
68 86
69 79
71 81
72 96
75 82
79 97
80 88
81 85
81 93
81 99
82 92
83 90
85 86
87 91
92 96
93 98
94 96