0 1 4 5 6 11 13 14 17 18 19 20 23 27 29 31 32 33 35 36 37 39 42 43 46 50 51 53 57 59 61 62 63 67 68 70 74 77 80 85 86 92 94 95 96 98 99 8 15 16 21 26 28 30 40 41 45 49 54 64 65 66 71 72 75 79 81 87 88 93 2 7 10 12 22 38 44 48 52 55 69 73 78 82 84 90 97 3 9 24 25 34 58 83 47 60 76 89 56 91
0 53
1 88
4 46
4 2
5 41
5 95
6 37
6 56
6 54
11 32
13 66
13 91
14 46
17 10
17 24
17 73
18 20
19 42
20 61
23 67
23 22
27 85
27 97
29 33
31 65
31 39
32 91
33 56
35 12
35 10
35 15
36 77
36 86
36 91
39 8
42 62
43 8
46 3
46 61
50 15
50 74
50 21
51 21
53 83
53 9
57 64
59 9
61 28
62 65
62 79
62 75
63 90
67 93
67 95
67 84
68 78
68 93
68 99
70 34
77 41
80 25
85 89
85 54
92 60
94 15
94 72
96 48
96 90
98 40
8 34
15 88
16 65
26 79
28 41
30 64
40 45
40 65
45 44
45 87
49 48
64 47
64 81
65 91
71 3
72 48
2 55
7 97
22 58
38 97
44 52
48 97
55 9
69 90
73 47
78 47
78 76
82 25
24 60
25 56