0 5 12 19 23 28 31 33 34 36 37 58 64 66 75 78 89 95 97 1 4 9 25 41 43 52 67 72 73 80 83 98 99 2 14 18 40 42 45 53 55 62 69 82 84 87 93 3 13 27 47 60 74 79 96 8 11 16 20 22 26 29 56 57 71 90 92 21 30 32 38 44 49 50 51 59 63 86 88 6 24 39 54 68 94 7 77 10 48 65 70 91 46 85 15 35 76 17 81 61
0 37
0 12
5 26
5 50
5 41
12 66
19 6
23 83
23 9
23 92
23 24
23 32
28 74
28 77
28 44
31 20
33 72
33 58
33 82
34 77
34 47
36 20
36 39
37 85
37 30
37 62
37 88
58 18
64 2
75 18
78 94
78 54
78 7
89 25
95 30
97 69
97 1
4 42
4 92
9 65
25 21
25 6
25 99
41 46
43 48
52 45
67 81
67 90
67 15
73 79
80 74
83 63
98 70
98 76
2 14
14 35
18 22
40 48
45 85
53 84
53 39
53 93
55 20
62 17
69 29
82 30
84 96
84 63
87 68
3 74
13 24
27 15
47 8
60 30
79 11
79 38
11 86
11 48
16 56
16 63
16 49
26 81
26 10
29 6
57 85
57 86
71 61
71 38
30 6
30 10
51 85
59 76
86 35
24 10
68 7
94 81
77 48
48 76
91 81