0 19 12 25 26 27 1 20 15 28 29 30 2 21 9 31 32 33 3 5 34 35 36 4 14 13 37 38 39 16 7 24 40 41 42 6 18 43 44 45 46 47 48 8 49 50 51 11 52 53 54 10 23 55 56 57 58 59 60 17 61 62 63 64 65 66 67 68 69 70 71 72 73 74 75 22 76 77 78 79 80 81 82 83 84 85 86 87 88 89 90 91 92 93 94 95 96 97 98 99
0 19
0 12
19 9
12 8
12 17
25 87
25 64
25 57
25 74
26 76
26 65
26 94
27 77
1 15
1 20
1 29
1 30
20 86
15 13
28 83
2 9
2 21
2 33
21 90
9 13
9 11
9 53
31 55
32 97
33 52
3 5
5 7
5 16
5 24
5 40
34 70
35 86
35 49
36 91
36 73
36 61
4 13
4 14
4 38
13 10
37 93
37 69
38 98
39 91
39 68
7 18
41 64
42 53
6 18
18 17
43 96
43 81
44 76
44 91
45 92
45 91
46 74
47 59
48 68
48 62
49 88
50 66
51 83
51 82
11 60
11 58
52 63
52 56
53 84
54 62
54 89
10 23
55 86
58 75
59 68
59 66
17 22
62 79
62 97
66 69
67 81
67 85
70 93
71 77
72 86
72 73
72 96
74 95
74 92
77 79
78 84
80 84
83 99
84 99