0 8 17 24 30 78 86 91 1 13 16 29 33 50 57 75 83 85 96 2 41 49 94 3 18 34 73 4 46 76 5 98 6 69 72 77 82 7 22 42 19 23 9 60 10 12 25 38 40 58 59 74 80 11 27 36 53 89 95 14 55 87 15 90 39 92 61 20 28 88 21 65 54 79 32 48 37 44 62 93 31 26 63 56 66 99 68 67 35 45 64 43 47 51 81 97 70 52 71 84
0 8
0 30
0 78
0 86
17 55
24 57
24 36
24 93
78 22
78 21
78 64
91 19
91 92
91 62
1 16
1 13
13 38
13 25
16 39
29 6
29 66
33 87
50 70
50 81
57 4
57 96
57 56
57 35
75 95
83 84
83 59
83 2
85 98
85 87
85 28
96 15
96 49
41 77
49 23
49 40
94 84
94 89
3 73
18 72
34 88
34 87
34 67
73 84
4 46
4 76
76 90
5 98
98 99
6 69
69 20
69 71
72 93
72 51
77 55
82 55
82 63
7 42
22 74
22 54
22 79
42 14
23 48
23 32
9 60
60 10
10 12
10 80
25 31
25 95
38 53
38 43
40 81
40 20
58 80
58 87
59 37
74 45
74 31
11 27
27 55
27 65
36 21
36 89
89 97
14 87
55 47
39 26
92 54
61 47
20 28
79 68
44 99
26 63
97 52