0 15 20 25 26 27 1 4 28 29 30 2 24 31 32 33 3 22 10 34 35 36 37 38 39 5 12 18 40 41 42 6 7 43 44 45 14 19 46 47 48 8 23 49 50 51 9 52 53 54 55 56 57 11 58 59 60 61 62 63 13 16 64 65 66 67 68 69 21 70 71 72 73 74 75 17 76 77 78 79 80 81 82 83 84 85 86 87 88 89 90 91 92 93 94 95 96 97 98 99
0 15
0 20
0 26
15 18
15 21
20 16
25 90
25 97
25 42
25 78
26 72
27 91
1 4
4 3
4 39
28 76
29 57
29 62
29 71
29 43
30 68
2 24
24 10
24 16
24 6
24 98
31 44
32 76
33 79
3 22
3 10
22 11
10 57
34 36
35 43
35 85
36 60
37 61
38 50
39 41
5 18
5 12
5 40
12 9
18 23
40 46
41 66
42 60
6 7
7 14
7 19
43 77
43 86
44 86
45 97
19 84
47 81
47 73
48 64
48 91
8 23
8 49
50 53
51 74
52 63
52 58
53 82
53 80
54 77
55 70
56 93
59 66
61 83
63 94
13 16
13 65
64 88
65 75
67 86
68 94
69 93
69 76
21 17
70 92
73 96
74 80
74 84
17 76
76 95
79 80
80 89
81 91
81 99
81 98
83 86
86 92
86 87
90 93
94 97