0 7 19 22 33 39 45 59 76 1 8 66 84 86 2 24 49 54 3 20 55 67 88 4 27 5 61 65 6 26 47 72 85 9 57 92 10 53 96 11 21 25 12 36 41 62 80 13 91 95 14 15 63 71 98 16 81 87 17 18 75 89 70 23 50 69 77 28 35 79 97 29 48 64 30 58 82 94 31 32 40 68 34 52 74 37 93 38 56 42 43 44 73 83 46 99 51 60 78 90
0 45
0 39
0 19
0 59
0 22
7 85
22 18
22 70
22 63
33 30
33 12
39 47
39 61
39 14
39 9
45 5
45 84
59 31
76 1
1 66
1 86
1 8
66 93
66 91
84 4
84 17
2 49
24 18
49 99
54 43
3 88
3 67
3 20
55 34
55 87
67 93
67 68
88 48
88 77
4 27
5 65
61 28
61 75
6 47
26 12
47 46
72 52
72 56
85 56
57 92
57 17
57 53
57 99
92 82
10 53
53 58
96 38
96 41
96 23
11 21
11 25
25 77
12 62
12 80
36 74
36 79
41 79
62 29
62 43
13 95
91 90
95 46
15 63
15 71
98 23
16 81
81 43
87 23
75 43
89 50
50 79
69 58
77 83
77 37
28 79
28 97
28 35
29 48
29 64
94 42
94 83
32 68
32 40
52 38
44 83
44 73
73 60
51 60
51 78