0 65 1 2 53 12 52 3 8 4 5 6 7 9 10 11 13 22 25 14 20 15 16 17 18 19 21 23 24 26 51 27 44 43 35 28 34 29 30 31 32 33 37 36 38 39 40 41 42 50 45 46 47 48 49 54 59 55 56 57 58 60 61 64 62 63
0 65
65 64
1 53
1 12
1 2
1 52
2 3
2 8
53 54
53 59
12 22
12 13
12 25
3 6
3 5
3 4
8 7
8 9
8 10
8 11
13 20
13 14
22 23
25 26
25 51
14 16
14 17
14 18
14 19
14 15
20 21
23 24
51 44
27 28
27 43
27 35
44 45
44 42
44 50
43 39
43 42
35 36
28 29
28 34
34 33
29 30
29 31
31 32
37 36
38 39
39 40
40 41
45 46
45 47
45 48
45 49
54 55
59 60
55 56
56 57
57 58
60 61
60 64
61 62
62 63