0 34 43 1 35 44 2 36 45 3 37 40 46 4 30 38 41 47 5 31 39 42 48 6 32 49 7 33 8 9 10 53 11 54 12 55 13 50 56 14 51 57 15 52 58 16 59 17 18 19 20 63 21 64 22 65 23 60 66 24 61 67 25 62 68 26 69 27 28 29 73 74 75 70 76 71 77 72 78 79 83 84 85 80 86 81 87 82 88 89 93 94 95 90 96 91 97 92 98 99
0 43
0 34
34 8
34 60
43 80
43 6
43 17
43 77
1 35
35 78
35 61
35 69
44 81
44 18
44 78
44 87
44 70
2 45
36 62
45 71
45 19
45 82
45 88
45 8
45 79
3 37
3 46
37 74
37 63
40 14
40 74
46 9
46 83
46 72
4 47
4 38
4 41
30 64
38 75
41 84
47 13
47 73
5 39
5 31
31 74
39 76
42 76
48 74
32 66
49 86
49 15
49 75
7 33
33 70
33 67
10 53
53 87
53 16
11 54
54 28
54 97
12 55
55 29
55 21
55 18
55 89
55 98
13 50
13 56
50 93
56 82
56 99
14 57
14 51
51 85
57 94
52 26
52 86
58 24
16 59
59 25
20 63
21 64
64 90
64 27
22 65
65 99
65 91
65 28
23 66
60 94
66 92
66 29
24 67
61 95
67 93
25 62
62 96
68 94