0 10 22 25 26 27 1 11 17 28 29 30 2 31 32 33 3 16 20 9 13 34 35 36 4 37 38 39 5 24 40 41 42 6 43 44 45 7 18 46 47 48 8 15 49 50 51 52 53 54 21 55 56 57 19 58 59 60 12 61 62 63 64 65 66 14 23 67 68 69 70 71 72 73 74 75 76 77 78 79 80 81 82 83 84 85 86 87 88 89 90 91 92 93 94 95 96 97 98 99
0 10
0 22
10 21
22 2
22 9
25 79
25 52
25 73
26 73
27 97
1 17
1 11
11 19
17 3
28 46
28 56
29 47
29 95
30 73
30 58
2 32
31 70
31 77
31 89
33 49
33 36
3 16
3 20
3 9
3 13
16 18
16 75
20 6
20 12
9 52
13 24
13 4
13 66
34 68
34 41
35 75
36 59
4 37
37 48
38 43
38 64
39 46
5 24
24 98
40 50
41 51
41 50
42 48
6 45
6 43
43 85
44 65
45 89
45 83
7 18
7 47
7 46
18 81
46 62
47 80
48 57
8 15
15 12
49 62
50 89
52 93
52 90
53 69
54 92
54 78
21 14
21 88
55 92
55 94
57 65
60 63
61 89
62 96
63 92
66 82
66 74
14 23
67 96
68 91
69 87
69 94
70 72
71 80
72 97
76 86
76 81
84 88
87 98
90 99