0 3 2 1 4 5 6 7 8 9 10 12 11 13 14 15 17 18 19 16 20 22 23 21 24 26 29 28 25 27 32 34 31 33 30 35 37 36 39 38 42 43 44 40 41 45 49 46 47 48 50 52 51 53 54 56 59 55 58 57 61 62 60 63 64 65 68 66 69 67 72 73 70 74 71 77 79 76 78 75 81 83 84 80 82 87 88 85 89 86 91 93 94 92 90 97 99 96 95 98
0 1
3 2
2 93
2 4
1 4
1 60
5 6
5 8
6 9
6 34
6 7
8 96
10 12
12 14
12 13
11 14
11 53
11 63
13 46
13 65
15 18
15 17
15 16
15 73
17 19
19 90
19 48
20 24
22 23
22 24
23 73
21 24
26 27
29 28
28 89
28 25
28 27
32 33
31 30
33 30
33 81
35 68
35 36
37 36
36 39
36 38
42 41
42 43
42 62
44 74
44 84
44 40
45 46
49 46
46 47
50 52
50 51
50 54
51 53
53 71
56 90
56 57
59 58
55 57
55 58
61 64
61 63
62 64
65 78
65 66
65 68
68 69
69 67
72 73
72 70
72 74
73 71
77 76
77 86
79 76
76 75
76 78
78 97
81 82
81 83
83 80
84 82
87 86
88 89
88 86
88 85
91 93
93 94
94 90
94 92
97 95
99 95
99 96
95 98