0 1 2 3 4 5 6 7 8 9 10 11 12 13 14 15 16 17 18 19 20 21 22 23 24 25 26 27 28 29 30 31 32 33 34 35 36 37 38 39 40 41 42 43 44 45 46 47 48 49 50 51 52 53 54 55 56 57 58 59 60 61 62 63 64 65 66 67 68 69 70 71 72 73 74 75 76 77 78 79 80 81 82 83 84 85 86 87 88 89 90 91 92 93 94 95 96 97 98 99
0 94
1 4
2 8
2 16
2 65
2 35
3 28
4 14
5 72
5 43
6 52
7 9
7 80
7 44
7 61
8 78
8 69
9 41
9 21
9 91
9 84
10 29
11 96
12 50
13 83
13 87
14 44
14 19
15 73
16 96
16 60
17 79
18 83
18 51
19 62
20 58
21 86
22 44
23 74
24 29
25 33
25 97
26 45
26 36
27 87
27 90
27 79
28 78
29 46
30 40
30 54
30 75
30 90
31 90
32 61
32 96
33 85
33 61
34 92
34 44
37 52
37 95
38 86
39 99
39 90
40 64
41 53
42 81
42 92
43 49
44 77
44 73
45 60
46 57
47 49
48 86
50 59
52 70
53 93
55 64
56 90
57 65
58 80
58 98
59 91
59 72
59 68
63 77
66 89
66 92
67 84
71 91
74 75
75 80
76 77
79 94
82 92
88 98
95 99