0 1 2 3 4 5 6 7 10 11 12 13 14 8 17 27 9 28 38 19 29 15 16 20 22 23 25 26 18 21 24 33 35 36 37 32 30 41 31 42 34 43 46 47 39 49 40 44 45 50 51 52 53 56 48 57 58 59 54 55 60 63 73 64 66 67 69 61 62 65 68 71 74 76 98 79 70 72 75 77 80 84 86 78 89 81 82 83 88 90 92 93 85 94 95 96 87 91 97
0 11
0 10
0 1
1 2
2 3
2 12
3 13
3 4
4 14
5 6
5 14
6 7
10 20
14 23
14 15
8 27
8 17
27 18
27 28
27 16
27 36
9 28
9 38
9 19
9 29
38 47
15 16
15 26
20 21
22 21
25 24
25 35
24 33
33 32
35 46
36 37
32 41
32 42
30 41
41 52
41 40
41 31
41 50
41 51
34 43
43 52
46 56
46 45
47 56
39 49
49 59
44 53
44 45
50 60
53 63
56 67
48 58
48 57
57 67
58 69
59 69
54 73
54 64
54 55
55 66
60 71
64 74
66 67
66 76
66 65
67 68
67 98
61 62
62 71
68 79
71 70
71 80
74 84
76 75
76 86
98 77
98 87
98 88
98 97
72 84
80 81
80 90
86 96
78 89
89 88
81 82
82 83
83 92
83 93
92 91
93 94
85 94
85 95