0 1 6 11 31 2 4 8 3 7 9 5 14 22 13 29 12 50 10 16 18 17 19 15 56 27 25 20 21 26 24 37 28 23 39 30 36 41 32 34 38 33 35 44 52 53 43 59 42 40 46 48 47 49 45 57 55 51 54 58
0 11
1 6
1 2
6 5
11 10
31 36
31 32
31 13
2 4
2 8
4 9
4 22
3 9
7 29
7 13
14 15
14 12
14 19
22 28
13 17
29 15
29 23
12 18
50 56
10 16
16 15
56 55
56 58
56 51
27 23
25 26
25 24
20 26
21 26
26 28
37 59
37 43
28 23
39 34
39 33
30 41
36 35
41 40
32 34
32 38
34 52
44 45
44 42
44 49
52 58
53 57
53 59
53 58
43 47
59 45
42 48
40 46
46 45
55 54