0 37 20 59 60 61 62 63 64 65 66 67 68 69 70 71 72 73 74 75 76 77 78 79 80 81 82 83 84 85 86 87 88 89 90 91 92 93 94 95 96 97 98 99 1 43 45 31 2 30 3 13 19 4 24 15 5 46 6 34 7 9 8 44 32 26 50 10 40 52 57 11 41 47 29 12 14 51 18 55 16 17 54 33 25 21 22 23 27 38 28 39 56 36 58 49 35 42 48 53
0 99
0 64
0 98
0 94
0 74
0 83
0 79
0 89
0 63
0 90
0 76
0 65
0 87
0 78
0 69
0 67
0 71
0 75
0 60
0 93
0 95
0 92
0 82
0 85
0 62
0 91
0 80
0 77
0 59
0 73
0 96
0 70
0 88
0 72
0 81
0 66
0 68
0 97
37 85
20 70
20 25
59 1
60 5
61 6
62 8
63 9
64 10
65 11
66 13
67 14
68 16
69 17
72 22
73 23
74 24
75 26
76 27
77 28
78 29
79 30
80 31
81 32
82 33
83 34
84 36
86 38
87 40
88 41
89 42
90 44
91 46
92 48
93 50
94 51
95 52
96 54
97 55
98 56
99 57
1 45
1 43
45 12
31 49
2 30
30 36
3 13
19 33
4 15
15 55
6 34
7 9
52 35
47 42
14 18
51 21
27 38
28 39
58 53
58 48