0 7 1 31 32 33 34 35 36 37 38 39 40 41 42 43 44 45 46 47 48 49 50 51 52 53 54 55 56 57 3 58 59 60 61 62 63 64 65 66 67 68 69 70 71 72 73 74 75 76 2 26 4 77 78 79 80 81 82 83 84 85 86 87 88 89 90 91 92 93 94 95 96 97 9 19 10 98 99 27 5 14 6 29 8 12 15 13 11 28 23 16 24 17 18 30 20 21 22 25
0 57
0 33
0 35
0 53
0 45
0 47
0 56
0 39
0 38
0 52
0 50
0 46
0 31
0 55
0 49
0 36
0 37
0 41
0 42
0 43
7 80
1 59
1 65
1 64
1 73
1 60
1 75
1 76
1 70
1 72
1 61
1 66
1 69
32 2
34 5
35 6
37 8
39 10
40 12
41 13
42 14
44 16
45 17
46 18
47 19
48 21
49 22
50 23
51 24
52 25
54 27
55 28
57 30
3 99
3 9
3 59
58 2
60 4
61 5
62 6
63 9
64 12
66 16
67 17
68 18
69 20
71 23
72 24
74 26
75 27
76 29
2 90
2 88
2 85
2 95
2 82
2 92
2 87
2 77
2 94
2 78
2 89
2 81
2 83
2 80
2 86
26 94
4 98
79 6
83 11
84 12
85 15
87 17
90 21
91 22
93 25
96 28
97 30
99 6