0 1 2 3 4 5 6 7 8 9 10 11 12 13 14 15 16 17 18 19 20 21 22 23 24 25 26 27 28 29 30 31 32 33 34 35 36 37 38 39 40 41 42 43 44 45 46 47 48 49 50 51 52 53 54 55 56 57 58 59 60 61 62 63 64 65 66 67 68 69 70 71 72 73 74 75 76 77 78 79 80 81 82 83 84 85 86 87 88 89 90 91 92 93 94 95 96 97 98
0 29
0 21
0 25
0 33
0 34
1 18
1 36
2 28
2 38
3 7
3 20
3 39
4 22
4 26
4 41
4 42
5 29
5 31
5 44
6 7
6 45
6 46
7 48
8 22
8 28
8 13
8 49
8 50
9 20
10 23
10 15
10 53
10 54
11 30
12 19
12 57
12 58
13 18
13 59
14 21
14 61
15 29
15 63
15 64
16 22
16 17
16 65
16 66
17 67
18 70
18 69
19 22
19 72
20 30
20 29
20 32
20 73
21 27
21 76
22 78
23 79
24 26
25 84
25 83
26 29
26 85
27 88
28 90
28 89
29 92
30 93
31 96
32 98
32 97
33 35
37 39
38 40
41 43
45 47
49 51
50 52
53 55
54 56
58 60
62 64
66 68
69 71
73 75
74 76
77 79
78 80
81 83
82 84
85 87
86 88
89 91
93 95
94 96