0 1 2 3 4 5 6 7 8 9 10 11 12 13 14 15 16 17 18 19 20 21 22 23 24 25 26 27 28 29 30 31 32 33 34 35 36 37 38 39 40 41 42 43 44 45 46 47 48 49 50 51 52 53 54 55 56 57 58 59 60 61 62 63 64 65 66 67 68 69 70 71 72 73 74 75 76 77 78 79 80 81 82 83 84 85 86 87 88 89 90 91 92 93 94 95 96 97 98
0 11
0 33
1 25
1 10
1 23
1 36
2 30
2 29
2 37
3 24
3 39
3 40
4 31
4 41
5 23
5 24
5 43
5 44
6 18
6 45
7 22
7 12
7 48
8 9
8 50
9 30
9 51
10 17
10 53
10 54
11 23
12 21
12 57
13 22
13 60
13 59
14 15
15 22
15 64
15 63
16 28
16 65
16 66
17 68
17 67
18 23
18 27
18 69
18 70
19 28
19 72
19 71
20 23
20 32
20 74
21 75
22 25
22 77
23 31
23 80
23 79
24 82
24 81
26 29
26 86
27 28
27 87
28 89
28 90
29 92
30 31
30 93
30 94
31 96
32 98
32 97
33 35
34 36
38 40
42 44
45 47
46 48
49 51
50 52
53 55
54 56
58 60
61 63
62 64
73 75
74 76
78 80
81 83
82 84
85 87
86 88
89 91
93 95