0 37 49 50 51 52 53 54 55 56 57 58 59 60 61 62 63 64 65 66 67 68 69 70 71 72 73 74 75 76 77 78 79 80 81 82 83 1 29 32 5 84 85 86 87 88 89 90 91 92 93 94 95 96 97 98 99 2 42 44 40 3 33 26 4 36 23 47 6 45 7 34 8 38 20 9 10 43 11 12 13 14 18 24 17 15 39 22 16 46 31 19 27 35 21 48 25 28 30 41
0 50
0 75
0 80
0 58
0 51
0 70
0 56
0 66
0 73
0 57
0 72
0 59
0 61
0 52
0 77
0 62
0 82
0 65
0 63
0 83
0 68
0 67
0 54
0 69
0 53
0 76
0 49
0 71
0 64
0 81
0 79
0 55
0 60
37 76
49 2
50 4
51 5
52 7
54 10
55 11
56 12
57 13
58 14
59 15
60 16
61 17
62 19
63 20
64 21
65 23
66 24
67 26
68 27
69 28
70 29
71 30
72 32
73 33
74 35
75 36
77 40
78 41
79 42
80 43
81 44
82 45
83 48
1 98
1 92
1 90
1 88
1 91
1 85
1 84
1 97
1 99
5 87
5 47
85 3
86 4
88 6
89 7
90 8
91 9
92 10
93 11
94 12
95 13
96 14
98 18
44 41
47 25
7 34
8 38
17 31
15 39
22 48
46 30
35 48