0 1 2 3 4 5 6 7 8 9 10 11 12 13 14 15 16 17 18 19 20 30 40 50 60 70 80 90 21 22 23 24 25 26 27 28 29 31 32 33 34 35 36 37 38 39 41 42 43 44 45 46 47 48 49 51 52 53 54 55 56 57 58 59 61 62 63 64 65 66 67 68 69 71 72 73 74 75 76 77 78 79 81 82 83 84 85 86 87 88 89 91 92 93 94 95 96 97 98 99
0 13
0 14
0 15
0 16
0 17
0 18
0 19
0 20
0 10
0 12
0 11
1 2
2 3
2 57
2 58
2 59
2 21
2 22
2 23
2 24
2 25
2 26
2 27
2 28
2 29
3 4
3 31
3 32
3 33
3 34
3 35
3 36
3 37
3 38
3 39
4 46
4 5
4 43
4 44
4 41
4 42
4 47
4 48
4 49
4 45
5 6
6 7
7 8
7 85
7 86
7 87
7 88
7 89
7 90
7 91
7 92
7 93
7 94
7 95
7 96
7 97
7 81
7 82
7 83
7 84
7 98
7 99
8 9
12 56
12 55
12 51
12 52
12 53
12 54
20 30
20 60
30 40
30 70
40 50
50 90
60 80
33 65
33 64
33 66
33 63
33 67
33 71
33 62
33 68
33 69
33 61
33 72
33 73
33 74
33 75
33 76
33 77
33 78
33 79