0 14 22 62 63 64 65 66 67 68 69 70 71 72 73 74 75 76 77 78 79 80 81 82 83 84 85 86 87 88 89 90 91 92 93 94 95 96 97 98 99 1 25 2 40 3 48 44 4 38 5 15 39 52 7 6 28 29 18 31 61 8 42 9 10 43 11 51 12 59 13 30 54 34 16 45 17 19 47 20 50 21 53 23 24 57 33 36 55 26 46 27 37 32 41 58 35 60 56 49
0 71
0 70
0 68
0 86
0 67
0 75
0 84
0 63
0 92
0 97
0 98
0 76
0 95
0 78
0 82
0 96
0 83
0 72
0 77
0 94
0 66
0 73
0 85
0 99
0 62
0 79
0 87
0 65
0 74
0 64
0 93
0 69
0 80
0 88
0 81
0 91
0 90
14 73
14 54
22 79
62 1
64 3
65 4
66 5
67 7
68 8
69 9
70 10
71 12
72 13
74 16
75 17
76 18
77 20
78 21
80 23
81 24
82 28
83 29
84 30
85 31
86 32
87 33
88 34
89 35
90 36
91 37
92 40
93 41
94 42
95 43
96 44
97 45
98 46
99 47
25 5
25 55
25 6
2 40
40 11
48 41
38 17
5 15
5 52
5 39
29 27
61 9
11 51
59 34
45 60
19 47
20 50
53 23
24 57
26 46
46 58
37 35
60 56
60 49