0 61 63 65 66 67 68 69 70 71 72 73 74 75 76 77 78 79 80 81 82 83 84 85 86 87 88 89 90 91 92 93 94 95 96 97 98 99 1 12 8 2 22 51 15 3 36 4 33 14 5 57 20 6 62 54 7 27 56 53 9 47 21 10 11 24 35 13 17 64 16 46 23 38 18 49 19 37 32 44 25 30 42 59 26 40 45 28 50 29 31 34 39 41 43 58 48 52 55 60
0 83
0 90
0 78
0 94
0 93
0 73
0 72
0 87
0 82
0 80
0 70
0 95
0 71
0 68
0 75
0 79
0 96
0 65
0 89
0 69
0 77
0 86
0 88
0 92
0 84
0 91
0 98
0 85
0 99
0 81
0 97
0 76
0 67
0 74
61 26
63 25
65 1
66 2
67 3
68 4
69 5
70 6
71 8
72 10
73 11
74 12
75 13
76 14
77 15
78 16
79 17
80 18
81 19
82 20
83 22
84 25
85 26
86 27
87 28
88 29
89 30
90 31
91 32
92 35
94 37
95 38
96 40
97 41
98 42
99 44
8 51
2 15
15 64
3 36
4 33
5 57
6 62
54 59
7 56
7 53
56 41
53 9
9 47
9 21
11 24
24 49
64 39
64 60
16 23
16 46
30 59
42 34
59 55
26 45
45 48
28 50
43 48
43 58
58 52