0 27 86 43 1 12 84 77 11 76 55 18 24 49 53 97 66 65 41 5 42 33 50 58 92 63 16 40 48 62 9 3 13 68 93 99 30 4 26 23 59 31 21 6 78 2 36 25 34 61 17 32 35 87 46 90 57 89 75 96 88 44 72 56 70 29 81 67 91 39 28 15 85 45 38 19 20 22 71 10 94 47 73 64 95 14 80 7 74 69 79 60 8 82 83 52 51 98 37 54
0 49
27 97
27 98
86 60
86 48
86 59
43 18
1 33
1 42
1 24
1 44
12 58
12 46
84 52
77 4
77 24
77 80
11 28
11 42
76 13
55 63
18 59
18 68
49 89
53 97
66 31
65 16
65 51
65 5
41 57
5 30
5 63
42 96
33 61
33 31
33 70
50 88
58 98
58 9
92 93
92 67
63 32
16 36
40 22
48 62
3 28
13 87
13 17
99 6
99 95
30 89
30 34
4 88
26 71
23 98
21 6
6 17
78 52
2 75
2 35
36 75
36 38
25 60
25 82
34 39
61 67
17 8
17 45
35 94
87 83
87 90
87 28
46 10
57 69
89 54
89 81
75 52
75 60
72 64
72 79
56 15
29 37
81 22
67 20
91 95
28 47
15 64
85 22
85 71
85 14
19 82
10 47
73 79
64 69
95 51
7 79
74 52
69 37
79 52