0 1 11 5 2 25 26 27 8 28 29 30 6 24 31 32 33 3 16 14 34 35 36 4 10 37 38 39 15 23 40 41 42 43 44 45 7 9 46 47 48 49 50 51 18 52 53 54 55 56 57 58 59 60 12 21 61 62 63 13 22 64 65 66 20 67 68 69 70 71 72 73 74 75 17 76 77 78 79 80 81 19 82 83 84 85 86 87 88 89 90 91 92 93 94 95 96 97 98 99
0 2
0 1
0 5
0 11
0 25
1 8
1 30
5 23
5 15
5 41
2 24
2 6
26 80
26 90
26 29
27 93
27 32
28 81
28 51
29 37
29 66
30 48
6 44
24 18
31 40
32 75
32 42
33 64
33 63
33 73
33 57
3 14
3 16
16 10
14 7
14 21
14 20
34 75
34 65
35 62
35 49
36 42
4 10
4 37
37 84
38 56
39 93
23 96
40 41
42 60
43 73
44 94
44 77
44 45
44 99
7 9
9 18
46 95
47 80
50 59
51 91
52 67
53 55
53 74
54 87
55 90
55 61
56 77
57 98
58 65
59 84
59 93
12 21
12 62
21 13
61 82
63 87
13 22
22 91
64 70
64 68
20 19
20 17
20 86
67 92
67 95
69 97
69 98
70 83
71 72
72 87
73 91
17 78
76 90
78 89
79 85
79 95
80 88
86 95