25 23 37 62 33 59 44 18 16 20 43 11 4 14 26 10 49 31 79 69 46 29 30 68 82 52 85 88 41 80 0 36 72 54 56 77 53 35 87 67 83 47 76 57 89 50 38 58 34 5 74 13 19 48 1 21 70 60 22 17 65 32 45 51 39 28 12 24 63 95 93 55 78 15 3 40 92 90 8 42 75 27 2 86 7 71 6 81 66 73 64 91 61 84 9 94 98 96 97 99
25 98
25 99
23 98
37 98
62 98
33 98
59 81
59 98
44 98
18 98
16 98
20 98
43 98
11 98
4 98
14 77
14 98
26 98
10 31
10 58
10 98
49 98
79 98
69 98
46 98
29 98
30 98
68 98
82 98
52 98
85 98
88 98
41 34
41 98
80 98
0 98
36 98
72 98
54 42
54 98
56 98
53 98
35 98
87 98
67 98
83 98
47 98
76 98
57 98
89 98
50 98
38 98
34 39
5 98
74 98
13 98
19 98
48 98
1 98
21 98
70 98
60 98
22 98
17 7
17 98
65 98
32 98
45 98
51 98
28 98
12 98
24 98
63 98
95 98
93 98
55 98
78 98
15 98
3 98
40 98
92 98
90 98
8 98
75 98
27 98
2 98
86 98
71 81
6 98
66 98
73 98
64 98
91 98
61 98
84 98
9 98
94 98
98 96
98 97