0 30 40 4 66 67 68 69 70 71 72 73 74 75 76 77 78 79 80 81 82 83 84 85 86 87 88 89 90 91 92 93 94 95 96 97 98 99 1 22 2 54 28 57 3 19 26 44 37 29 48 5 6 52 31 7 65 8 16 58 9 35 55 63 10 27 42 11 15 38 59 12 43 23 49 13 41 14 33 21 17 18 25 45 20 46 47 24 50 32 53 61 34 36 62 39 60 56 51 64
0 72
0 85
0 78
0 80
0 93
0 73
0 76
0 70
0 95
0 66
0 81
0 94
0 79
0 96
0 82
0 89
0 74
0 86
0 92
0 69
0 68
0 90
0 88
0 67
0 87
0 97
0 98
0 91
0 71
0 84
0 99
0 77
0 83
0 75
30 84
40 93
4 29
66 3
67 5
68 7
69 8
70 9
71 12
72 13
73 17
74 19
75 20
76 21
77 23
78 24
79 25
81 27
82 28
83 29
85 32
86 33
87 34
88 35
89 36
90 37
91 38
94 41
95 42
96 44
97 46
98 47
99 48
1 22
22 46
2 28
2 57
2 54
57 39
3 26
37 49
48 56
6 52
6 31
31 53
31 61
7 65
8 58
16 21
58 62
9 63
55 62
10 27
42 60
11 38
11 59
15 33
15 14
59 51
12 43
49 45
18 25
25 50
53 60
61 64