0 7 4 25 26 27 1 28 29 30 2 17 23 22 31 32 33 3 13 34 35 36 5 37 38 39 12 40 41 42 6 15 8 43 44 45 46 47 48 24 49 50 51 9 52 53 54 10 21 55 56 57 11 20 58 59 60 61 62 63 64 65 66 14 18 67 68 69 70 71 72 16 73 74 75 19 76 77 78 79 80 81 82 83 84 85 86 87 88 89 90 91 92 93 94 95 96 97 98 99
0 7
0 4
7 1
4 5
25 35
25 51
25 84
25 75
26 48
27 57
27 45
27 58
27 62
1 29
28 36
29 81
30 93
2 17
2 23
2 22
17 19
23 95
22 24
22 9
22 10
22 93
31 96
31 91
31 97
32 60
32 87
33 64
33 47
3 13
3 35
13 12
13 20
13 24
34 56
35 60
35 94
36 76
5 12
5 40
37 80
38 67
39 96
39 98
41 57
42 84
42 65
42 49
6 8
6 15
6 44
15 70
15 71
8 24
43 97
44 48
46 53
46 69
47 68
48 63
48 92
24 16
50 93
52 70
52 80
53 73
54 82
10 21
21 88
55 94
55 78
56 76
56 75
11 20
11 58
11 59
61 82
62 86
64 81
66 96
14 18
14 69
18 19
67 95
68 79
71 89
72 89
74 94
19 82
77 90
79 83
80 85
84 97
85 99
90 93