0 54 1 87 2 68 3 55 4 40 5 82 6 7 49 8 85 9 23 10 11 58 12 69 13 78 14 15 16 36 17 64 18 60 19 81 20 21 27 22 29 24 90 25 79 26 74 83 28 42 30 31 39 32 33 34 35 37 38 95 41 45 43 44 67 46 71 47 48 70 50 51 52 53 56 57 59 77 75 61 62 63 65 66 96 72 73 76 80 92 84 86 88 89 91 93 94 97 98 99
0 54
0 58
0 70
54 23
1 40
1 87
1 33
87 32
87 46
2 68
2 64
68 70
3 55
55 48
55 50
55 31
4 28
4 40
4 30
40 6
40 47
5 82
82 22
82 96
82 91
7 49
49 70
49 67
8 85
85 77
9 79
9 14
9 23
23 29
23 65
10 11
11 58
58 20
58 92
58 34
12 69
69 21
13 57
13 78
78 22
78 75
14 15
14 51
16 61
16 53
16 36
36 90
36 37
36 20
17 62
17 64
17 71
64 77
64 63
64 22
18 60
60 75
19 97
19 81
81 48
20 52
21 27
27 83
29 99
29 42
24 90
25 79
79 76
26 74
26 43
74 73
83 52
42 43
42 72
42 56
42 45
31 39
39 37
35 37
38 95
95 57
41 45
44 67
46 86
46 71
47 84
50 88
57 93
59 77
77 89
66 96
80 92
86 94
89 98