0 5 13 30 61 73 81 88 91 98 1 3 25 26 28 31 35 44 63 65 89 2 14 15 29 39 51 84 86 97 10 17 23 40 45 52 76 4 43 46 58 99 22 32 38 48 57 78 6 9 11 16 55 67 74 82 92 7 18 19 21 41 95 8 34 42 64 71 87 90 94 20 24 56 59 60 79 68 69 72 12 47 70 49 50 54 37 62 77 93 96 27 83 75 36 53 66 85 80 33
0 8
0 33
5 31
5 38
5 48
5 99
5 65
5 4
13 69
30 23
30 51
61 18
61 66
61 17
61 19
73 94
73 85
73 79
73 67
81 90
81 97
88 14
88 80
91 70
98 32
98 19
98 93
1 26
1 74
3 52
25 10
25 45
26 51
28 80
31 51
31 39
31 77
31 78
35 42
35 51
35 6
44 20
63 12
65 45
89 8
2 39
2 76
14 56
15 18
29 56
84 55
84 60
86 18
86 78
97 23
10 94
17 47
17 57
17 71
17 72
17 83
23 64
40 68
45 20
52 62
52 66
52 95
76 36
4 46
43 77
46 7
58 50
99 75
99 11
99 41
22 20
38 27
78 82
9 56
9 21
16 18
16 70
55 66
55 68
92 70
95 34
8 94
34 59
42 69
64 49
87 50
87 90
90 37
90 53
24 60
56 54
12 96
96 66
80 33