0 1 2 3 4 5 6 7 8 9 10 11 12 13 14 15 16 17 18 19 20 21 22 23 24 25 26 27 28 29 30 31 32 33 34 35 36 37 38 39 40 41 42 43 44 45 46 47 48 49 50 51 52 53 54 55 56 57 58 59 60 61 62 63 64 65 66 67 68 69 70 71 72 73 74 75 76 77 78 79 80 81 82 83 84 85 86 87 88 89 90 91 92 93 94 95 96 97 98 99
0 4
0 7
0 8
0 1
0 6
0 5
0 2
0 3
1 10
1 15
1 16
1 9
1 11
1 14
1 13
1 12
2 20
2 19
2 22
2 23
2 24
2 17
2 21
2 18
3 26
3 31
3 25
3 27
3 28
3 32
3 29
3 30
4 37
4 35
4 38
4 39
4 33
4 34
4 40
4 36
5 48
5 46
5 45
5 42
5 47
5 41
5 44
5 43
6 56
6 53
6 50
6 52
6 55
6 54
6 49
6 51
7 63
7 64
7 57
7 58
7 62
7 61
7 60
7 59
8 66
8 68
8 70
8 65
8 67
8 72
8 69
8 71
9 80
9 75
9 78
9 77
9 79
9 74
9 73
9 76
10 87
10 86
10 88
10 82
10 81
10 83
10 85
10 84
11 96
11 89
11 91
11 92
11 94
11 90
11 95
11 93
12 98
12 97
12 99