17 76 73 66 36 63 82 91 6 42 35 58 41 86 88 95 67 43 90 46 62 56 44 60 53 78 40 75 69 28 51 71 54 37 19 64 99 39 22 2 12 11 8 13 33 3 9 97 7 32 29 72 10 70 79 85 77 52 45 50 57 47 92 96 0 93 15 14 23 87 30 16 65 24 49 83 26 59 80 98 84 31 34 38 94 1 20 81 89 4 74 68 5 18 25 48 27 55 61 21
17 75
17 38
17 54
76 94
73 41
66 0
66 22
66 59
66 77
36 48
36 13
63 57
82 51
91 20
91 74
6 67
6 3
6 18
42 79
42 83
35 96
35 90
35 46
58 37
41 85
86 62
88 10
88 19
88 95
67 22
67 64
43 74
43 31
46 97
46 21
46 26
46 52
62 27
62 60
56 37
56 11
56 59
44 26
44 49
44 87
44 24
53 2
78 92
40 13
40 96
40 30
75 34
75 80
69 99
28 14
28 65
51 24
51 39
71 49
54 89
54 72
37 19
37 92
37 7
37 55
19 47
19 93
64 1
99 89
2 50
2 27
12 0
11 98
11 68
8 77
33 81
33 1
9 65
97 85
97 94
32 81
29 25
29 49
72 45
70 30
79 15
79 30
50 34
57 83
47 34
93 5
14 38
23 27
30 61
16 4
16 94
80 94
84 21
34 20