33 91 62 65 59 37 6 48 61 85 81 26 4 45 97 10 31 28 19 80 88 24 8 52 89 71 95 12 54 5 40 79 7 25 93 82 53 13 43 58 50 14 30 78 42 41 94 18 96 68 22 76 47 51 2 63 83 49 23 3 60 87 46 1 75 84 16 21 92 99 27 72 98 70 29 66 77 17 36 20 86 57 0 67 34 64 39 55 38 9 69 73 44 15 90 32 56 11 35 74
33 57
33 6
91 53
91 62
65 5
65 72
65 27
65 52
59 39
59 15
37 5
37 76
37 84
6 3
48 63
48 21
48 70
61 43
61 67
85 20
81 79
81 68
26 96
26 41
26 22
26 11
4 12
4 94
45 63
97 56
97 58
10 51
10 90
31 95
28 47
19 79
80 60
88 34
24 50
8 5
8 73
8 89
8 74
8 44
52 78
89 1
71 34
71 2
95 5
12 32
12 57
12 18
12 29
54 98
54 25
5 56
40 66
40 21
79 67
7 49
7 41
93 36
82 68
82 41
53 20
13 17
13 38
43 46
43 21
50 29
50 75
14 16
14 96
30 76
42 55
42 96
42 2
47 36
51 23
2 56
63 98
83 57
23 86
3 77
60 90
87 69
87 66
75 92
16 17
21 35
99 0
72 15
98 0
77 64
77 9
36 90
20 11
67 90
39 32