0 4 10 14 25 85 1 15 26 29 37 41 64 77 2 6 32 61 3 7 9 63 93 34 47 5 11 71 87 17 48 80 91 24 43 45 8 38 69 79 88 31 90 92 59 62 12 13 30 68 95 18 56 44 66 78 89 16 23 42 19 60 99 20 70 21 36 39 51 73 22 53 83 86 28 57 81 27 46 50 49 54 76 52 82 98 33 55 84 75 35 40 97 72 65 96 74 58 94 67
0 10
0 25
4 47
10 62
14 66
14 45
25 73
25 79
85 43
85 26
1 15
1 29
1 37
15 6
15 89
26 48
26 81
29 51
37 16
41 78
64 99
77 38
2 32
2 6
32 71
32 82
61 91
61 13
3 9
3 93
7 43
9 92
63 94
63 90
93 35
34 75
34 69
34 79
47 22
47 65
5 87
5 71
5 11
71 50
17 23
48 95
80 31
24 28
43 79
8 88
38 95
69 55
69 97
88 33
88 84
88 55
88 53
31 53
90 83
92 19
92 76
59 86
59 40
62 58
12 30
12 95
13 18
68 53
68 54
95 74
95 89
18 42
18 56
56 84
44 98
44 50
44 72
66 98
78 16
89 27
89 99
23 86
19 60
20 70
70 97
21 39
21 73
36 76
22 83
22 53
83 28
57 35
81 96
27 46
49 65
52 33
35 40
35 97
74 67