0 5 24 25 26 27 1 16 28 29 30 2 9 31 32 33 3 34 35 36 4 11 37 38 39 40 41 42 6 14 43 44 45 7 21 46 47 48 8 13 49 50 51 52 53 54 10 22 19 55 56 57 12 58 59 60 17 61 62 63 20 18 64 65 66 67 68 69 15 23 70 71 72 73 74 75 76 77 78 79 80 81 82 83 84 85 86 87 88 89 90 91 92 93 94 95 96 97 98 99
0 24
0 5
5 3
5 2
24 1
24 97
25 48
25 66
26 77
26 96
27 73
1 16
16 8
16 73
28 81
29 79
30 61
30 36
2 9
2 31
9 54
32 48
33 50
33 42
33 35
34 62
34 95
35 85
35 83
35 94
35 53
36 75
4 11
11 12
11 58
37 82
38 42
39 99
39 83
40 47
41 90
41 80
6 14
14 8
43 52
43 81
44 70
44 68
45 71
7 21
7 47
21 22
46 91
48 76
8 13
13 20
13 18
49 56
50 63
51 82
52 83
53 57
10 22
10 19
19 23
55 74
56 74
56 75
12 17
12 61
58 91
58 65
59 74
60 74
17 15
17 18
61 67
62 93
63 77
63 64
20 85
18 79
65 84
65 80
68 73
68 72
69 77
69 82
69 71
15 23
73 98
75 88
76 80
78 87
78 89
79 86
79 87
84 92
88 93