0 22 25 26 27 1 12 14 7 28 29 30 2 6 31 32 33 3 16 24 34 35 36 4 9 21 37 38 39 5 40 41 42 43 44 45 20 46 47 48 8 49 50 51 10 52 53 54 17 55 56 57 11 18 58 59 60 61 62 63 13 64 65 66 67 68 69 15 70 71 72 19 73 74 75 76 77 78 79 80 81 82 83 84 23 85 86 87 88 89 90 91 92 93 94 95 96 97 98 99
0 22
0 25
22 21
25 58
25 91
26 52
27 83
1 12
1 14
1 7
14 8
7 20
28 32
28 60
29 47
29 42
30 56
30 45
30 47
30 96
2 6
6 5
6 3
31 43
31 36
32 72
33 66
3 16
3 24
16 21
16 19
16 75
24 18
34 44
34 37
35 73
35 83
35 53
4 21
4 9
4 38
9 10
38 77
39 40
40 93
41 72
41 71
43 51
43 76
44 86
45 66
20 11
20 23
46 79
46 75
46 65
46 90
46 84
48 99
49 90
50 87
51 77
10 17
52 97
52 82
53 94
54 55
17 15
55 78
55 68
56 95
57 88
57 86
11 18
18 13
18 80
59 72
60 81
61 67
62 78
63 95
63 69
13 66
64 68
66 85
67 75
69 92
15 70
70 81
74 81
78 87
81 99
82 89
84 89
86 87
88 98
90 98
93 99
94 99