0 2 4 5 1 3 23 24 7 17 16 10 12 15 6 18 21 19 14 22 11 9 8 13 20 30 32 29 34 31 43 44 42 38 39 40 41 46 45 36 25 26 27 33 35 48 49 28 47 37 69 93 70 92 52 89 64 68 95 71 72 73 94 74 75 78 76 79 77 91 88 98 96 60 53 51 85 87 86 97 99 61 62 54 63 55 67 57 65 82 59 58 83 66 84 56 81 80 90 50
0 2
0 4
0 15
0 7
2 47
4 17
4 8
5 11
1 38
1 27
1 3
3 19
23 51
24 44
24 52
24 17
24 85
24 86
7 10
7 96
17 42
16 53
16 6
10 90
12 8
12 33
15 36
6 19
6 40
6 13
18 19
21 13
14 26
14 11
14 22
22 46
22 79
9 36
8 34
8 91
13 45
20 82
30 29
32 52
29 31
29 64
34 31
43 44
44 38
44 61
38 62
39 40
40 41
40 65
41 82
41 84
46 76
46 48
36 73
36 72
36 74
25 73
25 26
26 28
33 68
35 71
49 75
28 94
47 81
37 71
37 72
69 93
69 95
93 70
70 92
92 64
52 89
89 88
74 75
75 78
79 77
98 96
98 97
60 54
60 61
53 50
51 85
87 86
97 99
62 55
63 65
67 57
57 59
57 84
65 56
59 58
58 83
83 66
81 80