0 2 1 3 7 91 94 5 4 6 9 93 8 10 14 12 11 13 16 15 17 21 19 18 20 23 22 24 28 26 25 27 30 29 31 35 33 32 34 37 36 38 42 40 39 41 44 43 45 49 47 46 48 51 50 52 56 54 53 55 58 57 59 63 61 60 62 65 64 66 70 68 67 69 72 71 73 77 75 74 76 79 78 80 84 82 81 83 86 85 87 89 88 90 92 96 95 97
0 2
2 1
2 5
2 3
2 4
2 6
1 94
3 8
7 9
91 93
94 93
9 8
9 12
9 10
9 11
9 13
93 92
93 96
93 95
93 97
10 15
14 16
16 15
16 19
16 17
16 18
16 20
17 22
21 23
23 22
23 26
23 24
23 25
23 27
24 29
28 30
30 29
30 33
30 31
30 32
30 34
31 36
35 37
37 36
37 40
37 38
37 39
37 41
38 43
42 44
44 43
44 47
44 45
44 46
44 48
45 50
49 51
51 50
51 54
51 52
51 53
51 55
52 57
56 58
58 57
58 61
58 59
58 60
58 62
59 64
63 65
65 64
65 68
65 66
65 67
65 69
66 71
70 72
72 71
72 75
72 73
72 74
72 76
73 78
77 79
79 78
79 82
79 80
79 81
79 83
80 85
84 86
86 85
86 89
86 87
86 88
86 90