0 1 2 3 4 5 6 7 8 9 10 11 12 13 14 15 16 17 18 19 20 21 22 23 24 25 26 27 28 29 30 31 32 33 34 35 36 37 38 39 40 41 42 43 44 45 46 47 48 49 50 51 52 53 54 55 56 57 58 59 60 61 62 63 64 65 66 67 68 69 70 71 72 73 74 75 76 77 78 79 80 81 82 83 84 85 86 87 88 89 90 91 92 93 94 95 96 97 98 99
0 23
0 11
1 49
2 28
2 95
3 28
3 78
3 59
4 73
4 69
5 18
5 21
6 65
6 56
6 14
7 57
8 54
9 84
9 45
9 68
10 33
11 85
11 90
12 37
12 62
13 97
13 64
14 96
15 45
16 53
17 90
18 96
18 53
18 57
18 88
19 26
19 54
20 76
22 72
23 58
24 96
24 77
25 48
25 82
26 40
27 68
29 99
29 63
30 46
30 41
30 35
30 76
31 62
32 84
33 54
34 42
34 98
34 89
34 76
36 86
36 89
38 83
39 88
40 67
42 94
43 59
44 68
46 80
47 85
49 87
49 72
50 79
50 55
51 84
51 85
51 72
51 70
52 77
54 72
55 77
55 93
57 59
59 71
60 94
61 87
62 68
62 78
66 96
66 83
73 86
74 86
75 83
77 92
81 92
82 95
84 99
88 91
90 97
95 98