0 2 5 54 56 59 71 78 87 89 1 30 37 63 66 70 94 7 10 55 62 69 85 3 15 84 4 43 20 38 50 92 6 16 48 65 98 99 8 23 52 72 9 19 27 44 76 81 88 11 36 40 12 34 75 83 13 29 51 61 97 14 22 24 41 67 47 96 18 60 17 21 28 46 53 68 82 90 77 42 95 73 79 80 86 25 49 26 74 31 45 32 33 39 93 35 91 57 64 58
0 87
0 2
0 5
2 7
2 69
5 92
54 56
56 88
56 12
59 68
71 76
71 64
71 95
71 83
78 64
78 45
87 50
87 74
89 37
89 83
1 37
30 13
30 63
30 10
37 86
37 9
63 17
63 96
66 58
66 10
70 11
94 32
55 88
62 6
62 32
62 60
69 21
69 72
85 48
85 4
3 84
15 47
84 86
84 49
4 43
43 61
43 77
20 47
20 60
38 76
50 91
50 32
92 44
6 16
6 99
48 27
65 61
65 44
65 93
65 13
98 24
8 72
23 22
52 39
52 86
72 28
72 22
72 19
72 41
81 97
88 68
11 40
36 32
40 12
12 83
12 34
34 73
75 91
13 29
51 32
61 39
97 39
14 24
14 67
22 67
24 53
67 18
18 46
60 57
17 82
17 90
28 26
42 39
95 31
79 45
80 64
25 26
33 39
93 35