0 1 2 3 4 5 6 7 8 9 10 11 12 13 14 15 16 17 18 19 20 21 22 23 24 25 26 27 28 29 30 31 32 33 34 35 36 37 38 39 40 41 42 43 44 45 46 47 48 49 50 51 52 53 54 55 56 57 58 59 60 61 62 63 64 65 66 67 68 69 70 71 72 73 74 75 76 77 78 79 80 81 82 83 84 85 86 87 88 89 90 91 92 93 94 95 96 97 98 99
0 7
0 15
0 85
1 73
1 39
2 45
2 37
3 48
3 80
4 96
4 52
4 41
4 74
4 91
5 24
5 82
5 22
6 18
7 55
8 24
9 94
9 90
10 25
11 75
11 86
11 28
12 73
13 73
13 83
14 42
14 98
15 27
15 51
15 57
16 75
17 64
18 40
18 27
19 53
19 38
19 46
20 96
21 49
22 35
23 82
24 95
24 36
24 88
25 70
26 69
29 74
30 68
30 43
30 56
30 92
31 56
32 55
33 82
34 36
34 75
35 99
38 71
40 72
41 73
41 77
41 79
42 45
43 76
44 88
45 73
45 48
45 55
46 69
47 58
48 67
49 92
50 52
54 73
54 60
54 61
58 79
59 93
61 78
62 92
63 82
64 70
65 71
66 98
68 94
69 76
70 90
73 89
73 90
77 93
81 89
84 91
87 96
92 95
94 97