1 53 2 27 3 52 4 66 5 70 6 39 7 29 8 9 10 11 75 12 68 13 44 14 38 15 85 16 73 17 63 18 19 20 81 21 78 22 40 23 24 35 25 58 26 62 28 86 30 31 71 32 33 49 34 88 74 36 37 51 41 83 42 43 76 45 65 46 0 47 48 67 50 54 79 55 56 57 59 89 60 61 64 69 72 77 80 82 84 87
1 0
1 53
1 74
2 27
2 83
27 50
3 38
52 29
4 54
4 0
4 36
4 19
4 17
66 55
5 70
5 0
70 51
70 86
6 61
39 42
39 15
39 49
39 58
7 29
29 60
29 86
8 0
9 0
9 10
11 75
11 32
11 64
75 73
12 68
12 0
13 18
13 44
44 33
14 30
14 18
14 88
14 79
38 71
38 36
38 62
15 0
15 85
85 28
16 73
16 61
17 63
17 47
18 42
20 50
81 77
81 34
21 45
21 78
22 40
22 55
40 67
23 26
24 35
24 69
35 74
25 58
26 62
86 37
30 57
30 31
71 48
34 88
34 82
37 87
51 84
51 80
41 83
83 56
42 61
43 46
76 64
45 84
45 65
46 0
0 55
55 56
57 72
59 89
89 60