0 1 2 3 4 5 6 7 8 9 10 11 12 13 14 15 17 16 18 19 20 21 22 23 24 25 26 27 28 29 30 31 32 33 34 35 36 37 38 39 40 41 42 43 44 45 46 47 48 49 50 51 52 54 53 55 56 57 58 59 60 61 62 63 64 65 66 67 68 69 70 71 72 73 74 75 76 78 77 79 80 81 82 83 84 85 86 87 88 89 90 91 92 93 94 95 96 97 98 99
0 1
1 3
1 63
2 3
2 4
3 39
3 5
3 10
3 31
3 7
4 6
5 37
5 16
6 22
6 8
6 9
6 24
8 38
8 35
10 13
11 12
12 13
13 34
13 14
14 15
15 29
15 32
15 88
17 36
17 16
17 47
16 23
16 61
18 19
19 24
19 20
21 46
23 26
23 46
24 27
25 45
25 33
26 30
26 45
27 28
28 62
33 66
33 40
33 78
33 90
33 99
33 41
33 58
36 87
36 55
37 44
38 51
39 54
39 82
41 42
43 48
43 59
43 52
44 64
44 57
44 81
44 96
45 50
46 65
46 93
46 49
47 53
48 65
52 56
53 73
55 71
55 95
56 69
56 74
57 75
60 63
63 67
64 68
64 83
65 76
65 91
65 72
65 98
66 84
66 80
67 89
68 70
72 79
78 94
78 97
77 84
77 86
84 85
84 92