0 4 12 1 18 19 37 9 43 36 14 33 20 31 3 25 13 49 45 39 6 57 46 41 24 29 54 28 47 55 48 88 83 89 86 75 74 80 67 81 87 66 99 53 85 82 23 2 26 10 32 16 22 27 30 65 60 35 72 76 40 56 44 51 61 69 52 84 11 5 17 38 62 42 70 59 64 95 93 96 7 15 63 34 58 21 50 71 77 8 92 79 78 90 94 97 68 73 91 98
0 16
0 72
0 57
0 7
4 54
4 33
12 90
1 70
1 55
1 38
18 32
19 94
37 35
37 30
9 44
9 35
9 32
9 31
43 39
36 58
36 64
14 6
33 96
33 53
20 89
31 74
31 71
3 16
25 86
13 74
13 8
13 40
49 44
45 2
39 40
6 30
57 58
46 34
41 32
41 80
41 66
24 2
29 94
28 63
47 11
47 60
47 77
55 95
48 81
48 74
88 82
88 10
83 97
83 79
83 94
89 30
86 17
75 61
75 17
74 22
80 93
67 58
67 11
81 84
87 44
99 98
53 63
85 11
23 63
2 61
2 90
26 92
26 79
10 76
32 79
16 59
27 98
30 34
65 17
60 70
35 73
72 91
76 58
56 73
51 73
69 8
69 62
52 98
52 93
5 17
5 78
5 58
42 21
70 71
95 21
93 68
15 91
63 79
21 50