81 62 88 99 50 59 3 9 82 63 33 2 6 86 53 78 87 16 49 68 92 90 44 70 58 23 31 41 25 95 65 76 61 37 34 84 46 21 29 71 91 60 19 72 43 22 64 0 55 93 28 14 24 45 1 79 4 18 13 54 57 48 39 30 17 75 15 26 32 94 97 47 40 5 56 74 35 89 51 27 11 38 73 69 66 85 12 98 10 42 67 52 83 8 96 20 77 80 36 7
81 3
62 9
88 20
88 93
88 1
88 86
99 44
50 15
59 3
3 80
9 63
82 24
63 60
63 47
33 1
2 53
2 6
86 96
86 10
53 89
53 77
53 18
78 67
78 84
78 38
78 69
87 90
16 49
49 90
49 92
68 95
68 51
68 27
68 58
92 18
92 79
44 31
44 23
44 76
44 58
44 25
70 37
58 84
31 61
31 65
41 1
65 35
65 12
61 73
37 84
34 74
34 10
46 21
46 29
21 22
21 43
21 55
29 18
29 13
29 42
71 80
71 45
91 94
60 5
19 55
72 17
43 39
43 73
22 10
64 32
0 14
28 14
28 1
14 40
14 56
24 77
45 17
79 7
4 77
13 54
54 57
48 30
39 30
39 15
39 17
75 56
15 98
26 32
32 7
94 38
94 52
97 8
5 67
56 11
27 36
38 8
69 66
66 85
83 80