0 14 28 29 50 57 74 81 84 1 26 69 2 3 4 11 18 34 40 44 58 85 5 9 32 43 61 64 66 25 33 73 88 97 98 6 42 90 7 12 65 92 8 15 22 27 86 31 35 60 67 10 41 82 16 19 53 24 94 13 36 38 63 79 87 37 46 59 68 72 45 17 51 78 96 49 80 20 52 21 95 23 55 62 83 71 39 47 48 75 91 30 77 93 70 99 76 54 56 89
0 14
0 50
0 28
14 87
29 69
50 85
57 12
57 89
57 78
74 71
81 32
81 54
81 25
84 43
1 69
26 20
69 77
2 44
2 34
3 85
4 9
4 61
4 43
11 53
18 19
34 16
34 63
40 9
44 39
44 19
44 93
44 49
58 37
5 88
9 35
32 60
43 71
61 38
64 73
64 10
66 87
25 49
33 52
73 71
73 99
88 70
88 19
97 92
97 21
98 75
98 37
6 90
42 82
42 76
90 19
7 92
12 65
92 77
8 86
8 15
15 46
15 68
15 67
15 72
15 82
22 23
22 83
27 24
27 94
27 31
27 48
27 62
86 95
31 36
67 23
67 13
41 99
19 37
53 80
36 93
79 52
87 75
37 78
46 77
59 62
45 47
45 99
45 30
17 51
17 96
51 70
80 55
80 62
20 52
52 95
52 47
95 89
62 56
39 91