0 1 14 26 36 67 72 85 91 4 11 34 51 53 65 93 2 59 61 3 38 71 16 63 79 96 5 25 43 80 90 6 7 23 27 35 37 81 52 84 94 8 24 9 40 44 10 46 57 58 98 75 12 88 13 30 33 60 62 70 73 89 15 45 49 17 20 47 66 95 18 41 97 19 48 78 21 28 22 74 42 56 83 92 99 29 31 55 32 69 39 50 86 54 77 82 64 68 76 87
0 67
0 1
0 26
0 14
14 89
26 75
36 73
67 64
72 18
72 83
72 43
85 4
85 15
85 80
85 55
91 54
91 73
4 63
4 11
34 18
51 20
51 35
53 28
65 45
65 10
93 6
2 61
59 95
59 69
61 70
61 86
61 41
61 7
3 38
3 71
38 18
38 41
71 90
71 39
71 77
71 24
16 88
63 32
63 95
79 68
79 49
96 97
5 80
5 25
25 74
43 58
80 29
90 87
6 7
6 35
6 23
6 37
7 94
23 21
27 41
27 56
27 47
37 22
81 66
81 73
52 75
52 46
52 49
84 32
8 24
9 40
40 99
40 28
44 31
44 50
10 46
10 98
57 12
75 92
12 88
88 60
13 73
13 60
13 70
13 62
30 78
30 55
33 50
33 39
62 82
70 92
17 20
47 32
18 97
19 48
48 92
28 83
42 56
77 76