29 3 15 95 7 82 20 10 8 89 39 58 87 26 96 81 73 61 85 63 36 33 6 48 94 34 21 98 2 97 54 22 75 42 30 19 24 80 76 77 66 17 40 50 37 70 91 44 53 38 78 1 13 16 12 41 88 68 83 27 4 49 92 43 52 9 31 72 71 25 45 23 14 69 28 46 56 35 55 99 65 93 64 11 84 57 0 32 62 90 74 86 51 5 60 59 79 47 18 67
29 11
29 50
29 85
29 3
3 26
3 36
3 74
3 40
15 95
15 47
95 27
95 54
95 2
95 96
95 79
7 82
82 83
82 41
82 89
82 74
82 35
20 10
20 42
10 93
10 68
10 5
8 56
8 89
89 46
39 58
58 12
58 30
87 27
87 25
87 88
26 62
26 93
26 2
96 0
96 43
81 73
73 21
61 64
61 85
85 78
85 69
63 36
63 22
36 33
36 13
36 80
36 4
33 17
6 48
48 2
48 59
94 34
34 80
21 38
98 2
2 77
2 92
97 54
97 86
97 49
54 51
54 57
22 52
75 37
75 40
19 24
24 53
24 77
24 9
80 90
76 77
77 31
77 12
66 17
17 67
40 38
70 91
91 93
44 53
53 72
53 84
38 60
1 13
13 32
16 12
12 71
41 28
4 23
45 23
14 90
55 99
99 18
99 93
65 93