69 48 56 2 15 33 70 18 47 22 86 24 0 93 55 31 1 97 82 61 37 52 19 17 99 26 65 10 85 88 25 7 8 64 51 46 29 45 32 73 92 23 81 66 63 68 84 35 60 78 30 39 98 38 9 57 72 76 40 87 62 96 16 41 75 67 3 11 94 91 42 5 27 89 43 83 95 12 4 77 71 54 34 53 13 50 49 80 74 79 21 90 14 58 59 20 36 6 44 28
69 83
69 61
48 86
48 3
48 6
56 5
2 14
2 17
15 0
33 35
33 88
70 90
18 74
18 80
18 97
47 71
47 55
22 36
86 63
86 99
24 78
24 59
0 43
93 43
93 39
93 61
31 39
1 20
1 4
1 49
82 41
82 57
61 25
61 54
37 76
52 38
52 62
52 85
19 23
17 35
17 51
99 77
26 92
26 76
26 89
26 79
65 76
10 81
85 42
88 96
25 73
7 60
8 28
64 21
51 9
51 30
46 84
46 66
29 75
29 54
45 21
32 74
73 20
23 39
23 91
81 16
81 39
66 44
63 84
63 87
68 43
84 96
60 62
60 34
60 36
78 38
78 83
30 57
30 95
39 40
39 58
98 54
57 54
72 53
76 27
76 50
87 28
87 80
96 94
67 43
67 27
11 5
11 21
11 90
89 13
83 21
12 80
71 53
71 80