56 61 6 37 9 94 15 71 30 42 51 57 65 93 0 58 79 19 17 10 55 23 25 68 69 73 92 14 77 83 31 36 21 74 32 2 50 1 46 49 39 90 13 27 16 87 5 24 7 82 60 88 47 85 54 75 29 44 76 12 33 81 8 84 22 59 34 18 4 11 72 67 89 80 64 43 63 35 41 78 20 70 66 48 45 26 53 52 62 28 40 3 86 38 91
56 23
61 79
6 7
6 17
37 86
9 4
9 12
94 18
94 11
94 73
94 68
94 92
94 22
15 53
71 92
30 45
30 68
42 34
42 25
42 60
42 21
51 26
51 88
57 0
65 44
65 1
93 13
0 11
0 41
0 72
0 70
58 26
58 80
58 13
79 5
79 88
79 47
19 90
17 28
10 70
55 78
23 29
23 32
23 67
69 26
73 29
92 49
14 78
14 4
14 75
77 36
83 74
31 70
31 20
36 85
21 76
74 66
74 7
32 38
2 1
50 89
1 63
1 45
46 48
46 85
46 52
49 54
39 28
90 27
27 78
16 59
16 33
87 35
87 76
87 12
24 78
82 81
82 62
88 43
85 91
29 89
76 81
76 70
8 53
84 28
84 64
59 48
80 48
64 86
63 40
35 28
53 62
62 3
3 91