0 32 71 61 94 1 74 7 45 11 22 2 51 3 59 27 34 89 90 96 4 92 49 41 52 48 85 5 40 97 78 6 42 70 54 62 33 66 15 9 8 12 69 10 82 29 87 39 99 23 73 13 88 76 84 14 63 46 16 81 17 80 18 98 83 95 19 21 20 68 24 44 91 30 47 58 31 35 43 25 65 86 28 26 72 93 55 79 38 64 50 36 60 57 37 75 53 67 56 77
0 94
32 96
71 85
71 13
61 60
61 4
94 75
94 93
94 68
1 74
1 11
74 15
74 18
74 14
74 25
7 15
7 66
7 59
7 9
45 21
11 87
22 66
22 47
2 51
51 62
3 59
3 90
3 27
27 10
34 63
89 13
96 31
96 69
4 48
4 85
92 5
49 80
49 56
41 31
41 73
52 5
52 84
48 53
48 95
48 17
85 43
85 16
85 46
5 97
40 43
97 81
78 21
6 70
42 36
42 25
70 50
70 56
54 20
62 9
33 64
33 44
9 69
8 12
12 87
10 82
29 72
39 86
99 64
23 31
23 58
13 88
13 76
84 20
63 16
46 19
16 81
17 80
18 83
18 95
98 93
98 24
98 26
19 21
21 44
20 24
44 67
44 72
91 58
91 77
30 55
35 28
43 55
25 28
25 86
25 65
65 57
79 53
38 53
37 75