0 5 6 7 8 14 16 18 19 31 38 46 47 53 61 63 72 76 1 9 10 12 13 24 30 33 34 40 43 45 49 56 65 70 84 91 2 15 27 35 36 39 48 51 59 67 79 81 85 94 97 3 89 99 4 37 78 11 25 28 29 41 62 73 86 92 17 21 22 23 26 42 64 71 74 82 83 88 20 50 52 54 44 60 75 93 32 55 57 68 69 98 80 58 66 77 87 96 90 95
0 76
0 61
0 38
0 53
5 15
5 84
5 51
5 9
6 37
6 49
6 61
6 65
6 83
7 42
7 14
7 27
7 11
7 63
7 48
7 46
7 24
7 85
8 50
8 71
8 52
8 44
8 21
8 26
8 10
14 23
14 19
14 99
16 11
16 60
16 57
18 12
18 35
19 2
19 78
19 33
31 30
31 94
31 59
47 69
47 87
72 66
1 70
9 69
9 55
10 3
12 27
13 11
13 62
13 98
13 79
13 75
24 45
30 67
30 15
30 42
34 3
34 88
40 54
40 50
40 36
43 96
56 50
70 21
91 82
91 15
15 77
15 39
27 17
79 96
81 74
81 11
97 86
97 4
3 89
37 78
78 90
11 58
11 28
25 73
29 64
41 54
73 75
86 88
92 26
21 22
23 32
26 64
42 66
71 74
20 32
93 55
32 68
32 95
80 58