0 1 2 3 4 5 6 7 8 9 10 11 12 13 14 15 16 17 18 19 20 21 22 23 24 25 26 27 28 29 30 31 32 33 34 35 36 37 38 39 40 41 42 43 44 45 46 47 48 49 50 51 52 53 54 55 56 57 58 59 60 61 62 63 64 65 66 67 68 69 70 71 72 73 74 75 76 77 78 79 80 81 82 83 84 85 86 87 88 89 90 91 92 93 94 95 96 97 98
0 18
0 17
0 34
0 33
1 10
1 20
1 36
1 35
2 28
2 23
2 38
2 37
3 7
3 21
4 21
4 42
5 24
5 16
5 7
5 43
5 44
6 16
6 46
6 45
7 30
7 47
8 10
8 17
8 50
8 49
9 17
9 29
9 51
10 54
10 53
11 25
11 56
11 55
12 17
12 58
13 20
13 59
14 27
14 18
14 61
15 31
15 64
15 63
16 18
16 65
16 66
17 22
17 31
17 67
18 28
18 69
18 70
19 27
19 72
19 71
20 74
21 75
22 26
22 78
22 77
23 80
24 82
25 27
25 84
25 83
26 85
26 86
27 32
27 87
27 88
28 90
28 89
29 91
29 92
30 94
30 93
32 97
32 98
37 39
38 40
41 43
46 48
50 52
57 59
58 60
62 64
66 68
73 75
74 76
77 79
81 83
93 95
94 96