0 2 18 19 21 29 52 62 98 1 73 9 33 53 74 77 94 3 6 11 14 23 65 4 24 31 55 61 5 15 28 64 84 96 44 7 8 47 68 97 12 51 72 81 27 32 85 87 88 92 10 17 42 48 56 60 86 50 57 78 13 20 38 63 58 16 36 37 70 80 45 46 59 71 43 99 22 66 40 25 76 26 35 75 82 34 54 41 30 39 90 69 89 95 49 91 79 83 67 93
0 29
0 52
2 9
2 53
18 62
18 45
19 81
19 45
21 28
21 99
29 41
52 82
62 42
98 26
1 73
73 97
73 70
73 30
9 92
9 32
33 80
33 8
33 37
74 97
74 46
74 71
77 50
94 71
3 65
6 84
11 86
14 38
23 22
23 40
23 47
65 39
65 75
65 28
4 55
24 32
24 84
24 78
24 48
24 13
31 90
31 84
55 69
55 27
61 26
5 15
5 64
28 34
28 44
64 36
64 26
96 44
44 56
7 68
8 51
68 80
97 92
97 87
97 81
12 51
72 93
27 37
27 85
27 35
32 95
32 89
85 16
85 20
85 17
87 39
88 91
92 22
10 17
56 57
60 22
60 83
86 67
50 70
57 79
38 70
63 30
63 43
63 67
63 36
58 91
58 39
37 40
59 91
66 91
25 76
76 82
54 91
54 41
69 93
95 49