0 21 25 34 46 48 66 67 90 1 3 13 17 19 22 30 39 47 55 62 64 71 86 97 2 4 6 11 36 40 53 33 37 41 56 24 27 29 68 80 5 8 16 50 70 83 93 14 38 52 58 72 84 91 99 7 23 26 63 78 87 32 42 88 98 9 10 65 75 82 92 54 60 73 18 12 59 89 20 31 79 49 61 74 15 77 95 96 28 44 94 69 51 57 35 76 85 45 43 81
0 67
0 21
21 89
21 47
25 35
34 7
34 69
46 3
46 78
48 58
48 53
66 26
66 9
67 37
67 2
90 87
90 68
90 7
1 47
13 31
13 12
13 20
13 79
13 29
17 72
17 78
17 8
17 94
19 23
19 61
22 8
22 27
30 49
30 12
39 56
39 44
47 93
47 71
55 72
62 49
64 49
86 6
97 8
97 15
97 11
2 6
4 27
4 80
6 72
36 14
36 75
36 85
36 98
40 63
53 91
33 16
37 35
37 83
41 9
41 81
56 61
24 8
27 70
68 9
68 78
68 14
80 32
5 16
16 88
16 32
50 15
70 38
83 45
93 65
52 87
52 84
58 28
58 96
84 73
99 82
63 82
63 9
87 96
42 20
88 60
88 74
10 54
65 79
92 96
92 76
54 35
18 89
59 69
49 57
61 95
74 77
15 95
28 43
51 85