0 1 2 3 4 5 6 7 8 9 10 11 12 13 14 15 16 17 18 19 20 21 22 23 24 25 26 27 28 29 30 31 32 33 34 35 36 37 38 39 40 41 42 43 44 45 46 47 48 49 50 51 52 53 54 55 56 57 58 59 60 61 62 63 64 65 66 67 68 69 70 71 72 73 74 75 76 77 78 79 80 81 82 83 84 85 86 87 88 89 90 91 92 93 94 95 96 97 98
0 22
0 33
0 34
1 27
1 16
1 36
2 27
2 31
2 37
2 38
3 30
3 39
4 17
4 41
4 42
5 22
5 25
5 9
6 15
6 46
6 45
7 24
7 47
8 13
8 49
9 52
10 25
10 28
10 53
10 54
11 14
12 21
12 58
13 24
13 20
13 30
13 59
13 60
14 27
14 61
15 25
15 64
15 63
17 22
17 20
17 67
17 68
18 19
19 31
19 71
19 72
20 29
20 74
20 73
21 32
21 76
22 77
22 78
23 26
23 80
24 82
25 83
25 84
26 29
26 86
27 87
27 88
28 89
29 32
29 92
30 94
31 32
31 95
32 98
32 97
33 35
38 40
41 43
42 44
46 48
49 51
50 52
53 55
54 56
57 59
62 64
65 67
66 68
69 71
70 72
73 75
77 79
81 83
85 87
89 91
90 92
93 95
94 96