0 1 2 3 4 5 6 7 8 9 10 11 12 13 14 15 16 17 18 19 20 21 22 23 24 25 26 27 28 29 30 31 32 33 34 35 36 37 38 39 40 41 42 43 44 45 46 47 48 49 50 51 52 53 54 55 56 57 58 59 60 61 62 63 64 65 66 67 68 69 70 71 72 73 74 75 76 77 78 79 80 81 82 83 84 85 86 87 88 89 90 91 92 93 94 95 96 97 98
0 22
0 28
1 29
1 27
1 36
1 35
2 3
2 24
3 18
3 32
3 40
3 39
4 8
4 42
5 13
5 26
5 44
5 43
6 26
6 45
7 32
7 48
7 47
8 16
8 14
8 17
9 22
9 15
9 52
9 51
10 13
10 23
10 21
10 53
11 26
11 56
11 55
12 13
12 57
13 60
14 62
14 61
16 65
16 66
17 24
17 68
18 70
19 32
19 72
19 71
20 26
20 28
20 74
21 76
21 75
22 25
22 77
23 80
23 79
24 30
24 81
25 29
25 31
25 84
26 86
26 85
27 87
27 88
28 30
28 90
28 89
29 91
30 94
31 96
31 95
32 98
32 97
33 35
34 36
37 39
38 40
41 43
46 48
49 51
50 52
54 56
57 59
58 60
61 63
62 64
65 67
69 71
73 75
78 80
81 83
82 84
90 92
93 95