0 1 2 3 5 9 4 6 7 8 10 11 12 13 14 15 16 17 18 19 20 21 22 23 24 25 26 27 28 29 30 31 32 33 34 35 36 37 38 39 40 41 42 43 44 45 46 47 48 49 50 51 52 53 54 55 56 57 58 59 60 61 62 63 64 65 66 67 68 69 70 71 72 73 74 75 76 77 78 79 80 81 82 83 84 85 86 87 88 89 90 91 92 93 94 95 96 97 98 99
0 10
0 11
0 12
0 13
0 14
0 15
0 16
0 17
0 18
0 9
0 1
1 19
2 28
2 29
2 30
2 31
2 32
2 33
2 34
2 35
2 36
2 5
2 9
2 3
3 37
3 38
3 39
3 40
3 41
3 42
3 43
3 44
3 45
3 4
5 55
5 56
5 57
5 58
5 59
5 60
5 61
5 62
5 63
5 6
9 91
9 92
9 93
9 94
9 95
9 96
9 97
9 98
9 99
9 8
4 46
4 47
4 48
4 49
4 50
4 51
4 52
4 53
4 54
6 7
6 64
7 73
7 74
7 75
7 76
7 77
7 78
7 79
7 80
7 81
8 82
19 20
19 21
19 22
19 23
19 24
19 25
19 26
19 27
64 65
64 66
64 67
64 68
64 69
64 70
64 71
64 72
82 83
82 84
82 85
82 86
82 87
82 88
82 89
82 90