0 1 2 3 4 5 6 7 8 9 10 11 12 13 14 15 16 17 18 19 20 21 22 23 24 25 26 27 28 29 30 31 32 33 34 35 36 37 38 39 40 41 42 43 44 45 46 47 48 49 50 51 52 53 54 55 56 57 58 59 60 61 62 63 64 65 66 67 68 69 70 71 72 73 74 75 76 77 78 79 80 81 82 83 84 85 86 87 88 89 90 91 92 93 94 95 96 97 98
0 23
1 9
1 35
1 36
2 19
2 23
2 27
2 37
2 38
3 24
3 9
3 40
3 39
4 16
4 13
4 41
5 25
5 44
6 17
6 25
6 8
6 45
6 46
7 12
7 18
7 47
8 11
8 14
8 12
8 24
8 49
9 51
9 52
10 18
10 15
10 53
10 54
11 28
11 56
11 55
12 58
12 57
13 23
13 31
13 60
13 59
14 22
15 64
15 63
16 29
16 30
16 65
16 66
17 68
17 67
18 29
18 70
18 69
19 21
19 71
20 29
20 74
21 75
21 76
22 78
22 77
23 80
23 79
24 81
25 84
25 83
26 28
26 85
27 88
28 32
28 90
28 89
29 92
29 91
30 94
30 93
31 95
32 98
32 97
33 35
34 36
41 43
42 44
46 48
50 52
61 63
62 64
70 72
73 75
82 84
85 87
86 88
94 96