0 4 18 50 51 52 53 54 55 56 57 58 59 60 61 62 63 64 65 66 67 68 69 70 71 72 73 74 75 76 77 78 79 80 81 82 83 84 85 1 22 48 6 86 87 88 89 90 91 92 93 94 95 96 97 98 99 2 19 10 3 8 41 29 5 46 49 14 21 7 36 39 47 9 26 30 23 11 32 12 44 13 40 15 28 16 17 38 35 20 31 24 45 43 25 37 27 34 33 42
0 52
0 55
0 73
0 61
0 66
0 56
0 64
0 50
0 53
0 84
0 69
0 76
0 70
0 59
0 79
0 77
0 60
0 81
0 63
0 68
0 83
0 82
0 67
0 75
0 80
0 78
0 57
0 51
0 62
0 72
0 74
0 85
0 71
0 65
4 52
4 29
18 62
18 38
50 2
51 3
53 7
54 8
55 9
56 11
57 12
58 13
60 16
63 22
64 23
65 24
66 25
67 26
68 27
69 28
70 30
71 31
72 32
73 33
74 34
75 35
76 36
77 37
78 39
79 40
80 43
81 44
82 45
83 46
84 47
85 48
1 96
1 87
1 95
1 90
1 99
1 94
1 91
1 89
1 86
1 93
1 92
6 87
6 14
88 7
89 8
90 10
91 13
92 15
93 17
94 20
96 23
97 25
98 27
2 19
10 5
3 41
5 49
21 40
44 42