33 65 93 14 88 75 82 84 99 15 87 11 73 35 37 44 92 91 5 26 70 29 20 85 28 4 90 43 0 45 27 94 23 41 6 52 21 78 51 68 39 61 47 69 80 49 34 81 76 10 95 62 7 72 96 9 1 18 53 57 2 71 83 50 46 12 8 64 32 19 59 24 3 60 25 22 31 16 42 56 13 30 98 54 63 58 48 17 67 38 77 79 36 66 40 86 74 55 97 89
33 5
33 4
65 74
93 14
93 43
14 68
14 0
14 27
88 36
88 52
75 34
75 47
82 17
84 78
84 94
84 57
99 24
15 31
15 56
87 76
87 30
87 53
11 13
73 17
73 26
35 31
35 5
37 2
44 50
44 59
44 77
92 94
91 13
5 72
5 8
26 48
70 18
29 9
20 47
20 19
20 63
85 62
85 34
85 38
85 51
28 76
90 8
0 31
0 81
45 6
45 39
45 97
94 96
94 67
23 9
41 51
52 55
52 10
52 80
21 56
78 66
51 64
68 24
68 74
68 3
39 89
61 69
69 54
80 89
80 49
34 1
81 54
81 9
10 31
95 36
7 74
96 16
96 25
18 32
18 79
18 40
57 83
2 30
71 56
50 66
50 12
46 38
12 74
12 79
8 13
64 22
60 89
22 79
42 54
56 48
30 55
98 36
58 74
36 86