0 10 21 25 26 27 1 23 16 28 29 30 2 6 20 31 32 33 3 22 11 34 35 36 4 13 37 38 39 5 9 40 41 42 43 44 45 7 8 46 47 48 15 49 50 51 18 52 53 54 55 56 57 58 59 60 12 61 62 63 19 64 65 66 14 67 68 69 70 71 72 73 74 75 17 76 77 78 79 80 81 24 82 83 84 85 86 87 88 89 90 91 92 93 94 95 96 97 98 99
0 21
0 10
21 13
21 17
25 30
25 36
25 73
26 44
27 72
27 70
1 23
1 16
23 5
23 95
16 11
28 33
28 47
28 31
29 73
30 94
2 20
2 6
6 3
6 45
6 43
20 13
32 88
33 51
33 96
3 11
3 22
22 15
34 43
35 68
35 40
36 69
4 13
13 19
13 65
37 49
38 45
39 72
5 9
9 18
9 52
40 41
42 98
43 92
44 50
45 97
7 8
8 15
46 78
47 85
47 60
48 79
48 89
15 14
49 93
50 88
51 98
18 12
52 76
52 86
52 91
53 94
54 98
55 89
56 60
57 83
58 83
59 61
59 75
12 62
12 63
63 78
19 24
64 74
64 81
65 88
66 71
66 81
67 90
67 99
68 89
68 87
69 92
69 77
70 93
70 87
74 79
74 78
75 87
80 94
82 99
83 95
84 97
87 99
95 98