0 1 2 3 4 5 6 7 8 9 10 11 12 13 14 15 16 17 18 19 20 21 22 23 24 25 26 27 28 29 30 31 32 33 34 35 36 37 38 39 40 41 42 43 44 45 46 47 48 49 50 51 52 53 54 55 56 57 58 59 60 61 62 63 64 65 66 67 68 69 70 71 72 73 74 75 76 77 78 79 80 81 82 83 84 85 86 87 88 89 90 91 92
0 81
0 38
1 63
2 8
3 68
4 16
5 58
6 89
7 10
7 70
8 91
8 47
9 29
9 73
9 80
11 32
12 54
13 36
14 24
15 42
15 64
16 89
17 67
17 65
18 47
18 58
19 66
20 39
21 76
21 65
21 24
22 44
22 62
23 68
24 36
25 60
26 63
27 48
27 39
27 28
27 72
28 81
30 42
31 63
31 53
32 89
32 71
32 70
33 81
33 79
34 59
35 41
36 57
37 68
37 65
37 88
37 63
39 43
40 74
40 65
40 86
41 54
41 59
42 91
45 56
45 50
46 89
49 84
49 73
50 58
50 62
51 80
52 55
54 65
54 90
55 89
55 56
55 75
57 61
59 85
60 65
63 83
63 69
66 87
66 86
66 89
67 79
76 77
78 81
82 89
84 85
88 92