0 2 7 12 13 15 16 18 19 25 28 30 32 33 39 47 48 49 50 57 61 62 66 67 69 71 72 83 87 89 95 98 1 4 23 27 34 35 41 43 44 51 52 56 59 64 80 82 84 85 86 88 93 3 6 11 24 29 31 36 37 38 60 63 76 81 90 92 94 99 10 14 17 21 42 45 46 53 65 74 78 96 5 8 58 77 9 54 55 75 79 20 40 97 68 70 22 73 91 26
0 48
0 13
2 36
2 15
2 94
2 80
2 86
2 7
7 55
12 44
13 93
13 89
15 21
15 45
16 28
18 4
18 57
19 85
25 96
28 64
28 30
30 10
30 53
32 79
33 87
33 40
39 5
47 37
47 4
47 63
48 99
48 38
48 74
48 79
49 37
50 60
57 23
57 29
57 52
61 80
61 4
62 98
66 20
66 80
67 44
69 60
69 1
71 74
72 17
72 24
83 27
89 96
95 10
98 43
98 11
1 82
1 85
23 60
27 51
34 54
34 8
35 90
41 85
41 9
43 3
43 97
44 20
51 79
51 22
56 82
59 88
64 6
64 54
64 73
80 92
80 14
80 3
84 88
85 88
11 91
24 38
24 81
29 74
31 97
37 73
63 26
63 70
76 70
90 73
92 58
99 78
21 40
21 77
42 91
45 75
46 8
65 26
74 68
5 54