0 43 21 40 18 41 35 2 1 64 70 13 57 3 48 45 4 16 25 5 31 36 6 47 32 7 20 22 8 37 52 65 9 72 10 71 11 28 56 12 30 46 14 15 17 60 24 19 39 53 33 66 23 42 74 62 26 67 27 50 69 51 29 34 38 54 58 68 44 49 55 59 63 61 73
0 35
0 40
0 43
0 41
43 6
43 68
21 33
21 22
21 53
21 39
21 64
21 31
21 66
40 37
40 58
18 72
18 3
18 4
41 15
35 20
2 70
2 13
1 64
64 26
64 61
64 57
70 63
13 46
57 69
3 45
3 48
45 68
45 49
4 16
4 25
5 36
5 31
6 32
6 47
32 19
7 22
7 20
8 37
8 52
8 65
52 34
52 14
52 29
52 27
52 55
65 63
65 71
9 72
72 24
10 71
11 28
11 56
28 51
28 69
12 30
30 69
17 60
17 24
24 74
24 62
39 54
23 42
42 67
26 67
27 50
69 38
68 44
59 63
63 73