0 54 58 94 95 44 7 47 11 91 53 17 37 72 77 12 61 22 20 51 70 99 28 8 66 50 55 4 5 82 89 10 69 26 98 52 74 43 18 85 2 39 31 1 14 78 36 86 96 56 19 63 40 49 21 3 64 32 41 84 97 13 79 34 71 33 73 93 9 30 83 60 59 75 57 48 87 16 15 80 45 24 68 29 76 67 25 92 6 23 81 90 88 65 27 62 42 46 38 35
0 72
0 37
54 74
54 62
58 36
94 63
94 61
95 38
95 97
95 71
44 1
7 90
7 63
7 1
47 4
47 41
11 65
91 57
91 98
53 26
53 49
17 42
37 14
37 80
37 65
72 32
77 87
77 9
12 34
12 63
12 40
61 84
22 4
20 80
20 52
51 18
51 35
70 49
70 76
99 68
99 86
28 52
8 50
66 2
66 14
50 83
50 41
50 18
55 63
4 80
5 82
5 43
5 6
89 29
89 87
10 86
10 40
10 13
69 76
26 46
26 85
52 39
43 30
43 60
43 23
43 96
2 59
31 75
31 90
1 36
1 3
78 80
36 60
56 24
56 42
19 13
19 73
63 42
40 57
49 67
21 87
64 59
32 93
32 25
41 15
84 48
84 81
97 80
79 87
34 29
33 93
83 46
60 25
57 45
87 92
87 62
87 88
16 25
6 27