0 1 32 34 2 3 19 4 5 20 21 6 7 8 9 24 10 11 13 25 12 36 38 14 15 39 40 16 17 26 18 23 27 22 28 29 31 30 43 44 33 45 35 37 41 42 46 52 47 48 49 50 54 53 51 55 56 57 58 59 60 63 61 62 64 69 66 68 75 67 65 70 71 79 80 78 76 72 74 77 81 82 83 87 73 84 85 89 86 88 90 95 94 92 93 91
0 1
0 34
32 33
32 19
32 30
34 31
34 45
34 27
34 33
2 19
2 3
3 59
4 20
5 21
5 8
5 6
20 18
20 21
21 22
7 8
8 24
9 10
24 10
10 25
10 11
11 13
11 12
13 14
25 16
36 39
38 52
14 39
14 40
15 16
39 35
39 48
40 28
40 45
16 26
17 23
23 22
29 30
30 43
44 41
45 42
37 46
41 42
46 53
52 91
52 53
47 54
49 54
49 50
50 51
54 53
54 55
55 56
55 58
57 58
58 61
58 62
59 61
59 63
60 62
61 64
62 70
64 69
69 66
66 68
75 88
67 71
67 65
67 74
65 70
70 95
79 95
80 76
80 94
80 77
78 76
78 72
74 87
77 81
82 83
83 90
87 89
73 84
84 89
84 85
89 90
86 88
88 90
94 93
94 92
93 91