0 1 2 3 4 5 6 7 8 9 10 11 12 13 14 15 16 17 18 19 20 21 22 23 24 25 26 27 28 29 30 31 32 33 34 35 36 37 38 39 40 41 42 43 44 45 46 47 48 49 50 51 52 53 54 55 56 57 58 59 60 61 62 63 64 65 66 67 68 69 70 71 72 73 74 75 76 77 78 79 80 81 82 83 84 85 86 87 88 89 90 91 92 93 94 95 96 97 98 99
0 73
0 15
1 36
1 54
2 3
3 95
4 24
5 20
6 55
6 65
7 8
8 18
8 23
8 19
9 10
9 41
10 11
11 12
12 71
13 14
14 88
15 44
15 30
15 16
16 25
17 76
18 77
18 53
20 21
21 34
21 95
21 37
22 72
23 82
24 51
26 57
27 64
28 45
29 35
29 83
29 98
31 85
32 56
32 42
33 34
33 64
33 39
34 99
35 72
35 80
38 39
40 82
43 61
44 99
44 48
45 61
46 47
46 99
48 49
48 87
50 92
51 65
52 53
52 64
52 67
54 55
55 69
55 56
56 64
56 57
58 66
58 72
59 79
59 60
61 98
62 63
63 64
68 69
69 70
71 72
71 81
73 74
75 79
76 77
77 78
79 80
81 89
83 84
83 92
85 95
86 87
87 88
87 91
88 97
90 91
93 97
93 94
95 96
98 99