0 4 3 1 2 8 16 17 14 15 19 12 18 11 20 6 13 5 7 9 10 53 76 21 22 23 24 25 26 27 28 29 30 31 32 33 34 35 36 37 38 39 40 41 42 43 44 45 46 47 48 49 50 55 56 57 58 59 60 64 51 61 62 52 54 63 65 78 79 66 67 68 69 85 70 71 72 73 74 75 77 84 88 95 82 94 83 99 91 96 97 86 90 93 87 98 92 81 80 89
0 4
4 19
3 1
3 20
3 19
1 17
2 8
2 14
2 19
2 12
16 18
16 6
17 53
17 76
14 7
15 13
15 11
19 5
18 10
11 5
11 9
20 28
9 10
53 57
53 61
76 79
21 27
21 24
22 28
22 29
22 26
23 27
24 25
26 27
29 30
30 31
31 32
32 33
33 34
34 35
35 36
36 37
37 38
38 39
39 40
40 47
40 46
41 42
42 46
42 49
43 46
44 47
45 47
45 48
50 57
50 64
55 54
55 52
56 61
56 63
56 51
58 59
59 54
59 62
59 60
60 63
65 79
78 75
78 68
78 73
78 77
78 67
78 69
78 71
79 66
79 75
79 70
79 72
79 74
69 85
85 91
85 99
85 96
84 88
84 82
95 90
82 90
94 91
94 81
83 92
99 86
91 92
96 90
97 93
97 86
86 98
93 87
87 89
81 80