0 1 2 3 4 5 6 7 8 9 10 11 12 13 14 15 16 17 18 19 20 21 22 23 24 25 26 27 28 29 30 31 32 33 34 35 36 37 38 39 40 41 42 43 44 45 46 47 48 49 50 51 52 53 54 55 56 57 58 59 60 61 62 63 64 65 66 67 68 69 70 71 72 73 74 75 76 77 78 79 80 81 82 83 84 85 86 87 88 89 90 91 92 93 94 95 96 97 98 99
0 69
0 30
1 43
2 43
2 37
3 78
4 98
5 89
6 93
7 56
8 98
8 99
8 43
9 38
10 16
10 69
10 96
10 13
11 98
11 28
12 56
12 33
12 88
13 68
14 24
15 71
16 97
17 59
17 36
18 99
19 56
20 70
20 56
21 50
22 35
23 45
23 50
23 43
24 25
24 71
24 51
25 64
25 42
26 32
26 31
27 85
29 62
30 57
31 60
31 36
31 85
32 40
34 58
34 45
34 81
35 83
38 79
38 63
39 74
39 52
39 92
40 96
40 73
40 65
41 43
43 53
43 75
44 60
45 47
46 77
47 93
48 87
49 58
54 65
54 78
55 83
55 98
56 92
58 94
61 76
61 99
62 98
65 80
66 72
67 94
69 92
69 79
71 73
72 74
72 99
73 77
74 89
74 95
82 98
84 94
85 90
86 98
87 97
91 96