0 14 5 8 25 26 27 1 15 4 28 29 30 2 3 31 32 33 12 34 35 36 23 37 38 39 17 40 41 42 6 19 10 43 44 45 7 11 20 46 47 48 13 16 49 50 51 9 21 52 53 54 55 56 57 58 59 60 61 62 63 64 65 66 67 68 69 70 71 72 18 24 73 74 75 76 77 78 79 80 81 82 83 84 85 86 87 88 89 90 22 91 92 93 94 95 96 97 98 99
0 5
0 8
0 14
14 20
14 69
5 17
8 16
8 13
25 88
25 69
25 27
25 45
26 98
26 55
1 15
1 4
15 70
4 23
4 37
28 46
29 43
29 68
30 45
2 3
2 31
3 12
31 92
32 37
32 64
32 81
33 47
12 6
34 74
34 54
34 59
35 59
35 44
35 82
36 69
36 38
23 19
37 54
39 52
39 47
17 10
17 77
40 57
40 97
41 61
42 80
6 19
6 10
10 55
45 67
7 20
7 11
7 46
11 21
20 86
46 72
46 56
47 68
48 53
16 24
16 18
49 92
49 90
50 93
51 77
9 21
52 85
52 94
53 93
53 55
56 61
57 89
58 75
59 71
60 71
62 98
63 68
64 65
66 90
70 96
72 99
24 22
73 77
73 94
75 76
75 96
75 84
78 79
78 80
78 83
79 97
86 95
86 91
87 91
88 97