0 1 2 3 4 5 6 7 8 9 10 11 12 13 14 15 16 17 18 19 20 21 22 23 24 25 26 27 28 29 30 31 32 33 34 35 36 37 38 39 40 41 42 43 44 45 46 47 48 49 50 51 52 53 54 55 56 57 58 59 60 61 62 63 64 65 66 67 68 69 70 71 72 73 74 75 76 77 78 79 80 81 82 83 84 85 86 87 88 89 90 91 92 93 94 95 96 97 98 99
0 2
1 2
2 3
2 4
3 6
4 7
5 7
7 9
8 9
9 10
9 11
10 13
11 14
12 14
14 16
15 16
16 17
16 18
17 20
18 21
19 21
21 23
22 23
23 24
23 25
24 27
25 28
26 28
28 30
29 30
30 31
30 32
31 34
32 35
33 35
35 37
36 37
37 38
37 39
38 41
39 42
40 42
42 44
43 44
44 45
44 46
45 48
46 49
47 49
49 51
50 51
51 52
51 53
52 55
53 56
54 56
56 58
57 58
58 59
58 60
59 62
60 63
61 63
63 65
64 65
65 66
65 67
66 69
67 70
68 70
70 72
71 72
72 73
72 74
73 76
74 77
75 77
77 79
78 79
79 80
79 81
80 83
81 84
82 84
84 86
85 86
86 87
86 88
87 90
88 91
89 91
91 93
92 93
93 94
93 95
94 97
95 98
96 98
98 99