0 40 89 73 47 51 4 50 71 31 79 86 48 23 18 76 32 30 82 19 7 33 43 22 85 45 34 57 13 94 88 28 1 80 95 78 96 11 97 75 66 58 12 39 37 49 9 41 77 36 15 69 2 60 98 61 16 74 56 27 92 42 46 54 8 25 44 17 35 59 53 81 67 64 10 5 52 68 38 90 99 26 83 14 6 87 29 24 3 62 93 21 55 91 84 63 20 72 65 70
0 32
0 19
0 69
40 36
40 25
89 24
73 17
47 69
51 45
51 18
4 94
50 26
50 41
71 25
31 16
31 42
31 54
79 18
86 94
48 80
23 98
23 52
18 65
18 3
18 67
76 53
76 74
32 70
30 55
30 11
30 83
82 44
82 20
82 63
82 39
7 28
7 10
7 35
33 78
43 21
43 60
43 77
22 26
85 99
85 83
45 54
45 66
45 68
45 84
34 53
57 61
57 12
13 81
13 9
13 59
13 60
94 98
88 11
28 91
1 17
80 81
95 93
78 65
78 92
96 21
11 10
97 92
75 38
75 37
66 5
58 44
12 36
12 53
49 83
49 29
9 56
41 17
15 72
2 10
2 27
2 64
98 21
74 38
27 46
27 72
46 65
8 65
44 14
59 6
59 20
81 5
68 87
38 62
38 65
90 62
26 93
26 63
24 3
20 70