14 8 9 79 54 51 40 22 89 95 57 23 96 67 18 29 75 50 98 72 55 25 45 68 11 70 48 88 58 90 49 5 17 30 86 36 53 87 52 73 20 66 4 6 10 61 7 84 3 46 94 41 93 0 83 12 26 27 21 64 77 65 60 39 35 47 16 2 63 43 76 28 33 85 37 82 1 99 34 19 31 15 38 78 81 62 24 74 92 32 13 71 69 42 56 97 44 80 59 91
14 79
14 72
8 40
9 85
79 76
54 69
51 20
40 1
40 41
22 91
89 53
95 75
95 57
57 3
23 48
23 6
96 18
67 3
18 76
29 25
75 0
50 19
98 52
98 63
72 80
55 62
55 35
55 30
25 34
25 43
45 30
68 73
68 27
68 1
11 44
70 74
88 60
88 90
58 0
49 34
49 21
5 53
5 74
17 85
17 56
30 26
86 60
36 85
87 77
52 7
20 83
66 24
66 83
4 84
6 1
6 99
10 37
61 63
61 65
61 47
7 85
84 83
84 21
84 82
3 92
3 15
46 91
94 26
94 16
93 81
83 56
12 69
27 82
27 78
21 81
64 43
77 38
65 97
60 42
60 62
39 59
39 34
35 31
35 33
35 76
47 69
2 31
63 74
43 37
43 19
28 62
85 92
82 42
1 38
31 32
15 44
62 13
92 71
56 91