0 74 88 5 65 1 31 54 42 50 2 37 91 68 27 3 82 4 56 64 75 35 73 6 96 22 32 87 7 12 90 48 8 41 72 9 47 11 10 89 95 59 24 39 13 94 16 25 14 81 28 21 15 79 17 38 43 18 99 45 71 19 62 20 52 26 23 76 83 30 53 69 77 29 36 93 49 33 55 34 57 40 80 44 78 46 66 51 67 58 60 92 70 61 63 84 85 86 97 98
0 74
0 85
74 9
74 67
88 30
5 86
5 73
65 73
65 58
1 31
1 36
31 75
54 10
54 72
42 77
42 40
42 85
50 78
2 27
2 9
2 37
37 24
91 17
68 25
68 83
27 62
3 56
3 82
3 84
4 75
56 55
56 51
56 16
64 61
35 14
73 26
73 89
73 97
6 43
96 57
96 61
22 47
22 33
32 58
87 90
87 93
7 48
7 12
12 39
90 40
48 11
8 81
41 36
41 61
9 11
9 47
11 44
10 89
10 95
10 49
59 25
59 92
24 46
39 15
13 16
13 94
25 53
14 21
14 63
81 70
28 15
15 78
15 79
17 38
17 43
38 29
38 33
43 80
18 99
18 51
18 71
45 53
45 98
19 62
19 20
52 80
26 69
23 76
23 66
23 30
76 55
83 86
69 55
69 57
77 70
34 57
40 92
67 63
58 60