0 10 25 26 27 1 28 29 30 2 6 31 32 33 3 22 23 11 34 35 36 4 5 37 38 39 19 40 41 42 16 43 44 45 7 20 46 47 48 8 18 49 50 51 9 12 52 53 54 55 56 57 58 59 60 61 62 63 13 17 64 65 66 14 21 67 68 69 15 70 71 72 73 74 75 76 77 78 24 79 80 81 82 83 84 85 86 87 88 89 90 91 92 93 94 95 96 97 98 99
0 10
10 7
10 1
25 29
25 78
25 85
25 87
26 62
26 45
27 42
27 31
1 30
28 95
30 65
30 88
30 51
2 6
6 11
6 16
31 46
32 39
33 35
3 22
3 23
3 11
3 35
22 9
22 4
34 64
35 39
35 54
36 94
36 81
4 5
5 19
5 41
37 49
38 95
38 50
19 21
19 15
40 90
40 62
41 61
42 97
42 73
16 8
43 78
44 84
44 47
7 20
7 46
7 48
20 24
47 91
48 76
48 62
8 18
8 49
18 24
51 71
9 12
52 54
52 96
53 81
54 80
54 92
55 60
55 70
56 88
57 88
58 97
59 75
59 66
59 82
63 91
13 17
17 14
17 78
64 65
14 21
14 68
21 89
67 89
67 93
68 69
15 70
15 72
70 75
74 79
75 86
77 97
78 79
24 98
81 83
84 94
88 95
88 94
91 99