0 1 2 3 4 5 6 7 8 9 10 11 12 13 14 15 16 17 18 19 20 21 22 23 24 25 26 27 28 29 30 31 32 33 34 35 36 37 38 39 40 41 42 43 44 45 46 47 48 49 50 51 52 53 54 55 56 57 58 59 60 61 62 63 64 65 66 67 68 69 70 71 72 73 74 75 76 77 78 79 80 81 82 83 84 85 86 87 88 89 90 91 92 93 94 95 96 97 98 99
0 1
1 3
2 3
3 4
3 5
4 6
6 7
7 9
8 9
9 11
9 10
11 12
12 14
12 13
13 15
15 16
15 17
16 18
18 19
18 20
20 21
21 23
21 22
22 24
24 25
25 27
26 27
27 29
28 30
29 30
30 32
30 31
31 33
33 35
34 36
35 36
36 37
36 38
38 39
39 41
39 40
40 42
42 43
42 44
43 45
45 46
46 48
47 48
48 50
49 51
50 51
51 53
51 52
53 54
54 56
55 57
56 57
57 58
58 60
59 60
60 61
60 62
62 63
63 65
64 66
65 66
66 67
66 68
68 69
69 70
70 72
71 72
72 73
72 74
73 75
75 76
76 78
77 78
78 79
79 81
80 81
81 82
81 83
82 84
84 85
85 87
86 87
87 89
87 88
89 90
90 91
90 92
91 93
93 94
93 95
94 96
96 97
97 99
98 99