0 1 2 3 4 5 6 7 8 9 10 11 12 13 14 15 16 17 18 19 20 21 22 23 24 25 26 27 28 29 30 31 32 33 34 35 36 37 38 39 40 41 42 43 44 45 46 47 48 49 50 51 52 53 54 55 56 57 58 59 60 61 62 63 64 65 66 67 68 69 70 71 72 73 74 75 76 77 78 79 80 81 82 83 84 85 86 87 88 89 90 91 92 93 94 95 96 97 98
0 30
0 16
0 1
0 6
0 34
0 33
1 31
2 29
2 38
3 22
3 40
3 39
4 31
4 23
4 41
5 8
5 44
5 43
6 46
7 25
7 48
7 47
8 23
9 26
9 27
9 52
9 51
10 17
10 21
10 54
10 53
11 31
11 26
11 25
11 29
11 15
11 55
12 24
12 19
13 26
13 59
13 60
14 15
14 62
14 61
15 63
16 32
16 65
16 66
17 27
17 24
17 67
18 26
18 69
18 70
19 71
20 23
20 74
21 75
22 31
22 28
22 78
22 77
23 79
24 81
24 82
26 85
27 88
28 89
28 90
31 96
31 95
32 97
32 98
33 35
34 36
37 39
42 44
45 47
49 51
50 52
54 56
57 59
58 60
62 64
66 68
70 72
73 75
74 76
78 80
81 83
82 84
85 87
86 88
89 91
90 92
93 95
94 96