0 1 2 3 4 5 6 7 8 9 10 11 12 13 14 15 16 17 18 19 20 21 22 23 24 25 26 27 28 29 30 31 32 33 34 35 36 37 38 39 40 41 42 43 44 45 60 61 62 63 64 65 66 67 68 69 70 71 72 73 74 75 80 79 78 77 76 81 82 92 93 94 95 96 97 90 83 84 85 91 86 87 88 89 59 58 57 56 46 47 48 49 50 51 52 53 54 55
0 1
0 91
0 59
0 45
1 2
2 3
3 4
4 5
5 6
6 7
7 8
8 9
9 10
10 11
11 12
12 13
12 68
13 14
14 15
15 16
16 17
17 18
18 19
19 20
20 21
21 22
22 23
23 24
24 25
25 75
25 26
26 27
27 28
28 29
29 30
30 31
31 32
32 33
34 35
35 60
35 36
36 37
37 38
37 85
38 84
39 83
40 90
40 41
42 43
43 44
44 45
60 61
61 80
61 62
62 63
63 64
64 69
64 65
65 66
66 67
67 68
69 70
70 81
71 72
72 73
72 76
73 74
74 75
79 78
78 77
77 76
81 82
82 92
92 93
92 94
93 95
95 97
95 96
90 91
83 91
84 87
85 89
86 59
87 58
88 57
89 56
59 46
59 47
59 48
59 49
59 50
59 51
59 52
59 53
59 54
59 55
59 57