0 1 2 3 4 5 6 7 8 9 10 11 12 13 14 15 16 17 18 19 20 21 22 23 24 25 26 27 28 29 30 31 32 33 34 35 36 37 38 39 40 41 42 43 44 45 46 47 48 49 50 51 52 53 54 55 56 57 58 59 60 61 62 63 64 65 66 67 68 69 70 71 72 73 74 75 76 77
0 27
0 70
0 63
0 25
0 41
0 75
1 77
1 41
1 71
1 62
2 3
3 36
4 5
5 6
5 15
6 7
8 24
9 45
9 21
10 31
11 21
11 35
12 13
13 14
14 15
15 47
15 43
15 16
16 17
17 18
18 19
20 41
22 74
22 42
23 35
24 76
24 31
26 60
27 33
28 37
29 30
30 31
32 33
34 35
35 70
36 37
37 38
38 39
38 41
39 40
41 42
43 77
43 44
45 65
46 47
48 67
49 50
49 64
51 52
51 65
52 53
54 55
55 68
56 57
57 58
58 70
58 59
60 61
61 62
61 68
63 64
65 66
67 68
69 74
71 72
73 74
75 76