0 57 9 18 36 39 49 64 75 91 92 97 1 10 12 25 27 41 53 60 73 74 77 80 85 94 96 2 15 7 3 19 28 29 30 40 48 54 59 62 72 78 83 47 34 81 84 4 5 35 51 58 79 56 14 20 23 43 44 6 50 22 32 38 45 66 82 70 26 31 37 46 52 8 76 89 16 11 33 61 69 93 21 55 63 87 13 42 86 95 98 24 67 90 17 68 65 71 88
0 18
0 91
0 39
57 72
9 44
9 69
9 33
9 89
36 84
36 12
36 72
36 98
36 73
39 51
49 28
49 53
49 15
64 37
75 44
75 7
75 63
75 97
91 67
92 72
1 80
10 19
10 93
12 51
25 2
25 69
27 90
27 24
41 8
41 71
41 30
60 14
73 59
74 54
74 51
77 29
77 16
80 63
85 5
85 28
85 94
96 28
96 38
96 14
15 20
7 6
3 84
30 90
40 79
48 46
59 32
62 44
62 35
78 95
78 5
83 16
83 31
47 93
34 31
81 50
4 35
35 55
35 86
51 58
79 55
56 26
14 67
14 13
20 17
23 90
43 98
44 50
44 93
50 37
50 38
22 24
32 87
32 16
32 61
38 24
38 11
45 26
66 46
66 88
82 95
70 76
26 95
46 86
52 33
76 17
33 65
21 24
21 42
86 68