0 1 2 3 4 7 8 9 10 11 13 15 17 18 19 20 23 24 25 28 30 31 32 33 34 35 36 37 39 40 41 43 44 45 46 47 48 49 50 51 52 53 55 56 59 60 61 63 65 66 67 69 70 71 77 78 80 81 82 84 86 88 89 90 91 92 93 94 95 96 97 99 5 12 14 16 22 26 27 29 38 42 54 57 64 68 73 74 75 76 79 83 98 6 21 62 72 87 58 85
0 35
0 92
1 16
2 28
3 6
4 99
7 75
7 48
8 25
8 50
8 9
10 72
11 37
11 91
13 57
15 37
15 73
17 57
17 70
18 90
18 98
18 47
19 33
19 28
20 23
20 33
24 54
24 97
24 6
25 34
28 45
28 56
28 88
28 99
30 98
31 96
31 37
31 71
31 66
32 46
34 36
35 97
35 90
35 53
36 57
36 64
37 87
39 51
39 54
39 27
39 89
39 5
40 54
40 82
41 64
43 69
43 63
44 22
45 63
45 87
45 95
46 77
48 83
48 67
49 75
50 76
51 83
52 22
55 74
55 26
56 12
56 86
59 83
60 57
61 42
65 85
65 82
69 74
70 90
77 82
77 21
77 84
78 85
80 95
81 73
84 29
86 14
91 16
93 38
94 54
22 64
26 79
38 87
42 57
64 87
64 58
68 58
73 72
62 87