0 1 2 3 4 5 6 7 8 9 10 11 12 13 14 15 16 17 18 19 20 21 22 23 24 25 26 27 28 29 30 31 32 33 34 35 36 37 38 39 40 41 42 43 44 45 46 47 48 49 50 51 52 53 54 55 56 57 58 59 60 61 62 63 64 65 66 67 68 69 70 71 72 73 74 75 76 77 78 79 80 81 82 83 84 85 86 87 88 89 90 91 92 93 94 95 96 97 98 99
0 42
0 35
1 50
2 53
3 26
3 61
4 23
4 5
4 47
6 35
7 11
7 40
8 28
8 32
8 9
8 64
10 85
10 36
10 97
10 68
11 12
11 38
12 13
12 33
13 44
14 51
14 32
15 21
15 79
16 40
16 76
17 60
18 50
18 65
19 34
19 54
19 94
19 20
21 72
22 55
22 86
24 80
25 26
26 55
26 38
27 53
27 36
27 52
28 90
29 88
30 32
31 32
32 80
32 50
34 73
34 46
36 37
37 54
39 44
39 45
39 50
40 87
41 79
42 75
43 75
44 93
44 70
45 46
45 49
46 48
47 92
53 98
54 66
55 56
57 58
58 80
59 70
59 95
60 75
60 76
62 63
62 77
62 72
63 78
63 74
67 71
69 96
71 87
76 82
76 96
79 80
81 82
83 84
84 85
88 89
89 91
89 99
91 92
98 99