0 1 2 3 4 5 6 7 8 9 10 11 12 13 14 15 16 17 18 19 20 21 22 23 24 25 26 27 28 29 30 31 32 33 34 35 36 37 38 39 40 41 42 43 44 45 46 47 48 49 50 51 52 53 54 55 56 57 58 59 60 61 62 63 64 65 66 67 68 69 70 71 72 73 74 75 76 77 78 79 80 81 82 83 84 85 86 87 88 89 90 91 92 93 94 95 96 97 98
0 23
0 15
0 34
0 33
1 26
1 28
1 35
2 17
2 7
2 38
3 26
3 39
4 22
4 21
4 42
5 17
5 43
6 30
6 17
6 45
6 46
7 48
8 23
8 13
8 29
8 49
9 17
9 51
9 52
10 28
10 20
10 32
10 53
11 18
11 30
11 27
11 23
11 26
11 55
11 56
12 15
12 57
12 58
14 18
14 62
15 19
15 63
16 25
16 66
16 65
18 69
19 22
19 72
20 74
20 73
21 31
21 75
22 25
22 78
23 80
23 79
24 30
24 82
24 81
25 84
26 86
26 85
27 88
27 87
28 89
29 91
29 92
30 94
30 93
31 95
32 98
32 97
34 36
37 39
38 40
41 43
42 44
45 47
50 52
54 56
57 59
58 60
61 63
62 64
65 67
66 68
69 71
70 72
74 76
77 79
81 83
90 92
94 96