0 40 11 32 61 6 78 56 13 12 9 15 35 71 53 16 50 58 19 66 39 65 31 28 79 21 2 68 41 23 48 33 38 4 34 74 27 7 10 17 20 49 52 55 59 60 69 70 73 76 82 83 87 88 89 1 3 14 26 29 30 45 51 57 64 80 81 84 86 75 67 62 24 18 85 54 22 36 37 8 72 77 42 44 25 46 63 47 5 43
0 27
40 72
40 55
40 35
11 24
11 56
11 55
11 88
32 65
32 61
6 80
6 66
78 38
56 68
56 62
13 46
13 55
12 88
9 69
15 18
15 50
15 19
35 3
71 69
71 66
53 23
16 82
50 24
50 29
58 31
58 81
58 10
19 23
19 76
39 33
39 41
65 38
65 69
31 51
31 77
31 27
28 45
28 87
79 82
21 22
21 86
2 27
41 36
41 73
41 51
41 89
23 26
48 62
4 62
34 81
34 85
74 47
74 45
7 52
7 20
17 75
17 30
20 80
49 73
49 37
55 77
59 67
60 44
69 51
70 24
73 63
73 64
73 25
76 1
82 43
83 88
88 44
14 42
14 62
29 30
29 54
45 84
45 67
57 84
81 84
84 86
86 8
85 5
37 43