0 6 5 9 2 14 17 11 10 15 23 20 26 25 37 31 34 32 33 42 40 47 41 54 56 50 59 53 60 62 63 68 69 71 76 79 72 74 89 86 87 84 85 98 97 94 99 1 12 21 52 67 90 13 36 45 75 83 3 7 88 82 80 4 8 30 66 78 16 43 81 28 38 49 70 18 22 24 48 61 96 55 19 39 73 91 44 57 65 93 29 27 35 77 95 46 92 64 51 58
0 56
0 34
0 25
6 2
5 23
5 45
9 61
9 2
14 33
17 95
17 40
17 67
11 15
11 13
11 50
10 15
15 31
15 66
20 27
20 45
20 48
26 65
26 57
26 37
25 29
25 12
25 87
25 68
31 55
31 36
32 52
32 94
33 88
33 79
42 21
47 30
47 27
41 91
54 13
56 61
56 78
59 99
53 22
60 63
60 92
62 64
68 58
69 45
69 95
69 85
69 87
71 35
76 66
72 66
74 84
74 75
89 70
86 51
85 28
85 83
85 64
85 4
98 99
98 94
97 55
1 21
1 12
12 18
12 3
52 4
90 96
13 19
45 66
45 88
75 92
83 96
7 61
88 80
82 77
82 35
80 22
8 96
16 77
43 48
81 57
38 29
49 61
70 77
24 64
61 51
61 93
96 92
96 65
55 77
39 44
73 77
91 95
44 51
77 46