0 1 2 3 4 5 6 7 8 9 10 11 12 13 14 15 16 17 18 19 20 21 22 23 24 25 26 27 28 29 30 31 32 33 34 35 36 37 38 39 40 41 42 43 44 45 46 47 48 49 50 51 52 53 54 55 56 57 58 59 60 61 62 63 64 65 66 67 68 69 70 71 72 73 74 75 76 77 78 79 80 81 82 83 84 85 86 87 88 89 90 91 92 93 94 95 96 97 98 99
0 24
0 27
1 22
2 99
2 92
2 32
3 62
3 22
3 91
4 34
4 19
4 26
5 59
5 67
5 93
6 35
6 42
7 34
8 34
8 77
9 65
9 91
9 94
9 13
9 49
10 46
11 26
12 62
12 33
13 70
13 37
14 93
15 92
15 71
16 85
17 98
17 95
18 50
18 30
19 51
19 86
20 88
20 24
21 95
22 69
22 98
22 59
23 33
24 74
24 32
25 97
26 65
26 61
26 54
27 64
27 98
28 59
28 53
29 94
30 61
31 79
33 45
35 82
35 57
36 73
38 65
38 48
39 90
40 43
40 57
41 82
44 93
46 73
47 69
48 85
51 79
52 65
54 58
55 67
56 94
57 76
57 89
58 80
58 75
58 96
59 83
60 69
61 90
63 78
64 81
66 97
67 73
68 74
70 78
71 72
76 97
84 95
87 88
95 97