0 10 12 35 54 75 78 83 85 1 25 38 44 48 82 90 92 2 14 17 28 47 55 61 62 64 68 70 88 3 4 19 32 46 21 23 5 13 24 40 63 80 6 31 42 65 66 81 7 74 79 99 8 41 43 76 9 50 72 77 98 26 30 57 60 69 84 11 16 18 27 39 89 93 15 56 73 91 97 51 95 33 86 49 59 96 20 29 87 94 58 22 45 52 34 37 53 36 71 67
0 54
0 10
0 78
10 30
12 73
12 91
35 56
54 94
54 2
75 20
78 72
83 57
83 87
85 63
85 31
85 81
1 82
25 9
25 24
25 39
38 66
44 14
48 71
82 13
82 70
82 36
90 57
90 59
92 60
2 70
2 61
2 28
14 15
17 50
47 58
47 8
47 26
55 73
55 76
62 11
62 15
62 89
64 68
68 58
68 56
68 3
70 96
88 37
4 21
19 50
19 51
32 66
32 65
46 71
46 43
46 27
21 58
21 33
23 81
23 20
5 40
13 51
24 80
24 52
40 26
80 7
6 42
31 79
42 77
66 56
66 45
74 15
79 95
99 16
99 94
41 15
43 60
43 95
76 49
9 98
77 60
98 91
30 53
57 60
57 73
60 97
69 97
84 71
84 58
11 16
11 18
27 34
27 37
89 93
56 94
73 67
91 86
20 29
22 45