0 10 12 14 17 23 26 34 35 43 53 54 57 64 65 66 67 80 85 89 98 1 3 5 15 22 25 37 42 50 51 56 61 69 70 83 84 86 91 92 97 2 75 28 81 18 52 19 55 88 87 93 4 11 13 30 49 58 59 72 76 95 6 44 46 20 8 21 31 33 74 79 94 96 40 73 78 7 32 36 48 90 29 24 27 47 60 62 77 82 99 9 68 16 39 45 38 41 71 63
0 14
0 34
0 23
0 17
10 85
12 39
14 33
14 19
17 66
17 32
23 97
23 63
26 41
26 56
34 4
34 3
35 71
43 13
53 77
54 19
57 39
64 39
64 99
65 92
66 47
67 96
80 95
80 36
85 18
85 13
85 78
89 32
98 2
98 29
98 70
1 92
1 84
1 25
1 50
5 97
15 73
22 48
22 75
25 24
37 31
37 75
42 93
42 30
50 87
50 20
51 83
51 60
56 27
61 49
61 36
69 75
70 86
83 74
84 74
91 8
91 24
92 27
92 48
2 55
75 39
28 76
81 4
81 9
18 68
52 40
52 39
52 71
19 7
55 24
88 6
93 74
4 46
11 58
13 73
58 47
59 95
72 33
76 33
76 96
6 31
44 94
8 62
21 38
31 16
79 36
94 96
96 45
96 27
96 82
7 36
90 68
77 68
99 38
68 16