1 0 2 3 4 5 6 7 8 9 10 11 12 13 14 15 16 17 18 19 20 21 22 23 24 25 26 27 28 29 30 31 32 33 34 35 36 37 38 39 40 41 42 43 44 45 46 47 48 49 50 51 52 53 54 55 56 57 58 59 60 61 62 63 64 65 66 67 68 69 70 71 72 73 74 75 76 77 78 79 80 81 82 83 84 85 86 87 88 89 90 91 92 93 94 95 96 97 98 99
1 2
1 67
0 35
0 13
0 76
2 51
2 8
2 23
2 29
3 13
3 18
3 94
4 16
5 39
5 32
6 68
6 12
7 30
7 34
8 11
8 93
9 91
9 47
9 59
10 15
10 63
11 17
12 21
12 69
13 83
14 35
15 46
15 65
15 38
16 51
17 78
17 52
18 46
19 27
19 22
20 23
21 55
21 27
21 89
21 62
22 56
24 38
25 90
25 94
26 70
28 96
28 53
29 48
29 32
29 73
29 43
30 49
31 59
32 70
33 72
33 66
33 36
33 81
33 45
34 61
34 67
37 48
38 77
40 95
40 46
41 68
41 44
41 74
42 56
43 75
44 54
46 85
46 84
47 97
47 58
49 50
51 69
52 99
56 80
57 72
59 66
59 87
60 64
60 85
64 92
64 72
65 88
68 82
69 92
71 96
79 86
86 87
86 96
95 98