48 55 36 75 35 88 15 20 87 52 4 28 56 30 64 31 97 22 16 62 63 61 24 44 96 33 2 50 98 38 7 89 74 13 18 43 1 82 6 79 77 49 51 65 19 69 29 76 45 70 72 5 41 23 10 95 42 78 86 46 83 14 92 32 94 26 9 3 21 59 39 17 99 90 81 68 25 84 47 11 91 66 40 60 93 54 34 57 85 27 80 67 0 37 12 53 8 73 71 58
48 55
48 89
36 40
36 65
36 77
36 15
36 5
75 2
75 29
75 31
35 10
88 15
20 90
87 63
87 98
87 32
52 7
4 66
4 22
28 56
56 19
56 22
30 63
30 22
64 10
31 69
31 41
97 2
97 74
97 67
97 11
16 95
16 12
62 43
62 3
62 25
63 1
61 74
24 91
24 14
44 10
96 12
33 18
33 95
50 27
50 6
98 77
98 43
38 90
7 76
7 89
89 65
89 68
74 73
13 71
1 27
82 41
79 45
79 40
79 14
79 95
77 90
49 9
49 57
51 57
51 46
19 46
29 26
45 23
70 99
70 81
70 80
72 21
72 91
41 60
41 83
23 17
23 53
23 42
10 91
95 85
95 54
78 93
78 32
86 14
46 58
14 94
92 40
32 99
3 34
59 66
39 0
81 8
25 84
47 40
91 37
40 67
67 0
37 71