0 1 2 3 5 6 9 10 12 14 16 17 21 24 25 27 30 31 32 33 34 35 36 37 38 39 40 41 43 44 46 47 48 49 50 51 53 54 55 56 57 58 59 61 62 63 64 65 66 68 69 71 72 74 76 77 79 81 83 86 87 88 89 91 92 94 95 96 97 98 4 7 11 13 15 18 20 22 23 45 52 60 67 70 78 80 84 93 8 26 28 42 75 82 90 19 29 85 73
0 13
1 56
1 38
1 39
2 6
3 82
5 92
5 19
6 34
9 8
9 16
9 82
10 59
10 49
12 42
12 24
12 83
14 72
17 8
21 63
24 20
25 7
25 98
27 4
30 85
30 34
31 80
32 98
33 65
34 72
35 83
35 75
36 29
36 4
37 95
38 48
40 90
40 26
40 80
41 94
41 79
43 66
43 61
44 65
46 93
46 73
47 76
48 96
49 98
49 52
50 57
51 74
51 62
53 4
53 13
54 13
55 64
55 94
56 57
56 61
57 8
57 64
58 77
58 68
58 45
59 68
59 88
61 42
62 28
62 52
63 18
63 96
65 88
66 71
69 76
72 88
72 89
76 78
76 86
77 70
77 90
81 83
81 92
83 11
87 93
91 60
91 84
95 8
97 28
98 15
4 18
20 93
22 19
23 78
60 26
60 78
67 90
90 29