0 1 2 3 4 5 6 7 8 9 10 11 12 13 14 15 16 17 18 19 20 21 22 23 24 25 26 27 28 29 30 31 32 33 34 35 36 37 38 39 40 41 42 43 44 45 46 47 48 49 50 51 52 53 54 55 56 57 58 59 60 61 62 63 64 65 66 67 68 69 70 71 72 73 74 75 76 77 78 79 80 81 82 83 84 85 86 87 88 89 90 91 92 93 94 95 96 97 98 99
0 17
0 1
1 37
2 3
2 89
3 4
5 6
6 7
6 45
7 79
8 62
9 10
9 43
9 64
9 62
10 11
11 12
12 13
14 94
14 15
16 17
18 42
19 20
20 21
21 22
22 92
22 56
23 24
23 99
24 27
24 25
24 40
25 74
26 27
26 43
28 29
28 71
29 30
31 81
32 95
32 66
33 34
34 35
35 36
36 37
36 72
38 42
38 46
39 40
40 52
40 66
41 42
43 58
43 75
44 45
45 83
45 46
45 85
46 72
46 81
46 54
46 47
47 60
47 48
49 50
50 51
51 52
52 53
55 56
56 70
57 58
58 82
59 60
60 61
63 64
64 65
66 67
68 69
68 96
69 70
70 88
70 71
71 94
73 80
74 90
74 94
76 91
77 78
78 79
80 81
82 83
84 92
84 93
85 86
86 87
88 91
89 90
97 98
98 99