0 1 2 3 23 40 97 64 68 37 63 6 85 5 61 58 11 10 92 28 21 53 54 77 91 75 90 35 51 39 88 33 56 62 69 32 46 13 9 76 73 52 71 30 27 93 8 14 96 19 98 41 70 65 7 25 57 82 84 83 4 55 15 50 78 22 74 94 86 60 81 45 89 34 17 49 29 67 66 99 48 12 16 43 24 36 87 31 26 72 44 80 42 20 38 47 79 59 18 95
0 33
1 69
1 76
2 6
3 44
3 37
23 90
40 29
97 73
97 25
64 16
68 33
68 57
68 78
37 63
37 19
37 62
63 24
63 96
63 76
6 93
85 22
85 12
5 91
5 81
61 62
61 47
58 71
11 21
11 29
10 87
92 30
92 46
92 41
28 89
53 89
54 14
54 60
77 12
91 62
75 82
90 81
90 55
35 66
51 42
51 80
39 73
88 93
88 41
56 24
62 16
62 20
62 84
62 48
69 98
32 94
32 36
13 14
13 22
9 60
52 66
52 31
71 89
71 17
71 50
71 80
71 72
27 25
27 15
93 18
93 29
93 7
93 99
8 20
14 87
41 38
70 22
65 26
65 57
65 12
7 12
7 43
57 45
82 95
82 83
82 34
83 20
4 26
55 67
15 87
74 60
86 17
89 12
89 16
49 29
66 18
36 79
87 59
79 95