0 7 4 44 74 75 76 77 78 79 80 81 82 83 84 85 86 87 88 89 90 91 92 93 94 95 96 97 98 99 1 45 3 2 66 63 50 37 30 58 5 38 6 26 20 42 8 16 18 49 9 71 15 10 48 62 61 11 12 70 13 67 40 14 53 73 60 64 17 32 19 54 21 65 22 39 69 72 23 33 24 52 55 57 25 68 27 28 56 51 29 35 31 36 34 41 43 46 47 59
0 97
0 96
0 77
0 95
0 93
0 85
0 78
0 75
0 80
0 83
0 76
0 88
0 99
0 90
0 91
0 81
0 82
0 79
0 84
0 94
0 87
0 7
0 86
0 98
0 89
0 74
7 42
4 77
4 37
4 58
44 53
74 1
75 2
76 3
78 5
79 6
81 8
82 9
83 10
84 11
85 12
86 14
87 15
88 16
89 17
90 18
91 20
92 21
93 23
94 24
95 25
96 27
97 28
98 29
99 33
1 45
3 50
2 66
63 23
63 31
30 27
38 22
38 62
6 26
8 49
9 71
15 60
15 64
10 61
10 62
10 48
12 70
13 67
13 40
40 36
14 53
14 73
73 46
64 59
64 47
32 29
32 36
19 54
54 27
21 65
65 51
22 39
22 72
22 69
72 34
24 55
24 52
24 57
55 41
25 68
28 51
28 56
56 43
29 35