0 14 19 21 7 25 26 27 1 22 28 29 30 2 4 31 32 33 3 20 34 35 36 6 5 37 38 39 13 24 40 41 42 12 43 44 45 46 47 48 8 16 49 50 51 9 15 23 52 53 54 10 18 55 56 57 11 58 59 60 61 62 63 64 65 66 67 68 69 70 71 72 73 74 75 17 76 77 78 79 80 81 82 83 84 85 86 87 88 89 90 91 92 93 94 95 96 97 98 99
0 14
0 19
0 7
0 21
0 26
14 68
19 8
7 3
25 51
25 35
26 46
26 53
27 73
27 40
1 22
1 30
22 20
28 91
29 73
29 93
2 4
4 6
4 5
4 20
31 57
31 50
32 37
33 59
33 69
3 20
20 9
34 35
35 64
36 95
6 12
5 24
5 13
37 83
38 76
39 81
39 89
24 18
24 17
24 98
24 99
40 55
40 47
41 58
42 72
43 65
44 54
45 77
46 78
47 57
48 51
8 16
49 65
50 88
50 52
51 97
9 15
9 23
15 11
15 71
23 96
23 94
52 79
53 87
53 75
54 67
54 94
54 74
10 18
10 55
56 92
56 58
57 59
57 72
11 60
58 66
58 95
61 62
61 68
62 82
63 89
64 85
65 83
65 67
66 71
66 84
68 86
69 90
70 77
76 97
76 84
77 80
77 88
88 91
89 96