90 52 6 63 12 61 37 16 22 27 76 15 30 62 96 14 7 74 87 39 46 45 92 86 89 44 60 94 57 23 72 83 38 68 81 19 18 28 5 8 13 67 79 41 10 59 85 91 11 71 31 17 21 99 48 34 65 25 53 2 4 3 36 95 42 93 35 26 82 97 47 24 58 1 20 66 0 70 55 32 51 33 40 43 80 78 54 50 64 56 84 88 29 98 69 77 73 9 49 75
90 41
90 82
52 11
6 77
6 63
12 61
61 86
37 93
37 71
37 88
37 40
37 99
37 25
16 67
16 22
22 27
22 76
27 56
76 84
76 78
76 53
15 30
30 13
30 62
96 9
96 69
14 7
14 33
7 74
74 87
87 24
39 46
46 98
45 53
45 92
92 86
92 83
89 1
44 64
44 60
44 11
60 94
94 57
94 50
57 91
23 72
72 83
72 8
83 38
68 84
68 82
81 19
19 18
18 77
28 5
5 17
5 56
13 67
13 36
79 41
10 59
59 73
59 80
59 66
85 91
11 71
11 43
31 21
31 97
31 1
31 69
48 66
34 69
65 75
53 0
2 4
4 3
3 20
3 64
95 42
95 29
42 69
93 35
35 77
26 88
47 73
47 54
47 55
24 58
1 50
20 51
0 70
32 40
33 40
43 80
78 54
78 49
88 98
49 75