0 1 2 3 4 5 6 7 8 9 10 11 12 13 14 15 16 17 18 19 20 21 22 23 24 25 26 27 28 29 30 31 32 33 34 35 36 37 38 39 40 41 42 43 44 45 46 47 48 49 50 51 52 53 54 55 56 57 58 59 60 61 62 63 64 65 66 67 68 69 70 71 72 73 74 75 76 77 78 79 80 81 82 83 84 85 86 87 88 89 90 91 92 93 94 95 96 97 98
0 7
0 29
0 34
1 16
1 9
1 35
1 36
2 18
2 37
2 38
3 32
3 30
3 11
3 40
4 22
4 28
4 25
4 16
4 41
5 29
5 44
6 23
6 45
6 46
7 31
7 19
7 12
8 29
8 49
8 50
9 13
9 24
9 52
10 30
11 55
11 56
12 58
12 57
14 20
14 26
14 61
15 16
15 63
15 64
16 29
16 17
16 66
16 65
17 26
18 32
18 70
19 71
19 72
20 74
21 26
21 75
22 77
23 27
23 30
23 80
24 82
25 83
26 85
27 29
27 88
28 89
29 92
30 93
30 94
31 96
31 95
32 98
32 97
33 35
37 39
41 43
42 44
45 47
46 48
49 51
53 55
54 56
57 59
58 60
62 64
65 67
66 68
69 71
73 75
74 76
77 79
78 80
81 83
82 84
85 87
86 88
89 91
90 92