0 1 4 13 14 15 19 22 25 28 31 33 36 48 52 60 63 66 67 68 70 76 90 96 3 11 12 17 26 30 32 39 45 57 61 62 94 99 2 10 20 34 43 46 55 56 58 64 72 78 79 80 81 84 86 97 8 18 44 50 73 75 85 88 98 21 27 47 49 54 71 74 82 83 5 35 37 40 6 7 23 29 69 91 9 42 65 87 89 95 16 38 51 77 93 53 41 59 24 92
0 25
0 36
0 52
0 48
0 90
1 30
4 15
13 32
13 52
14 91
15 45
15 61
15 53
15 76
19 68
19 3
22 31
22 30
22 49
25 94
28 58
28 57
31 57
31 60
31 86
33 48
33 98
36 46
48 75
60 12
63 65
63 34
63 78
63 59
63 87
63 7
66 38
66 99
67 57
67 29
68 37
70 44
76 34
76 80
90 43
96 80
11 88
12 35
17 20
26 16
26 42
30 99
30 44
39 29
57 69
61 83
61 8
61 97
62 65
62 41
94 9
99 84
2 58
2 72
10 88
10 54
20 6
20 54
34 84
34 50
55 93
56 58
64 75
64 73
79 91
81 59
84 27
84 77
97 95
18 27
50 82
73 89
85 16
85 40
85 6
98 47
21 16
27 91
47 38
47 74
54 24
71 42
5 40
37 6
40 59
6 23
95 92
16 51
51 93