0 1 2 3 4 5 6 7 8 9 10 11 12 13 14 15 16 17 18 19 20 21 22 23 24 25 26 27 28 29 30 31 32 33 34 35 36 37 38 39 40 41 42 43 44 45 46 47 48 49 50 51 52 53 54 55 56 57 58 59 60 61 62 63 64 65 66 67 68 69 70 71 72 73 74 75 76 77 78 79 80 81 82 83 84 85 86 87 88 89 90 91 92 93 94 95 96 97 98 99
0 24
0 32
0 97
1 42
1 69
1 75
2 38
2 41
2 14
3 60
3 70
4 26
4 41
4 10
4 32
4 75
5 75
6 32
7 77
7 51
8 19
8 94
9 22
9 54
9 64
9 37
10 80
10 99
10 68
11 41
11 18
11 59
12 13
13 81
15 39
15 21
15 31
16 83
16 95
17 76
18 46
19 86
20 33
20 31
22 25
22 49
22 87
23 28
24 58
24 35
26 62
27 57
28 29
28 84
29 67
30 52
30 65
30 81
31 47
32 86
32 47
34 56
34 60
36 85
38 81
40 70
43 63
44 45
44 72
46 61
46 92
48 52
50 58
53 59
54 58
54 73
54 83
54 84
55 99
56 57
58 85
59 90
59 76
63 85
64 71
64 82
66 85
67 72
69 77
70 74
70 79
72 89
74 75
75 88
77 98
78 87
85 91
88 93
90 96