0 14 25 26 27 1 20 3 28 29 30 2 17 31 32 33 7 18 15 34 35 36 4 8 6 37 38 39 5 19 40 41 42 12 22 43 44 45 46 47 48 49 50 51 9 52 53 54 10 24 55 56 57 11 58 59 60 61 62 63 13 21 64 65 66 23 67 68 69 70 71 72 16 73 74 75 76 77 78 79 80 81 82 83 84 85 86 87 88 89 90 91 92 93 94 95 96 97 98 99
0 14
14 23
14 10
14 67
25 55
25 30
26 75
27 82
27 77
1 3
1 20
20 87
3 18
3 15
3 7
28 43
29 77
2 17
2 33
2 32
17 11
17 6
17 16
17 13
17 76
31 45
31 60
32 72
32 91
33 48
18 9
18 19
15 11
34 99
35 68
36 53
36 50
4 6
4 8
4 39
6 12
6 22
6 45
37 51
37 61
37 49
38 73
39 43
5 19
5 40
40 94
40 90
40 80
41 97
41 98
42 61
43 63
43 53
43 95
43 47
44 48
44 83
45 62
46 80
48 99
48 57
49 96
51 85
52 67
52 66
54 75
10 24
24 21
55 76
55 79
56 67
57 93
57 73
11 59
58 68
60 70
60 81
61 65
62 68
13 21
13 64
21 89
64 75
64 77
67 98
69 82
71 96
71 92
72 78
74 78
84 96
85 88
86 98
88 89