0 1 2 3 4 5 6 7 8 9 10 11 12 13 14 15 16 17 18 19 20 21 22 23 24 25 26 27 28 29 30 31 32 33 34 35 36 37 38 39 40 41 42 43 44 45 46 47 48 49 50 51 52 53 54 55 56 57 58 59 60 61 62 63 64 65 66 67 68 69 70 71 72 73 74 75 76 77 78 79 80 81 82 83 84 85 86 87 88 89 90 91 92 93 94 95 96 97 98
0 31
0 4
0 21
0 33
1 24
1 36
1 35
2 29
2 22
2 37
2 38
3 24
3 39
4 15
4 30
4 18
4 17
4 32
4 41
4 42
5 25
5 44
6 25
6 46
7 15
7 47
7 48
8 17
8 24
8 49
9 25
9 52
10 26
10 54
11 31
11 56
11 55
12 16
12 58
12 57
13 15
13 60
14 24
14 62
15 16
15 29
15 63
15 64
16 20
16 66
16 65
17 25
17 68
18 23
18 28
18 70
19 24
19 71
20 74
21 76
21 75
22 27
23 79
23 80
24 26
24 81
25 83
25 84
26 86
27 87
28 90
29 92
29 91
30 94
30 93
31 95
32 98
32 97
34 36
38 40
41 43
45 47
49 51
50 52
53 55
57 59
61 63
65 67
69 71
70 72
73 75
77 79
78 80
82 84
85 87
86 88
89 91
94 96