0 6 25 26 27 1 15 2 28 29 30 14 31 32 33 3 19 9 34 35 36 4 12 37 38 39 5 20 40 41 42 18 10 43 44 45 7 11 46 47 48 8 49 50 51 52 53 54 23 16 55 56 57 22 24 58 59 60 61 62 63 13 64 65 66 21 67 68 69 70 71 72 73 74 75 17 76 77 78 79 80 81 82 83 84 85 86 87 88 89 90 91 92 93 94 95 96 97 98 99
0 6
6 18
6 10
25 52
26 52
27 62
27 36
1 2
1 15
2 14
2 33
28 43
28 93
29 32
29 38
30 52
30 74
14 21
14 24
31 39
31 45
32 57
33 73
33 87
3 19
3 9
3 34
9 5
9 54
34 85
34 64
35 50
35 57
4 12
12 11
37 44
38 97
39 55
5 20
5 41
5 40
20 8
20 17
20 18
40 44
41 51
42 58
42 88
18 81
10 23
10 16
10 55
44 49
44 56
44 84
45 95
7 11
11 16
11 24
11 22
46 58
46 67
47 78
47 80
47 92
47 59
48 88
48 74
48 79
49 70
50 83
51 92
53 84
53 62
16 13
56 96
56 93
57 94
57 99
24 98
58 61
58 86
60 65
63 67
64 72
65 95
66 97
66 69
66 73
21 90
68 85
70 71
74 90
75 99
76 95
77 98
79 89
82 92
91 97