0 1 2 3 4 5 6 7 8 9 10 11 12 13 21 14 15 18 16 22 17 19 20 27 29 23 24 25 26 28 30 31 32 33 34 35 36 37 38 39 40 42 43 44 41 46 47 48 45 49 50 51 52 53 54 55 56 57 58 59 60 61 62 63 64 65 66 67 68 69
0 1
0 33
0 63
1 20
1 30
1 60
1 10
1 40
1 4
1 44
1 43
2 6
2 16
2 46
2 59
2 49
3 7
3 17
3 47
3 10
3 50
3 42
4 48
5 9
5 41
5 34
5 64
7 11
7 21
7 51
7 35
7 65
8 17
8 27
8 57
9 12
9 22
9 52
9 45
10 39
10 69
11 36
11 66
12 28
12 38
12 68
13 21
21 23
21 53
14 15
15 18
15 24
15 54
18 25
18 55
18 19
16 22
22 29
22 26
22 56
19 27
19 37
19 67
19 28
19 58
27 31
27 61
29 32
29 62